2017-07-18 00:07:19 debug :
------------
String:
account-ticket<xml>
    <AppId><![CDATA[wx21cc570986f54847]]></AppId>
    <Encrypt><![CDATA[AATLN41HpG5wrIiDkz1Vo75GqLX09w2Hr2dQ/yKkMao2wLKPzzL5GHI6JNvvZs1X24Cw6WJ0t+HDaGy8h7CHig2CjMmP1zjoAOxclPSrMs/Q4AHkaDdajND/37UhWVz0/Zvre/NHQrFrb5p1w1uZrwsAejlaF9cstg001iXOEmEVLz3y7BGSIg53gfbFDtb13RRmjtileOjl1Z3dYkVasaDOJlLtZdcADIIuGoES2tTnkPHvmZ/Xgc28dK2T6TuCwuYRcw2+uIzS4yo1sYz3zMz56OooqJx+kYNLxnn6L2X/rvZkoNbJf7sMlEv+hB+1Pn7Q2j4IqO9e34ccQBi9AXLyIIFc4DIWNKKcWSgF4NfF2wHEP+Wk0yappKYBtrEB+p5FRhjB/CQw87U8DYut7YlzCgK3coZdOTuyhE3m47sNXGolSjdX1bk5Y6UTVYBu2Hmu4XDcxRHihbHyA4yA7w==]]></Encrypt>
</xml>


2017-07-18 00:17:28 debug :
------------
String:
account-ticket<xml>
    <AppId><![CDATA[wx21cc570986f54847]]></AppId>
    <Encrypt><![CDATA[JKQRsII14Qsn8ihrOkjcu0VM+pHY5i5h4d5zXPP2muXYvEuMndUOVJBfobPS2YV7CkDm0fjbxSicGIYMB/X9jikEgO249qfB6LOhZxaNdvETtZ9cwr1GQ9ShdvvErtjeffp4WgKXHp8Tl3gtDmfz3Q2fb9VAI6elD7GswPwDeMi7zNGyYpLwnxVC3QVGEm8XR3W3FTlWFJtFOVyWHK/N4E+i6gMxm0ta6pxm8TYhzoXSMriin/2/VcPOnnaaXiRAjWx6H5wMaYTHx3YmS2nOZ5Oau2vz23TucgbgHbQP1iUNhrqFwH4Ni2kaXwz95EQhCa1hVKpAWM8ndvUzyeS88pl6t5dgr9geu67DMiroFefGiGGnf90fZ5FnPiBFL0BGOzSPHzOtFuDp7Ev1B4mZo9LwcyCbBtpHvS3guiSztA743hWJ0Jl7esEaZlgxwZ8QUY/y4IGN4Idx3ZxQ1g5stQ==]]></Encrypt>
</xml>


2017-07-18 00:27:27 debug :
------------
String:
account-ticket<xml>
    <AppId><![CDATA[wx21cc570986f54847]]></AppId>
    <Encrypt><![CDATA[pdONSZhP2DyhYJBhs7hb9RMTGJ71xG9gitQ91I0Hj/nT7Y3MM0tdmxTdpICltk6OrdAJ2gWYJP8tyKO2cG6Wf/u4KSnIGly9E26hrINM3kWiHwcK1YKKxhPpGukqYsHL1Bne06rr5dduoiV24hikfirecMQPI5woqKMRwbRBaMgkKjga3T2mtZwhmFjBnC/EeFxXzkeGjv1qRJxJHCZvEXcFhHnbQ/YWELVSvyohtD+pVnw8g6+YZQWqSU4TBm3haCwMEv2vYw0vCYPurPGvq9jaNjhygWENl876rwSreGz5PjPelZfmZrTKocC8ahqUmU2w8j8ZfDS6VxvGK7NS0eKO22QT0a+1MKBlkScCcOJDfveQTpbWu27tEBRfUl4Tm7aEKlkZNRy2uB1vc8ab/WxagIMec7IAXKOZ+6pqEyGAVYWGp4pjlXnnURqsHKH6yAoXVgY/O5YYvI2ThkJ8zg==]]></Encrypt>
</xml>


2017-07-18 00:37:40 debug :
------------
String:
account-ticket<xml>
    <AppId><![CDATA[wx21cc570986f54847]]></AppId>
    <Encrypt><![CDATA[H6qNbsINECoDK1RyAad9xuUunS3t3SfRA//Ed326mGbmFpusEutOWNZn1AcX4z0iTbdvvmqyQT+FHwYByTdNeAsut2x8fcokSQeVbEyIy7v9IeiaSotTLMRs6TMBvaXUbsNI/WsJ9Eo+iOmBxQTRup+eTcVbtKd2+VcAs5E8CDYN9ZnrYZ46FtJCmw4dgayf1se/txVyh4F/m2lNRrtr7/Wj79lsA75syFHw8tyBtBm5XuuGoMgtOuEKpVPcHrp5AWweexJnsOwuq1fqsgZz2mwknzhaq9iB1TZzczFCEQdBe3uUZMvotQ1nESn20ptCMd6O6MY48Ox7kt51/0oBFl0Q0kbQPVad9Z6bAkJr9OAAGjN4+y2xqlzkVizfPZ65a8FdDBB0xF3wgrhaXcD/51f5L+YnfqCVN1odgh6vS6Im4al9VtwTgc/77NlYDSCVNm83ze6v6I0C28ZHzEgitQ==]]></Encrypt>
</xml>


2017-07-18 00:47:39 debug :
------------
String:
account-ticket<xml>
    <AppId><![CDATA[wx21cc570986f54847]]></AppId>
    <Encrypt><![CDATA[VUEQYLJ5qCnKbQ5Gfo9EQhPXkcIyw0oD2cT4PUCC0RNnvns03muDtAYeRKz50KE3ak0oFCsnFz3WMmxOThoGEjWCNKGrnKee6gfRTDqIukqdnDWB9s/6ojyHu3iaMhznyJRwNIseVTPwcKVySSpM6R0CX7OwNYJKtCs2tuBX059uOyaRCt5ljAL1ewmljc6oTSmcuTfZWn4p21zTo/cE5p6VjC+JCwig23n8aTcYyrMxqM74zOjKxywnfmW0SD3ZQept5wZAvxSpNZ91nc2kFMagmcHglWwc6STuLt1kKBd0H0e+n3IRs7Y3C+/Kj9eZ9h3Pn7nl3YZzGD8J8hyyxCuO4+unKxLNE2na4I4204JvYGqVK9RYGhY5xTI097dLLKlP9ILZZi4ysyNpup8C2kqrlVIKpJc8BXTobcD5YUAZUpXTXD1/Ak3X3fW49Ud2TG5WtBcZAIhm0EfXdc2Lrw==]]></Encrypt>
</xml>


2017-07-18 00:57:29 debug :
------------
String:
account-ticket<xml>
    <AppId><![CDATA[wx21cc570986f54847]]></AppId>
    <Encrypt><![CDATA[BQikda3ylxrEEEy7C3E4+K23wfwEO3JLt15JGq+IVyvR3T5+Ei0nsrToYgwtug7xh63aYAhIWF86Yuoy5OnmFNmzqyOayrUtD6t/vc/w/+CAFe/wig2Fn4n1NyI709KD98l4E7laNAS1Yn06cBIsOyU7YtSlB+Sjeqdl20OjiBELrXyt1LkS1l/oO2mqQPaeMd7wwSgVcYx2bOFXk2/Qv90y+9RrMJtg8/i0OSKylF9x58+tXKACBsX4IxwYrBc9PblJXk6KpSZF/xSa/BLzqXA6j+PTvc6IJLC5WuF0aySGEQaCFJMC23HXNcH8ZAmcUu/mpZOWQRzfXOU+MQsw2hdun6yxQ+9i4zm4n7bXC8YodhrnF5P8BUVy81RlbjwtUvwd4EZqZE/YYODdzpgW8Uu6r2hIH+r5KNAn1bwdC3upgoiC0NB4xOub60f0dKzZqQ31hBb4eYzCftaOdQsZWA==]]></Encrypt>
</xml>


2017-07-18 01:07:24 debug :
------------
String:
account-ticket<xml>
    <AppId><![CDATA[wx21cc570986f54847]]></AppId>
    <Encrypt><![CDATA[12kYgfFTvudIOFH/vYvwuZOPIzWZhLokE53SEfYJERwDnCeZSN7y2AuI9rsS9L+rPYFsxRtOkDNlwnjnb8uRv3ivptDoifsfKlIWuGvsbUDA3jopGcnJygNWBmjEK09aKvAqEvzvP88e0AtXlmgQMwJK/52k5Dp3krWVJGOcZGDI5Ewc1nAbCCRRfJR40pziNQEFwY4Egp0vo8jsrln3AnlYgxguQ+FIJ3YTUA+hYvSmqJlonX/5MZiNAAhZFePA1aC6ESJ0qmfWp69ey72yPVwkiUSGRQ/YMLYU3A0VjcR47MwPP4hJXeYyggDxquf42+lgSuAmo7m9DgH7qQj9H4RlG9e5VOlKjCXeB66kdVcF/fwAP/xTcC1hfMHShERwHBENRU9tW/6Ofo2wxq6clla6XHGuhTebvzyIvRYLx1kdgnWH6f5iyrzENG78HHWqfyGPAN38ZgAygfLNDn9vnw==]]></Encrypt>
</xml>


2017-07-18 01:17:22 debug :
------------
String:
account-ticket<xml>
    <AppId><![CDATA[wx21cc570986f54847]]></AppId>
    <Encrypt><![CDATA[Bwz1geqmSV17IfKte0rTrYEimVPkRqVs6WVaxGbOx1tsG0WuryRbMICGcyXjNRYxr7A8ERt1PsURfb4L4HLCLo5WbnnO+h+sLG4rUqSZfdNDR5kpoLkIfM9aOIo2yJ8FC42aKgbmxqRktTU7PGJPeNQp4LfdEZUX9HT12UYq7fV7W+ZKRcFqvmR+P+vvP2MRCVdFMMJF+wK+kA7ObpsDikUsuxnIkaUzfoxsfRUDEe20JwZisNN7fF4/VRhVggOoFM+7Ac/k6SMpQDNc9xMa4t1tfyOgn8GAjZUAR6upyllvBMfYNDT3qaorxtYWbYScLsCjdJA4Gtsocf2JlO97loQhsSPmZYulY0eBfYBH2WpcBj46keVatTsZN6oI+zKUq+wTF+gV/oTbixGEVN1hoIGd1ARnuihkaS8sVJ97WFASs+NBcws107NFtXzA5yHML4GCRRpVmAy7zBtDUW61EA==]]></Encrypt>
</xml>


2017-07-18 01:27:20 debug :
------------
String:
account-ticket<xml>
    <AppId><![CDATA[wx21cc570986f54847]]></AppId>
    <Encrypt><![CDATA[RGSRQsrElFbOxO+nEhGbhftEZEkOqqPg6CVKF67n3hMc/OYiWfrPfIe/lIIfGpALSli3RPAkqtN+KG4e++m724knVO7gid4KiIOfFzI5vWXAOd6txn8V4Qyj5u2YBrGmOPSpsveZIhunaS41nEpGfUwGLprYV5ge/ZH9Cm3CpmwzLOC0uBF+KhzJrFIOmlpqD75xTDR0LvNjI1SmLMsog3xqi8rz4cC4xTGwuA/iuL+/uVVTHUlVPi/hvQVF7V7ZUwCw8gaMuOPjtGYIh5F1KJkUsaBEDVT18LJ7a/y2Ixg6i6FiZni7DPu3ImwjEtwo2F3xpDfTF/ipzxQ0jC+nyCdEShPlmhPiqiHIswt+oqm7cjoTsLvhdfOrNgSy15Cs5zSiBdPKIO72kW/f9YKvTfoLOVGXXjDjegc2vU5VdHHjh0oZ3oFl46AEKGlUB7avrqKNQ81Rbo+rgRHvo17Nfg==]]></Encrypt>
</xml>


2017-07-18 01:37:23 debug :
------------
String:
account-ticket<xml>
    <AppId><![CDATA[wx21cc570986f54847]]></AppId>
    <Encrypt><![CDATA[YC6fozh+4bxYWbxC+oYYWBCLZQskb4bihgrQljbB0ZfPpBBU6pGPFLTT0Hk+YEBc5yKURuE//HqeLeKa9MHJHUh5DgN+QmYuMZLZ5pEh+hKIbOaQk9pPjBnFOu1tJ0mKMdOKENFTLRQZOX1h36asPWsFc2nbaOXdjpgec/8MylaHWT0T45/2Ckean6zONNJMLelJ9ptot0hBztTZm084WurwbdU1vUkgFEw9ZjMI/SovoGQPxGOacMQEU1/vD9qJRJImWg8VJWufWAZVQRbKCvLWqAZw2l/iWd0PZ6WEYIBY+ymneJBOybvqH0L5h2L11mC8SWwiZtYtlJvvZLVAjo/O4Hcx/qK6gW9bF+1iQwDvsROM8uPYx7d1Z2myLOnkAgBQeXSH/ZVTWFyFQHVc3eN4PU5KCVuTZYmu8G6flw93apJTeJgTq0GOXQ8kz5JLcZKpfdqhKk4vce17h3Krkg==]]></Encrypt>
</xml>


2017-07-18 01:47:24 debug :
------------
String:
account-ticket<xml>
    <AppId><![CDATA[wx21cc570986f54847]]></AppId>
    <Encrypt><![CDATA[RC+EAp+No6UVHPIMYkjY3L1ebrNzJzVmxWz/5XYpyz0iChzS2P5Jg/KNsVmwl/5fxXLoMOH3GLTh+utELY0R/zuQlZL4gR/dLy7izbsxK3EXCQtxOtP2vZVUuZZXFFMjyGbdcvcnUvx2MA8iUDQG16Jslwjs469ZrZrBVDNbWK+c9E8HoSsFUuloZn5C8y8KYi68texOLFoMocA0N5fyIzMO2AmODPa41dcqwE8RVsckoZPel9NpvTygtyCP16Ra7eGdwB2FgQyfXzHq2Tkk5fWfpOyCAGVv+6hbC948QC8V9DG0hlvva3tTH5dssdrXDkNV3RAvOYuxzBeSXStUPiOWTHb+Ti0DQWrJpfA0IGm92DGhuNcIVf8fPDrSF/6y1YCVO9rUYdD25n7jVrPmO30YYQiV6DtC6GNRalZejEqJMeNkqwu1eSwsub3hcTB6WUrTDaE3z7wEsh4U1D0ogA==]]></Encrypt>
</xml>


2017-07-18 01:57:25 debug :
------------
String:
account-ticket<xml>
    <AppId><![CDATA[wx21cc570986f54847]]></AppId>
    <Encrypt><![CDATA[hb34ACxoAOrO9zSMOH010U8DOqL+5yOdrboyGlEFrSjMR9v5MDNjnA+wE8kKcLEom+WepyVIQvzwKFHg30OL3JLXZCvmKZOIZ6zYbVqSF/f/idzco3vD9YW+fYdXYdahN5xJrx60r0eOY2Za5Yh4uvjDdYXBrOIwnD2qC0w7LsF446VtoznJxKzYV5EqtYuxSEXFlFp/vojU+/J8xtWgETVld4ZUrXW6YUHPv8/kpEYX5xGKIIhsxdAnrjIJ6ozRwcoPM7JvU+BznGvTMqcbrhsUCv/dD9I4qspXcag6ukyE0z0EKeZHlqpe3ER+6rGq2mwQPaWmME48sTCduNxKo7ZcgKaUQ0c03MBbW4EwKtEMwAQXtJSsrC5ROszuKeXIO5M/NXm3FffM2DiSGgIspJeSSC/UHQokYWa4U/01mPaBBMkJvExT5nrNoyvK5D4vHc5E9L91ZlotkVsLDwpnFg==]]></Encrypt>
</xml>


2017-07-18 02:07:33 debug :
------------
String:
account-ticket<xml>
    <AppId><![CDATA[wx21cc570986f54847]]></AppId>
    <Encrypt><![CDATA[IacTj+/NlXByxwMxuMYbxgxHbN59vdGnV6taxdulssCbfcB4nUppJzbnTZcMWRx94uI9EE4VMxDXFEcuLm++QfkoSJ9Yp85ICjdJc5ySTdSH4oDk/pMu+H9KWt8SfVAhNVt1VUN0b4vUTvW4XiPyFP9MpSLGcZgcGfAv/jZbE2a6lLb7UMeEEFOC0oMWa1nS9yozbgRhl2KfArfWFSat4pv+8G5jYHsay2LzXge2FtS6KIyXNKw4nUhKYXul96MkvbV1InEyAeGgmT0OoBX8cP4EmFKYwTZvKaqPpAPfYCJTxgl9NUXIlmco7Qgqd3/bRevjeg+/hG1+ohQYLmCFmTCPBCs8SHLgaP6dvgPZS3RkimJKd61QBZesZymiRdIQyT6E5eVA6cZZqlTQmVNzh5TuPPUKQGVIF/geYNffvFLSzr1niw3FKBhLaHJ9evnqkg9BKi0kczndWirrWnEMEg==]]></Encrypt>
</xml>


2017-07-18 02:17:34 debug :
------------
String:
account-ticket<xml>
    <AppId><![CDATA[wx21cc570986f54847]]></AppId>
    <Encrypt><![CDATA[VmGTMHjenPFSH9HRhnLkBPvBuMOmVwwvO2Qr/dyUgdTzRXyx7qVUBNQ7fVjMGZ9er6no5g7IshK2EP0sYoSC5uLc8YwaVIZiVyxYR41YrUw6cdZj/Zdo0PaZ74ZaVz7/OLGWWi55vCjriSSOlue3PsHEggNOZDML7gMQxKxm+e/+kfSpn0+OIYhUhUxtPh5tVGy0Oy7vzvjckuUEq+mzkE2gP6Dyo3/kiaEGydv2bRer7AZUdpwKFxeHsjumZuD0jHQ0VHoyE7Zoxo5rdtQsPiIz99YAFJ5jaIQE0Jyd0tMPbY5Dxe8VgYfjv3FmPFpx41+94rL/fqDI96NKw9I51T/j5pB7drj4zhuCJHG/iIbkDqJHfXSk145Dgcu1/v9k+4Ha3RW3lPTDwOx6+NtgTUKTRwBAEs+HswNsxWmVONIbpTQvlQcuMSsFsCoJ5RjZ3grz0Vmv85tbz5DriPJalQ==]]></Encrypt>
</xml>


2017-07-18 02:27:40 debug :
------------
String:
account-ticket<xml>
    <AppId><![CDATA[wx21cc570986f54847]]></AppId>
    <Encrypt><![CDATA[8Rx7uOxruvANCjdFT3LZBlV6v7LBkde5c21lhJkJjglkk641l6lB/hAz3uy+f+EnurvVnvZGXWJ45DtiNds5HP4KkNt7OI6TaKWQlq04ETEprMaAcUgpcWsrGl5jER5XZuVSvgkm9hGkFJYnj7cIN4THXFHitAZTHdXTMNDbotfBuQpMr8aMtGJAU0ebj2fGN6gX6YdSsir3M3w7skyrPs4k8fantTjjSO0iNo2ycqWu0kMCUFRVnCRQJtOnPf5Fjfztn8r3ouOAZbi/pjJXni/69VSVIefFsUyLEL6jjGvdM/ilfdGr+3KAIMl1njnfTr5gG02yX0apZYja0PsEoz4o72BG1uNEtAe9YjkrOqljVVN1LZ55LefoN81k2KJqUBhcClO8+BlcNSD+8H+wNZIo/laI76pnFYLNzjFopadhX0nh7pEPPYAtY5byROC0j3fxrqv5ngwuSAU2SwjfuA==]]></Encrypt>
</xml>


2017-07-18 02:37:33 debug :
------------
String:
account-ticket<xml>
    <AppId><![CDATA[wx21cc570986f54847]]></AppId>
    <Encrypt><![CDATA[1/40fVcTch42St8EgyJZpaEw2QzEtQGRIkdBevPYA+ix48U0lNZmGkm7ayWbiRGQmCCtQE9gdooIFy6/wBUS5sqU2VZAdFbUZwr4oVhrs0qVN79VE+MpjuSYxgFDfmsxw6iRv7qZnoV89PO0wnTbTJeJAbdqC2GyOtsnngCYxOqlau6ammv2Q2XtuHwjK0zW8zPShsiU7Gd9oMG95rQT4fbscmye3OJpcmY7ECqWNnAvQODkAriinyeNfdAVgnO2xfkb1eL0f9xLHcsZ50MY+bIajLs9/F3P4/AHe4N70aLE+WgtvWtO3JecuyOUsntz7H2Y+6YzxVlLQtdhkBtWUCjfSw4mfT2bYhXzLz9tABPUieTw7Dt2hv90HmLvCPyGqPTFK3dLinBAr+W43cWDTh8G6B4mD0R2zzA+mpk/nVTzP+SWvunxFwB/bdiR9pIlFHyyYWDpRX7tW0IQlTpx4w==]]></Encrypt>
</xml>


2017-07-18 02:47:33 debug :
------------
String:
account-ticket<xml>
    <AppId><![CDATA[wx21cc570986f54847]]></AppId>
    <Encrypt><![CDATA[x65u/0w0O+PPSYZSSMAmyJ0Tw+w26YnJOA4BIc2HZD+Va3wq9n4BroYRkrVGvQywzbhKmw1cBTzraWSle0RfYblkPN/uP5MmAE8cuahmp23w/jdV61NX0M0N97vnlT3wOZ/Ttd6ZJrMtOSR+e7fpnwmBpXw0lGvaQin0WoqSZzaMOm+vWz4z2NHXM+sYSIdDsKn7CQDzunfIsJzPtiLulsS989NtkUgteLh3bqRRoub4CCVPdru7JiOHcjJ1XFuulgqxR+NfxR3YjY3Tw3C4UrMzwntPaAszk2WFV1HsdT/6mL/2tCqTxoRguxqU6aER5ozeDjMaD2tjs791tpmytrFPpuLBPHsQv6yUCT/ioLVotqcP0PGUQDuYxE7Tw+33o7kj20dcWY1FxLDQW/C3nIvI8EmzySHAtUf7REeoEbcn+uzKotegPXN2wHbqeWI9ywcp07HusFfI/2vPH4qQsQ==]]></Encrypt>
</xml>


2017-07-18 02:57:33 debug :
------------
String:
account-ticket<xml>
    <AppId><![CDATA[wx21cc570986f54847]]></AppId>
    <Encrypt><![CDATA[H6Q0NyKyfzmMVuoaS71KEFLYI0uW1PC2anCUkMTcNcJ0Mp1OLUCHKk2qyIp6cIjISh/+gw2PL2vTQ5Ddu+XIzapMRAoU5r9Wqxct/D0eB5KZuu8v1Jd+XYpq7B70YnoPuGqHlUQjzGFyyK1SJ+nGcmiUsN9DufCamPwC33VTujMRfRqz6cTTNvH6FC3KaTe7PyOAMkK/XUR3PMTP4SmBHP2JmFuF0W2XxlPUaRZe6YpQHQDyV4Cr1DmOFdnnYNGSF8Lx/ysvuxUfFtvSCbSPkTNXxjPSMplldKhD95/7srwcw/lYcLKaPgmIuc3jYqjYu6MeDUSwemMDkNhknfYyH0Yh8NfYXZFLhUqm0X88bf9NKOWRwaTEpoOIVNh2Y8jWgsYhBTqhbOfihjeZaKPLiA5j6PtZb3vIDgzg0/7l+r94xHJdn4ZinPHU3Mwh6nqtZ2+DdbodLVEDWyyM0ZeFTg==]]></Encrypt>
</xml>


2017-07-18 03:07:30 debug :
------------
String:
account-ticket<xml>
    <AppId><![CDATA[wx21cc570986f54847]]></AppId>
    <Encrypt><![CDATA[109puAYFLAN2g4H6YMn6cepcEvrnHjb74TrO8XNKWkrPPUsJtFSpJ1xyWQEJh/D2rOeX9XWA6YL5uBTB8UujNeNxdB5fAPGejkOzBPwK/4Xnvq1y//ZDTUbdpRB0yJyV+Ek2tCZDhWa2E5qxlu4Z6s/FIpQavlnnnAv+m3Jr2kd45yKFuE2VO870noKtNdEG7RfpKAH9No1RNA+3N40h3yYvenENHq24zbIedeVcn27SLWbu9HcSP/Y6JjKhFAOTjsK2ZJgMSvIpHNje60iv9xA7QTqLyD5ejEQBL8AbLOSO+iu5oUxjXlb9KFqbVPo0+g550+OjCthn7rtTdnwLiUo8QorNbdmlPRguxq/MOWsJcEJllXhO1iYY9h6f15q9qxTACm8zxgDm4YUtiF1R8Nzyd2MGRgAv8SFZ4RwIMbvovOu1tMLh4JvVrbvdYy/u5F3xEW0j1iydi0NHQqKQag==]]></Encrypt>
</xml>


2017-07-18 03:17:34 debug :
------------
String:
account-ticket<xml>
    <AppId><![CDATA[wx21cc570986f54847]]></AppId>
    <Encrypt><![CDATA[JywbRaxdwQZnrRd4oHrbIIQrAkvwWIPxyD3fc4Kn7fA1N3qZPqmPXBpWAss4ABrI6fdreH5Eybi+2kXTZULvqOFAFc+I+qUwqaAEBRS3c+yHAoVPy1VgUT7zmhTWeAFgfMP0YUCsfPtAGpzrK/VqNjw1RxmvI+cMu+QjEpw38Yw9sMIotBzs7D/70uOi8GAJalu2KE3Aj1FS81NEDac2fVP3FP4Io7kAmb8F1CEZD+Kb4pGGN4p3JppYotlZHmJEND2Wx2OxHWTedtcIfwBFwG0tsUc0jLEezcc6uz+C0IUWFMrVLv3HEW8bgi2emSAOPKkejrSWyprF0bQrbP1e8Ivx0ViDL/GYWH9lm/QBpCb3dahSr5TPkczmPpxNepstS8c9qM7VjUyyK4lz+Jp4xMx7eZHGglioTJwJrZ+tVHsDQ9VO5aU8P7kQ3iArnfWFr80UC9GlHiuL2kMlIdFyqA==]]></Encrypt>
</xml>


2017-07-18 03:27:34 debug :
------------
String:
account-ticket<xml>
    <AppId><![CDATA[wx21cc570986f54847]]></AppId>
    <Encrypt><![CDATA[s0mxKZ9vmhBiBEExLnEiyeK9EDCiadrtG7w7MG77eWbtqUXdtSt11rnLSn6BLHyPzqBufxRPa5vjrLd6sRHlD3LFU12iN0mBgbE1Hau6zvrJ275UyrOSt4E84U+gXYuL9r4jNreiuWO78ejKvIqwfJtu8dI3TQYMhxfNkwgngrsixkpjiNzx4O3RXl+y5VeTf3+BNV0KRaFKveG0YZivGnjiQjCvFG8gr/iJlq+E/o5LxOA+KwYuNGdGUDMFSqhRZFjS1nEWg/W7qygXkSWJjpsm8Hgnb+rPLh6Ul+/iL2m04KzFCaEdk/g8+903N+gJP1NNFXsBuC8OZaGs7HLBQ88JBFkzRyLK7uDRp8mn9VvZOcFjPdQeZ+iwpvJAfx8X4ro/8emp92i1AjD8wK+7BHrmCVjWZl5Ci/dNi4B5zxBjnXUtjPqkvYAUMoueY245kT8vKZt6Y36V9pKfoEcrTw==]]></Encrypt>
</xml>


2017-07-18 03:37:33 debug :
------------
String:
account-ticket<xml>
    <AppId><![CDATA[wx21cc570986f54847]]></AppId>
    <Encrypt><![CDATA[TPfl79xAQohNfDhP8hvYKtoGZyydGxtJra4KpDmaLqWj+EZWodXbUIpszVHFDalonsoTxiSJy1UyZv/7GTVe7dcguhm1HSc94epx42EtlyjKAvKM2QMxpizkBauwSywsIBmZ74nZRFSXInY6IxB6l+hJKOS/8Di9cxhjk/UMOulEDUbtmnyB2STD8OkWblJ8yxTdjZuhnCjYWKiinQ2yrG6R/NQicXVqaChN2P9N07la9G+ngxbuWxCoflobqER3wsZ+HOAfwRr+Lh+MIBWobPt+oEavjjxCGHARE+p+I0nzvFsxVz9R1qYXqRHxmg3UoxQICH7ysQWnoro0qSJo7TtMJLodWIjmTPpWo1q2/23tFTEoGT+pO0Po8WbC04QeR6xEVTkPku/zVH3r026JObE3qWqhoBl5JpnTG1N6PYJPvaSAfWZW+W5QOWQq+ftk0R0WJfeVOgonm5dtMfckPw==]]></Encrypt>
</xml>


2017-07-18 03:47:33 debug :
------------
String:
account-ticket<xml>
    <AppId><![CDATA[wx21cc570986f54847]]></AppId>
    <Encrypt><![CDATA[kqYvjrnczTfq/u1Y5Zou5PFKKGt5T5NFHNal01RBBFe6vcvLe7d2XGJpyzusVdfzp3VUQjIqVHJY/yGTZLmhaXDW2aMcAVX/Yj8mj98je4+1WYvppS3/Mo2k7VZinDhJkEmR6f4Wyt5/twH5gPvek+zuHZpxfgUnLtb9rRnLYZrhNHQ0zNIK0vbAE/yZAuIIxOIzjOly785uCNFbHBOg7FCoHY2LL1DSVSiK1P1SUu1g+ceiJOutE4kCtNODz5wjOBpTTdOiTXm5aVlzJyzXwXsx9lGM0fphc3KRP8x97Z7Mn3VEX8EG7o28fFuA9kQyj8lVZt+Hw2jZuI8HjTWumbOTZZNqxOjAyaz4zp+EAnyXpQ31s39N++HIjT6EejQdnFPH88v7pTpXf54lu32JNWA3JLqD7sFoEdCxNbMgaWO+yzHA8fk4qDvXyMv/g+2+COSSG/m6xY6Gshh4Nh7wiA==]]></Encrypt>
</xml>


2017-07-18 03:57:31 debug :
------------
String:
account-ticket<xml>
    <AppId><![CDATA[wx21cc570986f54847]]></AppId>
    <Encrypt><![CDATA[GfWy1iCpDap7R2UHvBABDGgUN4VC9MrrzKdDqBOH8yDfTcQ3dmBLP8coSh0rgBX2sxpRov4w7f4cyNIctn8XYRYaSVSOUo8ZnN8sEt6x9WQQlsdJSQzSEQ52LNwwZs0l9UrSjxONYoAaLivYriVibqH+sccqL3tXSQ5j2NHqWEXcT3Hf/mYBQOwxNmq4PZAztPH2PuKE/c4nPa6z9odh/p+ekYafEkHrmagTPqEja+XPtpPPeByE1zwZru9pK+S2SddEVGBraoC5u0j7bprHUgxvvkhs50dz18eq7ZYMpdqMIPNYnv1sdyOkhlUMrZorHwP5W19xUwT5Z4B7xoHCyIKN3PXBABYQM2z5q7Un09UYPSoOEODb0NMkgnxKms/UMmqzFEj1WDBaKXLAe8P/FXxVddyDe5ohBpriw7GqZHKS1i2vYkUVBFCb/IDeBoslOHKAsx3rRM6+fyghksIWeQ==]]></Encrypt>
</xml>


2017-07-18 04:07:34 debug :
------------
String:
account-ticket<xml>
    <AppId><![CDATA[wx21cc570986f54847]]></AppId>
    <Encrypt><![CDATA[8IS1GqqFGraXWNbZfUzG+Z3/EKwgrd8nodH22pmVow1OGrPaHrA9MZ0d45jzC63R4jxGKNLkSPJuefKf2pUggKa/FafUeG8pL/aS6fVYvhDCmRDFDQsdIJYma2VnZVvvohrGe9l5YBXBWVSF4BHcH41RbZfkLmYYev942BK1/v6RXtgmHJ/9THlbdEZ9+xDGsUjQkDzkvLquVv2g7g5KaUGyck4OEzl+5oKDhkcONedw+ZHZ5Y6Ipo2VVWqw3qASC299pQRYoiH4zaXUivj5g0sITYpn55B17QXF2PDAJG2G4m7ywNRS5m4IsRWFJsMQiMZXkvOtxuEpIZt1NZCTIpuFzzdfUbZKO86qU7fkB2lYVYWsDEFp2y+zfnOdpjjKDu45d3Xfy5ObH90BLy+F1tZ6vdPEqwfxvtPrzwRghNwEY4tSqZAmUaBfJQBIxEgcfiO7A/6UKw5rr/s6fXYtKg==]]></Encrypt>
</xml>


2017-07-18 04:17:30 debug :
------------
String:
account-ticket<xml>
    <AppId><![CDATA[wx21cc570986f54847]]></AppId>
    <Encrypt><![CDATA[cZtQMMUSfxQCP2CjFN2LUF/YfRpzx49v1Owt8ahLHZh86YepzVh0hzUGGgV3LyPhwo7H36/geDUuXT4Pl3KWG0W1TuiNy6ooPB1EGLDTBtSYxcyaao5W1g5g56Zg5m9bvYkDuilUhgxFBowoJ1eEmtwPGsOXGuKd0eESvbF650/4iY50LRdPoWoUvHVg/dspgVtOyaB6cjPw7OOwXffIrFJyVoxo90gq+XbqlWo3JEm7L2lrxBRAHKTx8do+gUb9wMFA8ify1o/S7lvR1suYpRLc0riIzKAN03ycuYHJTUky4yf7xVT7wNrGeMoV7ZfKiYxnqW3XxJTgCD143T+fbCjd5MZZl+gpgBT61OHQd3NlEPOBk8WOBHDT4k6b/d4zN23QOzGsIeBy2Wa/2udZKSZEuJP5liKbRiTCcYX10ZykJeyERRuxvood6Vjc2NUsRgNuk9MPh9Cs4tH0GRcQBg==]]></Encrypt>
</xml>


2017-07-18 04:27:28 debug :
------------
String:
account-ticket<xml>
    <AppId><![CDATA[wx21cc570986f54847]]></AppId>
    <Encrypt><![CDATA[JqIV+3U3YtlrL/8FxtdvfnQnw6sRj8GyCMaGOuc06PQjGleYJlGNTRbYNulPEcRJSnCwBojVEuWtl97OJHp+XXNf81gbYvk05IRVqruIU17HEIKLfbvHEdyT4VonhCqh/X+m7yMcTOgEr0aWcSqKTUTc38Agg9dPSMgSnDBHl0oxpz7xtaMvg1u0uI1B/UcxBd+jeJcmy6fLVY8tnslDVwsO9rXqSx8LJOrD4NmLIzm4kfiZLo3MycrmrtUinlhcF2QhU1s4MTOr7adN18wRRZEBoJ6Q/4TKI0iNNpROj/qwKNGZMYkBkgjEe9jomqjKA2+juG+Chb9OMZnG26R2JbLFTqnqrnnRxYWgQDfyKs13w5bxDqJK0KBpFei4Cz1NyjODeG1nog+6piDyos6OvrCJ07PymZe5eTeo0/m/dOAnFZu1mzjTExyhs2ppubDI4QLTzwfWzvsfawtsr5PEsg==]]></Encrypt>
</xml>


2017-07-18 04:37:23 debug :
------------
String:
account-ticket<xml>
    <AppId><![CDATA[wx21cc570986f54847]]></AppId>
    <Encrypt><![CDATA[S5kFSUFYObzlYE40GNuiFVeU2tHaUcFA/hwCCmki5bMqWlh+lJFdRIdnYDd93L4QESkKCSEkFi5NxGHeNEg52eXIAF2hO02Be+Py9naO6sTrqrAJ0W6XwgAbEJ56e1UgIGucPsJhZluiqcyCl4qrB5lbmC/qKtjzOX3NDEVCXDsYkB1QrksfYJ3YrQktJWPcPk022GnNNQ/u6ftkQN4OxyJUMjWVJfk0tPs/0XeiTTxrTSQGKqzkXB/4WXPWQyCIxup9LqkWLEzpj/6qrJWgZ/sVyMJmS+5VZzXVSB2vWuK8wjBPxloY8XmFIqSWOuMVt/k1bKZaFg/Oy+40cXVSycVj1Fbl6z7F+Rpvdq/XsZyDeCl/5dHR0v/Eti1A16Mt+uzMu+J8/srawot1tjtEMyWix2FJe0bGBTg/28ZBqrK4sl1mYXG6r2lnCq18mm6MPvbPFHU1QlTGTgw+m0LwFg==]]></Encrypt>
</xml>


2017-07-18 04:47:25 debug :
------------
String:
account-ticket<xml>
    <AppId><![CDATA[wx21cc570986f54847]]></AppId>
    <Encrypt><![CDATA[EAM8brZqdSdM1JRByIpvde/wP0J4RaWKAQ+E2DugSha122LvnGjbQA4fHiHcdIuZfkuwaeuDR55zfhEYTCJViQc79FctCW2XbuM7vM7wPiVSTSGWxRmIhpVeLUSvOa/SF9GrErfzHJMkqiB935+5nffl06272UBhfxnzb9n8d4PuQQLDtBVrqo37tAIQ/XP+Rxmo04ZXwt3ytGinb/SDaatJZZ8XNQkCzW1tunqNHaAEFj77GesNg41JezwDPuLUwdTS7H2nOwu0fgMlxCwc9QCXE9kahgcQ/UaTaq0EnQf7VodL9suv2AAjQxtpN1km5qzrL1A/k+St+uM8EaPhLaOThzwLc3455fDWzKEU8lUEzhVwzJ+hB7DikgREoxgJeyuTEP6gJR737/LIXjEum42UOtgz78KvXA5cecy0HN7oBQJb5D4uFoPxmyEndhrIg5uji2ciYiooDMQVaxSjsA==]]></Encrypt>
</xml>


2017-07-18 04:57:23 debug :
------------
String:
account-ticket<xml>
    <AppId><![CDATA[wx21cc570986f54847]]></AppId>
    <Encrypt><![CDATA[5lVDizgSMAQy6V3NeF/KGv3vvYuixw9QgczhmTjGoijbf9Vq5wmXZIH++bomImQ0GmV+Sd9f/XKvrlJQE2lkDRdV7SClHe7bDNyOi8kPYk4iViDR38ACTOsWB1Ta6ZKheRIh944tQs+1EnVr5htJQ6Q30yTfNXZYozcbmayA0HQYRpwB6wKxl4XrkZfSUQ9tt6VwFicN8oqz7dPxaDwBRlinQLG5eXl/uBVXoEOQ6ge3lhmdSMoWmmoTjdlIduXKNPmMTavN5LcOL715W0E8RW/1kiT3JUpdvnFyQOfxduiI994D1monH9M21V1yLeV8qEl1bkegsNC1r7rZp3KEfnIMYmTKSI+wOU4xbIGFzUfo5f3Ew29a7KLbEo6w+C/NIlUou7f1OuN2ip7eyxs7ZIRsNQed/SxYgF8oNXkvGQHU/NBvLqMuLGNrcD4QTXDPAiMCdtQQhAfrAgqBSuJblw==]]></Encrypt>
</xml>


2017-07-18 05:07:22 debug :
------------
String:
account-ticket<xml>
    <AppId><![CDATA[wx21cc570986f54847]]></AppId>
    <Encrypt><![CDATA[TLDH+rYUj+Wyddp2kK5/UzvOMVlOOjZyxgRBf1zioj7ujxkPfaA9HTAZCMx8ix6C0hsYrFA78YFQZlC7KAF47gCecymzhVqr+BZOZ2ItKP7eG7h5pnYAH+3NX4qp6yikhfcA95WO/BSSOCcOYEG9e+HyAObnOTtZLHlZClVuQjfPUge6ODmJg5OjWLMm9Nf1zhSeQK4sxzSVyRvtb44SAn0NkmZoUKNcGpXyzmnMu0GPOa6aYXPk3wYV2g7psqK1RRBdfDFgnrQDTxammCHIMT6pmCS6q9zUxuwtFG2G8UWpgCV2RJmZI8Taynvd6ll8UYxEsD0S+1u4GlnB+xnouuaSmxVpcHCvzdwu6IiDDYprY2KN7A9iL61WIFzVnNE22+2WY79GqDyXhgdCwGmTlmMOzBuB4OVgGWSHUJisf4EKHWvN7hiV0orEjxU/WVy4PKxDTjgkDcPCNZ5dZI9PeQ==]]></Encrypt>
</xml>


2017-07-18 05:17:25 debug :
------------
String:
account-ticket<xml>
    <AppId><![CDATA[wx21cc570986f54847]]></AppId>
    <Encrypt><![CDATA[/Oef9HtmO5PnlDe1vTXO2BqwmBn+Svus3QSXS/kZu8ReuJhzoe/niCeka6U8PcWwG+f53jVluMurmfiHnYbTQp/OqPNpR+nM1v4ZcpzoyjqRGvS8lLFc39A/CJa8MNDbq5N43cgVu+NKlnDkFt7cM0L/phy5Pqhod0x9VBoRP96NbaqSd8o1oyl/YghlW6stWm7x1Z92ECZBLLz+sLorlMS0LMK44iOTPcr7im1pcb+0ySavJbsDCbbX/3qDoOxnzUS2PJHXIlwhtXpnrhFV/CJ24Sv9NuarAED1kcvdWNw3g+ULRoLSgmecrRaR7i+IcS84KiPIswcfTUZr/GGdsq127tPNOPGbyOKWCFv1YyYoz/pYHtt6mn6Mey7pXOoLnYBNu6TWf8hTXXb/1BNHboynVEqMJzq9I9gZAs4pL2am33W+6RtZ3C5Wrzng4WjdtbrGUOjtCKSlZMsJSfilSA==]]></Encrypt>
</xml>


2017-07-18 05:27:23 debug :
------------
String:
account-ticket<xml>
    <AppId><![CDATA[wx21cc570986f54847]]></AppId>
    <Encrypt><![CDATA[ND1vHHiTl+L+PfgwqpwZVsgy9Z8EZgb9+OeKtu89Rlev9ta9ycPNnMiDAgnj6PA6OFF6yXsK822aJsRq7c8coDZX6+zqVmWJRp+AJsQCsrFJ4SeCoWccCLbTMjBr8M8mclewL4HClc2sY/YaJiqBm+OOMI7QcIG2087NbbulrRu6poDWLSqWtLqABieqALHrzEGTWswPbmf9JqmVCmmgTK8snim5yb8uhWLGDH8abGh3cv4IjanJFlZdT2LYIiDACOO3FfoGhQ2ExP3veVTh+4buBqWEplL9zp0qimRajWsNArwRE0+z2NPiTdaOCDkdZ+SWA9QaMdNLEA2Ms+ev7CPw5zI61r9XVSX4k5qjVktqkrb4mpMRR+CA/qDsui9JbgU41QVDFK/uP35gL1cKTuhfLsX8JctYA4JjYWU4WlMhlPPup9uK7BMJ8poo6WRroBcPfyEknmfNXatWlz+uMQ==]]></Encrypt>
</xml>


2017-07-18 05:37:23 debug :
------------
String:
account-ticket<xml>
    <AppId><![CDATA[wx21cc570986f54847]]></AppId>
    <Encrypt><![CDATA[jDN1Weoi0ueHF5U+Ee1HQHFIb0dlRwe7RmNEqq1IlIrIzCyGw57QGO7HyBNYKhlqKjx2mPn4qD4+34sDSG/v0QvmTSi5ZyrWMdhVYndvE9yEySAcq+eFxweIOpgW802tyJISXRNxa/hdRHOlNUovqcAUeh53xmp1guRLNkLUySCT4zczXB8lO0CR5yXCHay7ZveTHHXaN6yYOTT9cQD3bjYlW/PnbB+BS7bAkd8Ijr8iY0/z6whc2P7i0+e61Km2Ph+vA1hE4PTyGRBMJPTkdhTLcFObZF6tsGFVd1Sa2QXFxt3/jRfqv/QQhIx7rBiRraM+BorQf/PsYEcg8KOt3PMsVHIf2J0jCrIHc/9yAsGii0rUj+Af28/oL+oJdNiabMRAYcl8G7prZINg02/Nq5sbFad4MD8zB9Mw036zOVGCWxzRZUny9A6NaCc2/VZ0Y5U/cjXaS9JSmuJQLyo3vw==]]></Encrypt>
</xml>


2017-07-18 05:47:22 debug :
------------
String:
account-ticket<xml>
    <AppId><![CDATA[wx21cc570986f54847]]></AppId>
    <Encrypt><![CDATA[h7CIroVLlitgokb1h5MRnk7gP2otoYHJY13ZauZlIS7o6664uAfjRxcNI1dvaNIT0DRR269DiX07vs2FXu6BK5+JZHFWzWfd4jqxQsUASfirQ2qGE8eP0N+Jo6GTHijUeD2veUlS/FT1XTJjEmAHxY/fxH0mzb3PVW+fsbKuzZ4AG00nx9NNhDjCPEc5ptsoGCQzeslENG0m7KimRCPfGHkMStNJJPofFwGnm1KYFg43X4QG0SPGRmePhPQpAOvum6JYVMCDopMvK75+OwibmtDPol1UjVWtPrwxyDWepSUkP9Np8a4CPcQagylIBRl7MS45PiV0+VTcsf0ZWUEyhud+nTZVl9XXeQMPRBwonTuRdlxFjBy1yZ5exJaYMaNGkDuIINDyM4icAifAIWVOJ8edtZb9x7fNjDRxlflxq7VPYlDJhp+/TrAZh4BcPw8W1xe0Qp78K2SIeJhl7+lSPA==]]></Encrypt>
</xml>


2017-07-18 05:57:22 debug :
------------
String:
account-ticket<xml>
    <AppId><![CDATA[wx21cc570986f54847]]></AppId>
    <Encrypt><![CDATA[LeOrZXBy0Um0sFQ1La17glCLzytOi9lm2Y/fM9DrHOcjjPWf2Ltqs6BfnPT33dI9ligWkyKyg5zH6ZdcIvD5zSSVwp6G/Wqh6cndNucA58w0h7sNX9hZFzPy/ezcEO5EYNzAyQ4p/L2jjFulxOUmRdcsYAO6R+UkFLBiXJLFgUjMzMlWNpcs4p3lg4hdYeqLd6Da/akNmt4gkKIzRhnLYS46IXNWnH6vVIsbb81JRrZudEL9Tu5kS1exBX84ZcNhN21bQNavCep+FR9u7dDmwT0wskGWSt0xmjbReorbQn+Jko4pjxEsjEXZvWYuA2RRbKWT5mbPyarZ5Rr86g5oAboAImxg/UYFJ072270OfBi/vhedphoY3tupgNk1XnB15aUUqkXFhTg9UhDLDA4+lp7k5eaxH3IrSNzFJYpG88Y9oSmgIn6GZ4FDTsylPy+ht4gpEcAjSKv1QQRp2FEvOw==]]></Encrypt>
</xml>


2017-07-18 06:07:22 debug :
------------
String:
account-ticket<xml>
    <AppId><![CDATA[wx21cc570986f54847]]></AppId>
    <Encrypt><![CDATA[1OipFVkE+laIfLw7QqJ38mNfWBUZwiJM7OGPdv/a0BofWbReoknnbGvKZF2dBxE0cVbjmmQcev4/93LmRGN2n1tFcAGRhe/zYxVm3bEAcL6PLIDhOPOX8JJzi2MQyKxSKWY+G78quXuEE0PMEfgaDuyxuheBNCopU5cTYG5Y2EzLERDjcKv3+PmqqK3k+4omXSVD5VxH7HLyKvJv/0ErImoP5i2+ccuLbkFb1QGIWAmZiOPtE+T/qPRjj0Y4J3fiaWsVlTP/wpeiLjHTOnPGJ4Q2aI1w+sSUs5DsjNug/Fez6volQkRNJPSvrBYCLnmkUfaIArwRtGVf6IBw2Aa5cO2/ssPiT3B2DsQJuaj21UVnbl2SQqDK/M028wNpPmYpDeSysPi8OM49CC+QGHQhveBc2O/28vDkn7RyYrt43yvvNPWUsgHvCo3Zdg5tjlojFyAijYChIsyvSjwDWQruvg==]]></Encrypt>
</xml>


2017-07-18 06:17:21 debug :
------------
String:
account-ticket<xml>
    <AppId><![CDATA[wx21cc570986f54847]]></AppId>
    <Encrypt><![CDATA[N2RDCOAEpqSVUmr23rLiHNLXPRUAtgdTPmqKm/1Nti9hckIKNO7SLGHu0HtAB11y/4hpuUehUZAmC0vjKnTyFLAmxDWKSPcFKkrzfg/80jWYlfddM1+IVwD2i+Lnwcp6lSJfVxjsAQGLyx3bAGuopa0OIAOHnIBDESU/w4zOrgT+p4UzKZfF6DWtn6GHlcFYPXbX1cDGQUAphF7LPKGwQnRiqho5czZV8FDX9dvDkXBk7pOhyyJc6CCnTez8o7O0d3GOmERomm3mW8SH6ONPYigJe/JwCIdjLJUlGoeb1sqdiT53bq4o5N+mqKqIZLP/bPkOAiplj0IdftE5TTrJtrfcDqyYkU7fe6xUJCELjZ4jSL1QoiruRgn1H1BORHFWU9Zz0c4070QYuZVtKebKlGuBWN8fotE7zwJVeiq0BQnUfM6m+VJaj1kQzDK4h03OVRPUMD992cvW25ewJ4YNnQ==]]></Encrypt>
</xml>


2017-07-18 06:27:21 debug :
------------
String:
account-ticket<xml>
    <AppId><![CDATA[wx21cc570986f54847]]></AppId>
    <Encrypt><![CDATA[29xvynb9wx6USwlMjGQPjNeP7Jjut4jYx0xAdua5p9/5yFhbDjRC8K/ZFVQYPMv9ODZEgDyc2CwivgCNCxK1aSb7O24QdX7bTCkmxPVk6XpExWDP1zev57vv2Dn52GOA1J+4dpA0X8DISzjYdrykCtfzRf65k5TjtNRUTMkwlsLhfUEcYZM6JOy2aiRUm9ULVYrQBi2qXy57BYJJmeq60pZS9yVgt3VgBzMNLy0o3o9HgdfxIded9FAQ9hRJgSGrepN3ZFv/irAcYuFGI8adKsons6AHJfT3s4PGH2MJEzlTKeWbZDopf3iHO61OYtLtJce03hmC6LHOLjQ1qFYUvwi4/DkeKBlOr2jcagzsap/r8QjQUipqjURr+dTEHu2aDqAdn0jVReoDxqOb4EMErH9Jea1K99CVrlp2M8bUPL+YTnkV8XJSajugUz56Dg7Nt25Fl8j0dY4ckt5fV6Na3g==]]></Encrypt>
</xml>


2017-07-18 06:37:20 debug :
------------
String:
account-ticket<xml>
    <AppId><![CDATA[wx21cc570986f54847]]></AppId>
    <Encrypt><![CDATA[tl+iaKWn8pOTLlAvAorgyOZajyLNd1C1FMCejqPPB1S51/5l/0ebbnIJDonJjz1a+/KvUwBh+jgeiJIgTGW9M9XQIFqWfgFjSXQho0GR3eDDhSF2nCF0iJxU19ClEAacODtVV2HnE/wH7q811Edoewv6r8U+Bf6+I+5/MsZKGwIR/WigFziuam8gg7gdklKF18bAv4vcvP8M6xb2uqN9yJJfczq9jKEe5ihLJuBBZ8hqWb1bWOGMppUI+1/OkKCncDXSM2T6xgwjJvwqFIwii6IqWLJrM69276xUQZR00mNxLcYo9pt14iR7sf9r7UZpAQOw4eGToWg8Y5OFAhs38kXkBucR5sQVPiPMORXcYRJfnKqKoBPSuZKr1niwFPB1UwH4PPWy1puOzH+mU8syiFpRzNHblt7RcCM5qViylSSqe+AbWPJxD94TH6y7ot6oCHkqOxFqNfNjIbQi3ulYpA==]]></Encrypt>
</xml>


2017-07-18 06:47:21 debug :
------------
String:
account-ticket<xml>
    <AppId><![CDATA[wx21cc570986f54847]]></AppId>
    <Encrypt><![CDATA[7sC1JiWn3DsYmy7Lw2owkXTA5s1n2i2MeBVJRzAQ+kjz6elAV9LGULxAoUcivF3GttZKg8/tHgbMIz2YKDFk/jBJ+TIX32MccNhSv/0ACzVQ90RaaO/20WSR7F2ZUZJLOV7rwsyAN5w5ryQ7FZg21XbLqddmDnG3ySSWjKOFzICllEuyPwez0UM98M4wnRv1FjioZ199+tVBBG1+ICJ5Bmx+LW01p06NgLS4qW9xu/oKZikCNsI4L77jDD9xatTpvPcL3JKxjtoOVk7piaRXe1S4LsLkkWrD1hWgUnTOeTo9xkp7A8QN8S5a7CV2bW7DQd7Ym785Q5b6+YYYXTCaZwPz5AmcSzm8hLcfzb55nIurJqoE4NYxEfr/TwWHC+NFEnlZ26FyaHtqZbTKExsRcfNxGwipy5qmV3ri7+EJGWTOl6h8f1if1mLI5ugVTac4JuZhtwgrVIjqWHTDxNQxsw==]]></Encrypt>
</xml>


2017-07-18 06:57:24 debug :
------------
String:
account-ticket<xml>
    <AppId><![CDATA[wx21cc570986f54847]]></AppId>
    <Encrypt><![CDATA[wnnbH2SRpiDY1dWYBjWEeW7+Kb4gruTXkvccBC3ST5eC/AahamU0YHa1Xx3d6N0HFUa2LIFqCQEqVEwn91CcfLV0Jq+RxffAOBy9Me2dGFpkDRNr2P2YGazbSyc15OhcFlKC3YhlOY7b8b2qCeXmpcfZPzZrPS2nZQWEBi5brKA3kG0x0npn2AwCqKjUH8u0D26U84t6E6RuLFcvXMsObS1l4yEX6G8R3xCego6MPASGhZ5zeQfteyv7XANd4yG7u/zCQO52C8L7CRdW8uHFBmFO0Hej/pscKn3EkDlVZD7dj09cYy12n+jxybYR7jXtFkTjMi+bfag3VsU7GyDwF2kf6zw9hq+/WMkZv2Cj0o46zt/nQXCVTJGcfoltxA3B6jFDvca81ZAiS35krmC5u2YRzF6eQV6QJkv19YVNWoAkF71XCY4rw/+SHRyHxU9ioPnybd9jhY3KvmUhJiOC+w==]]></Encrypt>
</xml>


2017-07-18 07:07:22 debug :
------------
String:
account-ticket<xml>
    <AppId><![CDATA[wx21cc570986f54847]]></AppId>
    <Encrypt><![CDATA[FQMdq0/JAwCN9Ao1FPFTuZo0KcJm23WgqxKc5CoWb7ZfOMc2JYMMVBess/EstwvKeU1rlNmnAUoOQMoLZ3gM7V6GNaO+U881I6Zupo+l8JgWP4kV/lFXlZsKDjId9DnSfzFKN2co4hh2h2fPG4O8QPAzKiX4upAWSTDdKHOKR2e8+eL8JQlBBUDhHc802wjWO6gE5mWvXHJtA8C+hJjcMVqqUW7m4UIIKk57CCdwsMUgycX68/CY1ddtOyu8LybdR4ThXaUYCeOuL6jwzq1Ywg/gD6wqofJ69qGG2n7YaHj8BFqXGeOAXzg+YLZcfxk0rgv46NtEvhnX8VejVwMZ4dW/nVmmO+bOMFduG4BVgIbRl2OQeS7MedNZFgiVn1QheOHeaOoFvD98Qq0vit/nahxIITAxmmR/iCRwCijUf46zvlWoLSxunMQF/bt3xxwXs3wXxABzIjhtMeI5Vf6I8Q==]]></Encrypt>
</xml>


2017-07-18 07:17:24 debug :
------------
String:
account-ticket<xml>
    <AppId><![CDATA[wx21cc570986f54847]]></AppId>
    <Encrypt><![CDATA[Xe+fU1BKF77A25CecA2MLd6H0ZH3tHQ7cdjuVuNygI5ilyujIq7CbMpXoBe0saGOn5IPKjisp4cPRrOGPdTihey0gqQr9gJhWLGrzpDq4SvHIcdli1NlyFiyVr8gP+8DJr1c6WwuFrpZMBJ/OLplba8DuQlGZhHP0i2ubK8sBykRQqf23qWjJPH2/cJxONMfLd6LFh10026rsHJwtm3ubGtRnkxodkmdTURea47aHUI1YH+BZpcIB3Wix5LD+eM+OZiHTB3hgXX7VOOgPM19D1ZejoaLCMKmfKgCvanQl7++avx3qC5LMAPxOvxSldqm1bhn5bHV/oO5uavZGBRpphczf1jr6PbXjSCnqrLVKTbJZDMRAC4ra+FMsWLCkzRvoDPoNtTCh6kT1wlQLaolJCaNIYvP4UMUK6Hh471uJ03dBoIp2oNSkTmVjVVy60tQbOz6Sp//trdiq5cLCyJ8cQ==]]></Encrypt>
</xml>


2017-07-18 07:27:24 debug :
------------
String:
account-ticket<xml>
    <AppId><![CDATA[wx21cc570986f54847]]></AppId>
    <Encrypt><![CDATA[DpdgVzYdsF+gOm9owIFtDJpqocl0xwqFSrr55SG1PNlEop6VC5XaWMwTwB8vlh1Y4mqDX80bCBQz5MVpRTaPudp308RtBsbDvlnAKTnkBFW3e7bELu1Vei/gqm8XBMB6Pzm6LEJfCnye+znx4KGcLzjcZea0pfSglFuoevnNCe8xFIQuF+BSfcRXynww57p+RdQCo+AD+1DUYqEJKNOANYo0rrxDufsXvM9j8kzheOyjLjrNlk0Auph8NkUSrW+WLg03WYyVMTZzpzmarl2TgNDpCNRsWMbQgkj88rWxnvZqDEkukg17I4OPw62eerpiUTVLOcuOqcWG3DiZWZogspLnYdEpQIibx1o01MMvgyl3A6qcf2m8w7ba8cuRjzEDAFf5H06biDWhp9r7eBLT5SrqH9YSdiU3B80zKHTFiuZdJKIcTtBHRSyv16CEY3eGDJzmhJxXQ8miRjAjyGTo/g==]]></Encrypt>
</xml>


2017-07-18 07:37:23 debug :
------------
String:
account-ticket<xml>
    <AppId><![CDATA[wx21cc570986f54847]]></AppId>
    <Encrypt><![CDATA[JCFnk9isZIKTNYOar94XytCwQiY34Zol23mVk82t/Iqn5oOT1j8BtnaDIiy/UWh31/txOOQHsoouO0h5r7/mpYospZQhR+qkxl6C1xHApAgdTu5zm3cYzXaclU1uTjzJggN3WNCPwTkrQt2EAbMB35Q8E+PxIxxpLNcuj4TyDPxHCdHp0A/t01AU1LztFSWBA28gPFinPkOWc1AiysQcDc+EWxsdeJrp3rCmEWuIEURobK8GSvW35koAh8zSuHbyTm8PVu8LyvfSgC6Nv+oOrHUlkF6fq5MuJFkfYW9qBbOh5r8KNUlUPQEAzhr+IrMWb0Be+ANsah5+q+wPf2BIMy2pOetF0/zwnh+SvD/WLwCYl4H3k0LzNZcawq3L98qCVPjuaWkLWzblF50NOw5x1Gx8Uxp+++R4d30tHWAuRqHOx7cvjAfBrVCllEcYlQxP11lgwq8yNaxgOWdwlVr5kg==]]></Encrypt>
</xml>


2017-07-18 07:47:25 debug :
------------
String:
account-ticket<xml>
    <AppId><![CDATA[wx21cc570986f54847]]></AppId>
    <Encrypt><![CDATA[AITssM9LHT8L6zl8kQzeMwJOChaYnqfDyLXoiiAu9dYSDILxsWqG2OuAnYxCm75mb2hlPhyhJrBOD3+gsfffAbbKmX5XR5ILXcQYEguLaBy6bCY4OOid7psGjm83MS4D8G4eJM5ox5MRcrXSVK9CBbdvnwzJ0d2owW/bbtGIJXs21aEWE4lqCZWalc1tqd5x6dkdjLt/TBGQi1v/OI/Ck/uyc1UMJB20ExKXDL0VXpNatd9KFKxyZs80MVk7Ku6sWueOBQAKoctVmV80ub1TTx4MRfRT0isCaxtepUiJoQJDdOqMWZYlw+fxdiuwvemqAecHZ4bwrViK9RLRnWYcvXZRnKu72/xAQPtCcMqRP/W0TTL5nm+lCRE3o5GqJzpBjShcgmolOgc+c5ZqapCPGlOPAplNE4fN8nVq0y1lTbZ+GU7kmk2I6O8ZLmIA9QLhb8XZ7SRJu151v+lkdPYa4g==]]></Encrypt>
</xml>


2017-07-18 07:57:23 debug :
------------
String:
account-ticket<xml>
    <AppId><![CDATA[wx21cc570986f54847]]></AppId>
    <Encrypt><![CDATA[G8NqaGeCieV+E9FWoyqfjiQpsCHk/DkYil20HGUQ23xXl9XT2dUpWHNmnI6hu1KuRjhbgXoBL7tCQ8MqFE9vWOeU9gRtypNqzbn/j3bfORcJiLCDFoObI7MEUttt+oTJjnpkVgCwD/d/dGuM9jqP30aHq0onZibh5lNjC9r6hgM/kwn02S++xeQyrVkq3XPcWUJDFUN58GThF1d2/J+tFNYsbaxqbFgzPFYjoPC6kF3cbs6uavh93bk2oeEwJhS2QN7ANraGl2P4I5ww9JtHawyMcoBSSoxSf1JVOMbUOVM/68g3h1Wb6FfcozL4Mw4Dj0zi7MRQJhbVPnGZqcDuon/3jPfuJ9W87fFat9mlWNmx5QIkdkg/XMJIlh4VZUB5SrXIjgLRXImCe+VcE8L1y2UY9QpwelE9vFtzRuNder+DdCbA6aOPg24vAdgV63giux4NCjNXiysh/YtRu8HVSA==]]></Encrypt>
</xml>


2017-07-18 08:07:24 debug :
------------
String:
account-ticket<xml>
    <AppId><![CDATA[wx21cc570986f54847]]></AppId>
    <Encrypt><![CDATA[w2xJw6MxOiQbeXRQpi8L39cFTFRRUq+n935qnn0khtceqTcZuf7+VQSSncTJWnfnh7QC91aJQZusWuRvb/KD+T08ulwRfXCmKpS1c6xs3iiDUHzS9Up4/pLeBKxM8dcSjIh4LpoSkYwWEyiMt4lyX0XPENYfj+otserl73lv8vAQwLsLADU2jILCJl22lm/e6Qz5xxM6NJ39pfw5VePLt4eDFXW1PIkBVy3LCX7ZOAy28wP82FgYZ7beVdji08Lf1RzUmFmULMehJ9Hb4oQPpqPOMTuQur2JRMRZBlmzsQnYKu5YUnRvlCr1R9SCjklRh+QRLRflYWqsJBx+5b/X/iWT/i5ZRMPz66ZhMGoi84NQ02Ah5dj+ZnglckdXcr+ryYScF21Qna4XEINr4loWytAgEpTg1+qBRCI12wn6AiEbWMe7SWuq10Z3pDeNiSk9PsXE+izD/M4m9FUsYCvgfA==]]></Encrypt>
</xml>


2017-07-18 08:17:26 debug :
------------
String:
account-ticket<xml>
    <AppId><![CDATA[wx21cc570986f54847]]></AppId>
    <Encrypt><![CDATA[kP0RCty/0az+UZq7cCa/c4GfqzWpvacL3QqSg2syEgE3KG2PQFgxJiRNDixcxbLakfSBW7WN4Wk7CSmbymNi6OFjm6WHuahH86DLN/SZbUAvqdWME+GcmA32gfvoX3n9xt18gwLYRnv82QnImFdokZo3e7hOscDzZrwVybL9jSIXilWjO52FqkS6P7dFH6koeBdcuuix0uhaP8OVIolHhJ6g/ibCUZjg7hBqI5DlT+Eh8uc5gNYLZMgq/vP/+CreaCpobafQp0cmWY2n08aCfIE58Id+L/UUuI68aKUGNXGcPkY4s+emapuwZKbTP4BqDR34byQWvlPrfIWEZw/XrKMMMl23urSKsT1oZ/k471zKVi3q7oREdpMBXVGv4+lxv10I0Rq2Z530/hwvoC3vl062fk0Urg6WavqloTb7040gTRiOYYgvQuB/PWwDBldXp9FcEBA09XbDWlao3wyluw==]]></Encrypt>
</xml>


2017-07-18 08:27:26 debug :
------------
String:
account-ticket<xml>
    <AppId><![CDATA[wx21cc570986f54847]]></AppId>
    <Encrypt><![CDATA[G3ZKxGLdNI7LrunQbeOwsjS4t7iBztnNdztWQJqyL3hqW3QvUpmCgbbzGUfL69xMlW5Fetb91n8nWjReSCGTjtKZXraMU8EuXdQDex4qmZE3bKTY2x+lRrbcc0RTuGLLcF6Ug8HFyat9dmiLE+brNMX2bx7CT/pnLEbR4T01+rcmPKAb01nE3DG5k3fw1jiGgZ49Qm2XXURJpZ6CTcn8D45MVwZ1fom4AGeTNotg0dO9uCy0eJWf1tq5N0v7AApeS1bcEzLvLcaywjpeUutoDelBzRb/l27dJmsyvKn50TDQDBk66XeDwx03+RD+OCgmU6wiGVRbZZJz9Y/uuyjKmJPNEMtGoj1c7PTwhQsKapIfaZngIFrT+qc67tFhzBD59/06X5rNkvRK9G5ljQS66W0j7RsoSGP+REP7VsjYvNLX9o1vTxu8+q+SI78ogapeHW8XARM856FaHwvTqRR6/w==]]></Encrypt>
</xml>


2017-07-18 08:37:26 debug :
------------
String:
account-ticket<xml>
    <AppId><![CDATA[wx21cc570986f54847]]></AppId>
    <Encrypt><![CDATA[dOxfQImSzv2C1WfZRUH+fBBhJG8lhihwzz7YFQ1f7VMw/PI1N//64wyH5RZrNH3WqEvZAqP0U+lT0Cd2SOGqpoKl3fYhVscg5aSLRHdHNem6l4VyGj5mPREzTZZhaWBgcX9uOBNv+5Z4WafVU8JptPwAhnS+5SfRss13iCEWNtbmKNRyZNhVlVygp2d7/10VAd/WZvtrjbSaUtdd2BX53DTblDSzPWCj1ipOqUMKcKMpFbH5SO6MnhDSRHemXDl3E+AlWe38d9i9mVRqOJYxch4a50Qsyj2q7WSTggP25haODYr/UF9s8/6cLeojzZE+tFD5SAzXJzeA6lJOm5XtUVJXulJ34fG4HB1oi1yAZ7MjZnop1/qna2kHOXlx160s07BJdmFMkKf2K33nWxxNuWiyhnb1GpO/OttgPCoU35LXrX47nFY62eZ/hZR9AS7hway75OH18L5ZtYMEMdRrig==]]></Encrypt>
</xml>


2017-07-18 08:47:26 debug :
------------
String:
account-ticket<xml>
    <AppId><![CDATA[wx21cc570986f54847]]></AppId>
    <Encrypt><![CDATA[p9TY9y2EGZXd5tpkOv7WWfPMpajyoxennCVvNtjoEFVR5yc9/m7AO2qUEe/pFreGfjTvzK1m5GzUSHsybi6xs3JE1MQJHk2OXJMeAk/cyovCG1zZuqoQ0ivsfLRWyd6wIaaaT2gECzCW342jbO4LsVEQAmK2Nj2sr4aXUxkXONV6+FFWLlvqoFgXA9Lraq7cLFJ52RQqQsGQHcY0urpRvRIlsUQ4VdUjyuRtbYK4bkNkJmY9/DUddi0sW2ys9APF8l6wCml7bKxZj8aljPegiHRPKJPd2h2/9DwXUxqySeGrz6BqQL/HBKcednc2NFMt4/tbxo8xoxGLXqUV9VPNczrEJO+XfwinwKKTGiiaaIRL9e9ECiHOcRqDEnjl2AQJGQOD66X7pjRyvxR8d2nAVtqzrod10m5ODzVRj11/VEUv3/PQB7kZ2I2TIWSSOK2myQpEt54FdTvZn+7tNt/iXg==]]></Encrypt>
</xml>


2017-07-18 08:57:28 debug :
------------
String:
account-ticket<xml>
    <AppId><![CDATA[wx21cc570986f54847]]></AppId>
    <Encrypt><![CDATA[V0I1V3bMscgpDE2IRDwPKbjnsyIM7e8h8KBgXKN3GeCjGS3cDhBeJblcrBhxOX9JqumESXnJmFM+xdqcigDZ1oAjDdqfH5OO8zByn4G581wtxp78be/b/yWqsveehq8UDKQHEnwn9o2HJyiUWzPuLHq/Ko3MQr+DSjPH/ykchLjNL0FcT+UXjngdQBtEE08QaCdrUCLb/kvE0MHRf13qTO/oT42R3eKOwb+UoGKACcsqKgf4KBHFPVpyFU2wLfBg/xTFSkxvOcWkUd2S1XbVV7tBUKRpLqAlZhoEjlNFibpL5sf0C5h0QX8/iPg2c1+dblMBPG597Xmf59cSnFYhq3gtsLCXebtVSWkp46FNbPPDdjtpR6xuJ3DtKk8bJL7gIY7kBTVukq+vE/FAmGCEZzcvN0Q/D4A44jOKqwsB3UlrnQ6olsLHHQR1ezp+bPFgQaeDqh/jE2DeKrSmWRP6sw==]]></Encrypt>
</xml>


2017-07-18 09:07:24 debug :
------------
String:
account-ticket<xml>
    <AppId><![CDATA[wx21cc570986f54847]]></AppId>
    <Encrypt><![CDATA[zB0AODadJ6nTIcC4g2JebI1AqDh4I7iqeA/BWhi45ARVrUgDapUWqLqJJAIUboy4dEIvBnp7r5ZEDpZWDf4XV6yVdESVnlP15mLadhU80ajEzQv7SCzeKEswbktTPmSkmyjdrkFBIVSevucX7oEaNCA+N7+UxMBZMmSV987cEVjRTCipue36cI6a7YxaTkJwSDa4h2/QDmu2+lPzrYKJbmLm5FDFAVyFIyxK1RqoDKJ8Cw6vBANCqJCeKo6S9fKFh0YJSHEesG45ZD+gHm74ws9fX6sAYzBUnhDcGPXvkGWCV00t8W+jfuRLNGPjv5fX4BJoAPCXPFD6GlYhhna4VaTQr2boeD+b3Bw7HrwKig/v28fjPCbs9bjMkdDStlgLnRtReNr779dtETHi39rbYCcaZxgEsIZuVBnkdXUdNvNpmkrDLfU5uj2W/YWmYMQQdBmIiOKVBCEM9Fz55vHTRA==]]></Encrypt>
</xml>


2017-07-18 09:17:28 debug :
------------
String:
account-ticket<xml>
    <AppId><![CDATA[wx21cc570986f54847]]></AppId>
    <Encrypt><![CDATA[8ZxLoTI52VGOFQLr/aCu0WGMGA74xD9bIbSbPGgK/GxDux4UiDQ8Ve034g+9zGjHa3LFSV2g39yfiiSdiEI+CxzaDwluWNBNNeDFJKZEB3ui+XGrs+kMzU5+FMvjs0TVY7IS+05sJdihLrqBexxkzsBEJjST8rCfem4MHXtJGA1rPd1b+l2kJaQ/0Ytn+l5pMl5GAgwlUhjvCGTJ5+8a1C61BJjPPN6IlwUOMPwoj0UZoPEYvCAoe+eHHSWdvKCPNmdtTgDCAJLkD5gSIwQ0GNGunWI8LIn+zLQ8WTu17W57tluNwMGYTYJ4857Co1n32gJvvX2padlsnDkr/5jHw3V2dqsBYGQCQyBrqwMVHwArklwlUn67gQAmgNH9nafxtaz1EC8cjRTpzOsvZ/gxEnWilWc7xmyFGgRdE4sjtPRTGlwW3HN3lrnf0O7Y68wSe2NN4S7oDm6Z8UaQbCjslw==]]></Encrypt>
</xml>


2017-07-18 09:27:26 debug :
------------
String:
account-ticket<xml>
    <AppId><![CDATA[wx21cc570986f54847]]></AppId>
    <Encrypt><![CDATA[OAdfmbae4Wh40XB+N4l9q4xEGE9I3P5UBTml6mcCaQCK9NakKEa7mOpBZcVumvNCdOBUw8fekcSt4cJiMPVpoirWM3YYUIW4vwA4GCneHgtezqs0VH4C6zgRwUVzlJYXSOg9VrObuMqT6vHAfKfZE5X0xy1SANvZr2//EUq1A4aeRcc7jRXWIRGrB+H0IYm5p3S9JcyhcxtWv2FQM8x4+8NrfECYPw3KPUfLOXQBNaz5nEQkCSrVinvP4W7FZ9eUI1C0RqFbV5W1lOPjYp+2ntrNmxYjfWdoDQSsOgmMOKYJgoSWz4KxAOgQNB1ExE4wfAQc052fu7NiRqiP+DpSN6YpgMd261Ayhgwf2Qm9/bnkCagdfhLhSp8jtW7rfmH5WZV1w6kgUsAkGgW/fN7aW0IzikMft31ho0Zj/x6QUMhFAIsx4/lrNqSGOQNwkwQNntoPx52hJS0teyHBn+NRrg==]]></Encrypt>
</xml>


2017-07-18 09:37:26 debug :
------------
String:
account-ticket<xml>
    <AppId><![CDATA[wx21cc570986f54847]]></AppId>
    <Encrypt><![CDATA[AUtpekK4Rgw1NBgm82PvZr7xUeX64X6qTi9KgReq8wnDcoJxQ6u88g7lACokEYkBLlDDgsn3EQwYy1KTFs0Hzc+OxLmI/AA9l6iPGbLf5GNEufr3SySGp9pafHoKCT67ZwWZjUl6rut7u8G6sOUVbUXkPbybpoHfWS71yIBluWzZkPDwlp1ROQF7Ej3RUU5cQgmKdywP8Hz8mANpxLENKy7ZtaiTv30HhqnGIYsIeiE6dWedPrgCHCBcZLOPx2RqDQmC8Znzd9PHNnpP9yvlmuiLuOjnUhgdSKfJhGPji245HhfDc+8wLqjmW5+/bisoGWo5xYcgLe/+5r5/qiNXcuDmHCH2v2KFhP5kQLTKIrRoMxLOn7BIcSkh3YCPKHbsxalsfMI5aRB7uohCkafxqobVo3/0cpNI030F+Pu69WTRM9wwMhLKAprjAI+mlIsEhplNUcgl3k2/5P2EDDETFw==]]></Encrypt>
</xml>


2017-07-18 09:47:26 debug :
------------
String:
account-ticket<xml>
    <AppId><![CDATA[wx21cc570986f54847]]></AppId>
    <Encrypt><![CDATA[TJpda2a2yK5eyHEYWmFH+kGJiyMJAVJpWlB881I0dChBqw9xDRI0ITjs8LBp56eqBMDNNg0ylJ6j6xWPwM51+D358Aacs9aHxuOmoKbs/zl+Rwvib8/DBeAQ0BI53sPwsdbUGcAczRFINPIEW5diVqk4N+e7YPKRGj/Zu76xrqtRbbLiBlfv6EACYFPjKbTfRORfsMIbCAuN2W9jtZol6u/uafAoaZeWl0X7GTIA38+aCd0MXxLixatzdLbNSnasQ6Qv5k8m+rfy8e54qOQtzWonX2/EIuo/y//W0J9d7WSNlKCPjv59cGPTyIYAyIwC4N/a0JxryFT4Fjv3X9YZgYwyBo4tmAFuQ3xdrVr2XGlhEDlU7/Y237PnBUiMt1JVoMfnrpMsnNMc5SGPIjOi+4zq462TprNUnNqcy9RAbn+w7p7A/fBsp4IGmb4rGPO7V6rFkQGMGpjecRtz+cN8pA==]]></Encrypt>
</xml>


2017-07-18 09:57:31 debug :
------------
String:
account-ticket<xml>
    <AppId><![CDATA[wx21cc570986f54847]]></AppId>
    <Encrypt><![CDATA[QGf/12gHIpW689S/ofxsetf8te+WberJqfyoTqBmflGkVUU9wqsqSj+7D3jsZEiEaOfFK6JlPqmes55wgJmXdPuf2LK6aPI2rcE6v6FyG1pVpw+ZfOUB5yXTWbSiq60FrWahEr6xtjBE0MvuM20QYYHyHRSD9x0xsIC8maB9Q+uV61SwgWu3FAnaSV6V8uEJEXjmfOnQXuPzpaVAZtY3oWMRxCJ0SgPo/uwB3LnDs1fiEwcqBxVuwNPZ4ALJYsiaYCIT053/cghxzoeAchlSOCVpR9Yr5zVHwW8AdFxq847uoRogGj5LMSlCRdTRw5npp8fvv4d/Xb+ODooQBiD9xNfTkkgTpDh45jbAFxpwHs9pFoHg0RnF/ztEclADDvLefof50oF4pajFLeOqeWApwCMU5Vts+lV1oRZiA6oe2Cia1BWm5u5bb7bVTNk9RNou+Sr3VcMxxPcdJTT1mXmWtg==]]></Encrypt>
</xml>


2017-07-18 10:07:30 debug :
------------
String:
account-ticket<xml>
    <AppId><![CDATA[wx21cc570986f54847]]></AppId>
    <Encrypt><![CDATA[z50H4w8G1fyTEij5nkUzOXFOD9gfQS0fPY01fughzZpMIPxAQnfuCn2AvRd/CaLj3Yt0Q9zxKVpYmqfp801e29hFAliCViPsEgaUIn5IGXJHxVJFRhVqRlDuFG7pHHlwatmbmZX+rcXydZpw00LE6KkcBTIqMEH92ahu81SpVdzUjf81EmvusU3rAry7SgCN/DShFPw6IOPDddltBR8dtJwAmS/359mJwgQyxzYXBi6TfZI4x0TK0/c/oQebOV9X6P3vLfGsG8pqiRYOKNEO018hPXwSSHdAp6vKfgQRVs4TzE8tJ3D5gAsQwjvZgnGybvqnrSt3X/k2VfxHTT9NtxpDGif5SCBOmHBHGFB+uVavQpSziiTPzG2XDE8bQpWuj3630UPsYhhx+zVR/9SqUqU5bbDmiiqQPSPtS1Aw2ohrDKStWOX3f9ftUE3QBF2aTKLihBj8QDjAZCzOk3k9Wg==]]></Encrypt>
</xml>


2017-07-18 10:17:33 debug :
------------
String:
account-ticket<xml>
    <AppId><![CDATA[wx21cc570986f54847]]></AppId>
    <Encrypt><![CDATA[jgO0PL/yt7A7h0dKCjzSUbpUjkJe8yVOQnFURZNVXOE2CbaoUfl8RBn7Yp2hfjgwkoR2Q7QNIMzh/L9KCeCh6UosXQNE3P5ZK05tuB+2ARngjowQmFT6EZs1WicHuTkm2ES+VbtFY5/QXRfYB7aCFdLiM1AmGfKWK1xDWLglLwk8i+FvlQdgWBvzPbx5bPyMbWpPhNEVVFE8hOQhJGeqPIKsw+u66KqpugQEIWS2NkvF7S3ATgVSV0Ta5ujaij3HjWepz/m8uBHA42JGNnpDJe8qKoANCi/K4apqnnDxOYOw55kAnJ8z97/Cw/lRDT6rq6508dByy1rP3Ytrdss8KRz4EYh6E+AXUYEKIoK2i+OICuiXmA6VgZ9wxzphm7UHSdAap4SHTwCwRTnTGZJGJvifn6Eus/mO/leYaWdCl8oRlADRkcJp2y+lKt8ax7+BCwaxxGzl8ZBBTvgplcJjIw==]]></Encrypt>
</xml>


2017-07-18 10:27:29 debug :
------------
String:
account-ticket<xml>
    <AppId><![CDATA[wx21cc570986f54847]]></AppId>
    <Encrypt><![CDATA[xvK/kKo9ruG05L7Etcgyr86CMlu5YMpmBo6IgvL/fSHCs+xPOnIlKzZuU4Jgt2u7POehqUYtBmnKT9h2/FpIg9jDt7PlwpGv2SvWpfW92enggd2byO17cNEQnOTq6cJpRWit/FStbzb65++yJjdQQKpggWeawb/KvIEA1ZTocEpsw6uh0GA1NXfR3bkG98Ln3kuraMhXATgh2FmDVs5mp0zyD7fwJE+tynNbyvVe2yx937YgK+THBbQx1XDLex6IGx3DMYybTSvenB4UzHoTj/eRl3VhHJFbTozNpLbBmoPzeJ145NqYQjdP0Mq6sDjFqNGn2tQwxOQZwtq0liiAGo3wyLZ+vPaAfYfuOgOk4ddkfZA6JCGUECj4SJPqtV3L7WXmWG/EFalFFzysdw7NlgfyA696I1sY0pD5zmGEkOk8sANVBdsenO0JK79imjRNnFOC7SMNEB2DgicfJ4QWQQ==]]></Encrypt>
</xml>


2017-07-18 10:37:30 debug :
------------
String:
account-ticket<xml>
    <AppId><![CDATA[wx21cc570986f54847]]></AppId>
    <Encrypt><![CDATA[y5u62aEI9noxsfCguJyZsxd65xPhGtEKY1jjejnKIFJUwF/xJSEX6pgavifVZwnNhqycCDrai3PySHLcyxBETlrPc/U5bcLUlzqFT8wPerW2rJYNrErFUH8tYaX1LrNru/2/UYfItyUU/mSNZ6KuMEMKj2KPtODA5MdxQGZamqAx7n4Os0hl96BXULAXFiE0D3qzlIHNMk1iHR9MWBtpChMj4qW6Tw5SXnQLkEx+bb1v11J7EiUQZqO+xKz6YnJi2CTT4yGGzIKUyRgi75M/aFmwXstwuFcaBCoCxabc9XlUnyLaNIT26TrHh1rY+Gcku9ed0L5QXHJWOwDESnmpC+PCvZS/SUVq96wiQJhiVFtVXCOEs1DxRBz+hdUaQ1zqjK3cRWxCPmc0fFj7Z3XOLI6ymB3m/4UzDcnsRRsB1e/paCaO3JsahjoE88K63bn7qTjqGR9NqDa1i48LSvzzOQ==]]></Encrypt>
</xml>


2017-07-18 10:47:29 debug :
------------
String:
account-ticket<xml>
    <AppId><![CDATA[wx21cc570986f54847]]></AppId>
    <Encrypt><![CDATA[2VuezIq4wsdugdm0qKwS5cJ2b/79wLBt+YpE+PeIa2IbSwi73koNWz54NWOEd81rLpOPeE2weN+FhKeDxhFAg5wau0KOiv2BJgA+zOip8QH+CZ27/z4FavEhAMmoQa9eaxfQd3sBoee6YmQ+P/q86orcoEMpS92P7vu2fIlkYfBD9S1Edd2yPO8mAotA1qD/u3AbPwyPyUSjFqMtZ84p+34YKshm85dm2L80/MisLObb7pf1UjP/zProAtmMtgKayxkjXbUQaqbxGUWPKYGUwNVwi7Mt8aFLiJWM41wnGk6H/DF/OjImU+odhQqcKKDjaOWa/lfL7t2UvgMRb27linZRLai9FTaV3ZWfxrCC/qDSen51R2u7ADUZtiDcqvKTMhALgtbWy11aMIMy8goViPxWiTZJKDo8AaZ34W/Wg9SZKFs9EleqfcJ79vanB56MNe3+bSXZwYFfD+NyE0eKhw==]]></Encrypt>
</xml>


2017-07-18 10:57:29 debug :
------------
String:
account-ticket<xml>
    <AppId><![CDATA[wx21cc570986f54847]]></AppId>
    <Encrypt><![CDATA[xdIO9+96V2tZwCrswXPjZojnQcTiyT4xY9RFxfbVd+gDr3hV0jBhtq+wkscQwgbJx/bVnTkH3kGAmaxSALeqDzWJ2zArkwkoGZzZCfRz290yHLMonCTJg2UvW7C6FNAkE3+UAiu8mm4WzhvN1f16QZmRZ8SH4t1AfVrSQ6Q4ATn1IiV4u5I/K0T8W7z7DKM2mh0H4Juyh8zCBXJlfb9AdaP+JFOrvn6+Um1PqieiO2S7691neJl6js7d2VzVe+d5uazu82nnWC8n3jV2QOz3J6LSi94DNOWjzUf9awaczHky1jQdC5ypCQ1vMx/JRFqTAfRr35NosUoB2QyAzZF43uC2jEqCDrM9MHeEeEw48hAB1B4OyZcAy42ad+VDlLuzIOOLUk9ZrEFnmQigLvhJ5+T6fyUIykVVIH3Ujaovs61jRU5s4MUE5b4InHGGavAqZz/LTvdgixUIXgd5qYzb8w==]]></Encrypt>
</xml>


2017-07-18 11:07:40 debug :
------------
String:
account-ticket<xml>
    <AppId><![CDATA[wx21cc570986f54847]]></AppId>
    <Encrypt><![CDATA[Kcg2iR96vqZSbW8ZxEuHSmRTDIeykeNIyC6zIX7KliSf8f6FFXg5fGlnYew7DP9F5k8Z8T53hSyl4K1kOCh2/ftrXZPJnEO4iXH2VtIVtd4h3IUMQHkLZyFyXLQ3Sphn7a2ctXXzDISsRMxt3qSclfEZVYXudFddN7gbX85Xqt80QFAPF2DOl8MxL8pgIVtPoNgTzQ2H2k7OhBbWFz0AASctnIBlA4rc2MIVRuMpXQxnWldH+EQykHEjFihdw/kWZnIrF23dngHkqgsSb8+SqSY0SJrK5nL/tk2aFWTk9d/cg3u4fLRVo3HpBR8cb7/xqxtJ0js/BCk+PEJXU/H4+pEZJEKTJ4qI94Dy+MIJqaC2tXGjcvCV8WXWpIRgUbtWVMOgOdzFJRawmVTpPw/tf/+JMZu53j4rteEM8Ml7OGpKSaAHnt13fBvahnXudZ07ziDUbaVAFt+bgi9170kkFQ==]]></Encrypt>
</xml>


2017-07-18 11:17:29 debug :
------------
String:
account-ticket<xml>
    <AppId><![CDATA[wx21cc570986f54847]]></AppId>
    <Encrypt><![CDATA[YZgH+ZI5JuwBbg3T3T1DgXalGPsNbw5Po5TIMU69G8DO8iCTP3X0PJ0lzq4Vw5f/EwOrpIfTLh67avOXwhwQV/jVJN/8/E8tYl78VrhrTDibSLhdynv96GK3X3vqFo6peOo76B5NUGs0t0S+vnk8CVCSlB8TDuKaumb8gYhaJ3NRWiQbOPHy0nWPVXT4F7F4l4D5DFKrmB+RcDltk3Kv93450Sd4pw2UyGgmYoNVZzLLcO6r492bRJQjrAcx0I3Rtj3afx7/WklVk16RXXZqh6V7unKf9CPo+cUou7BwNncey9rf8MHM9rX+hcCfQ2izYlsG2i65fFfCKNAaypB33BXH+BzXGbOU3K80dd9mH82Ct0ROJjta/bNS7aAuxFawf8LZH0z1njZzvOC2LPIZJ19HKOwNOyeRVnJNfMeuJveHhdowTo7yLFcp6CfyH8elRGuvhZQRZXHbFkMOuoqOpQ==]]></Encrypt>
</xml>


2017-07-18 11:27:31 debug :
------------
String:
account-ticket<xml>
    <AppId><![CDATA[wx21cc570986f54847]]></AppId>
    <Encrypt><![CDATA[LK5Wi6i8ethVQC9YTx6mXbxKLhLZUbhNbS2Tqe8lrmImAnbHN4ZX4h8UZ66HJZN8IBvFfLj/cGNx/VYJTV7Oc9CFWDBFo7R/2iFn8ciAL2yPUK4XZHXj02VAGLld6xxUm42xr8xY/qpzY7JHFnnxuO1QzuGOadAdJjyCyUtgb3j9wjWZGxeoRyulOPZ/5cNv0CIsv5bt9qRcwXGZ2pJuSVbqHy8feOXf27+odJXwALzipBwa+z3QGt1XQIQqZ7c9Hm3INAbJYnwodt8wV8OArdamhVidLsSXq0pW5iRQsUmwR6RKzk+a0QdGdYGKTn52C5c+r9fSXyBaQtHiNTDmEHyBNfBeoCkgYCtsLJ66AC/1C30mnbHRsX9S66eV8N3x2a3rGmlmLzU7Rei7EzpdFVriiqt1gJJKiGo1Xtp8aYDilaYyTxOogVMCsKjOaXaDm5bipbyRA6+zyoBJVVu/TA==]]></Encrypt>
</xml>


2017-07-18 11:37:30 debug :
------------
String:
account-ticket<xml>
    <AppId><![CDATA[wx21cc570986f54847]]></AppId>
    <Encrypt><![CDATA[oVRHNsOg8GoBKEtgCQhXHf7pEEZo2h415xiA1TcCZwrE36jD48n6+QMZ+nS2DihV9jEAN9TVjyKreyXUu8A/yoeIF1KHuncRxhJ4iWnH17FvRD1isvVJpAxXvpjDE2P3Z9xFj7mAoztTT8k13+YRkyF4yIMUjOTm4DqZ4z16EYLat6HvEMxbtcAgHVd8rOmx7o60YMjg0ay+UIelfJH7JDbtNSdvrqW3cQjJoQdsj96oZsgV6jz8PzUl+USjtuXKrXWisp/fqFwDuphqzpbZFCkVRyHGXq8PhjBmmoC+0vJ1MS1x8recwFeRQ9V0Vl7X9532LraStoDftiaUzX7ExdkZVa9nk3WrO1O9lH/JL+mD43WV00o83yPiCrRxQYnBScKYQ36n6wP3U7b9hrZEOS2E5Iw6/+zwoRezpP752KDYFmMiqJSjLVokEqJMvZdKd4+EwXsaU4/axD/yTNzBUw==]]></Encrypt>
</xml>


2017-07-18 11:47:29 debug :
------------
String:
account-ticket<xml>
    <AppId><![CDATA[wx21cc570986f54847]]></AppId>
    <Encrypt><![CDATA[ONoS91cOJzmdFpSWpJyhvL/HuSaAVxhj5Zk5HTddlxdpCsqhQg4C32tiqoN/1O8xxfONAw1HKLezX+6DDv5xaGdvzKKde+ID3/rO/LZmFhHmYebZWHCeIx1Tntk2RbCYQWsvFVUc4G/vi88goADfmFdzWwgR2ay8bqUa9XGgM5vYxJ8+SgVLg9eiRhHW5jUm+G24A0zbbzoGh33WYDa0zg43xw2ZWlCiOP6axkVTeCiP1qdM402atGMIQBXWEv0bg42AR+lI1vcsesdG+6tBuUQUEIov8gLE/kVK8ppVm9qHpgaEKVv5D8/Za3Six1W0ikjrqeQnrckrZ/TUQb2IMjxbaNm52NsBSgRdUncxFRSYt3DEaRtabuHkeYH9gfkBC0ujNPOEEpppbSZTUAbr6OBjLtX9kIPh0+VgKyutDlVFUyYpJq+4nTCjOlUoTvjKXqJu6lP7BqLnObQGg+/LuQ==]]></Encrypt>
</xml>


2017-07-18 11:57:32 debug :
------------
String:
account-ticket<xml>
    <AppId><![CDATA[wx21cc570986f54847]]></AppId>
    <Encrypt><![CDATA[jngF0N2+lY1Jbm3r1Pa8tcdxLPmTV6ZQNvKPTwA6G7jyj5RHW7dSxfrQDmJFr2aDZ+KHgfiVSGE9FD7DTTcjaMU6URGfX+ki6tVDWyqnOJEVfQjRd1Kb2ibX8ktdrdpQjSFNPTzPQ1xkWZWV4t6KFokzUfq0VoVghD8al3v3gxRmoTIMrNvxxcfAdjvyL0/8VZ1DzM0hYJd7LC8fVs1oxYbYJV/kN3DAMWcbH8fWBAvdvIa/grcbCiJXxZjKyZZ0tlzJE31zq8KAb9Dmgt45Gz5QkRzglUL96YGJhmtQDp3mVNCCnM5iHR+ZyU8wEgR450nhfchQP/vG/7C1THfvdbrvJ6zKcJYdrWNShLRLgUR55skoRVI2a98i6NuylJuUs7lyf4lDRBg8NcrloVUkIrstm29YDUgVUDmzqS0lqkDwpPhEHyhVThFtW+Wx/TBJMFEhcG7SwEYPOqh6hrjGpQ==]]></Encrypt>
</xml>


2017-07-18 12:07:31 debug :
------------
String:
account-ticket<xml>
    <AppId><![CDATA[wx21cc570986f54847]]></AppId>
    <Encrypt><![CDATA[d/h2ls3gSqadx1pLvueGvjdAArKM3cK2cFDHpz/J/gCEMc3beO1sdbxms2s+cJZmLPbkVBe8pjTD0tdZIBsixCpbbJSVXlX1htLBrphv0GOMr8gQWJrDvpkDW0jkcwRxjnlj1/PsOmTlFXPM0/0O99BExbNNPLGjDKZ5lVN5QPGjyoZ0XnuLe8t4R/yac72wNlAaaYJpDeBkHzOnJkZ77Pvs+3hC3q/hSoGmCaREiZfHt/kQmGGj3ZPzLXrnsy669vZhrVbAdOUwAUnWZytrcQNBlIxybbcmFvfy6pyYLNZatsmwiE3cbZf/tC8p8gAvBwXPIcSFqPeJCKBtAaivKt7SAdQ3nee4ZKv9KrGOGKdTSf196t6ndqgpOVy+aSTuCcD3JiIZwW2Bzfxa7U+a28+TqDnXDUdc7cvfcxtJSAePhZdAra9RWfw/NJyXbpusuv86mFLyNuAN0S0cBIdreA==]]></Encrypt>
</xml>


2017-07-18 12:17:30 debug :
------------
String:
account-ticket<xml>
    <AppId><![CDATA[wx21cc570986f54847]]></AppId>
    <Encrypt><![CDATA[Z7bIsCJjYr7qjicp5yfm92fyJ1kikNm1dmIKVV9qRJVCtUEH+GLrR5u3RpR+9s21xMDEUUT71gLrN6etzG+iZLaHfnDqvsmc6LvPTO6j6JJfXeB2lbIF7BfUA7Tw/Za+/H7bFyY1QXQ6XnjAitAY+d3KB8FvUGBjJm9d+R/fBA6SXoTcollkemnn8rq+FiwEIJyxzix8M4Q4Retb96omnuTBrUl4VMJmXntfeWgXAbjvQOuGhdXq4TgyGfvzuG1upNUPyMVX6E7wU653KRrKKLr1/n8MZrLHh1ERmBL4H1lJUn9dugcjq4cI4jxLUatMUw0lM80sJBYx9WETeBxktawF1xCnp4RmDCSeRX6ee1iN2uOM/iILld869Do7sB8ah+N3+2Mw+7Dy9xuixeBi8g3XjGkvQOlVC0uEzLCmKHTXr2v8fxMGvS3UDXOTQIig+hI33xGgjpvxkhpcx0oR7Q==]]></Encrypt>
</xml>


2017-07-18 12:27:29 debug :
------------
String:
account-ticket<xml>
    <AppId><![CDATA[wx21cc570986f54847]]></AppId>
    <Encrypt><![CDATA[LePgln+wBM51SKq2rb+YT/o7sz8jHn8aBFcyyNgYmFgKpJO582LXK4ZzUGpKSMbrUQiAwfZHppjjARuuL6wkP86f1Pi0bLZRQAzsKk6yTf5WPmv5qyM/1NLiefCSEY8nPIP1+3ooFI+Ll4QRxD7GZkzrMaDxCRNM2beFLOjmB0rgXnuJX49RXMMTJYFSxh6LdEhMwY41BZXVsRwPTF+1t+cy8ig/UK50y/5PE74m+ZGupLh67uFsr7PjaRbNZtPcbu42Abdo2dE5gzMYpyvEkhMI8qiXTMpKhyWtTse4BrualD+5iym8OtF0XMHPq0HI3m4HnTt2D2ytHPBrc8hefeu+YsEJPivY+2xlCbese5BZF+ufmGC/kgUBn8V7b8VnqvPco/uOXkB29GcJGMGdSpJkiah3Jgd4RLnTNsko2EcaONNymFSbq1KCh6OSyMghXLdz7E4zJ8awMLu7OB3fpQ==]]></Encrypt>
</xml>


2017-07-18 12:37:27 debug :
------------
String:
account-ticket<xml>
    <AppId><![CDATA[wx21cc570986f54847]]></AppId>
    <Encrypt><![CDATA[zOuDVdlWl6fuzZ55RRxz/ENU6tXVVGJdYJNt3qBe9ZJPHt1mnaFgu1rqI5jqhBkviXZSnqfepQIzpRuNsqtquIVjsdDEiDpYrOkTenO4Chy8JulUuAiUms+H+1veI9YAKk7KfwPBeeMKqHCo1HTtXqYG+4xnub1Z/XARtaAp0PffzUBBgrtfCLFzeLEwCHM66V+lHVwKR3bDhzqo97Mvz4CV8RwMFpAqPEmpTYSBX5vaLZJ8vn2JVOd3UAiHKZDJrjb+MvXlUj70+a2Id6qvl2MA5Y4g06klj8hAmMcOOgWp07dIhN8H0LGw+d2OqqlnXMkLxgX/NkONHpyItdDuppktuUJidxVyZzMPMecJ0CGm/159AphGYIi4lDkZ6M85NAt69pkk5pm3EFe4NZ/m0yg73GqaRd+swBJaVAkwNJs/oQwGv/OrX0s/1VT4308ukIb4I7Tmqe7JoPzTc1PwEA==]]></Encrypt>
</xml>


2017-07-18 12:47:29 debug :
------------
String:
account-ticket<xml>
    <AppId><![CDATA[wx21cc570986f54847]]></AppId>
    <Encrypt><![CDATA[vSlFCum0jy2Geo5xTm5Ds1iDtq/fgGgE1x4x5YJ8xmOxrm6yZZLCKJ+ehK8vMjwEub2fYjwkwZr7lgy5E/DBJMkVt4V1eYnvYe9QRMo6bZ9zdqd3EHSKRGtdhGtBYvxOoiMWZPj+6F8wArR6MKe//Nwk8/qGCePIG2WszgSlBTJXYmvtIa8wAL5HTqcHoGEjNuEf0O/lNDiQfi6pcOuSM6oo/+7XUl8ksmvBR0PoquddXV76zKy54BTKWAUtDRl7eS4gSWs9dgfyQGEMb4qOBAHBxtweCgHGdBZvc6p7sJHKJ5Yp8kXl8mElRuqPUx+EqYQBhHglp6/2c12a+ea7rpgUtp1Btm+8/7PvBoJYcaLzKarbd0aYEyyi+1NCuspNsVf3WSnqZQPX1V6u5z2Z4ypKt4PwTIpifHdiTdm2A9atmGz9z0jqqzd75zqY2KjsUIyYpcuQl4zTSLr5DfLThA==]]></Encrypt>
</xml>


2017-07-18 12:57:28 debug :
------------
String:
account-ticket<xml>
    <AppId><![CDATA[wx21cc570986f54847]]></AppId>
    <Encrypt><![CDATA[U9aqkH2X0FIV2JpkR/vthRddGrWbyZ/G3+6O84nq77ftzTjpL+vM4dW9zifQwQNbvc28pAOKQcP6cKbKm1yoDwFBwrSa/A1qMDW7b7nyZ9Z7vMk5QvM/KFvhTSYGEmKBYta7+J9CfoCdZLTaOaEUTTaYA69FWxuXlCqEPfFaimRY0tsQisQVT6q7a14IIFlTGF5NVmfi1fYhMIMZ19iiiIrwGUKwIyh3k5ncs53sm8H+R5K//NOyIoR1RqlgeBFao/dBKuS5VzOaZhT5MKbPrgQu3kQ5RRz+vImwWzGaQcN7C07j7AfPHXcCiDEb2iuzEfVWcIUYo11Zula/U6yRL369/+yoAYRciBLthYrRVOT+qeqjC6VfgmtxLW1s7+6xxpF6akPTWKoXrMxXr/k2CGOiEaC0SFfLyOAeGZdmkfa4iuY1oK2lp1t5Q8kg6IDkwFqStM/EBxLsucZN8x9erg==]]></Encrypt>
</xml>


2017-07-18 13:07:27 debug :
------------
String:
account-ticket<xml>
    <AppId><![CDATA[wx21cc570986f54847]]></AppId>
    <Encrypt><![CDATA[XtbhLHQqRpd1bqnmNQHJYFlk1LL0FLjhbQBBvDw07QXahziSO3n7on/A/NmSR2jfHavuQLa7HIy++W5W+nqHzkvLBZ5vK8mkOVPoXsYYDlEZ05yDNMbxzbABx9ek8YgHqlGEnCWJ5O4BAz4c+laTDirFqj8vDs6Ss+aelCaSFcmGw/Am7oKw8ZZ9HnwEyWogy3nBYtyI/ArwMM297jWApGu17sMQH4sxlmiTQDW12oQObRgD/K51qlAYNfUoGC/izcApO7vmHHyYb+f5qIlPQftKn1mtOO5ciFyKo8b7pTb6n74nauL//yXgNRsfAN1a+cfhTXl/nkE/fpfizkjYhgOKO93hZ8z+rf3uvn3ee6zsGmxjAR6FAM1ehcvx19bJa3BGpbcUXrQfq/1atb777xifDUoxJ9DF05GKYniKcR7lSQ1xfRJRwjHrgQVPrEQpTaVIu0XkOHeXSLQuXZUu1A==]]></Encrypt>
</xml>


