2017-09-20 14:06:38 SQL Error :
------------
String:
SQL: <br/>ALTER TABLE `ims_storex_room` CHANGE `hotelid` `store_base_id` INT(11) NULL DEFAULT '0';<hr/>Params: <br/>array (
)<hr/>SQL Error: <br/>Duplicate column name 'store_base_id'<hr/>Traces: <br/>file: /framework/class/db.class.php; line: 407; <br />file: /framework/class/db.class.php; line: 89; <br />file: /framework/function/pdo.func.php; line: 36; <br />file: /addons/wn_storex/upgrade.php; line: 3; <br />file: /web/source/module/manage-system.ctrl.php; line: 238; <br />file: /web/index.php; line: 104; <br />

2017-09-20 14:09:48 debug :
------------
String:
test{"code":"200","status":"OK","responseline":"HTTP\/1.1 200 OK","headers":{"Server":"nginx","Connection":"close","Date":"Wed, 20 Sep 2017 06:17:00 GMT","Content-Type":"text\/html; charset=utf-8","Vary":"Accept-Encoding","X-Powered-By":"PHP\/5.6.9","X-Daa-Tunnel":"hop_count=2","X-NWS-LOG-UUID":"54e20cff-a8dd-4aad-b4b2-ad08d2209a63 c801a6770c814831127d96c051cd1b5c"},"content":"{\"errno\":1,\"message\":\"\u6743\u9650\u53d7\u9650\uff0c\u539f\u56e0\uff1a1.\u672a\u5728\u4e91\u670d\u52a1\u6ce8\u518c\u7ad9\u70b9\uff0c2.\u7f51\u7edc\u5f02\u5e38\u4e91\u670d\u52a1\u65e0\u6cd5\u8bc6\u522b\u60a8\u7684\u8eab\u4efd\uff0c3.\u5f00\u53d1\u8005\u672c\u5730\u8c03\u7528\u9700\u8981\u6743\u9650\u7684\u63a5\u53e3\u3002\"}","meta":"HTTP\/1.1 200 OK\r\nServer: nginx\r\nConnection: close\r\nDate: Wed, 20 Sep 2017 06:17:00 GMT\r\nContent-Type: text\/html; charset=utf-8\r\nVary: Accept-Encoding\r\nX-Powered-By: PHP\/5.6.9\r\nX-Daa-Tunnel: hop_count=2\r\nX-NWS-LOG-UUID: 54e20cff-a8dd-4aad-b4b2-ad08d2209a63 c801a6770c814831127d96c051cd1b5c\r\n\r\n{\"errno\":1,\"message\":\"\u6743\u9650\u53d7\u9650\uff0c\u539f\u56e0\uff1a1.\u672a\u5728\u4e91\u670d\u52a1\u6ce8\u518c\u7ad9\u70b9\uff0c2.\u7f51\u7edc\u5f02\u5e38\u4e91\u670d\u52a1\u65e0\u6cd5\u8bc6\u522b\u60a8\u7684\u8eab\u4efd\uff0c3.\u5f00\u53d1\u8005\u672c\u5730\u8c03\u7528\u9700\u8981\u6743\u9650\u7684\u63a5\u53e3\u3002\"}"}

2017-09-20 14:11:44 debug :
------------
String:
test{"code":"200","status":"OK","responseline":"HTTP\/1.1 200 OK","headers":{"Server":"nginx","Connection":"close","Date":"Wed, 20 Sep 2017 06:18:57 GMT","Content-Type":"text\/html; charset=utf-8","Vary":"Accept-Encoding","X-Powered-By":"PHP\/5.6.9","X-Daa-Tunnel":"hop_count=2","X-NWS-LOG-UUID":"2fbff5b5-b347-44bf-97c7-4edfeda57932 c801a6770c814831127d96c051cd1b5c"},"content":"{\"errno\":1,\"message\":\"\u6743\u9650\u53d7\u9650\uff0c\u539f\u56e0\uff1a1.\u672a\u5728\u4e91\u670d\u52a1\u6ce8\u518c\u7ad9\u70b9\uff0c2.\u7f51\u7edc\u5f02\u5e38\u4e91\u670d\u52a1\u65e0\u6cd5\u8bc6\u522b\u60a8\u7684\u8eab\u4efd\uff0c3.\u5f00\u53d1\u8005\u672c\u5730\u8c03\u7528\u9700\u8981\u6743\u9650\u7684\u63a5\u53e3\u3002\"}","meta":"HTTP\/1.1 200 OK\r\nServer: nginx\r\nConnection: close\r\nDate: Wed, 20 Sep 2017 06:18:57 GMT\r\nContent-Type: text\/html; charset=utf-8\r\nVary: Accept-Encoding\r\nX-Powered-By: PHP\/5.6.9\r\nX-Daa-Tunnel: hop_count=2\r\nX-NWS-LOG-UUID: 2fbff5b5-b347-44bf-97c7-4edfeda57932 c801a6770c814831127d96c051cd1b5c\r\n\r\n{\"errno\":1,\"message\":\"\u6743\u9650\u53d7\u9650\uff0c\u539f\u56e0\uff1a1.\u672a\u5728\u4e91\u670d\u52a1\u6ce8\u518c\u7ad9\u70b9\uff0c2.\u7f51\u7edc\u5f02\u5e38\u4e91\u670d\u52a1\u65e0\u6cd5\u8bc6\u522b\u60a8\u7684\u8eab\u4efd\uff0c3.\u5f00\u53d1\u8005\u672c\u5730\u8c03\u7528\u9700\u8981\u6743\u9650\u7684\u63a5\u53e3\u3002\"}"}

2017-09-20 16:15:12 debug :
------------
String:
test{"code":"200","status":"OK","responseline":"HTTP\/1.1 200 OK","headers":{"Server":"nginx","Connection":"close","Date":"Wed, 20 Sep 2017 08:22:25 GMT","Content-Type":"text\/html; charset=utf-8","Vary":"Accept-Encoding","X-Powered-By":"PHP\/5.6.9","X-Daa-Tunnel":"hop_count=2","X-NWS-LOG-UUID":"8ebe4dcd-e819-4fe3-9ff8-7467efd0cc36 0a89a7d28c9b83330d3824e47074ff8a"},"content":"{\"errno\":1,\"message\":\"\u6743\u9650\u53d7\u9650\uff0c\u539f\u56e0\uff1a1.\u672a\u5728\u4e91\u670d\u52a1\u6ce8\u518c\u7ad9\u70b9\uff0c2.\u7f51\u7edc\u5f02\u5e38\u4e91\u670d\u52a1\u65e0\u6cd5\u8bc6\u522b\u60a8\u7684\u8eab\u4efd\uff0c3.\u5f00\u53d1\u8005\u672c\u5730\u8c03\u7528\u9700\u8981\u6743\u9650\u7684\u63a5\u53e3\u3002\"}","meta":"HTTP\/1.1 200 OK\r\nServer: nginx\r\nConnection: close\r\nDate: Wed, 20 Sep 2017 08:22:25 GMT\r\nContent-Type: text\/html; charset=utf-8\r\nVary: Accept-Encoding\r\nX-Powered-By: PHP\/5.6.9\r\nX-Daa-Tunnel: hop_count=2\r\nX-NWS-LOG-UUID: 8ebe4dcd-e819-4fe3-9ff8-7467efd0cc36 0a89a7d28c9b83330d3824e47074ff8a\r\n\r\n{\"errno\":1,\"message\":\"\u6743\u9650\u53d7\u9650\uff0c\u539f\u56e0\uff1a1.\u672a\u5728\u4e91\u670d\u52a1\u6ce8\u518c\u7ad9\u70b9\uff0c2.\u7f51\u7edc\u5f02\u5e38\u4e91\u670d\u52a1\u65e0\u6cd5\u8bc6\u522b\u60a8\u7684\u8eab\u4efd\uff0c3.\u5f00\u53d1\u8005\u672c\u5730\u8c03\u7528\u9700\u8981\u6743\u9650\u7684\u63a5\u53e3\u3002\"}"}

2017-09-20 16:17:06 debug :
------------
String:
test{"code":"200","status":"OK","responseline":"HTTP\/1.1 200 OK","headers":{"Server":"nginx","Connection":"close","Date":"Wed, 20 Sep 2017 08:24:19 GMT","Content-Type":"text\/html; charset=utf-8","Vary":"Accept-Encoding","X-Powered-By":"PHP\/5.6.9","X-Daa-Tunnel":"hop_count=2","X-NWS-LOG-UUID":"8db11c0d-92ca-4686-8528-9be8017f8322 0a89a7d28c9b83330d3824e47074ff8a"},"content":"{\"errno\":1,\"message\":\"\u6743\u9650\u53d7\u9650\uff0c\u539f\u56e0\uff1a1.\u672a\u5728\u4e91\u670d\u52a1\u6ce8\u518c\u7ad9\u70b9\uff0c2.\u7f51\u7edc\u5f02\u5e38\u4e91\u670d\u52a1\u65e0\u6cd5\u8bc6\u522b\u60a8\u7684\u8eab\u4efd\uff0c3.\u5f00\u53d1\u8005\u672c\u5730\u8c03\u7528\u9700\u8981\u6743\u9650\u7684\u63a5\u53e3\u3002\"}","meta":"HTTP\/1.1 200 OK\r\nServer: nginx\r\nConnection: close\r\nDate: Wed, 20 Sep 2017 08:24:19 GMT\r\nContent-Type: text\/html; charset=utf-8\r\nVary: Accept-Encoding\r\nX-Powered-By: PHP\/5.6.9\r\nX-Daa-Tunnel: hop_count=2\r\nX-NWS-LOG-UUID: 8db11c0d-92ca-4686-8528-9be8017f8322 0a89a7d28c9b83330d3824e47074ff8a\r\n\r\n{\"errno\":1,\"message\":\"\u6743\u9650\u53d7\u9650\uff0c\u539f\u56e0\uff1a1.\u672a\u5728\u4e91\u670d\u52a1\u6ce8\u518c\u7ad9\u70b9\uff0c2.\u7f51\u7edc\u5f02\u5e38\u4e91\u670d\u52a1\u65e0\u6cd5\u8bc6\u522b\u60a8\u7684\u8eab\u4efd\uff0c3.\u5f00\u53d1\u8005\u672c\u5730\u8c03\u7528\u9700\u8981\u6743\u9650\u7684\u63a5\u53e3\u3002\"}"}

