2017-07-15 00:07:37 debug :
------------
String:
account-ticket<xml>
    <AppId><![CDATA[wx21cc570986f54847]]></AppId>
    <Encrypt><![CDATA[qFl8EsL25/kxGhmCSKx0GQS7I3I/TWdr0R8KFneXQH3TIja4IV4YH1PPYsQ8IWsRj9lzPJ4PQDIApw3Mg7RI2sMb1RUI+cIV11wXW5T8XEpLiMHdXUEibgUT/x5nMUPSUxt+BVDZCINiHYr/2+yT3+JOEmgzGGKQljyh8OPbaA+NsK72NFayWvdZE3Wksh8rvzutOkZ9o4wBLXZbSsfba4G0QbT/O8mCgkELlx8mgXPDeUq8PqFpQuWeNoNnSThIHbA0mB7BcySKB8lxHsql/REnXZyMaEwOR7iTL6pfJEm8e7mUjsGh5GcPIeiucu8SKDAK+YLLe7roNjC7CK5xAinClHz9RFrUMEl3HinExew4M6+VOKD7De/BVQ4AELIE5bMwjd/Dv4bwkI69CESxO0ZiST0cLUs1eqlW4yc4Gjen94don+7KMTA2wK414DNeW00NwIxscwjFI+B9/VfrZw==]]></Encrypt>
</xml>


2017-07-15 00:17:37 debug :
------------
String:
account-ticket<xml>
    <AppId><![CDATA[wx21cc570986f54847]]></AppId>
    <Encrypt><![CDATA[Bhy/bZuzXqPlxpiilVidvogepUfLYUgde2N7dUblOjNdyOpT/EX43hcXSi95vHdcTijauc4GA2JjSapvVL5wja7D93K1x/Chofr2VjBkxOAH5APVkmfxd9u71pXEg3tyVZYLBsgmFy7H9DRMMLZTG3PiniIukCJoGCLOXu+JkqY2W8edbyj7obYXZwUwqNbVDFaIneKa7MqwtQL6bcsbqwEdzjxAAFFH8rPX98ANuLpI2hQdRdVPterYTwUkrQHdoqNoUn0FV9oNHwjPzt/bCnmqsiTNXmwyxVlbdB4P3tBu2T3xushc5j4W4MPEfoQJ4m+KwMajuTpmzEbSIoWgQA5OggrCZDjhjBmrb5NToHPSpE34x9fjXZanyxLKaQA1tu+4O2EQwpjS7axDx3juAsNYMq+PuBfRGvtsaIVyBJK3puaFw6qxu+NNTzWiOP+5ec/M2QDpcLIYJsmTJiTVig==]]></Encrypt>
</xml>


2017-07-15 00:27:40 debug :
------------
String:
account-ticket<xml>
    <AppId><![CDATA[wx21cc570986f54847]]></AppId>
    <Encrypt><![CDATA[PrAJc/7JEn5QBv0BwfPxuq1TD+7SS3ARCGwnQWoBk9aPYBnKdIsw7DA4AxVDgF18RqGmQ9B90tpANFAJaHRz/ncdNGFMS8WgrQxqvWwoQGcgHvc/exmHpx/+l7pO7EQPAnt4LkTWvO6ZPnJWAxiiddUPqTAV1ZKDg9NteRotx8LhlxJrLFj97M4m6myZtJbNALbNG2Qkq/U93SLgQ3vsBbkD6eaGzSs94FpVsZTn7J5eSTGg54JU0oD32Qr3d8GSV9oxy12NdQXgZNbzX2Gvlu3+SI7Bm5nVH9EWS/aytX2lmHB/3kVeHKfFfV1m4MRl2jyYOEu3t2xuSQ/noc2YI7ADQDOu8AF90GNFtVhyCraloQ+zI/m6oIhxPMPRp3t9Oxa0aHc+DtiQLN8de9pSN1BsQBb1xKJk4wzeSzFxgRVrlpl3iBGB+gdasIngIjQB58iv0fouPdDPlKytoixFxQ==]]></Encrypt>
</xml>


2017-07-15 00:37:37 debug :
------------
String:
account-ticket<xml>
    <AppId><![CDATA[wx21cc570986f54847]]></AppId>
    <Encrypt><![CDATA[lAKkEiS1/anPt96ajFguG0XqFMoB0ON9F/31oKanqLt5dag3lWdfHXP8GU+QmslSydKeJzQrUFemcqxTM2GINgo1BFwt3WM5E4otroJYMVY3XmPKIa/0cl4PBQ/jH9LJ5jKk+zASEiDqEHEfL+7faFfltISEcunpCgfMjdUEq+cYfUecrxTNvNhHWhPnUQsSCriMDPKEaCN0byWfcLdsmEBtbH2S+AflLLX0suWEBB+U9KhPFpHpVmMaBgEEtLqVUA7t7HdMhBCxxDU44+HBPFlNZ9f+d/GxDP1fkGntLOJOAaA9eGIyvS+1LH0j+w9BowJFASUz8FUqfD8RpkI+CR62qjmQ8YVWIiofE37702rj/A7bbNhShfIPBaRpFit4Cknl1tGWeAd3L97P04Ga6aVG9mCYPYZ5d2QeZ3BVliif603h4OlNxOOwqg4WtC/iJnw+XszTWHR+EnzXnys9Ow==]]></Encrypt>
</xml>


2017-07-15 00:47:49 debug :
------------
String:
account-ticket<xml>
    <AppId><![CDATA[wx21cc570986f54847]]></AppId>
    <Encrypt><![CDATA[k/Ra/vYdr7xRByiYNh4i0P3N/StRdmZDkcY4823Pz1DVfycu3HaD/BTLxJRgiS0nmnkYWl6duRdN/y++/rs78NLxSQIT38NK3M0cleWPSA0gQNAAMp5thkterO6tXJiUinlQl0zMFZo5QJEBCIy//5cZzBFEmLDrF4WYDJXg/sXMziwiTeAd9RFqqoQTTaFbDG+9suZAKNxV08TkpHX/djsFxhHAj42BltmVYQTFstcF6ao6r+bpcWQ8HrTp31bbs+mj3hMFakEJo9PE+63mKYJ7dHBk1s2+yXni2Q2Obx+s0YFtv5GGLhuGCvS45E58tjzPf+dOIAoclcfebMcN5nlA+rvECK+di18sgNf0lGxxSc+WazINT83PwYFNxTmJ5BqjiKjXxHlPxU0m4T4k9+Jhpwuxu+YpcFqsFZcgGZbkHZ+VScVEYPQcKyk+ZXH4Og8ex9+/1EUnKW78ykVXwQ==]]></Encrypt>
</xml>


2017-07-15 00:57:50 debug :
------------
String:
account-ticket<xml>
    <AppId><![CDATA[wx21cc570986f54847]]></AppId>
    <Encrypt><![CDATA[6QzRIDIQKINzh8hu/F7H7u4XmDm6E1s+i0+wF+hzx+ziAB7MYIebu+5AbEqDoiRkG2p51fZmqB82SfwYLUFXI5FU3miGunhMkwj7RSSwz46MhOVaNK71XciYexFjVvV0dU40zTgDTOEoDOw+/9re9w64bEQPRabec7GvSeA44aTzFqAeI+77rZPXl7+oFwhyemFh5FXb2cVodyZtOkbPWMPA1AI2w5qFyABjhQZac7t6Oq5T182MWEDt38y9Nm8Us6JhKySdWjkHZv+klao67pUfaMCIqoi00dZthZLvUs2vfRjaCORfQuBvMDhxJtziQR2CpqXrO53tEPBVWCyCZ13az8adKYPUHJh7TsmVRemUkoXtC+rtpA2RMCEtI/Vgr8IAeuFH+ElXWYtM9+4fL20tZwZNflzdU8oDD2rOYCYtZwV3dcPOHonjdqok3kBeKj0zv/FUFtTN9+42gs5o0A==]]></Encrypt>
</xml>


2017-07-15 01:07:35 debug :
------------
String:
account-ticket<xml>
    <AppId><![CDATA[wx21cc570986f54847]]></AppId>
    <Encrypt><![CDATA[t6CYoY5+gwv4nOOv3rGwZeyXYZqeRSyPBic5jgOdG0wUodutX92v2UJ/VXtQgI9W2QjglPMTh6qDWCL5NpOCoHZARvBhXLKv78t1P5l4T5TA4vevSa0kOhQNbya9IGAS8qJLJZ5AJ1kh5pAG52UFdc5Nwratv8osblJUsS+OaKJC+6PjINaRyQzVmhFyJriHRAXHdiFbKOsQw8hp5qBT4I/VX5R6A8vv2jKexa7KmTk4fFq7ihRHU9LIGK87yf1YP+bcwikSK7aTXcpZfBpJsS/VBabmReXwmlooYqH2dpUAgrGeGNv83oBfBLs4k3EIlEOe9H8D8yj7IIk4qiupgMCzMXQCl4684GIM/dz3Iry5vAUlw8TbJ31tkaU2BIfZX89KJpl/f3Xdu1BZJCniuARbtdDHd/PsbQqPNi7uWYokQ5UCSpJApVVG5ZYsQR2IH5BDFE/L27eSmJyrXsaOBQ==]]></Encrypt>
</xml>


2017-07-15 01:17:35 debug :
------------
String:
account-ticket<xml>
    <AppId><![CDATA[wx21cc570986f54847]]></AppId>
    <Encrypt><![CDATA[52OFlgVx6AXsPdKtRIvClNtxD4W/nkPqLiOi6Ta9VQhF/pGJGi1eiJSTIdszjXzgmHHBlmI5K3SWdaY/uwLTEiVFzP8DFHlkQJ0tsUwsi0/L4NoSOWYLyRLZplaxO1x9pP8e1y6hf46eUucRLfMVlPYEMQxitJCBdd6WqFZjkzeH3uWSs4fNMNHyKH4An3IjZvPfbRjKGzlH8z6E7W3EuDel3TD02AvuP3udR+XHTEXDdfWQDb2yx2WlMYPnHWru1Yg9Y621dRUCFcdT0rx5F+oBUvMiDjPgz6f4RPfEmYsCC9i9zH44Pvlj4BXc2PJu4dBICAqm3ilwRhGoxcTZ3XLy2PDWPyZL+8u+AoLxW6fuag1r/aS4ACZbLpQ+TWa8owxroY23CSCf6e0NWL3uCbjUDEmvJqBHBFWhYJLbShieyh+hrQYqL2q7SA3TBH9u6+HHbn+XHV127hBmO7y0Ug==]]></Encrypt>
</xml>


2017-07-15 01:27:31 debug :
------------
String:
account-ticket<xml>
    <AppId><![CDATA[wx21cc570986f54847]]></AppId>
    <Encrypt><![CDATA[yaFx4JGSrKdNkHJ/3Kou22AYDo2oEpzL/HqbFb91mwvc6OlniN/MDQrKiPAjqorsi1HP1cXj0Md4B600I04XVw00o7BTQMu+cZE8jSOhDiU/ID6VW8hUMsJacU2nE2Qz8dXrJ3Yzg/Wq5tp3saQkFxQmLMdtYZkS/TKoBrJlAcXbIf7M3vqSD54H5WznBcpGqywIa754LLLLd+8BXfJZLvLief09u40z+26Qy2xCWxRYoqR9iG7pcj87YqeVKkqZHmSwtcO86iIzO6y4EDJXXaGquhhAhFpS68rCu5H7OEjv8nBpoCdZI3FUQ9qCejCfZa9Siq2EsMT6Ht96hTwmCUAzb0VhBGcMaYi7kc7dYF2a0dkzubhfB2h2XnKRbXiTMFxfLCQSAllHJIS4cCzLHqOAM4acUkth3UJE6NPyg/0uk2Zpj9/Qm4lzBE/BnT0g+Y1cI9X0CCDS8sH9LbcAcA==]]></Encrypt>
</xml>


2017-07-15 01:37:33 debug :
------------
String:
account-ticket<xml>
    <AppId><![CDATA[wx21cc570986f54847]]></AppId>
    <Encrypt><![CDATA[m7D7pjM/FgG0on0XDWtKFaUeoWC1L4jcLt0VhinNvVrv1YdZ9XW7LRfxsXp7B1QCEIS8KS1QZKoRRVwoVe4e5yh1xkQx2NQUFEs3eM/5gpdoZO++S2m8Qyi4pBZCaqKNnvmf3vedrj3rMLzhSjohdvwdkvlwBDFnnZuB8gUA9NIog56Lp9h+p4cC72o5jTTUJVzrbKz6MQotmloxjZqi+F4fb5Gi3bewwoQgGxudxFpj9fXoaXs1N8Ir3hAckkyMrrp1yOeuVhsjrZCkMsBxP23lo5vOgkUMPRsydcOV2Wiab21P7FH9MEOsJzyhkJDL5IYai3kITa1EccpxZx5vHWWCh498SAKxUTo+p4vGhRwwRnMMvFG+WRiO559OmYnrBcUhtrgeVFDRmYQ4CkjunkgP1swjVyDF15u5QcTBN1GkgZcV+XW491hjgTC09n5ykPyZCkhEBohHwIffrwfATg==]]></Encrypt>
</xml>


2017-07-15 01:47:33 debug :
------------
String:
account-ticket<xml>
    <AppId><![CDATA[wx21cc570986f54847]]></AppId>
    <Encrypt><![CDATA[j+xXv4gLjBt2yo1LBXWQBct9iDwZSNyljSHXCdmRl+QfmDeEchH532s9shR0xos6LF8ZnsHslaNNdN1FHZUBjfiDYfXYpuSYxZRjQ6Vg9XkxIjKikBWndUPOwdTC4nyv55yIda5/ZUDr/DVfeI7YTiaN+wu0C7hDo/P6X8EnBO1M5nvp99e8DlZYYjX8f+fNkxAdNoAoDwclZPoUbdyPzCD6pi4/Pyn3LfeTOg3+E2RsNgZb7X8bVfwYx+AtLKAXQETVMlkjppljlwCubeMooox8OXBLUb0HUer4oDk7Ud3jbRgIyUMlatn+UoqL4EU65putsoa3Ro+yM6ctGrkK/3HWWiALIjTXl8ovdmXBP0C78fm7J5utD7c4skvtwaKwdZuBImHriwiTUm1EsqGmF3vmfVAb1bhn+4o07jgDGwOJlUlJjHtlZ0lNLFQThe+wUMF7dI5o38BJTLyvBSl/zA==]]></Encrypt>
</xml>


2017-07-15 01:57:33 debug :
------------
String:
account-ticket<xml>
    <AppId><![CDATA[wx21cc570986f54847]]></AppId>
    <Encrypt><![CDATA[0WXpPg/JOnDjyLiaIA4/xB3YYvKLa/uwA/gfNVGIP4het+OZF5tKBxr9teWS5VU1D4+x/v4HYizZKrHrk8pUX/VaXOwqzlt8rQl/m2bwiFh9cmFBI3J1JVq6dWKq/uuwCAgOhyfzVX9dG8aQH2Eqq0s2/+UPpu2h2F4oRZigJ39MQbGrbvey8yMMWhetY/BIqO8RIKgGNdWgnEcWymDAx1qV7yNHBGUv7cpK3g8XtrChGaJmH9jgNIANW4FdVXOIYUI7S5V3unaUsoCTnJJ0WJKPAycHugsQPyQyU95x6013Cvm788x5yO+CBHWdEQMVY2EjKE95Yi6QXojpCJwuqXQdrNYtZuBnki5GOqI3vOe/YAOLLSV1PXKCh6Odw08FiiiiOctXrtECf8dw/y663irbXn5v+wXkEHerICcKZjd80EoEeuReWFSNa+njkrXfoTMEkdJ7yxI6ehJ4YeTnMw==]]></Encrypt>
</xml>


2017-07-15 02:07:42 debug :
------------
String:
account-ticket<xml>
    <AppId><![CDATA[wx21cc570986f54847]]></AppId>
    <Encrypt><![CDATA[sN6dRok55O9VUPg9AnfAR79WB3NrMgK1fd7IF88jsHLB8I3mAssLLI9Qr+xDvHdvzLbVGBd1snxJMcCuH2IoDZNyIrz0x7Jq6UpDCi37OXJeaiCATSP4/LGUQiC/KIp169SquIa7T+/In0QaMoNfcF0MV2Pwvlg9dSSnkZOlM01qJGftbv28KX+iglCy+nk3+W6e+/+7wz4xpcwoeA6aiW9Pbs7i9fW8nV1/GNJBdEHMmNR+hhRuAyZ46yxR4mhi6f5dF0jIF6UhbUaTJzKkObIv3AlwRATkrOQHXadROUOiwbb6/3EJjErt0056WWDAL05BpcBI8M4UCM6Z1DZCtADawxXB+uqa29zEsW3Lnh4xNTBHpEhz7kr+o9vEzvn41WySIerhugRWeQmAdVy8sUPFcr1Z3RRjJVUmZMDW8VLzoNgacnnLmIodKWS8sjIRtrx66s2yW6/lYgDPCl5ADw==]]></Encrypt>
</xml>


2017-07-15 02:17:36 debug :
------------
String:
account-ticket<xml>
    <AppId><![CDATA[wx21cc570986f54847]]></AppId>
    <Encrypt><![CDATA[4HmDUlbMI6/et+BnT6+0ryfFnhNw+USV4Vs6AJCzBDJWjqnCYbBvkPDS7HQHEh3TQDNH4NGWXcMuCMJayXUN2Hbd6nvG2gQEpbx4StAlfirqSIzunpEzqDF97stpLwMArdyOyKm8MjiZtT65THeZRv+E+h2ob6JCIrkcGeiAGQd5jIbulUS35pp9DmXQUFTjk97YkGyUlV6eHZJe3nkqiBHsfLe6CxG9clczp46Do+2XlVeVIQB5RgAB9vCkFgw+Pr/k3PCnIu4ftlV5UiMo8TMKYeGA+gKXSbXmxMxT74dj+dtQvAcbEYI2VMDHfE3RclA4k4Xtv3kLFx/L3nwi9SDKgItpBrDGy4WCY9IKahluzdHfpTDXnnSsJqBMGjNUbCG1c5enAL1w/ySR3i1ZPs+/SP0evkJiv/umJWj6w1gbxFidwIiyaCozl6Z5KH+jIGZlFGcuyR7M/oF6s/CmWw==]]></Encrypt>
</xml>


2017-07-15 02:27:45 debug :
------------
String:
account-ticket<xml>
    <AppId><![CDATA[wx21cc570986f54847]]></AppId>
    <Encrypt><![CDATA[22y8lcl+i31hM+pr4HKOIu4LPmnSb7PE+Y7Ym+R8hgEoKEkmH3rBfUVgsTPt+2a39ycME1a3YAfHc3DG9LLzjUTXkhXeb4i37re7k5RFhcfDkB00zXwijZrsRSu1RcxqcYoedeG6ZglBtNIbGbGhu7Za6yii/kTyvO0Io+B9KggrwQeJHwkxSI3lRBR7XcbCUbCTvX86/jzRfYZFmQdT5d1P8csHi3XALcZJAB3SAVVFEkYcITxaj5AoGj06fAJ8dIKTIHnWDbhIbbmBeAohzOUCfSVJE9E6uE2t1X9Y+EEvaxN1I9wcfWo+HmM7v2Jj0u4K3t5ggqOROfNb4f1pgKxjSP5dSCuElNNFg8HtDW6ItEqZSnJCiwyXslJhWsHS3RA5GLgVAuLc0ffo8oE8rAyC88JSFE/0Gq4wDt/JJCmePSVnbk2UICnwO3Vr+RN7rXi8kXDyJ0ly9a0fdIRGqQ==]]></Encrypt>
</xml>


2017-07-15 02:37:41 debug :
------------
String:
account-ticket<xml>
    <AppId><![CDATA[wx21cc570986f54847]]></AppId>
    <Encrypt><![CDATA[HaXkO0tWySGJFD1p0cfX6qGUCqdIFukMjG3/W4wdOqFkXoHYUfERQecwfB1pr24+PoeP6/JpPuAHsJ8d74CJRIilLriun153AOTAozcpFaaevGHVG2JlXMTIF0IqL4wxQP/UyLlQpCnVXGQI7FoS+4yLVqhtUmRDwXcNAfzP7hMFYdbdQIq+Xcuta6LMVMv39ZJwX9SEQPyRTJinOjsPBt1BPLwzG/1mhcHVQA5QPLXIoeLgKoeKo7jjxNtkebnzE/aXT3uQJO8YJCY3qLBzFdbFeQg/hqN5x7an8ZIdmYJ7etc/JNLSghFzF4ZU5YRXsHp6JbA/bPDJ8T46HVPaKDI6GGVEqKIXzApiXIlDGFzNVK8RmbwRRHapPeIhT5C7GcYLI5BoJo4nqratWoa7V/QPy+kBOoM+2xdTv8P2G3D0XdSfh928KjALbsvhO8G60Sn+URHJaOBC+f7YlBbzww==]]></Encrypt>
</xml>


2017-07-15 02:47:43 debug :
------------
String:
account-ticket<xml>
    <AppId><![CDATA[wx21cc570986f54847]]></AppId>
    <Encrypt><![CDATA[ayR6omQ1mH4VpreP3zVRxZLogbEBvdBYkcscWO+gXK1TJgzibYXxGdJrJLiS+u9TKAF1duTx6/ghxOmkK84p9BBTEWYxu/Wp9ywSjVsbORLLulCty89wOCrSIaW78yg2UHIa/uOBSLE/TpBePPoDr3J5z1u1tl+3L7NAN7sShaoaf7khaHWNBlBMZkxQLTV2gjrHIo/M2E0VKErUmLF97dGa1eCCdgLqEzQGcrCkyb/PlpSoCUk6PXyXXfYtq+uL/OZOhROjr9G+dDEaRTKNI93OW18uPch9tEsMa3BnxXJ5jYnGukS0TFCmcnPnXdwA2uvTPggk12tnhvxSMye2Vr2JIzcDEPGAB8ujlSgfvuMxVKBDqiIixF9OraiDgsGbMOoP3Fga0eUyWoxPpc3orhDKaOxnUflFavcHtK0HD4WtCbXlEUR6VgWMLriWTBWWzv9/61f6ND3ta6mLkjrzFQ==]]></Encrypt>
</xml>


2017-07-15 02:57:51 debug :
------------
String:
account-ticket<xml>
    <AppId><![CDATA[wx21cc570986f54847]]></AppId>
    <Encrypt><![CDATA[vgYaIZEGiczwcFkpBwux0rNJoVVc34oDG0RgAncpCrUZFKP+A44nLYx5Es19I5xRzOjLDSOP1tdZcEDwQ/dX1xqYgt6sNBBdNS4bWNlTA2PnOknGVlmXWDdgOP4c8mLfTBO2+AfmvBhW52omOKfXTQch6bkc1yxbGlETl+YlKBVLQfZ55DSgWLdUpdu9VEiV/2JDmwYg99FV3tLBp2yWKlzcuMHg5pKv9RphdStbw+cpR5lu0nDha2Hm6BezGLDm7z4XxkQJQIGIPO7ergalbHG5MOYbL3NfBcBx5pWUVwNtgwCejiuB4SZ8tCc4qS9rfMXN8Mwa0jJwORBcqfbjLpLhs+dVF/uVRzy4ZN8IItOvAtFZfgKq9zTaufnGtd4YeQbWSZnmOqARtP1FBGMwf3C6B4OglLyWfZaisw3zWcFogXHW5PDWwUEPtVMYlrmU73NxKPrbn+YxnVXJq/KMyA==]]></Encrypt>
</xml>


2017-07-15 03:07:44 debug :
------------
String:
account-ticket<xml>
    <AppId><![CDATA[wx21cc570986f54847]]></AppId>
    <Encrypt><![CDATA[EYv/jR34moMthLlwp3+wo/hEMaGWSXiOprCB9lFKVUcca7ESz4tkgJ8DbwCTeiJhoqxjb5Q92fO2DmsSuTbRBt4UIvKzMv19YuGtR0AHUOOn4CIdYlI5d+yt0zMMthTPx7T2jUhzV+IK/9p0p9YckiHqaJJiI6pYKgRLq8UdDQihZ+BdEZrPSrYFBeJFYTzmT8VAnUDMSZ3Ox+BvVk0pelfIn/woR5lx2x4ZzChlLcPKpExTIchbcjhHebHnYNmSkyiw99NxA/+GU+2tTWKXekw9gW0a/fZaYb5ye2Kj6ODvRe7H3G0Pvz73FOt1o0FCrECwxuE5oqUZA+9GBHG0TM1CucH22+EkhVaX/baIkd6qeBAdmHA7cXHFyHvwvqzSbyz3QcXmczmfaRQboJDAtHxZ5Y3TVMzaTflyahAkVxXgJSFCtTpmdksNwBjWnKIE2UmIbAGrAoI7CmCpWzwDZg==]]></Encrypt>
</xml>


2017-07-15 03:17:45 debug :
------------
String:
account-ticket<xml>
    <AppId><![CDATA[wx21cc570986f54847]]></AppId>
    <Encrypt><![CDATA[7iHgN3vwLqpsuBuejCnTftLwAmtR5PsCWCB8dbtY5txAYEbkx2WrDFcSClDQqpg2i7WajqecojudyYNGG1lf3oEjHc601f/A+sDMYTq9k0VQh62wJFg3bYdLdcF/z/g/TYX2KyolHNLy7xJvBGQp4wKNLB1wZifbkJrzq2CHx6955QH5+fPtrVbbwhrya+2w7pLLQFiGx4wHuX405/G6/a3mD/XigJTHeoDrCoG+lsm8OL7KYxvoSukbNkIqX2YLFmCGQTGTyYR7/upvCorjVS6TkegvOmIa5UAhiFqxJRzt4+Q9ixDc5X4fL9XO5PGqBXFCUH8fSDgTssC8OJTP3ueSZ8gGXFlikAUhF0l2cRIrfQRT8whjaqSb+eDwwSZbZe9+KuNA15zT9FaoJSnTbtrga66+eV//5mnTXCZm9FBPM9JRGwCHeBsT1SoMtAmyxwdxFgeiwCXI+8I0jgB95g==]]></Encrypt>
</xml>


2017-07-15 03:27:40 debug :
------------
String:
account-ticket<xml>
    <AppId><![CDATA[wx21cc570986f54847]]></AppId>
    <Encrypt><![CDATA[GvXeb82cv2nB2+XFy2L3aadkuYUuNMz89vgKIAUGcVLVq5ZITtYX7eCGXJntjOahw71amkfzV88gWJrx79vQhQJ3KUU8B4YzwwilWZ6epkraQ5VCtpD3O7tCM7OcJMhXXsda7XGS+X4oOP8LXZKUXqi7dj2URWvcfZcqct3RNtOumM8CP/IgAECTCNRUkiRLVhVsq+mGaB8YtaY3a7N+elGVLwfKdPwkHwQURG96FNT8tMs796g8Uy84zkOoyhxNxhmB1MYSPQWr9UdSaXkG9hG/YtpDbJislR90KOI0UNhl/2iR2U7XYpZ+S62Nhtp2KY/J3mDMtodsrGvh0bwODTZwOW/AryB2iGthjxt1joteED+hN+IqblS8o9fQlkuAqAZXkdlIfC3QWWEqEunwH923+X781W2jkAJ1DznR3EqErPmd/5A3uXSAOW30Tr0d/KYujH65vvpNtTL0i2sj4w==]]></Encrypt>
</xml>


2017-07-15 03:37:45 debug :
------------
String:
account-ticket<xml>
    <AppId><![CDATA[wx21cc570986f54847]]></AppId>
    <Encrypt><![CDATA[TrAR6uC2g26AiTpoP6NwqQmfGbilzs1LVJIPRUhndf14D8UeTSshqh/h7EZzJbGm2BAeo3UUiRK6vXJqO0F59FO8W6d9MuR29eV1CIPxxoQrzCcPl7YbrDi+GqvebhDMpZskLtNlHA2Lv2rT+cWJnpjSwn58rL/mz7m3Q30A7FbdmsbWXaODJQICD3hFgru73+5EIjF8+1ueof06QTdccwTUnTNCHmI//qd+YaGTl1OrDLYsUPWNm1fhKMjQ7ZvwpBFevab5yfzVOjTQRGUM4cfIp4RL/aeNrkqEgurm/LSwA6PUlYC7qu4+BTskLH8fb3dhLou0C+kLvLPciJ9WWjIXsR6xR/MgqdhJ0t71QV5zMCpZOjYCEoDtiU76MZOI6x6Twx5GYSiLF8jBAOUClannueDJTm7RdqqpuYejvdkkgNhIeaOmYCmeK8zm+8MDFBWz3U2oIwYSf+xMoGN8Hw==]]></Encrypt>
</xml>


2017-07-15 03:47:49 debug :
------------
String:
account-ticket<xml>
    <AppId><![CDATA[wx21cc570986f54847]]></AppId>
    <Encrypt><![CDATA[ioP7/3j8KyddMryRrQ0Ad/DCd9d66qK+SMV1+2y010VF5GqTb3XxMabj9hoON+ZwMg1xraDmY4ThjA7hLHF8wZu/W7icCv0FKI5RSItmtKZ7/CK99wpV6WMNVUG3WE6fNga5Zmgb7GPY0UCrovc17qaA8flPqt/ed2drU0Mr6GyoxkzQ6SYJTHG2ARQuV+87L33ggircCsh+OyhpREaueAewDs61JnWzEJ+lyYAb4kFzH6K6mia0vNl6XKemtPYUESZUnmHXuyyWMbqNumvrGdCVwhrhZWbyZzc8AvnuCrWt22sZluyQpDbbQ3wdMOzuAON+Wg5w5iehuWdLzWr5G1bAHZAmDVX6bOrfQLbCAr7vr8YnqscctJg8SyZqV6uX/yxbLYeNJDN9cWPZirRZMQx0IgKbBp9+FMeN/RX1WX3aWXoHVWsJTnJnqfeb5wRO3IrLGAjNjkO1EWCLkdKn/A==]]></Encrypt>
</xml>


2017-07-15 03:57:48 debug :
------------
String:
account-ticket<xml>
    <AppId><![CDATA[wx21cc570986f54847]]></AppId>
    <Encrypt><![CDATA[zA2+VJ2a5nlGXDkT5FC8T0uKbvHRsXuhuXnMdvWKR9WdRWQ4RnuzQ2itLwmYZeOqfBg2EIIa4xltULupoZMb/S+Fh38NJHz9OXIjz1oem4S6n2PUP2gtj863VlX/R2aynPdYoR3azUflO3ZmUxlWEs9YyKhNdXOdxwzGDrBhl+90u8RZYhTIgBIXJr2DKRGVady5o4hvGYv74YmOtO7SrUUcwJtrKBblqmhDj+oNmDeSAij1tVLO8TkBJuwl4mTWelGrHPtdvV/3LIsAx6vOup63ytEvMqiSosS0eiP3W4WQJSaf1CzY9MJ+CajBxs6hGoCEsGmhUhDWERzQ/DaTwIyUPZqsQCImHX3p/BJC5Fxd66Ff5miVLh3t9wVc90veE/u97iVDpQcnt6FA9psy6qgcEX1hAHooKk7BKSQPBrof5XQj7Qti9vq240yWqZO7CBnAfFtK+tsCdscyOaMGzg==]]></Encrypt>
</xml>


2017-07-15 04:07:39 debug :
------------
String:
account-ticket<xml>
    <AppId><![CDATA[wx21cc570986f54847]]></AppId>
    <Encrypt><![CDATA[9LyAJRiMXyqjF3IxgjD7it6GEzutS2Wv90gxyLZ8wyy6G2pIsSAgFebLijXp5q7wK90A2N3hbT61B+rtZmqFXHB6qIMA07kkm0iexKd1p938GBS2Lus5gdKqJvxBaQhr6/dWBCti3kA0GhZLlvtb9F/k3ck2lWjs4MUQvHlU27IzB+8EkXvVAjm/hpgl/jzckhtTkQN1iaCBtIBkxpsKyBPSKHD3zfnkZfKHWdL3bP+4sg1TY3J1C+PjPDq3llzNuHKXs/gK9aulkn9TxwJZ4Xk2BTY/Qku0wtVh3low+izpf00b3Kl+4VM9eQCkOwud7Bqb1uSmZs82peE43WGcCBQbkxeV6LpTez9CIlTl8douJsrYUMHMmsuLyKqJ95Rd3sQbPrBLODlP/iviZek5XIXXJTSGml+AW07/UEbYcB9jX5wIufEaTA7WMfBVLH4TU59b1M/2L40AfkWX435Wzg==]]></Encrypt>
</xml>


2017-07-15 04:17:42 debug :
------------
String:
account-ticket<xml>
    <AppId><![CDATA[wx21cc570986f54847]]></AppId>
    <Encrypt><![CDATA[jJN6ovtMQ5UmEeS8GwzMdYLHVFfLakSXYrpEe0/4/eV9xwp5jeQnLs/qBQnXDbno2Rp4Q1o3WZr9UmrUm0ffe3f7YrlmaAQY9hOWMZHzUs3yWJDr2q+7PRIaVtnRgqmS2wkxL/N6o0d4I3OLKGFtJvZZrJJ6OYtWWwRMFjGk74kueSz4dKMY8Lrx5odBrhsvOx2VhMzPwyOqWjeZBTFRlf2SjUpbZ5lCOhoL09rePZS5d9aRbkUJLS6Jh2bNZZLXXIRuuwBV8uqMJfC3BjRJUkb0Imkm5mXK/NAAJfXZVJr8apgw81iBarfMiXch9OlJmowgf+p+VxULl2gorO3jAd/+5+K7ighdbPAQJDDFmv7FwIqZj2E/KatvwhUjhd+JEy1PQ8GVH2Epyqlw6UVDFRBVTBe4FjzOLbRLF6bXZTD0CMHsWYvzy5jGNw74J9G4iyci9++NeHY/55S1bhGcag==]]></Encrypt>
</xml>


2017-07-15 04:27:48 debug :
------------
String:
account-ticket<xml>
    <AppId><![CDATA[wx21cc570986f54847]]></AppId>
    <Encrypt><![CDATA[YKgRpmCXdh5YPUn1mzlpeY3LwlEkJ5SwLl4B7O5BLw6G8IPcTub5Z6JfdvJ3VPBZ30XDfC6C/lS8/XlDo2SQyTqHhWKP8D6PQoN5vznAoskk/vE/nvJU81ZmH5auU0CqNgJKkOQgAUKdjSyNO0Dnzf4eh3Rlc9h+he2jHlRJuxO0jn5nClpsVci8IHV/rE1X+mRtybhJXwp7uKRR8eDWbb5SpdBLO6qWjDKO3vNn4Z6ArMtN4+hBTy7iZ9aztA6LjEPli9FaNJGxWzrWcKOsta5MIcLD2o1xUtH3U1+rn10BAoS7bBoeuhVgS06LOd9v6AJbSgoMh0el/s2PCSCyBzgDdmUbyONwZiG9sldiHcAiPvuXk0jkOUr+1HxfG0OvVXaJh4n0+0WarbggBub8UZ8pP5Cnb0AxVlUYYv8ho3AnOX0gRVpj36Sir6ng/7iYWEMlW3IOuzE2OVjxnBxJjg==]]></Encrypt>
</xml>


2017-07-15 04:37:36 debug :
------------
String:
account-ticket<xml>
    <AppId><![CDATA[wx21cc570986f54847]]></AppId>
    <Encrypt><![CDATA[AlCn9GCmH5a1yi1OeefI1H657yjqX/nzWCH6BV6M1HYl3d2eR1w7aUuFjeUyMxcIPBIy5jns1TP4hbdvBzZYo0d25rr8enAShlGVAJRFU8+x0D3YLqIF6ojtObTwL7Er8Q7ifBPRibTr1FWa9uK/P8YU0UW9iuumigNdG9FKRauNgt7WyJJEO/fkaZvVeCdPb8uiJmdtLl6mIxvHLY0atuYulyOOpF7+GmIPyS0uFTNlgkV8Ab2fhy81j7v9xTY/k+XSYcGjSWbxJfscsI0zVw+iwcpMZvevznA9F+kb6b8XxwVE5qEnt5NUh4PT5N8ru/Eztbgg7hldC8PLIO3aN1+qzTnkosxwRM6uSQLY+WUj7L7Fs+LQr86IR1qSWBQhy4QRKlG28YVDW8zuqzjwUBXEJETd74duZtyj8KwGQBHxe43hOJIjRX5YpWcJo6JEiEkupgvdUZynJiV/uk/UFw==]]></Encrypt>
</xml>


2017-07-15 04:47:32 debug :
------------
String:
account-ticket<xml>
    <AppId><![CDATA[wx21cc570986f54847]]></AppId>
    <Encrypt><![CDATA[uYrCn+QgQ2gU9QeyXkHjnXMc6vcDrvPO6Mnk/oDQ4B4EOkzjDU9Ml5pRe5MNhV73ubA0Sd43rbWDdo76cfT9X2CBqOsEm5KnCkoy+ch6CdollVTAojjfFLzzB3ExKDp7FFQFU1R74r96F8EDhzcTISZDSgFRsIC5OQbaep8NiTOGZhzQrGzwMfgUjEO7FMCX3nCy9e3Ta5e4ngs3k3VVcowJadWJfXaQETHJeIldrPib2mUnv599jGx0LY3G2mHE5cndwT9Eqwze2SYccV4Rj5QQj4kccERjU0VQbp8VFc8C8MaRUhZdYwLPqcXb7Qb2HPoX515a0vlEnb0gWtLht8KmXZRBaWZg/n7rcLPUtl1tmbag5ZXtFAVL2jcspEVw3LpAeqUGbkq56grH23RSTxHWuxi3yw2P5Lw7Yv8YacIgA43vBLjWrjW/LTj/UW9/sf3AVO2ui4tMT4zdumY7uQ==]]></Encrypt>
</xml>


2017-07-15 04:57:33 debug :
------------
String:
account-ticket<xml>
    <AppId><![CDATA[wx21cc570986f54847]]></AppId>
    <Encrypt><![CDATA[QzohTVkLbEjeh287nAYihPxnoPd0Rlxry7AXXf1JL0d7QInQ6g127QRO5qdSL5mA1goLVukb/FcA0MKMThpZ8dfoO3ju0Fzg/NZXHc34A1Igf0ptsgDOO/LRIEziJmt3GZH3GEpMKjrxVIO8rWaR4rM5bh+GAkxPs+sawbXJByhBhjjOMx4G3jMCW1DNdjHi9IZdkpc1hGewqNGYD9GsbTQpjxcKCgj62fkzv7bwYU9vtUMeaS1zAyx2qkOAY3sTpCD5IoDSiHaryRGb9mB8T4rlTbfzPECWZIonhEGVJxSQOiBBSpKk8zUznsyQKXbqC8+P/2rg7fa16UhhdTbEuGsFhY/BtLREw7vinSNqyG0iGfdatxrhElIgMZHpGzhN6af3irtBxvoaCJUXoYnh/ElLIcC8CtfBCaijFD9aGl3ytJf0L7+ore+E+uwp9DGEvl1tRCtqz6UTwQQjEDQx3A==]]></Encrypt>
</xml>


2017-07-15 05:07:34 debug :
------------
String:
account-ticket<xml>
    <AppId><![CDATA[wx21cc570986f54847]]></AppId>
    <Encrypt><![CDATA[pJPyQ14GLR9tY26lFkR/g5PwjEzwCBXLu9a5wIkTKnofaoGqU+M6Mu3aV3cz7iKA/M0UqwVUiJXnFTO4GWwGbPhaFgto84icUkVK56j1+h+2tFwBp+dXGGsiXk5+W0N2A1Ga6erge8dtdkkp9y5yxWmHzbURSmzRw2e42tT4S8GeN1IDirE8pyK+YrBU3KL65EZrGo/qXpylQzkx1bU8PZ4tVaoOL9LgQFFewKNJqTQhsdDHgo4QS0URFyPLJhWQb9kxFfeUxu6VpYBvpFXOwCd1hKNe0Thv0GGe5oGWf4DX0xk0SzdmfXEcJApAYg9MAacN8CxS9F/MGrRn+f7jd19/jlG87pHQBPo1ThyfDojvc/0VWw0vhjCZR7fIGfy0POyFICobV/SIMiqtd65FiNfWRQSvOjUvUZ1Kd5JJwpWRxBJ5POg1xr/rzXWCt8Smx4lhsymgqFE3z+0ELfQQDA==]]></Encrypt>
</xml>


2017-07-15 05:17:34 debug :
------------
String:
account-ticket<xml>
    <AppId><![CDATA[wx21cc570986f54847]]></AppId>
    <Encrypt><![CDATA[cXfY/4KLu52GDRX9IEEWOdfxYn1D0Qwc7TTz4XfPqCD2PC+df9FLjgKOsZL/dF3ldRL3dYQx83dDjZmkoEUDJ4w+yBoiEIfOKM9pPWLRLY58EInpz4bwJpOFqG6BVA9EOH/Dvk6aPvv7pXpRYPKZvF+LT02ddwBpN88ZopxeFkTgS+DbcBVlzq+4ZCDNDjlXPyLW4Ga8Muh61n8SDH8ZBimKFfe7TkPyjcUmOPzeoi9f9jfJvOszvqkf815k7Lijtc//dYzkh/vNq3LzXx7NX3sC7cpU+Aylz3gE0FLKtCEDAYKZ3CfZXnAsSt3mCJTjWsteolsQGtkpqcoMW27mmagTvc3ftzalNud+Hf1KJT9oL5+q4E/D94mQS3NtPFakS+xVontA1DK+7icXYXrnTFLVl95GmUZYFrZcz6xjeMeYEsWHLtXqugs+YjLbkIXvW5AlaI3KheYCDbcxhx/R7w==]]></Encrypt>
</xml>


2017-07-15 05:27:32 debug :
------------
String:
account-ticket<xml>
    <AppId><![CDATA[wx21cc570986f54847]]></AppId>
    <Encrypt><![CDATA[NWi1nU8j5UqaNJyRsgxwzZiCAe1rdxUYCnXcLB0RUXYlvGYutSvFPq4nDP73wIPRDU8UGngs8NSYr6dhfgJS8IYSxAN0YDRHMnKfxTsQ3tgfskzBGAvE/Tckm3wfO+AzxOJnXZqOyslDy37aklG1lbOGgIa0yQIBBvSi68XqArVXxIFN+kVenkflOydl7f8SLan3g3KBTXsbWZlZO060NMHEryfo7J0Kdi68SHlJI/z1RN0+gDRD8CVq1dEwXIgehEyVVhlxsC3BprKKrEl4/vHM80Q+pY5gOCihzMmRXlES8S4fiOEW6lpz8Qk0TPgUTxaWHgmyaIOCjdRRxLsnJFzV25XZQ11T3Vb7Z2JF0Wu7e8QveyEI7lic342n8WP4DIo9IB3zCmNMN8rxVS3z/s92oIhNn1BH2w0Q4G11G13+7jc8ion+6IEyzxrHhd0wZ+dhlv1o5scxqPHO5sRWFw==]]></Encrypt>
</xml>


2017-07-15 05:37:31 debug :
------------
String:
account-ticket<xml>
    <AppId><![CDATA[wx21cc570986f54847]]></AppId>
    <Encrypt><![CDATA[3v2RAtXTksKlckDbLrVktujb2HJLzcdgAaFAoUacKurRsA0Gy0lxCpjIuj7G6lSumdhn+SXQu9f7oVg3M/lsGAzRjJRIbJ9WL7uwRrR/HoZYvf2F8VWx2jUu23MLkA0PEHXYLsMApHUIni9IN/ZIYSH0gpMIBDIxsHrR6L7MGn4KZFir+Blfzz66xDrSUG/5IhRJVzACa66GIHA7dytDUOlkVrj9JMsE5wc/tbIwzD7FIhDuNZBVP/JeDsw/KAe5CE3s3bw3MV6ZC4U7APMRHjpoSoEag1a2tCrN+bJpxlNdRfx+vpyjEuNfpwoeTpl8/SE190r6MWjjic2CCG62RyVO4yotDjhEEU/tkjAExH0TGCe7RUuDqQVYL4sHRaD7+dLLLLdKz5VIFLcvLyYb11uahDj5IcdboftXBCVJTLcb2GUY9YKfCCErcgIHtGqjprBykJplgovLzCD1Dq8p0Q==]]></Encrypt>
</xml>


2017-07-15 05:47:33 debug :
------------
String:
account-ticket<xml>
    <AppId><![CDATA[wx21cc570986f54847]]></AppId>
    <Encrypt><![CDATA[xdWBMPWRwKWFq9dR5xp/8L7nhm0gzkHOfY5K4IaY92q385VZI7tDq70EgKe6XU80GbwEZgxZ9o8RKn96WwBcT2Yfa+cWRnvm3JPCNwDK0ZJoygVfWBnhVpCBKhpo03Xo9sha4AhDSNEuObzMP8wLIhVv7MwwYc2pvetyMC7sZ1PLGz9wMXgc+Hqpir2TEom0SJBp+y48kGHCR2yN1UTE2oaiUBRe7mGLUqq8Iff5OE9ockyMQHiuZX6q2aSvyDki2IwLFGDVManHGh+QkCaMNAD2IqdYc7KTWFbdD1oDBEdUkCVoKfrmBjlnhX1K81o0OQAvMx2PqXawRxdkEVdkHTE555j8kIeavsLyLIVDQgYLOitmLJ41s+Br7rwv7oezTHI6yA/uzkOmbprwEu8cfh2NvfHN+fJcC63QeYbxq2lN5M3e07Ii03m6eCt7SfhT4WogPtoX4FYfp/c28LL3ww==]]></Encrypt>
</xml>


2017-07-15 05:57:29 debug :
------------
String:
account-ticket<xml>
    <AppId><![CDATA[wx21cc570986f54847]]></AppId>
    <Encrypt><![CDATA[E+QTI3RKesI4YAKEx8qSh1fHzo1e29VJbth9WQVStlVWVqGokjHXcdTSeUNH4v1E4TPh/HX3S/JEypoNbN2FcXyhzJVpfn/rYCAlDJnMDHjSDh/bntGjN9vETG+ppxmui2QTx7vePMNyg2AA+5Tixj8WhRVjcxcDSNXwo+fFwL0Ecrnt98HSYgBBQw1lsp4v4fFMNJLtJSvxI9ym1naY83WRxlxHQOp0OHP4K3zJkocWbw2mV3V2I9EVFm7f3ZXBdcsyxw5PYVeBEa2+tzOD0crzZ+gY0ddFEwyIMfX51OYjg57p5TyZ5n4s9VPZMPv9D9Jk0fSnDmkz/30iVR36AnLsReX6Fol+bVMOceqdZX2xL/XOgST+gsH1kzX02LumHe1bk7gJfFlur3EpVPYMbWpluCDbzbfY/jdBDK6EQa/BwiEK+4Xoc485aa5P/x+a0b+NI9CX88JAAvzggxdeyw==]]></Encrypt>
</xml>


2017-07-15 06:07:30 debug :
------------
String:
account-ticket<xml>
    <AppId><![CDATA[wx21cc570986f54847]]></AppId>
    <Encrypt><![CDATA[bt7dgSjnKFIw66k1JKvzvC3yxiiWY7hzLQxsmXYhDZ/ZPdE6GpBXi46r9GFDGJ83K+SmR5aWYTzjhZOUbkIawekft42nBatvlnwFklSqEndLMkmPuw30wsmRY5LF3MhdozWHGQODOwD+GQHA/QdNDjg/bm2Gsz9FnCZSqcx/4PgYeIxvXrrVU0IaD38uAJ/dw+fA2hGafjMVDPEnVUZB+KzIFmGJqsWp8DaQiy/BT0o9C3pTOnu7673xCgMySg//uZrbqWw/EMOOUzqfdhyp7DNvjZI8PlrHwmnlHZ3pex9upYts6ICSPE5WyWkHCk7LiZfWdd0OlBr0Hhli5goRJnfC5o3gJrqB1d7xA5JlAwV5o/l1CoHyO0TpEi/pQBCokyn+Zlen+jf95Bs+jRaAWRhujKlXNe5LRs9jLnXRL70AfxuGpCdkGMZzh6wKhWAuSZl5HriCXxNNUITPHhNdyA==]]></Encrypt>
</xml>


2017-07-15 06:17:30 debug :
------------
String:
account-ticket<xml>
    <AppId><![CDATA[wx21cc570986f54847]]></AppId>
    <Encrypt><![CDATA[kDK+PAlnQHD4gC2eveE8F+JpGxZlCP38OnxKPFO+MHi43PZ2U+L6MqkWKtHPebaedgrvEfCoLBZKGuz9Itew/gMoBUABxFJn3n4ijvyQrp2osaLTO+eCTDUF+U1tH7lwEOavT818VasnnRvJux/hFOHSFzsb8cGvqFEo6+iDSpu9xG41u5mNPGH38/lvkH1QWOevzJctpBX0l2YwetaptipkGxFWs0gdc0abBpEN4LOn/VlSR8i50EyBR/LDx1yh0omQJXVKB2AqOrvsyhcnlJaFLxbQvFNw6nwYVvXpDKLUqxoA5a9D+CgZv1C0dSHBOshrAUbCTyxbN7t24+X7gysvDRsWpn24fDWI+dLW7D5uAFqA30inUZWuQY7yHvdM5FnaRRjZjfD1ku294HKTmD+FqkyoQTzzZPC9Li55LHSK1N4yyBT+hoC/N65GAtOkOknBoGRfMvGrWKT46s87Fg==]]></Encrypt>
</xml>


2017-07-15 06:27:30 debug :
------------
String:
account-ticket<xml>
    <AppId><![CDATA[wx21cc570986f54847]]></AppId>
    <Encrypt><![CDATA[ieetj05WaQ9aeSaxjKynjVX4GJAykBs+k1OtMGOerpC8shYB6/025Fvy7kfgFhmpHWN/I9RGc21yUDhlznz3XDUj0a3jNbKoOrsa7yByXSALc0LaNb4AZmYHsghMOb3kng/x5oGS1TwYp76SHYrxh1OAIrCFTBdXy8M9tUYfdZAFmYYPj6+LFKFIpFHkqJYqXbfpzodMTzPNBKVwE+JM8m8iNuurCsXOfPbbq1sC8wwwRzTDCknEJbbrxjn1HsABJU9WWMU6V6gnlQeScTgG+YnFGB326VT83KrEAmDCeqZV0tCIaoD6RCHEMfNXcZ3VUyxzj4LPEWcfQOAk5plVEEJR+n3+No6HQUecmEOF6Cw0TGsvwP4kc11sBn7lBLSUMKsuIsDCIO5i/3BKqIZCxUWvIUoqo2eEcwDLWrH/jMEaPAy/QCfien2sdq0Uj6/DyBNo0Dzid2po7AFqtaNoGA==]]></Encrypt>
</xml>


2017-07-15 06:37:31 debug :
------------
String:
account-ticket<xml>
    <AppId><![CDATA[wx21cc570986f54847]]></AppId>
    <Encrypt><![CDATA[83Djh6JL2eemN9BGNPe5ycEwa7TDJApqK0M4oVYmvVoF3pA4IaqEPybNy4C494TYCPvnUwcLnZ+x5Qaj4n1sXtak+PSOhGCsJFomFNTgDuqgh9URnnps9fX9I31DGPzcyaBJCf897ZtyolJsDbt+AgNEWUgdduPmJ1Iep7OAoKzCYpBgzeM8axt/mzQCVZaS/Ogk9Y1Bl3/AVqzYLzTbC0jwaSk+WlUq9JJ5EWMBEvk7jur9ZnnfSw/IQTXhW/QUrgrPCs9O7t2qVb1T9k0MmuD+0usKg1yjngq1u8+eq/uL7vcQYH0Aj4gZ4k0zagHSxxOK1Fh7WQGkFJvM0+jae/UZI1ndlpGxG8eehoTE71JmO6Dgoz3IfATPU5n+uNIitCqB2VdRruduJ0VGd9JtOZu5eKVJ8oSEsrMxVI0pS1VfBIkfcvPQFZ7GF/vxFrkvZYlWvfXZXoFN1MPvfFji6Q==]]></Encrypt>
</xml>


2017-07-15 06:47:30 debug :
------------
String:
account-ticket<xml>
    <AppId><![CDATA[wx21cc570986f54847]]></AppId>
    <Encrypt><![CDATA[t2NLaMQGf1PdS6NlX2HCX/WopFXAgjlbcb3GMDfhh6YgvuFhxeAna89onB86bvkiHsZaB7KI0div66wQFz5MgKcsVO7Q8vznaESbAcQuE09LiAto6MlDQrkMLZnO8K+djIH988rZZgGeVolfR+rPAvz1xtSRNPiO9TIacDPT5LvVj1DTyNb6zDrZ+EPMAFvaUDKTJZ6QHbBjEUO2aSO0J1l3JP3KFAuhhvoziKWpiGc4tQ1i8Ohro2plBYwKeoY6Ive+T7soCQ/eG23kf1rujz7CdlB7dqvl7VL3Orh8vKOI0X+lsXVmYXvDGnsdYs5CXLHurtgy6Yc2N5Lbc42LEQqVUjU8xxjI7n5uRoyrgFBanGJ2kUWzGez4pJ5OVjWo8dCNALWI1/t8Wga8lm0OSAmW7E1D9a7SN27SH+iesAa+zRo6ZDUyJP4VBN4ZrV+GH4v71oJgTz60tebH15a8Xw==]]></Encrypt>
</xml>


2017-07-15 06:57:29 debug :
------------
String:
account-ticket<xml>
    <AppId><![CDATA[wx21cc570986f54847]]></AppId>
    <Encrypt><![CDATA[DJ6caT+GdWkQ4/HfUPfip2wyZE/5IYtlwN424dLfFmp/eVl1/qm5hmuEjXWb5yDsli+Ug1TSVmfPOPJQaYlIRnLmZN3xnxRR4QC1sPpHIIG0g9usLQTcutmVe4BX4zxLZRljC5nRiKSlIUikTdwExGtaeU9Gm6qpTXjfAryywmcUCJk180cK+lxi2BCrhfA6vIuBIaEDlgsS0leew0rGxQ+DrwpDAXBNYqR68FLEUl1D8ZD75KYDHPEz1mr++d2XiNcitgvP0VYFjrSyrjK9X0tVceMrdxlXUE4zGWtBKHMyfs+Ltm1O4WKC50thMGCIaOZTY9uKkHmhy5Zt4orSJFZ5DcPwuT5WeGoieEIfPBm9uPFR2JQ2BA29wCiUrnu00G4k7SqdzF9kk7stu2LsO0YQrcqoBxsLjBREm9g3yWVIPn6mfMPEHP7PdxCMwM2sgND7J08xq4X4IOSmpNyHEQ==]]></Encrypt>
</xml>


2017-07-15 07:07:32 debug :
------------
String:
account-ticket<xml>
    <AppId><![CDATA[wx21cc570986f54847]]></AppId>
    <Encrypt><![CDATA[Q4AQ7tqB1fYUUCd3KWRqXEDv2VFlpQKrxPy3DeDdiV5Sum+i3jIiYmrjO2rsLg9hbkwLyrIDQtSbTy0NT6/YFEDLS+0kRq5d8p1DCu/oeyXKS9kV+Pz8E4F5CDXkw50CI2HDyTFirC1zIkulVR9xBz0n6cwHR/hH6veajKlscAXxp2abOS74ObvuyYtmUFGbou20ZKQn5+T0Bf/v4sIlp5uSFDHXbf//ZWBT223NnODt1LLsyxwn5bV+UcBMieuCIhudPLyhCoNBKSrW9Xt8gS1GzbXbVHazOiDwuFQcuOwFIEU+U3+kIq+qk56rmSKwkuB+qaFIh6ALf6Ii8RhPKj65LW1uJK0swES5S0w/V2onK+IlFz81k18kPfwmd/T44zPOUzZ2cjbLOtsf6Vb8wqcLx8QUkiRmsHPPPiKet3Y7n2slf8+uaHp4KutKCk+iIg0pzz7eGQvlztxD0mXRBg==]]></Encrypt>
</xml>


2017-07-15 07:17:32 debug :
------------
String:
account-ticket<xml>
    <AppId><![CDATA[wx21cc570986f54847]]></AppId>
    <Encrypt><![CDATA[K9zqJigAKkE+5YU1As7K1GxyBzdnPbM+miYV7kS7GO0Vrs9UuH4gW78xNKCLpE68sAZGNDldb6HixkhjDQEhU3ICiJcDpqb+o2Kf1xq5M7EdJE//NQvl8UsPLXCWYgMvsC8/uttnou+ivRO36UF+BN5z0bk4n52QBrZOQJii4efx1IiWmWgaLDafJ0rkC3MMCwdrggiQdjrL3YQTTJkXU564qg2de+Jv2vRS5CvsYzO34DJgxi6Ouoe3BjvyR24IVqotSjjB+qq+XbPOoL2dlicrqsdVRwjpXxOahnYhiV2a2OBUtqIJT9bo/XtmgmOtIzgwbnDefEBuSLJDil/KPrOZwunMjeOWtHSlqjclF8At6w1lexZE7aBGk8WVPygqngeiXfy1DOdBptewKe3ttvLRreADae/hZ7w7gUrtnYhzprATbBsxbGToJLHP37xstYLobUs51rdXSRgVvrZmQw==]]></Encrypt>
</xml>


2017-07-15 07:27:32 debug :
------------
String:
account-ticket<xml>
    <AppId><![CDATA[wx21cc570986f54847]]></AppId>
    <Encrypt><![CDATA[d7NiWYt5v4thvs+dJOG5J5Ag6aV3h9rrZG3rIp2c9i0jYPRW2AIbweaCBSxQyrFbk+Q6h+3sgupyKqem/UgaQVJBpK3SwezjhLDTO9lqiPjeHZgUGsN//yI/Rb1bFXAsS5zjeSDApR0azZxyskJRMA8Yt80vIIpc/iGuqBXYDc8pLNxcqixyrutZon+WK8q0nGa3ZxEteUQEoF973GA7eJ7W+zk9/rwe5cwV3a4aTLlRkAgHsojz5NBuhpNE/vV3AqCg00O7njiFmK1SxjV3CA87f4UekNQlXHG/53DUxqfm7NhVe5Xp5IVL+xK8ioqGTrLMqDkBTTBsMoIsYh+uwu3hi33S7y/QDRxJBm/bs1CQrIgOZm23XI7uyfD/Fgf5CG740qLyzx8bHgKaEiZVSasBAfeGA6sbme3IJf/Fq0t8GpxrFjxqf0DURrrg9H5WvPefcp+c/O9UDHGFwlAF8Q==]]></Encrypt>
</xml>


2017-07-15 07:37:32 debug :
------------
String:
account-ticket<xml>
    <AppId><![CDATA[wx21cc570986f54847]]></AppId>
    <Encrypt><![CDATA[1dj71PVrzwfaS/Dngi//h8Lc8OL811jcOyoUQ3IEDIqKpfvalbtsGXHZSQnc+FRNf1KBI9OMmknWiT6RPgxjhGgUDprFx4dXmAymMkJxBjeS9oJwMRQ71pFW9AOxJA15fRz5+yA8RsiDxyl0FQiv1iEqlsVntMZPxqmGieWq7LegU+ivfqQolQEr8AxWrT+kxhtAYtg6DIAK5JUFn6WBeJnuFl0OK/T2eau8M6xb0viCDXSsAhpJUK7P1/2vil8x9F0MCQ+044TUIQ+vOCaDXouc2GnCdGPjmopO8yhC6KrLHbhnhd84H5Hm1NyBIbIEWtfgi4azMzbC4XUiJWwhxZd8A1R1inpqQCuqqLxcyRgqOxQUQ59FsHphWJ3B9U+KWzhqJb6be9eGWmmeDEvCjU085tQOwaZfovlKiDguWOylx2qpCCNOedyyRO4Yaq01DhJsCHsBQImBNHgJ3coSjQ==]]></Encrypt>
</xml>


2017-07-15 07:47:31 debug :
------------
String:
account-ticket<xml>
    <AppId><![CDATA[wx21cc570986f54847]]></AppId>
    <Encrypt><![CDATA[uZFi1jEbIDm4DoirfEbR0qbWVDLj1d60z8cikN5KwfrQxl2zhsKzzTfTMOp6JWeXCC3wyvuQas62VXyEct+dU6aay1lURBcvBcPABMRIF9AMZyONZd/R9i3aeaVyAJjPNV0rr+PTLIA5lcvd2NWkiIdF9J7CkMjSMefIzaLAW3ZFuLgBC4NMc8cvnN4yJzrbyYnDistwlFXMglxWpcDqU+JRsJt98OVmb6Y7EZyG7FBcAimtTfSJgrf0y7yyfjzWtQz3gxQ9KTipBNWhvZHOJ0Y4MfbZeSjoqdL9HznKi3hkw+ogj2jbpqJ0gO2vaMcwXSxPhuZRYjN2mS/giJMHxKwKTOMeIQEScR3igT9PhpG0HKAGiAywrF4JVZUshishekMKLa59gln9EwgwbCKpjB/Hvuy5uKjMxvZEj56zMJ/wKK2XnZvzy0/r02t6JByMVpFpXKbXOb3wQE654aW+XQ==]]></Encrypt>
</xml>


2017-07-15 07:57:34 debug :
------------
String:
account-ticket<xml>
    <AppId><![CDATA[wx21cc570986f54847]]></AppId>
    <Encrypt><![CDATA[hYfMS6cINCJe4BrBmJ/kcE+0oeUesZPjh+2dFnJ/kyx/gOBrhScMmqIaDDkhOE7rKfLTwTxWPq9owxW0r5l2Ls5kWaFNlmORgA6ppQOc7RX8z9QifmuWuRJL1UVEcpe7rCQT6uQ/BCZZSa7HzS1OKD9xB7jXOGfkEx0nMqbLOxEps5aS86XvwOMh2zcFewiJcQLLDinxk677v/0yF0yVbF0T9OBU7Z+oVQRnMVjCv4s9Do34d+F3P7kMA621hx8WZ5Ymtx9OrTLgBWM0MecSZHkWyyNBqHWyu2aVNtsmA5QFuV2t1ZuFCxLKSf6YTB9rBoZHYQg8u/q7jBpD6mX8cT9RL7SJppY+ScA+E7NcoB+2q4kifZMuRZPPClHg2a44EpNNG56ambj/Y56aLyFqKxA79Be2L/gQE/DGyT94Zx7V92X/yru9IFpCle3nSLS5/HebYSUhYDm8T7xSW7UL5Q==]]></Encrypt>
</xml>


2017-07-15 08:07:32 debug :
------------
String:
account-ticket<xml>
    <AppId><![CDATA[wx21cc570986f54847]]></AppId>
    <Encrypt><![CDATA[PIVjnaoYFfjzAIrFW3WhvV8T35oPHiYD8K90Zl6wdVqppamSfDirfdouPPOMMZCeRhqf+x1ellc8w7IC5Z7aWtJ7Lalx+XqvZcejo7JnsKYkRAzjAAcLpl6c4aJbw3T6wTNJx3aERlrslo5lW8KXUXiEMo1lwKz+DwlJUyropOaGmJyIAJychdn2f4CmB5LFiIdZuWsgnWT/PdNNjnsL+abF9kc1fKpQcej9KesH4iAM7G2julSBtJCBYbYefODOWLLbxfhTX3QR8p4CyKu2Xu369fzuJua36OFH8G8e4MJwAkoY/mgEgcQs7u8ligbUrsYxjMjMfTgvlgh3antqjdXbQhf1jSZVMbb6vovfKZalGD/WuWuXkusSG15MMjIE7OiXn5gyRgL1ZyIdf0OXqVzBuXN1HCI6M4pxNcAKuDt0FcBUMwxGUNu2kaD3/A5InjuFQuu/4D7uBS2wr8GQ+Q==]]></Encrypt>
</xml>


2017-07-15 08:17:33 debug :
------------
String:
account-ticket<xml>
    <AppId><![CDATA[wx21cc570986f54847]]></AppId>
    <Encrypt><![CDATA[UyRsdwF6Wbt+bhUmp9TS/wOYL4APwrSsUZGvovypVbuHhlGjMSzr68zplnUh0GjjPiO6Sa3OvtxWWqnP4Pu0RM/olK/oraVaWbnPjATQGpWaBe1Vxhi3CIJCxN3c/fvKHQxXuhH8wbHqHhvNW+KqP14U5yv7r+k/wS3WujzmP9U4JzQagnQ7pyi1czL0D+Vs2XF5XafeNmAwVzw+sNcNnRQGFYLgb7D189U5cDwRxQnqGnh2Cb32Ey/R0yu9fXc1i2HehHl8xaub7skLBwoWikImaWgZuGnraTNGgJGWB5+Y9CLXE3+IHz2h+ymL8zY557qYJsxMpOGTFDiNXGlCnsoJ2RQ4v82p/kjjXEd+rZhTpaNVLI57oNuhCsCsE1HaVCEjOB+qhTKqE6JqXo9OgFGta2bMp5XI9mkK09E9fBZcqp6p/1xsnXwC9/5L5O+9zIXrpcMCCVfd/CZAZX6Hpg==]]></Encrypt>
</xml>


2017-07-15 08:27:33 debug :
------------
String:
account-ticket<xml>
    <AppId><![CDATA[wx21cc570986f54847]]></AppId>
    <Encrypt><![CDATA[TWfRgLE7RWwFfVQLoEt7G5/s9CMM5DCcvpnDlg+nDW7tMlKl9vduLcRoG5gRZn//+wmlmyg+gjhG+g3zFysaepX8rUjYO2kLE8aKYHi4ujiQ2aFHqM3ejxRb9KP1u3cqvtslkfCPMySjvPlyTGwjj0SDmgjnQDvnn5fcYWvC90GGB8vjnSzK582LsdSlKfNXoRwRomG1ewpEJAwMpHTTKHLb54fdNKAW+DVXvpzz9cq6ihVD/90ThsPf1EzV6Ogu9qngNHmCmJ3epbggOCFPXmaE/JOh1uKxSr7xra8uhXNfptJ5hVXNAzxv7bEQIZAuchcQX8DeZNlGAs3HF1JuQrllw/RkYLNHed7F/e5IbpTbypSBM3JSEBB/NI5obFXljnR29nx/80Jrg+3+oVvcPTWPCz2erBefOoCKWNrmkWC770mN7UTDqoWAAgSFcqk3/bTVjPLVDFekIRt3rOQbJA==]]></Encrypt>
</xml>


2017-07-15 08:37:32 debug :
------------
String:
account-ticket<xml>
    <AppId><![CDATA[wx21cc570986f54847]]></AppId>
    <Encrypt><![CDATA[sLBj/iRtSiOWdkuc6WDZQLH5Z3dHijmUrmYIQ/sqY3hz8LfX/WTCeBYihHqK5b7D9nGKuD0z1ahvgZGy4Ggvs8dxb7SNiNPO0OwXntjKoKUdKmTVj4UbzYvQqaODjusjLQauCAAQW+NcAto6EV2qMrUlFDCGC4CGCa1+9ov2jE7HVTbJZQXbKJe9U8nJ2xyCfQhHBmBwo2j4JubhYE0i0DFPc5lFmwUYXXPnBXW7sxB4b6D65CCcKJ9sm9UuhtHMvpGhFlMiEqP+rxQsJYuqAabuckaQLPed38HXUP3spk4VPKWsJfDl+9Q3FaxbOlYHasWxCZCRWDNCUMWE2rpWDER4omN/nx9A4LwidBk+CZUJklReVp4D0ikOGXircEK6sHOwofIi8w9bdOxGRsvkFXEmLSiUOEG86e59aUkO9+AbA8PcArq0Sg2D6xWdaVujR5S2dYPpVNQ9sOpJqlF2Ag==]]></Encrypt>
</xml>


2017-07-15 08:47:33 debug :
------------
String:
account-ticket<xml>
    <AppId><![CDATA[wx21cc570986f54847]]></AppId>
    <Encrypt><![CDATA[7rjcu91i5/jKwbhN41H3etWnqKcygwqr7WMpRadWpAYd+Ve3E7tBtoFNRNFF3nOKvJ8OJvYG9vVitJ91glTWYRsZSL3ggMFaZz87z823UrhSshBAlx95/Elr+Hq6a+xl8027k8NqQEY1LGod4Dc7ZT5vmlMVxi1CvtlFFHg1hagB4vGc+LCqy5nHa4yg1quec0DlFz54iu7v5pPZMRlBH532bg/Z6AW9guPKVPGGNPWMUdy9roJ8+YaysPzX2ySD+8KVO3BAW7UwSVVwJzzGfvdO1T4HtDsKGUFuuDzSpQlV2aQdcDBcLchN/z1I69sQKAdSKhltCmD6DjkyMWjNhShBYhzoPxKjwCbOjVM4bWowqlEM9+Qi37pabJCYRM/GfHQSjK5upoImWeGxHUrgigu99Bnl2jQsmpfSK68J37LsdY/Yt+760hsiOLGStCW66eqwhl04MUan/lgfPKk8KQ==]]></Encrypt>
</xml>


2017-07-15 08:57:34 debug :
------------
String:
account-ticket<xml>
    <AppId><![CDATA[wx21cc570986f54847]]></AppId>
    <Encrypt><![CDATA[/V7623+TKureJ/V2JwgLYtHfWN1KG4CmnxajakEQvrh0wj8FOLkEdiYISB4w18u8f5e/Mm7IiZ9SStaIX6l11hoR9FjUSl+UxTCQf6xCmHUm0RC0fRHYo9EBq95MQK8j3+Vye+sOFFzwQE7ydET8Ph+PLbK8aVdBUxVp0CYQzejyMhzdjVd/ZW9KDKHSFBFYaR1PAUECnjHsJTaz9mSGMRZWXlRYnnUsdVJJOgy3243Kn/h2b1xeYiTy+BblmznoofgWTaOUPeEvZJhKV4nOIage44bVbgSJq4QdKMf/Xh8Geop8Cd3zGTmOS9idYiOoBGrXKo19LZAbCnPb+KABSRdoYFDq8xQkowqG1lw+tptdTcQxZC9FB8HFiac2OiUU4NUpYfuZv3tZ8zwOl9EgNP7KpA32ZcofAWWCUZ9zY/B/H6wMKGf7TkF9r00X6jVRzKgqWfa/g5jmG6swCyTfEQ==]]></Encrypt>
</xml>


2017-07-15 09:07:34 debug :
------------
String:
account-ticket<xml>
    <AppId><![CDATA[wx21cc570986f54847]]></AppId>
    <Encrypt><![CDATA[V6HaFc8kesxR//3/e/XKQa0bDuJ/wHj3ukQ1pH1fDGvX+hV2akcOu0rmoJuB5T0VP3lORBG/Fg8nvNnYSLLIr8sZeyq0TBDrVzP7XrwYJ9uixVw9aTstxAiwMnAd4gAzUc3iAhy8Znm5sKjOVMFfDghJ6skIAanizpC5/r/25JwZ/A9BuAxIfcHlYZXoEJd6vTPgOs7KQsdVton35BFKDql+2gCSl9drI4iWAFJpzkHuMHK7QaK0A+2uXgrmPXntIbYpwPMgG/yyogyzkFkTuXpvN9ZABiqNuTSMHnDzy++e/VP0azCFfU51+yjT66Gycd/RV0DzDCIxvmQp1731+Ns0Od+xV+IOqkkJ51S0sVmaPtJ3UNZxKAYihW4Q1PbuGxgUfLm8gYO+U2U1euj7eDs9l4292e8IsCuOAijIHFNl8KXOokmAYGesVQOVcPudw6nYgyPCP843zFzOjgc7/Q==]]></Encrypt>
</xml>


2017-07-15 09:17:34 debug :
------------
String:
account-ticket<xml>
    <AppId><![CDATA[wx21cc570986f54847]]></AppId>
    <Encrypt><![CDATA[LKDbONBskPULDAAInlnSR0UC7HDn0c5XhmdcfpBYh8GVxM5//6TcWMutW8/NRU1a7KBWRvJGkiwPybo0J4/w9AI06QWoK6oi26MIBaUOtyqweW2j801pa9ifTo1pTZAVTYaEchZrj45kq+YChKhJKvSb3DCrDriJ0NpVQdIqY2Ny1+srt+Wo9t0bOYszyY9S7jUx0YUszwWs6UCjLtIuQJi9Daqwp+4pcRCig5tLc3vWufdi+XzLrBZf+7+shMUpJBkCiJypDwYhNRPOMLC+Mgldr+J90EongrZuh2Zu04mT4OGzzN1Tff55HOoacmlQYkOitYxEmToPXkbDbXyEIEZEM59GfgkJtuk684nzVinYlrunY+TLad0YQ/MRs3zKrGJDS/QQwceKk1T8rZNYDmxcwHpZmlBNefhjoFVGc3HT/W7HfW5CZgyJ5YyhrHmLO0UCJG4ko5yjwLqHVTKzng==]]></Encrypt>
</xml>


2017-07-15 09:27:34 debug :
------------
String:
account-ticket<xml>
    <AppId><![CDATA[wx21cc570986f54847]]></AppId>
    <Encrypt><![CDATA[xaJgUWLV0/f91EiAG/OvsYa90itjCZz5TCZ2/nKCjdtxZu6i6ow72Ng07pNpt4AnkmJ3aaeYhucXqqBkyPWEbxkb/rFdKk0m5NvaketVniXBnuoTfgFva2PXcK9n/CrM85yhQLqxVCu8YRRnF0quilJzygCK5QVg2f3I5gfHhD3GCG3nBM2QRYCou6y+vTZZ00XQf2NiqX8sKYm2oUOEr9PpMWaWHqAY6MXbaDuK+xUUCKDMEvMh6qLEB3nOeaR+nEpOs8wkwAcg4o3QTpRs/UZRR1zrOuTj0RJADIp8baKTT9F59wEdLMYUcrIBTUR6A1T01f8mQTpPlVNfNQ+AEa3XzOooCBxqNkAE3ZBO+zN6+zoCv5tqzopwbB2ggJiO8qJCTL9EL4HfrfhgYgajcbgmXVOIyLJSxZ/2kZdcyUxGiZjM/2Nk2eTIP1kRyPorbdJx04RJpZTVM41/ypVkXw==]]></Encrypt>
</xml>


2017-07-15 09:37:35 debug :
------------
String:
account-ticket<xml>
    <AppId><![CDATA[wx21cc570986f54847]]></AppId>
    <Encrypt><![CDATA[pC8lHyYOj65d8eP1Xn5de3I4ZuAoAykEU07DN1Xb6P+xcnJ76mCbkEhpUy0+vc2wQm9AF1eE4JpNU4fUQ1Exh/j33V1CBFaQ2D1Hb1bV0jJkBp4OfOu2UkY7oNFqW9K78YQMD0XI2+FcUQsdRZCLQaPHoaWPFp7P5p7gkN6ge7IQskyhwQatA2QkC8O8k1qxzPKXSLhHX0SfLtI1spczsIuybWR2GfBK0Dxy621cOBg4UQOLqGqbM4VHjwebpFZUU2FQu73ltTX3wJKE9pNTx1OxlKkc0+CWNux9itxb2QYW+EAbiFm+vdQm6QCQGPdr9GPDB42CeHiQ7KGKj6R2QAwawlyZN8VZ+jCDoXDDmCuthiSpX+vlPax17tZC1wPWQQVm+p7/yRRk9AqW457cEpGs7Um8lJ8lRO7i31D5itlxlUfyqaAzxuSVyeXMfzx+4BRCSiHUXcbfIegvZzvTTw==]]></Encrypt>
</xml>


2017-07-15 09:47:35 debug :
------------
String:
account-ticket<xml>
    <AppId><![CDATA[wx21cc570986f54847]]></AppId>
    <Encrypt><![CDATA[dKds5I33ARSzy8mACPdeJAirqQh3OZMgYi6qHmFkg9oTNa2VHn0ttRkVjxzN34s1XA8GDgOZYBV5feCQ9J/k9ceVo8hIislUxdb2GzWFQ+hYAiH0gxqbHyfuOiOp7hItOZon4MrxSPEzti1g57zLCuaFf5b+3HrA+ALpUS5T+8pjrPd68+6bvRRcVUxZzvIMBj52vsJ9C9XHmx2hl1hmRL0AVVY9HjNWPxhiYhmwecQIO/XlbDkQTwFOb3k8h/5jiDOmwz8wvNG3Fs/DuspBvwCTunpH18jwwtvnZXNal7toUsvxK4X5iZI7KzRLmEbt5T266hkfSZES66CjCIJOzFV260T0IZymGH/IEh65aDtD+Bxw8sjpCSjgnFPZzxnnmSc5SSSBxDWX0ESdw/caB1OG4dZ0oz82UPztkWKj/1cxvM2JmK0r+inEj9rgDSmkgB3DVTehCp79/i7ewrKeLg==]]></Encrypt>
</xml>


2017-07-15 09:57:36 debug :
------------
String:
account-ticket<xml>
    <AppId><![CDATA[wx21cc570986f54847]]></AppId>
    <Encrypt><![CDATA[W1mFlmM6Dcp+97CFunK9U7v/V6g9EVPqrx+G1K1d7E0sqVtFQjSpV7guf0tJhfLQoaZTbjquvBtyNWOVOpUokhXpx3CMCp4HpiZaIwqopg6ZqHZCSLDNjQDBDXwKu129/GgW01HUmgIirDg4jFjNzjAM5YeNuXEAuXylrcCCv19kUatFMRHBXgBz8Vf6Oe5oHGzpxb2QtXewslItZlw84ZzkwZLsaJdrmlXIBskk/SPuQC26S7naay4Qq+F6zhhClGXbnx8tOZNbAq+oJ8mzr1vQMrxnFwYEvn4o/jB1IqWXIhf2VNcrjQnwVluVv5ECe08dncOV/9Sh9YyFF86QgR9DvwnyT9OP0msUXDAPWz4AyAJ7hP6p8d2KXtNNUNaKWs9IkO9ErhTvdukgFqa/yaoMpi2oV1mcBYWPqqcStmZMBnqpB0yD18iFoyTo7kwMcUypYwDc1oEHC60uONRIoA==]]></Encrypt>
</xml>


2017-07-15 10:07:36 debug :
------------
String:
account-ticket<xml>
    <AppId><![CDATA[wx21cc570986f54847]]></AppId>
    <Encrypt><![CDATA[dceMDBoqP++B5/9+9ThyeAU6i6tQnpFzcLcj0BGR243TcP9FVu7AM9UGkmjOFjc5/utZgS3+ROA64V9EOZ3ylz6RQZFb2dGNXJs+7MYlo99i4xTGgOWQgYGavNhzimqZCA8SqsRoF9br9BiVv3x5UsMUyF5+nBZ1J0N44fbz0OlMeQMZbTFvArxC+TND1uhlkmvHIA0qKGxelCcaasrkH4pMZn75Rn6TIcBvtSYn8lrfe+9SY1SMPU6fNmFXNNr5+VasTftXHYHQ7MLDWzwZg6NIz7xR3+dM2bjhXkNNax678n1gEQAtRfTmtrUR3MFcaolg8ILPtG/X6JTxSHEKI3uIgVV/YSlMPYxJx6kOr5baJYM58WAcb/Ej+q3/Olagaas+jXmD3Kk/VOqFDaCvx/wzRSc+z3+x0Gq8hAD7atUW9hWvzYvVKmnOO9HyVQASNr0vD6aLY6BlWypvNPajeg==]]></Encrypt>
</xml>


2017-07-15 10:17:38 debug :
------------
String:
account-ticket<xml>
    <AppId><![CDATA[wx21cc570986f54847]]></AppId>
    <Encrypt><![CDATA[I2RxQqJq12V9Z00TyGJMvX6RdEbYlv8Na3irRNYdVa8+de5x1Z4pCF2wpWQokWxtahUWbBnZYLsAS+9LtVJX9VW1GyEsgx/xks/0VPvVMVqDJqCE2DWZ5o+mRnPGTYzcfKHsDxOuQeCfot8R0boaDTogMN+a1szOlmjwCyl4Qcd6fh8zhuOCDWWj1FYxVZebThoF+5jDBtBcxrEl2AWrIr302ZfANjEX4GERi5/W7eD0yhKJ0RaoXM7jR6NL9Pla2saZHim9IA0wWoWyTNAtozdjYCdGK+epuo4QZEXDWnUfI4BPDlAJn+NsEDuVEUGbSavNqAEGVzFlUXlvsUsrOROVipwHcfyU6NzL7Pdnb7JwUzpTireX6CZ5eY3wN1a4xolL7QAAimKRt8RK3F6xJt3tHkcKSDUSXHm8PBoWtDRFeRXVgRymqDvLJqc2hs0Vb2gEQZEpNxh6QjhZyD5k0w==]]></Encrypt>
</xml>


2017-07-15 10:27:36 debug :
------------
String:
account-ticket<xml>
    <AppId><![CDATA[wx21cc570986f54847]]></AppId>
    <Encrypt><![CDATA[4EQkCYq0xpotZbIVuDUdvTF9uIbSh4ot35dba2hUg931G1+m91PFkF0W9wn1VUyCNY07BciBzxrbOzNE5UUVQs52W1MrxEGTF0xvIRfUxbrTFpa5pMvqTZqgYw7BXMhW/270CKZURJYlQweS31NCugE8WeNUOWJFVhVVIRfJW+bUPxnlmyDClzFT5wpO28vrOmibUwrMMgkfqxmi71iXlo/TcELaTDMcHQYV/0T7849TjWEveJF8PgMqN1k2x3NqM3Wm4jJwqSr3wfPNjfqDxXyo77lRDoSaacXZoWevjv4fdfqiFMZTau89trSrYAyzLoq/RNso5okW7HlW6S3pMp+s6G2KyEnW7FGFKiyy03V2Tj6pN+TgSyJV/9gftntCb8n9V1qZt8fj+Xa7MOpC9fc3gkeqq93CC5jvSadBAVmBtHLTVTcf/LiVvfN/QKixDkGI9pGJ3oA8JnnUmUlwQw==]]></Encrypt>
</xml>


2017-07-15 10:37:35 debug :
------------
String:
account-ticket<xml>
    <AppId><![CDATA[wx21cc570986f54847]]></AppId>
    <Encrypt><![CDATA[L7MjYvf1D8FvhgUBjKpgWCu3FDmZofg4Y8IpE7bx2+8QC4XpT6W3g89uEyou05mcKZ3DHnAYZZrqyEZgiedkEmKptxnFLJWc+sNbMgO9hXqTInm0go37QZeFSiYEo5fqpZv153WQJconHb/Wsp2Di+b1WlepoQRpBgOt9Z0dkmUvN6RTZ2XkGHf0h6km5bcBs7pGix3C+YTlSXOcNafk3hlpoc2ZO/NnIpa2I58MbyNaG8fDudAbJdSpjRLEbYDvFMdmOSPLlPVcgCZSO3YFfI1sWjqguslK9YylOUdxzjTz3yYP3iTnzM6ZyF+hUkfZjMcFQWUAZTUfetZ9nTsWlybV20nMh/EWmqJMV0Fg9bruMZdTIMRgT586HUlK/jjjocY3YBFnlfdM0VVl0o3WT6zKrH90fhUsyug/1O8Zx5xuMxdwB7wxTu0tFWkdBW3Tc4KtLu0bwrKYebT5hw+QSg==]]></Encrypt>
</xml>


2017-07-15 10:47:36 debug :
------------
String:
account-ticket<xml>
    <AppId><![CDATA[wx21cc570986f54847]]></AppId>
    <Encrypt><![CDATA[ybv8eesaEFNJGltkemerzDlEbzTRrNwNNvSKnTSsSJGG2W3Ahi98EEolpPBQQYhFk4VUHmxu2lEUktUOTVeVaks9wZU0WDCP+Uzy2pljDWVu2Y4Lw61ZKFtGtlH1NxfqR/Jo4nwYi6IHyq5dKZ46bVp4eY7PGRyHsMukSUPq6I0KNrTQkRUmuBLpfi65Y5h0i0QpVVzJgnbjVcWzF+IeggkREeB+em+2Y1nqMUbfvRDA3835eBodZTU31FymAnu0LWzZs+MQyp2xkLv9QYZ2aTC2S24ZNp4MVv+WO9buwHGmj0VI4jbrvzKee4P2CyI5nXr65NTWA+2ByWcS01xZvvnm4+OuF2+cRSClvUGeMMz0CAwhpoxeTBYnbqZ48Rq9wsA+6I00VfiJ2yI67fBI8vPviQGGYVZnZhR9NQH0gxg6t3KifLyeveP+3u3hVpIgDTGOEwmMp2/bXtd6atwwoA==]]></Encrypt>
</xml>


2017-07-15 10:57:36 debug :
------------
String:
account-ticket<xml>
    <AppId><![CDATA[wx21cc570986f54847]]></AppId>
    <Encrypt><![CDATA[0SxVgFrZD6+rADV875hLNLxSKBbRXtSHSf7m2LsYl8+95x4FSrCYLptc477UWI7n8XGwv14BklBEQi59OVv+5+JCz2e4H04EYVyWqI+fDJibVxjHpwpEXpIaDlExzkeghl6923J/mqGX+S18/IwruyZd1z8TS7gQSxtfV4X3pYHThs6xuwcvHfngflcNWBPCAj5evpBi3Bp8GbTrarvfs6JYrh+usuQXIP+WlyaMFwn5Od7DAKxx9yNXzt6ynS7sz1GrU2+7Dv8lJJXYxKpWERJEQ38uwANlSD2ngXsqbS8oND3CS0XoqvVtVfigSMDF3bC5v0CWLTt4RaJAZhByzKXKjA1vHIRfee6fCoj3uKawhzgz4hqACpS6ta7R3FtnGpQ8xTHklGbgHCQfFgFUgeaS2b/bCXLbM7Neiu1xpSmQP2W+dluHGYD/uIeRxygbfbEMAx4KfWd4DrNB1u+VpA==]]></Encrypt>
</xml>


2017-07-15 11:07:36 debug :
------------
String:
account-ticket<xml>
    <AppId><![CDATA[wx21cc570986f54847]]></AppId>
    <Encrypt><![CDATA[UswKe9pCFyoI0XFJylEFYAP/hBBUSxrWNgFYuCQDzo3ASL3dVUQtd0D2FjrcnWsQ7vkR23dJ72h7bUIN2Webrn1mjxALtnfcCZvSz7ZGY9sGk/JHEKxHaI9My6B21wGs7Y43lr60kte1aUU4QGiasNOeBHeSq9pHU6ZtFn3IrvswpoP3x8nhSJyqCkFV2tPH/hGq/r0YVqQzaaxlV4kByOY1uxRe8BwH+7ZyN5KIPreAKsrI3gOA1C06x4urFan1ZXkyig0Dl929JapHjwtgfkaVkRc/tTVqt/JYH8StD+nV3YzjaUED87N4aMloODztiXCo2nChyL5VZC79UL7gtwq1KRO7CuPZ+AGQtyewJyU2Ooe3x2JkaYDokjV9WJ8vdhEOds9or3irjTRJE/qlAWqH6PeQIbiers/yYrFy4x0XOwz15FkgOQu8DFGBu78+eX7llpAR7pJgFHzTvjPlIQ==]]></Encrypt>
</xml>


2017-07-15 11:17:37 debug :
------------
String:
account-ticket<xml>
    <AppId><![CDATA[wx21cc570986f54847]]></AppId>
    <Encrypt><![CDATA[T6+hT3ze/lKRf3dU6RFGkMU9unw5Ez1yfcGW+KOR2qYZ7Rq0VbWgY+bPbNK1D3AfuH/xv8eKHh8jmHE99q6jhjmXuTyjptMwmmdU10+1ihUW87K5k0v/vIPgLKVhgmG4AXmFMpXke62+Aqlb6J+QRBEvQ6OCrr/Sc9MQi8D2myWnhlUo3vndXMHEi99uRsS8cvptGkonwNiPreihH1z3Nnuvb4XFLCJcUIdCYIyKpPxCo+UwJag2QQMd5wqQXcP5iAeo5y0t6YT/Ywi7KJ2AnpfwDx9Uk2ar1tC+Gy0bvBvT0Xb1qR5rLT5iOScXlNCB7uetQ6rYAH31jxEqBgQuOl3/vGSeeatz8dLRf5FITAbYw3MZ4AYjLvHPbNfSgkU+Xn3rD5Fenkg+dya+616eE22hLsGqmwfW+LDbRflJEXuuo9DdG3TaICpFcdcwvO14LTv6GTx7Yj3bRS5/c9b9ug==]]></Encrypt>
</xml>


2017-07-15 11:27:36 debug :
------------
String:
account-ticket<xml>
    <AppId><![CDATA[wx21cc570986f54847]]></AppId>
    <Encrypt><![CDATA[hY1GxxOG/vaL5nSrI60rSIwaAeo3IHLETlw/+03n5nAcUtGgA5SbNwVeFjylebJSqNLdIwHKXC46doeUCRg0JxDa/ZMSCyuD5udKdAZM6wWJsICylT3+8ypxzBbEoqJtxK5KjRRhUUMpnDkD7JzbGh7TBibWCUNYlGe2FoyQ8lNQcCeQn+FGiS65NCcnixxC5XZ3VpaYj4NxPiteQ0sQPz6LbpQcVbXtgg+pcFuuDW+aJx+A77jqsn3KBLojOHuuk7mezYOmuA2YCgwHKxiISLxddg/PcWkSqBHCM0qeZD6uj98Jk95YmNCo3Iywd0cqeO59AfINRGklgvOo2eQySCbwJsVt43zF9KbxJrgMgP/sNUKroMODGm+Io/LgHec1wu+urP5RYLnXeiDycOCxKcezOjQnKf82EnaFxmtmZPh2kWNdppGBSlfn+FEZyomssPq/dkbmuvIwsERldnKD0Q==]]></Encrypt>
</xml>


2017-07-15 11:37:37 debug :
------------
String:
account-ticket<xml>
    <AppId><![CDATA[wx21cc570986f54847]]></AppId>
    <Encrypt><![CDATA[8v2e9o0/LP2ejRgsZn53j2f3yPmgvDBXQjIyMJwDXuWFA7UEz6btTmA88mLmAwoJYRwO5Tr/G1VmeRz5lY9UbAq3JzOfr9kIsAEjV6pi3jykD5OxKbY0rSCW5U6JR9jIiD2HI4vhcGCXHq/xy61ag96Zm+CdwPnObbTdu0bgWWR+cCXi4Mi6bqlCFgXxM8GuyIOBC3YScFEV9iqBPlXWcaxbTn0E4F6tUhBV42IRKXvzpC7uB0FsSB1fNYGZSMCYjwb6KU2NAh4F9iCHZ6IU/h3m8f29PE5ObBA29gY3pT12Wt0rN1IsRz7or+kpcCUEY70gZHN3kYVEmZbUWE61tgXcVJAzSv/BEvh8PV7d06zMjIQQaj+ZWVW5M0Uv1WszLEr+sZlTR9gf5I6+LB1IZGbvkOo/9HLpB9h40PNOwozp6pXxzV51XCyctSei9bWcJ6+O+T9tHxVWFWB3R7HPHg==]]></Encrypt>
</xml>


2017-07-15 11:47:35 debug :
------------
String:
account-ticket<xml>
    <AppId><![CDATA[wx21cc570986f54847]]></AppId>
    <Encrypt><![CDATA[9+7zfdwU/w65ljgwraoIwbRJ2QlXL27VlHO1h/ip0J6Y11yXmP/GZI2FAiY3mo0U2SQQOE9p8SGDQX1STl5Y7yMpDmECssyy/12EnijLQtMRF5U5iIpJX72V88XuCfT8WgbdrweoWAZxmG+tPZMtSu0ph/ZJiWcl7VW/MGARi2k7aaBad+2GFKo6g+t6KeH8+el/ezPpj2qKOgmPeOiE+s+CWPIhzZ1dsKCpw+pbTfDa8//1QVg3bXxTUXg2pvzviQmOPrMHfqU8ND/HtVE4War0FscBQ5boXtAFy/xseu161NyOW1Zp8wC+jQ03EIFUici9shFVnU6icfUlKsXj0Tx5jHqnlHS0pfgpO1NWGXHuxflhP0hEvh9LPIt0lLO9I3hwTYtBZ7BuchbBAHzcRtiDMBD/5FxKoPbY3enBKxgr/gdI0c5DBZdb7LxKm9BUSaimgJFCyza7WDulHxgAyA==]]></Encrypt>
</xml>


2017-07-15 11:57:36 debug :
------------
String:
account-ticket<xml>
    <AppId><![CDATA[wx21cc570986f54847]]></AppId>
    <Encrypt><![CDATA[/0Q/OxAoCrpSt23lIjPpLb2/DdvK8pvjEQA0rsKTiHDFRD8i47+4qrTtzdtbjKgb5Fq850ALGzWMr3gyXDUhE+qkRgN4GBz4asZ+yelijVY8Z1wCsq7sPAaK683+Lxm24bHQLLx5meM6b6rp/3fEasZQ3mZiYTb94ULHsTGr5x6WjrBelgwcrl7qQj+NcEqRkSj4PMaVsfoogBvXNl938Lpfi9yqCg7LADQdxoywnXQXGm2E3JaBdIikxDn+Mf0ONK+B4e9eWXLWI4IiVb4ZPC+aUWdA8s91HuxutRItzIQSAYdqjEghkGzu/GxyEV5Oea1n8ixpvunpB5ZUKy6X7RJyDIVat4sQP5nv7IHg48AozhW5Ad6GbuTXG6FAQmcQP2VK69TG+KIRrlPM3mRhIRQrEVj2QKD0uzmNjjo3ZZBOoWHL3SQdEwjQgLRZN/DTFDkdLZvsta4HzS48CDXSSQ==]]></Encrypt>
</xml>


2017-07-15 12:07:37 debug :
------------
String:
account-ticket<xml>
    <AppId><![CDATA[wx21cc570986f54847]]></AppId>
    <Encrypt><![CDATA[ivxN524NOsoMZLQm6bhWQiRDv0VjGQT6c4STdeoVnHrmv9J7o9zAZWLbl+sNneD3MfVq+GdYog6jIHzzxCT1mocsr9BbwZfauGkm6SE0hiiEK+SmiEBJ3nzIBqX+/sPiVHQou6twmzlWMu0Y8D53drTX0vtUmYWlsUgDaKqcAc3UBsv0XxMHLNWPbejeLMxBdpqeFiuF8Buxj4/RouKI4Mu33QWSLlIgkZcAXPYq7BCebpqGLRBmNJVh63BcrCBb7/7c0BOncM7ktLEfj7XjJwc4E3nsmg3tewxL8gMmC7QEHs9jThBwmTQhLz6ug3R0oVpYgzVcYoyKat2ru9snkVhHQWJlaEXh0vJH+t93vGwImRj3GrEl1DvyqUWZAVfr9vPlJt3OJqqJV1ozWZ5+7Ai1Z+fuswRImzslwW7tFj1VBYP8M/4Ih1BrS2Vc84/lGnMp4j+LoV6svlVl4GiEfg==]]></Encrypt>
</xml>


2017-07-15 12:17:34 debug :
------------
String:
account-ticket<xml>
    <AppId><![CDATA[wx21cc570986f54847]]></AppId>
    <Encrypt><![CDATA[OgGl26uId3uxp60jx/U6Ek4Z9/5jg46NzCLowVxILgBhYFNpD1uI/dca3HSeVgDQO4hYamNJGXWA0c20I/aUb+RyMaSs+n0UZukWPLb59NZQe+NYvxVRumFVtyya6UwBUqujDuPy01sMldfZ71iWoFEVFbr7iJLCVDnKKgIZvux1gmMJf5DSr2dJpiOG0HULnT/cjgtvmyG75nPHc7Jk0DOT9w0ytgG+L6SbEptP/YSVRk5Hq4ZVkWIZB8X4FRzvVwjAWn2/fsjOZ0O/kHOYghcGezTqtL6XU7gHLoA+O9aZk2JBvMuRpoKvDMqLOLXOv9A/mZT+mmR0eUYcWTzw1J1s7C6GeEFAi7d9koZvEsewDgDArSuYQ2NqlAniDLCcQrLRsN4NgH8FBgJ32ZE5WZLtkm1/hHMWC5QW7BdSgPJhqNrrKQ4HHFoqijj1dCbyHeRwd7bPQtpwkuSZTURWFg==]]></Encrypt>
</xml>


2017-07-15 12:27:35 debug :
------------
String:
account-ticket<xml>
    <AppId><![CDATA[wx21cc570986f54847]]></AppId>
    <Encrypt><![CDATA[t/jvjN0yAJCDdPdQMJjyqZEuNB/D78wVxL2/9SsZf/q6OujjOAOng8DBwjoXlJx5/i5x0bp+ljSYreNIUlQTjFOwDi90Gqyf9qIJxinGhdT0pLcwp/Cg/8wcux2aGUneaSXcMIlDCfdg4NBQor10dOwiI8ehObN6hFO8oWMqeVhXWQhdc1Vi3TZWu3PZKIrnwHKqx7sPlIBkas/216kWizxJs8IokJNr6kWWMcYCHzSlG8G5JtaMDi4PHibJnEOipvrVqEiL6DcdXOlW+WuzwfcrdE+onDnC1rixCY9xOJ5p0Iu+RG1zJElKkfztxsrHlqP7rOqLJaSA/13i5Tju9teHW7ILOqyns9xMjA+JRiNnHGjYKrSQCgzJYhJOvurrmNf8EIpdmuLJYd1Yh6wkL1RUiaTR5sYE6WA7doBFU6lb1IZqkgtjg52jBi8gw0HtugMjtqFmfSiBhgNFj9NV5A==]]></Encrypt>
</xml>


2017-07-15 12:37:33 debug :
------------
String:
account-ticket<xml>
    <AppId><![CDATA[wx21cc570986f54847]]></AppId>
    <Encrypt><![CDATA[LFIlrxywdah4U2vQfkHUGcccqqWtAeZcKjZYH8GGj1wRkTlGByZlGMLWWi6fjieCtamWndZuAN9U7BiV1Vjfj07h3OcHQTM6f3jble+9o10cjEdah14N45pES2Um2ngX2EcckNZbf/iWS3T/ZXPDajOJ1ieOW11S6DSHrf0RyWCsqIgT/u5uiKe8Iv/qqoXYNVw0xNhA+Eac+LdgQWeBFm7nTX40GqPb3jUpJ/Xl156M5f5nDWXsHqI8qkDLd1nl7v52Z5mlmobzua1AMHwRDwdq6myES7nqjjtlO5RKCoSOGKRwmQCE77RjVuAG8+mw3AtdTIFk1cDhD/4SR0DOG4E4s7jYlat2855Lrv2Zl/sodZtIgcv/aMux1tqVN8uB4ZvEKqHARdNafqNUt2xslPKssjPOIbwYoS522WNiJgV6YhCXCjIIrhnBA4KptIOCItSUqGQ4x3T/N+Q8jZExmw==]]></Encrypt>
</xml>


2017-07-15 12:47:34 debug :
------------
String:
account-ticket<xml>
    <AppId><![CDATA[wx21cc570986f54847]]></AppId>
    <Encrypt><![CDATA[PKwLzt7XHsGGuXFgP9DQy7HV+rSLkipCKOBdMrDuvFaHmmrVPoh0a7lffYakhxR3x+7oFS2r+73VnKuJbSC0IlmC2gTBkG0aZI8/EFCDNeCqM4RMPUrD+O79pnboc3Nq51XE0h+dgJbL+Do4/3il2QEkI5TkJWeSaX7qD9X68h9uARGYjyUubEHCQAzY6hrK4J4vW1oeSR3HMd3Xv2+lJYJAg84y7Eu4++blFhQdnBf9HB3/zRP7R+UI2b491v+stb+AAusGOGdIFMhg04BzOZKVBaOJUX7uhtgYKu3TGnEX2pVvGwWb7/yavIW+Mebsgz78ZL2V2nd+l1yV86OxFee75J0NsSWKihM7QrCZ3RDkpZJEDNXsYCKQmd2acb2SeM2Oq4pp5cFBycgmtMvZ+TiJDn+ZJXWK5wjq53w/CgVP1o04ySTVrCGdV14GCG8EPVBPIJ5mqmf6AKTlfSKICg==]]></Encrypt>
</xml>


2017-07-15 12:57:35 debug :
------------
String:
account-ticket<xml>
    <AppId><![CDATA[wx21cc570986f54847]]></AppId>
    <Encrypt><![CDATA[+rpxejybYYndsWmxZa94mvisce33wv3Gl8edG6kF9yM4tyeqnILr3ZKi/fDKC607/9pyYWPguZJPQY0NdzAIRmWHTl4HpHZICoTyRXWhfWyIX0u+ivKlbW00hBbaEGYtcU/KSqnzjJHT+xyrFnkBpV6NhH5YK2dSJogN8seLWayx24kmvp1wWhtR1M4qBT/6U/YbAk50IZGvrO49KFIDs3/MUg/h/R93yw5yvs3lzmjdThZsxOZ8YObxYRMy+V2r016nr9TSbVj/xdO8KV5uisPd7mKcU17Hb1JpOPPSWv5JWu2HM8LZa0z/c4AZ4R2i5TCYZHVlSvDaHmZbPPNj/lEFoe+kSEug2n0SPwC7rzQ9dp3NqOkUc8ebVXGQ7jLGRVwEKw3Pf/GGA55sDJVeWZ3JqlyzU8DvjIZIrVEDyzwyeZm1wfbPtOPgavYLvXF2evzY8ZROK+P7trSojnzRkw==]]></Encrypt>
</xml>


2017-07-15 13:07:34 debug :
------------
String:
account-ticket<xml>
    <AppId><![CDATA[wx21cc570986f54847]]></AppId>
    <Encrypt><![CDATA[qp+g5Xqfym2VD1sSx9yIS3BdfDDKWPyaFnw7+eF/VPirARpvRk6tafE+w8f9itU76nvJLnMieHCV1O+KTYDrVZ5XoSTVx1TpaXvCL/PcefIyum+xBbrVWhsfx2Ke7gKPmTol22qdEPs+ju8K9V+IlVYkF9f1Wcx2uhy46klr5ytA6J3Mp8Ul4lmmQzE8x9+Me1+ZjouypSbR2MgFwBDAyLXOo4U8gyOZlAwFjDAxehUeSZz7Hb0HXo+2ZQatH+uxo00iau9jJj/uI/HEc/vZrZCW4XtwAPzuD1W37lPwWxUlpfq68XnLcy2Cc4CSllVRlL1uhKufufQMYRalTCFbChBPo2beilvGwkyTaFOTRM7/y385FkUr1mhq+P6C6zzZJ/yI3DDgB1r7SQbAjSvjYYCpqD9G1vrxZk59I2aDWHlqxeqiCFyXQRoxF9x4HRxWHepFP9ePGTfYGk+gPXxOsg==]]></Encrypt>
</xml>


2017-07-15 13:17:34 debug :
------------
String:
account-ticket<xml>
    <AppId><![CDATA[wx21cc570986f54847]]></AppId>
    <Encrypt><![CDATA[BOyDBJ21GWa6g+mJsLPmpTnpX6xpt3EC1p3Xf78rhZp2mGDGQUQnBFTX26doaZWldMeATPiMAo39GZczpfeUbOEYgDyTgB7HjJFbXKdK7u6SKJt0jQln4EEn+Ou/26ApC8dvudz4AdthtdaZi7NUwTTmUOjRZ4Bo0Uozc1U/munudlYlDty6u3OiUFbLkX97LzHSdQmRYEgHhkwrD7LThRVDSzy0PFY9E+T1kfh4sBhbkBHAtTZRAEk0wlVc841AVLZ/YmH0MSGn4PMJHFjpGBRfhrzMmUuDboboCy9sATc2Z0HKbhZ8IjmqElyi21QLAb6EzChfZ2mKtUPpUrNIsRoRYwkv9zg1eURyqs4UnpzR1AsSosCOPcoSoTBlYwQSdfhqee7lu3HCNCkcHc7NpjKnp4wxtAiTmKU7ICVstarswzqD74JwFlQ9IltQLD6LN+7DDN/H0u/m0uL5k9+9Mg==]]></Encrypt>
</xml>


2017-07-15 13:27:35 debug :
------------
String:
account-ticket<xml>
    <AppId><![CDATA[wx21cc570986f54847]]></AppId>
    <Encrypt><![CDATA[4+0+LM0t8MfiqJN+6P/lHItUghhP8icwDBRQ884NaDOp72jmzIZ6gk3omg42xl+9K1afIQ6Aavak85C6OhM/+HgQ86NO88FdVyjilzmAKxAW+hN5AJ/GD5gRhAef9Ipcev3oJAvoP8jB10rQY/3AvBElBUyO2t8nDF+dSbW7l+JqSE31VUXFwpJaBdF1RDh5DWDMgLxnxVe0nOiQZ+0/ZB6bdh57A9ru9dx/wzBT93AxMc1xPw68QhG6lCkctU8ft9i61Y7zeJakNWQ+nVkP1fljEn9XTNWWpkYEbN1T30ZSPpx22tBp8I6CC5IGGIrBVBuowHapHfekfHVH1VATXjOY3ItDfVeeedxY/hRMbAmLKNiQJ0EVt4cQB4aHkQx3qJUBp6VyPLJqtVlFHIsPyig6ITC/cbzOkupHVD7f8rXJtmBX2Ud6dKP741qQUtpv42ynhrfAzzadss7Cyf6zgw==]]></Encrypt>
</xml>


2017-07-15 13:37:33 debug :
------------
String:
account-ticket<xml>
    <AppId><![CDATA[wx21cc570986f54847]]></AppId>
    <Encrypt><![CDATA[nwgDn+N9BF8gV52ZZD38jYyjjMRmzmD3JO/6KKUJxn8F3tLKKXJslAwiY6H2NdH0q7dd3GdRCVCX+/D2lViCbWeX1TM4IQJPOrPWFo0vV27HvEmLIRJK/7dE6kETOgn4poVDNjBhxrL/hiGbeFDG9sf8Jb7+7ovyuOhwrL/rwMXEXjMoncYelwpKFmYYX0ZvVKlK4HeiizO9WzAc4h5aKdnzD6X6MjS6HEuosOwUr6R4kenWAURj41K+Sl/7vWBq85iZ+c4VVA4BkxmcUQSHivvZEMWzlwGySiOUxGCSYHI68WWbZSRy3YJlzWz+4ygey84fuWWgRAhsdK9pEyJcAhJmVWjbG9LluL6nfxcnpS7Vuh9M/2AIh3uxj0Yf7j0SbRcqVoFkV6mcUerhOv3T9eA4P8RE0uCRsPjF1+B/lgQw0hrHY/WRkwG9bDExKjktXahj88ngeoMxYNgsDl/0CA==]]></Encrypt>
</xml>


2017-07-15 13:47:33 debug :
------------
String:
account-ticket<xml>
    <AppId><![CDATA[wx21cc570986f54847]]></AppId>
    <Encrypt><![CDATA[dQNsNlO/sCrsjxsSHDYL5Giw+MYBtlxWFCjJxLWDyqxIpx9z8Nlekwrowu4OxOgV819YTZlZMLyPcZGPOgf++dZVIzIELzl1zTst8begFlV5e4cxQXrTXWb7T1h5bcBL+3Iroswa/OGzujAwkulJjYSNzz++pGG4OiKXO5sFLvDyPa+5Yxb+ckLVEJJ4E28FlMnmsMhrCfZcIuP/s65ltfIGsN+gmS/WRvpIBF1wvWkfOzeBVspE5nS/nqOmS4LCMIJCVY124EUBelyMtFRf9+sJf4gcK+iYCgq+HglxRicyNjp31n26yxYdFS2yHaETZDtdGtmYCtCGH087pbGwMVexVgWqpzOZh/Ib4ueC8eMBUPWbqE+F1iSh+hkfdVJxBMF8NUkiUueJRsU7Fbk5/mvuQyzMr2JGrh/6e1UfPrkqKWQu2hR/VlkoL5MF3g0fcsknT+1ShFLS0cSka+tmsw==]]></Encrypt>
</xml>


2017-07-15 13:57:35 debug :
------------
String:
account-ticket<xml>
    <AppId><![CDATA[wx21cc570986f54847]]></AppId>
    <Encrypt><![CDATA[+yj2rBpk+7UPTu909JqvLmbwwYRMRtuPU0o9tHZxlLXO78ThLTkNZcXT1bZ7Yjzcpa2uDt+MpMjYXYu46P6pELYMZzYmD2KjSNAxaEtIdg5Bp28mSbh7G7a8Xu7PBk4AxA1AOTqW14HFwaAIkYuMK0iGNFxU4s5DGa4oibm3wFwBR2GtSNcrwrrMO3OhMCL0QNERvpWh/x55ZElY6fzcs5CPCgQ6NFxKjPoDeqUPsmH+uUrydeCtoRZjqy2Vscs41a6hJFyQlr+78bexARuQmbPQDhpV2e/NkiQiEy6fnnxqW0XD5IAcuPvQ20Gb7JaesfVNG0whzpWfDeQJbFaOOkIlxc4kCaD5oluMuNaERLLBtVR2CckrP/Y9b5OK2lC8Wi/7H/lgHNfJgc70ZwZRqIQBe6uvhoAdKTS4wALbyTm7MZFnigaPkvnpTSk3lZb049uq33z2Rco7zN9dWJgl7w==]]></Encrypt>
</xml>


2017-07-15 14:07:35 debug :
------------
String:
account-ticket<xml>
    <AppId><![CDATA[wx21cc570986f54847]]></AppId>
    <Encrypt><![CDATA[LG5w47QIjmZfvJyHQqAp+BE3Kx9Pj6RvcCQpTNPlR6AOBeTxhIeLPav42h6f+0jJRfnLSuSxl3QW7kpit2AA8/9L0IPGpbnQx+3b3zch9KsyaDMkFH7aT6zzs/BrxOEVjSbtd8gGuow4yel05frrI//HZHnoKGfC/ozuTJ2YY4nQfY9BwKIYlond4LceLZa0XBxNc80/TLN2ek0+PBDjqy0dy5bdYhUASr0B6FQhAR2Ts2O6pzt25n3PxooDLzzP9A4QiKYBbUeg3NsAYcpr8kNOYEbQOinbB/Z4AceVeGnC9IVcjOPMtkD0OHrsstuLhNFh76WKva/aN+6yqNXQTDJOKTlZcDoo5V81/s1LrMGOd823/xNSJ1RIDsFgXaRZHb8iQ+aIlB7umXQvVl6AtBNLA5Ud+dnTlwtXmWZ5Bw64gyKM2h0mfK2uhOdNkaJ0NtLklMwTJi2l57+B86deqw==]]></Encrypt>
</xml>


2017-07-15 14:17:33 debug :
------------
String:
account-ticket<xml>
    <AppId><![CDATA[wx21cc570986f54847]]></AppId>
    <Encrypt><![CDATA[PBrs9QjV4C953NO1mZR30FyOQ3nw7RsthX9nIYdqr+jk0x/Fzgr42vaqilIcpyKtPuYXidxbvFEHdoJ88ZwojMICajbcDz4Q6LFFcr10+KJKR9UYVTTW1ahulAesV+i3wzrcR00yRo+TePKpXUjNifR62dKCr9vTVhAhthron3msgDQyj/XtumImR5MQcXKsyeRW9s/VrgaHp5qoTIKgVWRDzwcNJlR+5ZicRdaWrNRogFhGpuIuJ81ERa4blaEZ7m0pnP2192Kkp1vuCTsgRZD4NW1MQtofgoeJi8130Za0RwG0GNND8r3vHpU88wOc3ZTUIQ+heSSQw+JYa20diD+SVSTeimj/9kkSmVqVuYgJQaEMmGXnIaPo/ZSXtH6a+1cttKnc1kyIJPOH2Gfcsz6L1/vtC8Z0TfuIWHloov8kHcA6KBxoPjzZ0i15d33tszITfr/1RaLeq/TW0DlEAg==]]></Encrypt>
</xml>


2017-07-15 14:27:36 debug :
------------
String:
account-ticket<xml>
    <AppId><![CDATA[wx21cc570986f54847]]></AppId>
    <Encrypt><![CDATA[dyJOrX3R3UQq9ob7ct7xx+1OueP9eHM13bTNxw8sSJtvl582hHb1COSw8fQf3gjlM4dcRUpEeuLzoeCwe1n/Klo5fB+BWUhekASqLmDOsiluKseey1VU5ZLWhoFcDXdWcdJi5YB0ocBCl/55iyJy472rJBDqtMGOOiWxTXNxSngjoJQMW2wVKLRCUMmR+gAa7QjGMXxeiFS4GWqN00FephV/s0TCQ4NjBiGrlZ3xGjlr+mlmV3ikoYB68HwnyFSxWwvTQ0IK5WrfH9jkcGul7RGMxGmLPoEphq1XBKHdjIwozJRXlAE8s/zICTS4aN9nlfOrWMANfqc7qL9S0TYigEa9quiiL5wAnoALFengavZqxn6Te9gzo8RulGq6t+ue4UWQH6uIx874nOnKOK3JD2UMofsFNBtW80qe4JDwj843Co+msKIZFZyyY1N0P73pmTQ2NWwhU2nmOH+freHTaA==]]></Encrypt>
</xml>


2017-07-15 14:37:47 debug :
------------
String:
account-ticket<xml>
    <AppId><![CDATA[wx21cc570986f54847]]></AppId>
    <Encrypt><![CDATA[oXzM++xgadgqpinUKZ4YBKSe102ymLglxBbpQt6eBqAgMWXLiVNzvRXqvQtNbQ/Yag/+btGZhdJfgsGRMsfuQej0K43jUQBFTIi9yRBsarZCZOx4ZdV8yUL+g1SY1NquAwAtRVBCwcaXiKbx8KP7HVTuTxEN2VXFOf5tQsEcqdrSiZ5YF4EbwDBSfjZE/goE9eC7MzwmxtX3ZppYeN3YMmA9OF30i6TwYzGovbGELnuDgZ8+atf5mpz91ofUyPm3/1+AspA/5Vk9ymwE/nRmmoyHd7dbdzFQN+kqMEa8e8MuzJB601t8sB3fnsBPJ+NjbnZzZ77IbFCjwxnK69S23a66LyCGEzYdDnMhK9I1ygbOBFYSZUElsHm2ISaesqpjfHM6Cx0EK/nTIQ6NVuMkmkl1ex/jBZmD0MX42rGPWFI3F7Xh8RJZ2V0Y9Nhgs8J5qC0DSjQF2ons2B2J0YiEtA==]]></Encrypt>
</xml>


2017-07-15 14:47:33 debug :
------------
String:
account-ticket<xml>
    <AppId><![CDATA[wx21cc570986f54847]]></AppId>
    <Encrypt><![CDATA[RRYiSVM6IHAf6h7pZLbdVYoIIUe4BvOiHETnGHHASLJpg2wiytlfw6Uot75N3tLuTS8h0Pcd4rpT89/yqd9C6gp13PFaKDaXQsU9ySXGUy5CQj/91rFaIHuxGl/94O0oljTmNUBN7jCVsTqk5Aluqn5QjFO4KjxrUlkSDvjaRBnyiV4PsBM0aXIX4mYDJZT0KdjrTxPvPJQKZ6f8qT2u6hKnKQXItopwA5prKJXjSOiqsHs/BWk6ylkmoPTJFk6zeEPCgTgbicRsEssAgJk3FwFJrkZNrS7fTHq+Ijsds9pBZrfPtSOFSzaGmvPpZ1/pqoI18zijUkFYy9x98iD7KYciC9Y3B6Ix3P+iIWyzHrqlCsQ226+WAsQ+3sz4ddRgetuSV6INWiceXnfcJHAfAxu6HI6enHtmliSpPlP2UcRna/uDvfb+ldIDqGcFCpFbjkSqiHzTTroK8og/DjmUWw==]]></Encrypt>
</xml>


2017-07-15 14:57:36 debug :
------------
String:
account-ticket<xml>
    <AppId><![CDATA[wx21cc570986f54847]]></AppId>
    <Encrypt><![CDATA[MMltnm8p55+D9cMT0aZTtODSeO7o4iyf5V+erBt9tfKbrJL38Tv4Beg5eJhlNHUd8MCURsXuN3Wsg5xJ6dVZfAIBNXeMd6HVJ9X2buegzwhnTFbbYTor9Wk8k7CXc6E1R5XJL6TZ6fPavQUJ3DKvVrWsdL04g6z/YMV6I4fUbucAV7iztl18xVBJ7KkQhTsXHavXA4OTHCo8YXpVuH7rvDdJi6Ve/LKWtXcxt03NJOxoXLbUpbUiUOu9pMuQUTpHuY0pTQXhuKx+Iai+fI/Mgem5NC4rzKwUcSJlfdW/wa+FOIn43xfAPGIxIut3Vh2sEYRGmysHlFEPyYk6UEHfOUaB9sNS7YwT0xnwwB5j5cyQsOnGIR+voL0amViOdEBpugbkHaMnECdrOniKS8zuX/T6uElIuAqBHP0thAnXaQAqx9y03diryN6Y2nH/6fGmK9RaXv0gXy3s1snCi+l0Bg==]]></Encrypt>
</xml>


2017-07-15 15:07:36 debug :
------------
String:
account-ticket<xml>
    <AppId><![CDATA[wx21cc570986f54847]]></AppId>
    <Encrypt><![CDATA[oLclKjnjqHcwn2D1DkizFZUx6AOPrOrB9dFAscJwzU0rcug0I12AhZAP8pAOLv93fGi3BhHFJ+QVxXE3IL1i/5PlQSWfLQefG4qxWZuk5UpsmUVX9S+0YwE6S4D6sni6e46vjbXInrKxIks7aGJxa91s6HQNNk16wLAGzMuKPbr/Ug4BEPa1dMKGeWrQpcshiekuv/KR8VUn7S9wpls8EhpgcqMacGjt2tb1hO+15Ul2yVH86mjTogc2s/jXK8KqH+K/7KjAgB8nQNFqNOhVRHfrVB4RTQxrSiVmqJgSB4VJ9EoeZCsDCkK9RXfrX7H0KvP7hThJl/753Dsq1xU8b/OWvDJVbTkM7AZbMG2j3NmM6TVtyzdJvpO8OPvhuTMAdVodosJW1lYXhVPSSh8KoJodQmvQD9d4YK0p8w9CK3bx+eO/AkWmB/7vQdRZF/iGdvBF3D6STZKUDeiNCuCz7A==]]></Encrypt>
</xml>


2017-07-15 15:17:34 debug :
------------
String:
account-ticket<xml>
    <AppId><![CDATA[wx21cc570986f54847]]></AppId>
    <Encrypt><![CDATA[hIPthwiq6jWYPY67JP6KbWSTbwfPVZPOqXc+qgpRRRNDLLG6h6WZCmAlR9+RXMzPzs2pdzxwyBfyvlJfMuSWxbFA2J8D1RuL84yuNx3jwabhDprTEM32p/Ek5aDxD7jj8XtiF3//YpF7NsQruRmc+y5Rk4dc8G7KTs7/ZE5ghUVim9mfLLGGpNLQNueAwTH/Qnn5tvkzmhTQD7vRNwNz+4TvWBxiQ5TEvnDRSt9ZBhZFqtpY/qj37zvoXI4rHcOwyp+2fOBN0jtMY1gNQswmcLrBvh9TldZUTCb4T8pR6N4fPLcRJGHC7PUaek38s5V4qKkQSoxjWPL3tovbViEeZlmrgYK0nk3qP4YyZl7e37Yao6bfg7CxJTehSUXRMzLLdpJIMym8TytTVc1LeSWM8fBYzDKVpehOHIr4Mfb1ZtTdDs800lHzNQJmOcw42VyjUIs30cYjTKQK6yx1KNQDmQ==]]></Encrypt>
</xml>


2017-07-15 15:27:35 debug :
------------
String:
account-ticket<xml>
    <AppId><![CDATA[wx21cc570986f54847]]></AppId>
    <Encrypt><![CDATA[Dq7sklxxt2cU1DQkDJqN1OAnb1j5Z88PXHwbEcGc7BMCg2wCOzdfbzuXRgm4YUQyzvIyiTpBibhrcc3FeVMg5M7l4TS84UgX7OCrwqsAYCaNuwBc3oNmn8ctU24T7RMaOaB72Gt2ECmF+9IZAq+vQywjX0empy92mPvXfW7UmyPKCQ+bIywwEqAzfSuCZCssDTadfTCMnDEjBQg7/IlLol3i3gRTEAh29tLnCodjBZTvl9A4fN7HWfxIjODvNHIgTaK75isIC3Wde0norZGyV/fYvXc1WljTwfYw1CKlCK85hXu2IL/fL2K7OlqGTB8MGX/dirCIHOwBoQfx/IROmQna5Mpga48pNaCmrCA6cx7YAJoQmOJ265GhSptplFzDASeVsXPPSFn6vozkwXyo2KDjER6wnM3fXqmGUg1TDZ1mr80kOQlIpUO8+m9AqWFnKiJsl7WNalv7lYuaaRUiHw==]]></Encrypt>
</xml>


2017-07-15 15:37:34 debug :
------------
String:
account-ticket<xml>
    <AppId><![CDATA[wx21cc570986f54847]]></AppId>
    <Encrypt><![CDATA[8RNlLQGyrr90IWd7Wv2LF1EEqeBxdTQN2yAWU5d3xHWNLM79vvVQ1Yl03cPeSLOfdF+TdFF7TamAOU/Saqo5xf054I6ftxPsOffjfXZYzO0MleVKWpOmfHeDnD8sAzGTeUK9rnlIxvpgeYEXrI9t99i18xhx6QFEsjQdEk73y8FFNjgZpGgHamC+wpMSDuUD46yB4HYCms9cJSwmoSihrWb8ozciMNZwnERuqPTWmN0q1RIbU2F3LNcSOEATuK55hlXkN65QJORzqytJ7rFZ4TY+qiUImJZIGH2A9b4YloBw5A8azHmd5cXlUITZB98o5lyf+83o1Pg4Ry67+pF0OKDohbiBc9BWQamKHWodxl65MPIiZdS+zfl/2MpDoLQ49ahU9CFzePPfCvpfNqCyIzCN1iX35f5/nJMXrucrQCIX6D0HHjHQTL+VB6XNMeo1jRKMH17GpYctmxVBx9Jmcw==]]></Encrypt>
</xml>


2017-07-15 15:47:34 debug :
------------
String:
account-ticket<xml>
    <AppId><![CDATA[wx21cc570986f54847]]></AppId>
    <Encrypt><![CDATA[zntahDkmCRQL9PdgLmKdsUs2ousEt1jl3H02CVpUAB6pkXtBWfwDBlGRqpDZ4PPLwSyN5m/rLopEG2JBsCgTeiZ/FvEB8iAulddAtfhaiw/lQEHZJ/bi+siZ4KBSS8eWYjkCKSVMqBxDEweAsFLAlaoDRCVq69RuhXipESBqBSTaPyfgBiOFo9Js9odSPowVuQvRl4Yf6ZhYBPXVMTwUYQmBKSHc3GpSrQq2c5K8jtzd1zlKRqXNf1tT7NRbdHa8qmiildeRQQa/xa8Juf5ZO6s6zcuOi4eAVeyPd4XIYNwbPPN30MN0oqh1rXWgMwP7jMqEvn+ZTt4AATsmT59lDoZ67Ys/5kKkWt9dmPpt/2UDAteUvIO39LBX7+VkuR5kxlFtIYVyylmnBA26by6jsB4SAwtRq4jBvxmUAVlBzKUp1FTSZ1ho9QOyX2JpwSIha++9y9AtXHZNI2xVfwlhtQ==]]></Encrypt>
</xml>


2017-07-15 15:57:36 debug :
------------
String:
account-ticket<xml>
    <AppId><![CDATA[wx21cc570986f54847]]></AppId>
    <Encrypt><![CDATA[2J+9hEEetma9hTaUS5FAkn7DMbYVk+Ybtk8g5Xj0UtYI/NWjII5656eX0NPyGMxuBjoA2l+wrngHqRvsUPwZ1LNsqYf4vUzG/Y0jpr4zwAtW3i9/+g2hSEg4W2yLyuAbfvCXeE4tVXl1V4jJqDn5Yf1Nvgn3HcanpFVG/2kjqCImezXpNWwy/q86psKwvyF/BR+iAs5SMKdw344K9l/qADQxxq64QBO27zWvjtVW1BxtqTSY5Oe2GItTSPvRY+2aiZT849IbKCU1k5p+iQgI2N9FMLuRRa9T0K8wd7O4V/Kav3akVcmKVThVNbs9uweJOJWGHqdLDgGylV5xqa1EBx7YrwdDhn3B1ESxKqYB8B1GqOYQzy8BB88Z8jQILM4VyjIGBATa7gIRv07XDVgtStUzL5uEFDPhWPk1cqfCzUDD+pbGyquXcbwJPBjbE/BvNHMCp2lL5CmHgS/F+hm6Ow==]]></Encrypt>
</xml>


2017-07-15 16:07:38 debug :
------------
String:
account-ticket<xml>
    <AppId><![CDATA[wx21cc570986f54847]]></AppId>
    <Encrypt><![CDATA[Cb6/CJ9jFbKbDhreqvAAxiThUJJJno0Sz8R186YCmL2BrCywMaWsZHbHDAZo5PFwUkUdFiuMvjoZ1NYh5Nk2CHukmfI/yBlT7UElpAGUHgO8/WhY93Np2WKFRQuHH0e+y6Ti9LQ3kx8aCq/8aw0eO0gz4ZpDfTqkA57+7T619hLPzSayNiLA+/iIVtNK2VbgVbvP+JhD2WVfqro5ZatJ67bkqvmq3He7RnI/w2sU28dLHc7Lt+lWR6+m+26PI/3LNC6B7jeMT/g5a5SoWo8+HoJCmPwmu2xbsrjtJaw8oLp1JMxu8rB5bDK6ZPsM7qkTAel+1x9YC52KZIuwFXtOH6q7wHfucwhmYgF/KdQnBv71ugkY2ykShyIXyMIiNrB2lSK6VPNlvQ8eR4OIWBTLWBUaoiUD4fTy5RoZnJueNePzBwmUReHojcK99A0AQK4JmxTBch+TY2djf5/vcDZjqA==]]></Encrypt>
</xml>


2017-07-15 16:17:33 debug :
------------
String:
account-ticket<xml>
    <AppId><![CDATA[wx21cc570986f54847]]></AppId>
    <Encrypt><![CDATA[Pxoh6Y/FgOuabqipI9FDwYOJTrJGsge8SnSkAb5v4tvwp5GBF0E+HnGcyn69SOV+nlrkzgRglESWKdpAVS8OAS3XnXRh6bz8I3RlVOOvt1CTgJ/M9bDVrw6RoeI5eFzX/fDmqvgiHpyIqD2SaEcw/Seic7MJN/QmlD4cHmcXLnEKovm9Gnu00rA52ZLsHLjOVJdw0V0KoBO8qsfGozCRNzxJd2Yp+pKJyw+uDIpGWe+jaz6o3f9TGfa3ZD0Uc+Z/+bZrOvENxVAw6JYaTAWCULjceYpGcKKbhg3ryx29PmhdeF4IPTWmkL8PtCEZ6Pr/8zNlsQS706f8MS1faoE66nMVFO4fXx/UPRVxur6Vc4PoQB76jifPqBnfs1j/yIX/RFK1dO0icZhkKG33vP65iG56ViF3zdn0DagjAdNuqQnpsNBar1hRUkVvH3sS4rcn7XwO/U3n96m2q21OmtRKoQ==]]></Encrypt>
</xml>


2017-07-15 16:27:35 debug :
------------
String:
account-ticket<xml>
    <AppId><![CDATA[wx21cc570986f54847]]></AppId>
    <Encrypt><![CDATA[XoxsyB8yeWnkeJgMTl3vTK2bl1Okd0KmKXi3srBujyitDC2Jb3wNLCa008KxNe7url8BgOFIo3BAISHbWmxw9iGbBqXsSmZm+WpOAT1fS+qA2TUSAhHUtYbrGG+gJhidpr/vEPwGDA1TIeh0ZFmmDCSHzXFZ7T7ySroKGQtSZmuLoZKXTzxzQ1EY49ia9OY/Hia1bTuoX9deVBTUxX8Gaf1MZKaj0LqqsCjKHMJ8bd/11TNfCXIOjAn5LLzllTPejeidOfT7sNn0+SV66jjW32uAxijl0amA8GYHLAdm8OdnuHMDKKCbqfR0qocLpCWz2kSuhvmRwZU23V17XLd3FBxqiBwGeEP3Zh9cjTWRGkUooBzK7DwNZhSAtLyb9xh5WsatJ83xriOjV9enS0lurn68ZdQEcryVE883XXYER9NITqXw2+PeDQiFHGow3QrWp9MsxinR4PX71DlBbNvsQA==]]></Encrypt>
</xml>


2017-07-15 16:37:35 debug :
------------
String:
account-ticket<xml>
    <AppId><![CDATA[wx21cc570986f54847]]></AppId>
    <Encrypt><![CDATA[uofRmZ/QnMXwHw8A8D9KgjiYBUz3xuO3ZnRteM4r5djqfnJOffQ/rIwx9m22x4ZZf7EU+epVb9YE22OCydc78JewJ68rRfO+CrF4RwM/5yT1AxZHCghwrYUBr1O+fdoDHWyYWAqwG9IUgCtPt74CE9zgc/iGwqr6ywDvHt17wDBeyaKEAuP5bxiMkKH/XCNiORcuY/I3O0WjG+4ixpJfahaZiScGrmJBnzuDlqcKhicYDPYEQMe3DyXoywhbKV6zTaTI+8TKt+HdM70BhsjkSkzfXQKZ5hs2qRXsrF6W97neKAFKaiPw82JwinnG7tZFIFeB029cvEDsxTGA9w82y9TTbShcUOe9m6gvwaDrVb9BDPhbMsMBaAD/b3gBDjHl6LAmcXVEEQ7zQzeHNSZOUq3rYX2hBWrPSgCO7dHcKd/+j9j0Rui50FXvxLX2hwMeqOD8hRW9UyAxzA6tuMkkAg==]]></Encrypt>
</xml>


2017-07-15 16:47:34 debug :
------------
String:
account-ticket<xml>
    <AppId><![CDATA[wx21cc570986f54847]]></AppId>
    <Encrypt><![CDATA[Jewf7B4kMHiZH8yUV+4as3+c9DrEBrJW1KE6mConeZzVUwDG15BTV/NImRaQuZbB/hDR6pYxUHEX7II/rNI9QJgiPEBR9CJuo11X5Pt8Vmrjb915Iq5rgGEh+DLC+F6s5aTNTjb3K6OLLmCo8Fp819M8gH1OFI97DR2UqAQC/I/v8ZvDh3B986wKrt+IDZNGAKIUnItSMaFpmXS4KcrBzvVcS4KaDlcx7L15G/X+vwZXyiXSo89mkfgPFuS6xMHfRyyvbj3omO3qc7qyY73zBmbOoB+w+zk2YWrPJ4Opx5YX9LjByujL84M49XbYGI19swkeI6T3JXXJEGFzfzNBnN8lQOzV7CPJz8Age4l85icV6cJqorGJv4+a9bbeQvduyv7GQssSo5LNc0zDcVd/yqaDWzEC8C5c/RGKciGOYSHh8AO2VrahHljmxUAJ3isSlB3Uu0PvSbi/83AtRIZ8Bw==]]></Encrypt>
</xml>


2017-07-15 16:57:35 debug :
------------
String:
account-ticket<xml>
    <AppId><![CDATA[wx21cc570986f54847]]></AppId>
    <Encrypt><![CDATA[Sd0JzQK9FHxXAhEacfSUAMyE+c4iJFDyMOBfIEQqsvDAWZCyy9Nec1JJyPEpbkkpGk8xOpyvzMijKgLz4v7klIurJVZ5iM/TnpK9X1L16unOIGLaJ99CJGEpApMi7wcotrw53dQl56hm2ATmmdLCquQ3opuQnLQhFSDSN0MDqmeFZC7X2nEtGRBoLmQKIIO3HZ91Q6e4A8ss0BkRD5Pta6pq5Pq17LlPudRS96UO+dIxwqj3WR9brYjCwN8zYwZ7X6NeTbB7k4cFCYKhJ1IiNx4nsMLX3GNGjEg+XXv92DzZ5BBRWWqxJ377Rorin+LEL0bo1MetzgjX4i/yJXzP0zpGE/X3qNZYEf336PlBbzJ01iZJV2TL6tnVAgFsxCag568HcmUa7vKKTupjzvL6wwETMcmvpfLjXWRZ/rBeVXRqQIItk339dumXSflhXcr67YAb93GWOQmlBaGNpb3gVA==]]></Encrypt>
</xml>


2017-07-15 17:07:34 debug :
------------
String:
account-ticket<xml>
    <AppId><![CDATA[wx21cc570986f54847]]></AppId>
    <Encrypt><![CDATA[sA+bOULlJFVMCPzhkJldZNxbnf1Qz9XjO/U/FPsFcphGEAP4iidsKripsC1q1qn/sDa9ZmbUoMzFFmzdRnZgvu8Fwn0CKngdbjLM44PXjVdPi6Q8mMMOHxioWw1AIAf3/B6tjS1/5HqO44Mw2a5NA/SFJaTMy5kvuRG63+gdFHQUHWW1DHOjRvo1IHN0nhx/6ORUaMs1YFgjQQgcwxCrrq/hsr8lBByJMlX+/6xtxJ5RyIoGcV8/T6QL3bdXFmS4gCcQ8d2/uju4WVjvhaRY81/jmnEWl+kcGMdhFAKyl7dn8vMzKBRq6dBS/6GSrOTZ4iN6UQlTVBWNXhMOZifmyOv6168N3neS66qfq52TLj9LuLIhK5Izq5wSeJJ3YWQWE/A5RCW7DlQMmg4Pwt5cljWjI2MwYHwbbl627ownzRxroYHaINFKlzMg2XvEHHMy/dcYGf34xTpxCEwX+3U0PQ==]]></Encrypt>
</xml>


2017-07-15 17:17:36 debug :
------------
String:
account-ticket<xml>
    <AppId><![CDATA[wx21cc570986f54847]]></AppId>
    <Encrypt><![CDATA[2hxumrnCs4TF8dJmsWCjQABt4yvSsRuNmgrh3QNncwC3h6b5gMBYF5Z6IfRf1a70Ctoh0tLfxwENtCMZpO+MESRMuYbAwlMjoMjIEnSbOtUj/ZvFPjxXN9oa7dNpkCR9W8m/SYHdWioqNh3g7Tvswq2bXbWC5hfsLqAOFD7XVkMHLPnlp7yZcwiYX/+Y4RzSfHrbzO6DwOdSVoD7FsbSVNeowAk2+TDolwpSU7NYU/ycKWI7bF0NWuIVeF/XCYeN/KEKIqixMi61i8bwF0rotLn4O84M0T+X1f2pE0nGhgjfuS8YcpOiyncrl34LcqaVliFoH7P18OaJ4KZOhSGmJ/DVrDGUHSmUt6V75TYZCUQ5HAB1W+w6Dep/peYZTAj7/QjjJ6kdMb7XRmVhp6U/OAXrk+iEvSBjP+ry5ZDYgHo8ZzGroGxnDYKFB67AJIB0Qol2eHvlu7DWkiRsVfDepw==]]></Encrypt>
</xml>


2017-07-15 17:27:36 debug :
------------
String:
account-ticket<xml>
    <AppId><![CDATA[wx21cc570986f54847]]></AppId>
    <Encrypt><![CDATA[9zkuNmUXbfSWcV78glYw7jmGmRydATD20Lj8IAnzccIhi5d7b6nNXuSvUyq+J4AW1j9hDpHkX6ukLHrA8l6yYSOAN7sC7rOaKQgh7Foc82f9JPW4SeNn/x98IE/JJpQmPdUesdEBSb6I18YT2H9iwkLKavq01PXzuzrjo61USZn0cei+4pt2Q6cZKULc0J2fsKw7dCukAg5K8aVLM6PJTLH6F0lv5dminvfSOrHIpw0w/iF2Ax76jDOJQ0SR4dp7sAkGy/v9qH8e5uJF/l1AGywHmb5/YAGTd7tq+E5LbmrptqiQEFCJAmQrHqMRcX/e9lfOZe9o7OJu4Eyc6Z/pXBYR4BR9yhEVg3AHJ78FO0C6VFcunhGfyZabpOD8BLdMFhYOg9Cr8Xw+5kY8wweHqiLE6lwEfnXFbJJ0WZ2RoLMCgzPHUmYZVsbMtXqaZa8ooK2Vh4baALNi1EBGjEI+Hg==]]></Encrypt>
</xml>


2017-07-15 17:37:34 debug :
------------
String:
account-ticket<xml>
    <AppId><![CDATA[wx21cc570986f54847]]></AppId>
    <Encrypt><![CDATA[CwxMxZpkuJjZ9lMubz5DRa7/JCj5zkNDNhXYGKgVMcDMGp8pjB+BUl11LYKOzEIE4YoRrA/ue6m1lkWuPAPgwv0DNLKCAt6nUFuZEKHYQuoZZiu0FTDK7ZRP+41ePjTTprN8Mz1d6zdcddeVlYGf8XZQJb/qaYCA3I6112cifYoWdvowfjIWWI+CW4QGyvqtgR94lp74xtj1Dj0Krl7BZGGSU2U+lO35AjRK7mDqORaWZ5UkQqjkeZHrchP+tIdLWfijftrMuEOyZtewfjIDN5dZv5Gw82wDRKNImAEgyJrMfmmL4f1I11zEVTi1womnC63inVaQVZmSUW2jFPA1lIoyQTfkMubLkH4bVrIoVG6Q0pF50oj4wg3SnqIoVcd7lz2r/wNsSbDhn3XimPa+Bwe2eozmeDW7KbZfTH/POVfvgETeYRycLPKccr75/c6YQmlyO4a/fOvNl3jUxihKWw==]]></Encrypt>
</xml>


2017-07-15 17:47:35 debug :
------------
String:
account-ticket<xml>
    <AppId><![CDATA[wx21cc570986f54847]]></AppId>
    <Encrypt><![CDATA[bfM2EyYoYpE0A837nJFlowlyCYjFUIe/kza79GUVf7OQGPGGw8AOzyLPYiKo5LO/cnGMRBfRhLfIQX6uQtWLf75vrzwlE6xflYKgrrormErpv3CCZ+y+/bWtinv+WNLpXwR/S7NdNdhlndLU9u7R5fsMz19ZrhUmwG354S3svbmde6ABIcpYdOmguwMkgGmKYPpqfIGpnY/v/xe83wvA9CLKv90Wepla9Ec3lwnK1pcN1jr/g94NkZ37/044wTiLapayeBcQoqeBSpZTo4DtJ0tNE6kn6goEVwAKFGnCtYlXt0imWGvFmSSkh5uRTGBV7UuTLrjq8S32sI7BuBI6XCuoKil0XWx9MbxIb5l9ylgTe8T/eSwfjCTZyKX+p1xTyoMps7gBzWPwcFc3D1obO5zNvtyjLm1VOoesYIT2GSezbCwpLCKnBWEVsX+qqUoABhxpKTxe4KdPydyPZkLhGQ==]]></Encrypt>
</xml>


2017-07-15 17:57:35 debug :
------------
String:
account-ticket<xml>
    <AppId><![CDATA[wx21cc570986f54847]]></AppId>
    <Encrypt><![CDATA[ojxYbaCN+2yhodKkAAGWn9oToA2SF2X3GRQF1U8qou6+ueYMmfZwkCaliAlrJPhtcZLHAs17WQ9lQWUDllmU42nwgVS3a1iTaRDbH2riwYFXmUJ+7DXcxJxW8IBVlgi40a42Rb4tQztYzYe82uvjpjUO11SfT6VUbWfxVXWvKG5mAihSZidnVLXIgI3HCzGa7+2JGvkHAWmMMFgUsMwLvEWQe16oe4ftVtFBMxhpy64eYCxP6W/sC87QDmoGVzVRn6e833XHE72/DtkJFVncN8Vfpw9LGmS1LDKDqEzp+pK6LVpPorlLPi0a/++CGxB7MD6nb24lf07ppJPKwqG9ikn03e7EsTm1PkkdQPoZjdC6GhuZPQH1F/l53VrG6ymRo1wRwOmFWLAJouD+8dtf78od/Yt21kYBgnT4MaoK8e7sv2tdPcAqcTOElPbBRqm2YC50pJngkf7MQF+20nOJxA==]]></Encrypt>
</xml>


2017-07-15 18:07:33 debug :
------------
String:
account-ticket<xml>
    <AppId><![CDATA[wx21cc570986f54847]]></AppId>
    <Encrypt><![CDATA[omkn0PqO85w1Yh3Jw8TUAWq0LvN5fHYAuKrSNil7djZUNS02o29QYwzCfMRrGIDgQ6NBxNkgOo/hASNppWwdd2M5uxYWIW195pixQJijBTn8X3tX1QVbYogRw/eBNVd5IqyKYu9aiJjSD2+RqBpGYuodJyhB04dWuoxMlY2dBL/jkMlkOMCJJDYQJbIbF2Wy74GRNZMqYxF3quylUIl3KGbgKDJSA4eByxhS1y5KRmfcl7wICXWTWikIkzrc0CtrjlKn1XHNjVlw87U+QcHYAoDMaI/w8/wUy2hg6NeiU22ULMSP6/LIsauBBX3deLt0Zn/wLc1ib0xhLql07X+galV0857XVREuURdaTXnWfXa0zA1bKwHt+Ruw4U/SiBj4RXcq/ot01c6tGPHSipX4IwBQDXiP5o2Jjj22hmMmcx7vOOyfeS29kLuoKG+XU9L65XoKNzvhOfWHxb2PZq/BvQ==]]></Encrypt>
</xml>


2017-07-15 18:17:35 debug :
------------
String:
account-ticket<xml>
    <AppId><![CDATA[wx21cc570986f54847]]></AppId>
    <Encrypt><![CDATA[huOa1KDm/hEjo0/RJKvWplTiDMrsyfcyK1GmTh/1HFon2G26DZH3gKH/NMkYI8maNF8wwCGT7pzAnL4TAY7aFrpiET4Iwkk5fZELDLCSot3LHtdW22El4fpYPBa36e2gs4KSNT7iVvIhkM0YYwTWAs4N03PvmLXMEoTY7dY4Lmlu/v7Djxpcfcqw7wOIp05C80lMKQ18CJhdSHCIs823R4V5em10TuBrdX2Q57nhbCtEf0/sSmmudzDElS8NGjy6SBF0IERNMn/22qwLA3HwuLIpaeuRbffmG+ot1DSgO1ikzfkZtIDUkasBb2EMA+BoUCntvdX6RBKJ7CQmZRzROZpXK8Tqnpb59clALJbASaLh/wO4yIl+XpviZz/LzafXOp/e+DpSeWlc9C0cD7LO8pH1Pc7z/7FFouq2ORnGUnP35OOvd6Qgn2hByJ1xsdQ107ec9bgbwbsK42dXBpYYqg==]]></Encrypt>
</xml>


2017-07-15 18:27:34 debug :
------------
String:
account-ticket<xml>
    <AppId><![CDATA[wx21cc570986f54847]]></AppId>
    <Encrypt><![CDATA[fSlaMre9/4yl0gmW5DraWoFBg+H4KaYBKac3O6pAos2gWm/fAC9IIW2f4wczn9Q7vLyUowvvWLQjudjBSFO8u2s44b48QRpEXCU4XIUAJon+KgUqfvUssU9Y4Upli0OlUrDyM0SsMJR3ayCc/jPOFRm8/8+dnSxu/Ee1hcqRoktGrZmzIzR1Fpq7QZ3R47zuA+WfmCQdrwdqyvFFbuQL4zg/2v6ajl6RUEfSbW3brZp2ku8kjKthClt2boNIe2EquqVbiXiTCQ6dtMkD38k2Md5Zs7qlV9IWS3AxAlyh5m/GAb1je4ojPWVsj/IVm7yxKX0Ghd3iouYXxpksp+FwTO1V1nwwnEo+XjPb4jKr/p2fwwTLMECOUG9YC6vK1D631EQKbTLnlFVfir9j879YDO7q1dQn9n0Dp1fILYmMSkI6yjcUZdfhBLtwkyYBYtT+VS4tuJosjXym/wbTYq8SGw==]]></Encrypt>
</xml>


2017-07-15 18:37:34 debug :
------------
String:
account-ticket<xml>
    <AppId><![CDATA[wx21cc570986f54847]]></AppId>
    <Encrypt><![CDATA[DY8QAE6XL1PKHEE0n0pt7cR8sw5Uxl7Zmo6dqrLXmu5tePjuQqU4acSZxpfc6ID1KrE6EC5ituvhDs9kViWBMNLjYJiwPkQZywYFvAGg53z0/bbJQmZZPhxH18FmkQwHRgptvovhKEETicBknmBfKcCN4BNtLpxT45eN7KeC+VvobZKKRnGknCysIazfPKQdAVh1Drn+ZYCcC29Me/iV5uWRQk5ErQFBnJq1eQZjzbwp1pED7D6XWktumqAEHQQf4pPOp6yH7WAuQ3FSLCVNpziOGr2NJQFiyKgvSqJtbPpgncmGu1Y5+Wt7iPFy4Mr1FPMBrE/uZy8dkgAdvBppbysfLQrOshBiT0Tda1BBcbaY3Hf3M7eTwejbJeXGAOeEmQ8/J5YxT8kX61PFXJTbHGEjRBYBzLAHVFZpADy91NzDGGTlsZuI8GfGUrVE30chpUJSTrL4pC1E7aHmkTetiA==]]></Encrypt>
</xml>


2017-07-15 18:47:33 debug :
------------
String:
account-ticket<xml>
    <AppId><![CDATA[wx21cc570986f54847]]></AppId>
    <Encrypt><![CDATA[rd9/sgDKklaedtxd+gpCF1mlkWbhM+g5O7RV5u9KKuUQvWiYf2w1umHYOYpPy2sJ+NVd59U/ZhOphSxRr2itgJp1ZpvwlsZs5ZbfncWrCBTQ3i3AYHOu5sL+jdnmr/do5HsqT7IlTuBPxKjgO64gcEu15S8SQrqwforSfzgx1FSjjA2r+8x9TZQBv52fMSUVOWsY/Jry3IMaokvEsEIyAGPFrAZEk8tB1N2eEhWjWl/tVJPHDKdHz1yH66AOnmTTSRylb3YBIV04rEtRBsdBSZv38UXIoIdLQ/iYOH+fq6YqUhY8MOkE6hc7Kjxz1GcJ2L7D84NhIw/XWeg4CC23vZGBdem9ga8mDf46LosNqDOCNHfzCcrYNGZeTFhO+htZ2yAeKT9M3YupNsIosKKzKpWsmG6LcM5PJm/+cIQPcTUiXzPKWS4rvWCOhbuYwcyBETz1UeA3ZLWTRcqK12qkTA==]]></Encrypt>
</xml>


2017-07-15 18:57:34 debug :
------------
String:
account-ticket<xml>
    <AppId><![CDATA[wx21cc570986f54847]]></AppId>
    <Encrypt><![CDATA[F0NEshZS72ALtHAF8sF7Yfn99qaOw12bbJhJDxJClyWYZipkD+xpQUuW6ShjiMCyfFQJBJMLcB+imDf9XUVC8ZLWp1FbZeUqgyYyGzbayuCSKIvBfqGWnvj7ZdmHad8zSEOL7IhcuRyMkY2Ez2WytxuZ3QNIRCOEFmeJOBODegoICd6i9AS0PxtX4cgAqH0io02aTjzs/sgx+cQyAEBN5obwJt/sEYaBCdf+LhFgPk++rpBFnvD1uAPibWxPVavQ5+Y8w4OAoMm521DSxnqmrgmJ2z1tN/mKFofT0HwagyKylGMII/kJND/DSfbdY5gzXtojZx2Yd11vLhYy8lQyI8e9lBpZoZb0ShNil8IBhkzxMM38EFEjVj3VyMeYsQpktva9MrK1HCd84C1b6hoMI4cW9WK8RTLB57t8JlU+0vb30g/sSczz3RRjwGMIw8I2y8w7xE7Qo/sKnvXfMORPFg==]]></Encrypt>
</xml>


2017-07-15 19:07:34 debug :
------------
String:
account-ticket<xml>
    <AppId><![CDATA[wx21cc570986f54847]]></AppId>
    <Encrypt><![CDATA[PcjtxRqVoLhfHAKLPcn5i8S6Fa281ns5bzrNhYl+OLPpXNUt2y8JuOYa8ZWMT8LirvyoEPqRW7Et8L5ezBLQy2btQp7oHoKsAPNkkYkzvvivY46DB+XioZKPhpcsrkLJVAhERM6kwTIIKnMknHgx5esh0ZaSMCRFXK5nV0QMX+hjFszH9S0PCIe8iJEEUxxp+6tfhAv8NRqDFusVlabL4aN3pVBctJ2Q9yNnMsBEywBr4Sqc8nA8pt4S2kH5V00cx1fI0hZ3rulGMCGYaS2u6K6YqTsMjTl7N93jovqG6ft5LzwxOdDi1XwuDoxwRT+8yiQIHJnEGIRCKMvRxnI7FYInvplSxpvxmk3fgvUMfI1XDVs052IHXq6HfY34mv7u8G2IAc84/fNA+vadAUpvx9/gr2yyaKkIwebJ8Trhtoxl3sVFIY4M3OR1dplOPIhmEEHcZKqltf3gU0bFKz5nOg==]]></Encrypt>
</xml>


2017-07-15 19:17:36 debug :
------------
String:
account-ticket<xml>
    <AppId><![CDATA[wx21cc570986f54847]]></AppId>
    <Encrypt><![CDATA[2gyG0OElBdghMzEm6DyNIGfMCCJuXXLHO57iTiWSFGX8dH5LpxTCjtKCsPsfBe2ekUNwiCHb7bfOvVEQ2dqUShQvvTFUoXrBQyQf+W0RSVmoqIxJ6pNVmpW+ROFY+6+b/tA5NHN3mZS475wHDErOcoWKtrbPoeaIkpRwFxntZgry/dOwyRZLQXFgrQseyMgFvRvT2bGfbDLO9hh8EfcZHjehXTOJr1quOdCPpocjigiLeSHUVEAgqQwdxlEw4Ht5tmKRiOl7w+ajh5Zvq4sDmq6sCzWVlFXrD0BdCBiUSE6aVPPRPIO2v7Lte2LFLnFjmk5xa+DMB5Rv8ucIlFvA03MOXkbW2AwLra8BFYjnbEYyxpxxGWwcBiF7sV60QyDelg5twiyezn1fOVj7MCA0Af1DurBtZsy8z5Gk71J6hHzeyH+Bq6xe0e1NpcbKMr9r/DtraDMQU4zDpoqbFhsx5w==]]></Encrypt>
</xml>


2017-07-15 19:27:35 debug :
------------
String:
account-ticket<xml>
    <AppId><![CDATA[wx21cc570986f54847]]></AppId>
    <Encrypt><![CDATA[YjBW7+7xSAVnk1e6WQFKki60QtBPR152N2u5nFDnhkRG2id2gR4lHLm30okc1UCQphG+zWX8y8gYV676DYa7mA6wtMUX10/GdC6gVNgLoMIvHvQ/SFgyGmUq1oSmxEzufLtky1EqKnrZqzByJqTCSz5zcZGNPc1gYfUli36mmNdHuSSCmRGtDJwwFx7b+JU8vaItmEHr1hcszLEELUNAT+JNuNp7jAx9SC3N7mrQs1xjkRYjI+NIjgY8GnCnvhoL4niMStdOEOicSv/hV+DD8uI3dUiDMOeBEQgGNEPMyPohNxNlmZmLnfUztILD/3Q5wNqM4kxbLNThO6DkMtarVmlhCWA3NsUsIB1N2/9fJhv8Ocd/hXQhz9gEOLPz2ZoyslGso/rxiXS+GQ+eI/S3t+icpOA3FRGQvYsfCRrFflie0Yx5r8aCzHn435eWUazfMvdX91jsMYI2CHektPIs6g==]]></Encrypt>
</xml>


2017-07-15 19:37:34 debug :
------------
String:
account-ticket<xml>
    <AppId><![CDATA[wx21cc570986f54847]]></AppId>
    <Encrypt><![CDATA[5oar348Fi4nUXvqgzA0mm2nwPx5JNadgKXUf+ApA0ci2aU3y1nkk1i8rGrdXMX1dQpvcBGde0intenp2YUwZfOsjQAJALJcS0ZiDULZZ1D4W9gU1geHqkD3xWosa0WRKLc/UXYUbCb8VDfPQOjK5N4bIy1Zc3VJ4qzLaEaV3vuY0nWpCPYqRxPkuyKmJY11D5UH8NCu+VSjjePHn1h9gwwqxwy64r659FHncOP0r7cAP+DO0+ttZUV9ZjF5rilGiXIbXRw7uiXyWpgDioYxPKpBlYbsWn3USE1DlDGJbH1Lfaisl7kORYw8p029JkIEPs07+gxMFTYLfqVgJoU13uVadVWqV9kmpsb9hVqYti8px52AGtOc0LzwDZIdk2Y1X2xGNFsN2oD8yIHAPsMTvDxvXMLOmDNu8uI0BJyRRmqlwxyU/NWlz8+HN8ifXiFkyQNYlVRchhwB58wkfts2ecQ==]]></Encrypt>
</xml>


2017-07-15 19:47:33 debug :
------------
String:
account-ticket<xml>
    <AppId><![CDATA[wx21cc570986f54847]]></AppId>
    <Encrypt><![CDATA[NCLbv+UZjiSysEVmUemRvzm/6hpOW9RxurFY2U4oD48NT70fbXOBiyCh4vtIkLWyCCfTMsyyJNOAWAVslzD6crVlPdKUAjOGgNna2taOUwkqt5mRCXfWYQIWv2VRatxYKmixQKDHUaauRpZnIkxEEJNE+Mzx7Yurxkx9b41VFdQfudJ4oKYRCls3kZt1iKWJLQ8EAzHqdqO2nyR4kMZQskRxOaLvPZQYPX+wVSL/Wa4wb+XjpEkIs7TGQKj3DtQDISlao3S9mZ1B1rE0mzeTzRVkJ3/3D1kRYKS7hqmV8AY0Twp2XBYupKn+z8TyVkIYgzoAgNdNARr+e6BpuW3fkB7KPvYGDS6uNsnc/Z6y2U8gLS4+buQ84iJpUa/C2tZ2cn1HlqXnZflHEYOWlgMZgllsOCAkawuodOsCCTm9a5wYe3a2UDr8YrbRzFy8En2xrECjEUobSLIi7mpS+3Hdtw==]]></Encrypt>
</xml>


2017-07-15 19:57:35 debug :
------------
String:
account-ticket<xml>
    <AppId><![CDATA[wx21cc570986f54847]]></AppId>
    <Encrypt><![CDATA[vttvj+OP/GCS6Ajxi47NoKtRWYvWxfbCw4FYLTDbKOefLBMjGxprI/dI72tM8fwnaKm902j+pYYUw61OzYFD0SS27CcOiskjiYWgKsK8mgBhgkHiPYrFpx+2onE9ZqX+tviEgq2pOQr8qg6EpOQoRyREI4p3nYWLgBYJ64CxEajBNtsi4FRKRiqVmFRPc0NgvYpz7zYVn9KisMOwMVLohYsn6MfqQ3K5oRz2gPwVtrCSz8kSK/RQJAnzDNpGjTyq8/OEtGApgxI2eWcv/O96MD9A1ZZZhuLkKZ+8VmdJkLNv1GzO0aNxm/e0AFN6niXCmPnUd/UdacgykU5LRT21vZkrRgbMixT4DvhPwVyryjM+IJ/9JZT6vHEbooZ86AD1unpUoTExmE/H/ceB+QycMtb8Z2src1a6JIWw6jP0jOsxG3aYkO6q4jWqwWAj/jnYmF8sUcaNPbNdCFCHQw6S6w==]]></Encrypt>
</xml>


2017-07-15 20:07:31 debug :
------------
String:
account-ticket<xml>
    <AppId><![CDATA[wx21cc570986f54847]]></AppId>
    <Encrypt><![CDATA[HRprkJZu6RQJSXRmmZYf0h0TaOKWGJDnhGMidWBNYTma78UZgBQXJqMC3Wusfvy0uNsTRgvK1dLFLOYDMVid2JoVhq35Kc/pt01maE1qNeiJtH4AjK+di4h305UF+Za/kj4MMM2OjRPpilwGktjk/+CBKkwWF3Bvw8+3OBlYcBRTjCS5kRB0Z6Tw4lrjUD/TZp+KtDGHUwFHzHi4U2GifKg3AutiyExaPfMJsbhix503ZESu8Q8zENkn+5stb6kKiryUg1so4n6gvL6LgIlZ89KNWw+bPiKEWpPAHnBh6/+kE8dCOTVnyO2HVJhE/s4S+mAa1TtZfLGutGdu5fo9NCck6vJsuYal0d/gFpp9hdHpCbyXgwa39ofvRmnQKeZ8/eqDbbaSwTXQ4O7+D87GIlE/mGlrkccDSi17Cb2aIjSxF6y2N4Q8l1UGHxFvk+6VHoIzPbVbZ/jDU8FtoEfBgg==]]></Encrypt>
</xml>


2017-07-15 20:17:34 debug :
------------
String:
account-ticket<xml>
    <AppId><![CDATA[wx21cc570986f54847]]></AppId>
    <Encrypt><![CDATA[096e0lLEmoXZsaa2m/YdqZLJ1OHK711wRkX1Tpk3y2khc9lMwFcN8fno3aK5mWSvrVh7nun+mayRuLxvX6FWvZn68iWQ7RtGJuMyG1CB3HLI0GmwwJeSCbIDAylPIauVvd3aye0Reohfs7t3+HYRqHVk4JbPtgVNVFWhDnALDRvb4qrKBhFF3JUhNjfI3+mfDkKjtf71OWAc4tuQRPeiyUSqyRTIkI5y1/hYN7Xim8vmTN/Kp1OBXiVgSdYHaolBBfeelp8+RG0XPvZkGM1jUsMXWT/sxKhOsS41WgtxgWfXT+ZK/DZVtjxaI1PWiX9H7mj6TSnNxvdoJs3+GmsNg01+yI7EcHhrmg6s/oi5scc+IOKKO06s45L8eW6/p+Cb6hFeY7NDux5wGtex/v7xkwHwqUnpzkmvyuEstpB6akqcKRfQUuv4Tb585g68yU/WbwlhQwT96b97TJB8uXBbBg==]]></Encrypt>
</xml>


2017-07-15 20:27:34 debug :
------------
String:
account-ticket<xml>
    <AppId><![CDATA[wx21cc570986f54847]]></AppId>
    <Encrypt><![CDATA[JPo90c508gcRH9FGlnBl71glipascEmgadVvVjtq59knEEyO6SAbgQBV3wxxDMNVEEIBgfZ+QHlqHMYicSrleKtVrgqkAZ1YV7sytDar7z5PCdhI7L2sDBCB5364rrbJJzSccdZUxzLQcQar62iXIhIVeYVPyooDRDQZdc2dfzlWHcjiEksKA/w5J1IWaU9/N21tYY6WzJJsqdP2TvG+6oliDS94/hKa0kV9T9Fi5O1MvuV9foow+Ax+NdhFb8wHjzaZiSEOazRSoXr5NyRvhx/hRDTU/tmQ87p7sqRXDwUqUiaJlDm9GqQ/Wzu6rDVdzrZZ4bUV0nfw69qPfo+geKcjw0NXeugD+cOHgQzcgdbhTsTVyOtEmiX05gc6ZdILFGiB1v+A7IrPrBCtprgLbpY64LiVFKLohX2D5eyPMP/xTHxPpg0E7evliTdbrM5mkZtEf7kMNYuz6IWzjM+AZg==]]></Encrypt>
</xml>


2017-07-15 20:37:35 debug :
------------
String:
account-ticket<xml>
    <AppId><![CDATA[wx21cc570986f54847]]></AppId>
    <Encrypt><![CDATA[vJpoGLwwvMjjC3GDP+JCR84sn10UFPqBkhgXcgvoif5NvFWZ7/Ti6ZzyILfNpgTKSsG3ng6706alLPTOSec6goinS55/KWJDgCWIMK57LQzIVG9UNvkuV7Gn8t1U6CTf5vKJxqy/dPFA1/yXlwyJcxyV+cMIdY3nsCRRecllZhBcGD4QT0M/R9ccY1GWhr0g06hO1uxaATKwtOw/5M8BTDB3Pe1PWPWTWgp4f5T9FXDW27Ua61regdQPCf+o1WV1IdfLNay+CKWOfHigZqKhcAMRvU3xhyUmCYGI7RXfIv7GZlqcDahji9tEgylaj4d4j3owubONNcbyFSGXWKFj6uwjb3wl1Qr6yn411RPuquK2bC6ZCCkzTv+dlXTictM9kE1Alh1svpowt+5s7zfEyHvhPD1Ki2COlhkdJVP6BDdRLin0vtWiwk1wfYuzGf2px5FkDRYY5I5oRM8DpYxYXQ==]]></Encrypt>
</xml>


2017-07-15 20:47:33 debug :
------------
String:
account-ticket<xml>
    <AppId><![CDATA[wx21cc570986f54847]]></AppId>
    <Encrypt><![CDATA[y6pvKTdELPMxLqs2tehXW4B+xP7DKzUG9O+yxd1VEiD0Qwa1TswqRzbU7ElgQLsbGOY1/3tnCNPgH91YKsLphQ/RFv8+MTWVr6ZfUJkQ2NG1f7MWLMAZwW4dn+l3RIK2uB18pRgcg/2KN0L6HcN/x1nv68Fhig5cwqsBiKZEiN/OZQnNJnEsnaZLvfTYQdDZkuyUSKmGs+bpoKlmM8nWFQinpaeaVdHOm4zq4ukA/n2ml8+vryE8HgbsewNpabDy3Xd/z7lEz6laMAHHe+XSwS5cieT9EGKNGszba0j7McpRGhXSUhU9pj2rkxNjyWZc719bTBpAxvWg17EsMoAoVZmNQnYXIo5QqPQ1ZiZaCUIbTX/OdBtfKXp+8OTlzTo3YunusG/+M1dXxZ/O5Oirp75kbJ3ZiIxjoLM2p2672sFNv46RCHr5bcKRMytZMTO8WmTGIiN+wpUN85sa0sKfyg==]]></Encrypt>
</xml>


2017-07-15 20:57:35 debug :
------------
String:
account-ticket<xml>
    <AppId><![CDATA[wx21cc570986f54847]]></AppId>
    <Encrypt><![CDATA[OpZnc1R+ySlLESS6Ape29c+pUgnM5AJs7WFvZLkwQo/A1WZGHootW9R+adVhWo5IhipLnkb7c/IM3ubymE3F4aiyY6BhEk3K0AxOg80fHZ0GNuR1AYBDIVGuZ/Ai/+AnyVuqgXj2BK+rw/kHy4it/NMChYklU7ZEMX/ZCQA6p+FJmZ3PtawPpwSvNX9gI6nnA3GyaxBvtaO07WtuGPMHisHY21BNKWFF4iyKDDJLdj6xSxQUT0JTlF4lrFt58/owkLSzP690hNWwtan17MVaXz+LS//nQ1TjtQyVL6z3K+qpJvN14ty8Dou7KVK7bfCSSkzxZHh3azfqLhEG3xasAH22hHdFMYpKnOIZ6V3+xnI++2cj2lrMWPt/NqVeNcfpwh2wusK6wvu7km7YWGaelS5LC6Wc2MmDKJGVIWZBR0VN9j3T0WIjYAWOK60TlIGhtt269WLaKsgYigSbjAp/Tw==]]></Encrypt>
</xml>


2017-07-15 21:07:35 debug :
------------
String:
account-ticket<xml>
    <AppId><![CDATA[wx21cc570986f54847]]></AppId>
    <Encrypt><![CDATA[dAJOQF66b+VTjKdoP4Q0HMk4duMy5I8FHB/7gZW+IbzaCw+a6NKstpJF4DdCR+ElNtTGD/njsmdLdQ7kaTArE6fe5/wP6HHlG5dexbi2q1nl665pPmR3s2+UTvgugaKWY+EUC6+HBZ8rO+QfIMVVu6yo8WSN4KSTWrkL06EYJo+fjPpOfCmZdG4pBwPdzlU7qfaWnM8sNmLYU9t0eDyW4eSAbEEn1KQUtEGQnzJW7YaT18PYtqi18IytBki1r8Qq9Ky1MeEFLO4PIu0gVX+baYhNX07eiIUwa+popk91t4UfKVY6+5ghaQCXVlUxJXa3GBhtT9o/e8o393FtCDkSWqPpciDO0AkfOCX3zYi4zvX4lh1W59QaAU6tw+twB4WWquyzNl03XWAWQIYDfwaMScpZxUR+vMI4owqM7/JDH2oFeTEaueBvWZQTBPXGhB1EoERGG2e2nRvNt7GjHLqRVg==]]></Encrypt>
</xml>


2017-07-15 21:17:34 debug :
------------
String:
account-ticket<xml>
    <AppId><![CDATA[wx21cc570986f54847]]></AppId>
    <Encrypt><![CDATA[JZfiDK6WJrGsINRSBX7PCgqm8ExWkn822t83lWw37AmFHBQEa0LKwlprX6A9K2s4qBivy6aWprJtOp9zkQdK8VRZpbxAPwCKb611FrAIltdwrFmubQyhsl1t4lVUhlenT1n2BcPfgnVReyKbT43G4q45UpiDWE98Nyd0VRMD1uaYMTLRfhWlE+6NKJIA89CNFfzwOxxLdkhx7tntmFhrRaIbrRu8R58AYKjwozxRIUkpTfKjCatT5tXpo3gmBigCjdBZhsx5cvPHT3m+SC6joMsRH2k5kRB1StxirRK3VAfppz2QKzujt4yu5pJhKwu7/BhSSRXn2h2UNmihgIE8SZE3YfP1/RVwUxMr0Nfnv0yTR3CWzwyRaPjSbumxbb/uBeoAL5kkcefJv4SFbLNiIejqPC9mrSNKABPyyPMjBEkQwkq/YYuCdT/eavLzsjxh/d46uLf8aei7fRB0TkqXCQ==]]></Encrypt>
</xml>


2017-07-15 21:27:34 debug :
------------
String:
account-ticket<xml>
    <AppId><![CDATA[wx21cc570986f54847]]></AppId>
    <Encrypt><![CDATA[VsCKLoX7sLWmW1qf1uwI59IEolxpVMZYJwsb+7JMy0VB0vAnRa0liVc3QJj7zg3+zr7TKK9q1ZAPDietXAjTe2EO9u6hpJa2pk62/S7Y9PJFvrvWds3YnuiDH9ybccVq3KFudZKjE4UJSmqnz8ougIvgIpNLNTjjyltkC+UPifS5j8iiplDE1dyWreCDO5K8DvSFIBPe5WTtu6q/ywUGEhUWBD55Q8zLAQfYu2G/dRgZCCS4ceLT/gczUkMUj5l9Ar1hZqg5hw/4fy3Sqmf0l6q9sJ2sBTXEa/HS96RNNsupujeFHA9393nVVBDsvISk/z/inyF06QzorYvUEPxGQDIAEiUoW3Q9YlwWuXbxMS8hbh4ni8/14CZIaMTpYfGWefWbwr3bkIgViG57A4j6Dn3i9BXznloS7pUrBpijZf9JKgmWrRK4Ohi+CKv7TZXaK9yG97DewQluidt0MIbGiQ==]]></Encrypt>
</xml>


2017-07-15 21:37:37 debug :
------------
String:
account-ticket<xml>
    <AppId><![CDATA[wx21cc570986f54847]]></AppId>
    <Encrypt><![CDATA[YoOJt18Ahn6Jbv2YoMwUUcZKfEmtqcF8b4xq2uDaul9+u200d4cOzSXwZ931GXk+tPjF1mNjNR2s1U9A3yu7233FfJPF+ibdrefczHbVvN5+rVJIfNSSLn+GVn5veouiI5djQ0wwnXttTYTj1yP6qZsbwrGwA2NNr7Hes1qClFGMJNaWTF22/LycWAd36qbLqsNYv4e9pGBfTvpQ6PZ76ngTarGPrEt8aX4EDgEsvEpNV4lBl0PWYVDmCKQyZ3v+aNrVEET9es4gt704IWlOJtU+ZVjwxC7/YvTFD+79xxqK4TkkBMa9DErnzGYXFAPlDKzs+wd+8kDMtD8ppbhSvv6u+vE0IDsJePBXqJ/Xuk4Mj4Z3YHlp32IMysawAm8/m8Pln2qnrCfziGyRpOn1G78dSvLOrDokPWrSn3Rju90BkZOsSTTd0520GyEsFsQCWNfJ0pddP1BMVNjvT7mpdQ==]]></Encrypt>
</xml>


2017-07-15 21:47:33 debug :
------------
String:
account-ticket<xml>
    <AppId><![CDATA[wx21cc570986f54847]]></AppId>
    <Encrypt><![CDATA[83cQIN/m5BYbiUVXcGFqQ8N5oDFlZbxYT9wUbh0Fj4/fnESfNRbc7uZp2QeIb4vpZx0rS8KRrJcA3shzEGWlS8hMh6aIv4Bb9qrJBC2fFOhLg4TUHCW/dHv1mk2c2hmi+B3K5W6+nAZuDfs9Nalc6pzrD+UrqjBGzr+FzMtwPmTju7eKs954B/P6GqT+50HjNbBUkEgCJyqLgxID7RWNI7BJ0tfqXEKEMtluDbLkaNTO4HCtRsJhkR95uhaaKj2nYEeIEHxCN/r05uQvnfZVKj3Z1uSXgD3T0B6QtJKAjZSMtpaDqEQ8UibFRFh3PGtb7Gufld2n1JRMxvNqhk2lYKQCA7MInr7CTf0mmotZb1N2Ghh2kGmQtkJLFArgPgDPA2PCfb5Z/i8C9DkUPC5Q+T/9Cp1Vm38ArbViNJLKe34tDxgzRqoUcZfq7pBuj8cEdgzUOHndqRVj7x/yt4FCGg==]]></Encrypt>
</xml>


2017-07-15 21:57:35 debug :
------------
String:
account-ticket<xml>
    <AppId><![CDATA[wx21cc570986f54847]]></AppId>
    <Encrypt><![CDATA[aXcjjGz9dlyapUZeuQF6hY9qTbeWYG6u9sjEYolcuBZx5Wmff4MmDUVD3E6mbGAk1jWenQF8auWfqYJ85lPs6Yf1Wxt7v2YgOYuXW4vnvGh3hVPl5ZT7ChpAuxfAxp14XkM7I5TwoJiAtde5ZWopuBT/Nu2I/pV0dcvwP7PtzDd+gjw4yXxl/9Ub+PiIzGbKx638IbK4pJzKn+maHTMwzMsQwlfO55srOpFeVyNFyGrXrTKtU8f9SkUvifDYergCzp+IbkN8nkdKQuovOEdcanHwbTZEWnm3jTGkmS+eC9kmnFsrgl9DVgDJfpFRei4jXHdqb32wzPQN10cgE+NKL3NS8fTJC9oRl0VG7NW4Sk3XTXSYKae00VKKnMrP36QILwgD9KWj4LMG7Ml+bOR989v03Uxiqh1usG2PpsMw2FftIZMbXU8B3SXlfSzBUYE0zpZvOYfl1WGgONsAq3i2Bw==]]></Encrypt>
</xml>


2017-07-15 22:07:34 debug :
------------
String:
account-ticket<xml>
    <AppId><![CDATA[wx21cc570986f54847]]></AppId>
    <Encrypt><![CDATA[sY1SpJ1SIECCO68DMrCz6q3LU5aGNTN6fOaKQp/GGp1c+QIornSyM7BspnlfA+Ekv1+yVZOBlT/+hFjWxxUiXt+omxoAO0556WDsW4J/udyjWGZcmlsSNyuXxm8JBsw7jS+f9cB9neNRkM+YEwAXw4fuk/vKHLaXUg5Bft1Q0cUC6NngwX37EZmybVVtaY3UTRPcZ9mTSYOlN193l4a/CHOReJK7VSRNAmjDzEHZWEUE/liQ1MnUmqf8vXK5YLXCG/T5+cNkyGaSHjaf0Vh22QyJbu9w1VKmMF03DZISHqulambu8DNbB9DUSUClMYQEktMNuMT6ag6tr6cINESidAn4HQGM+ZPUA8OdfJf+472sKNnUJBI5LKERJlFGV3Sv1buVHWqg5q85s2CHPPxRI9qPLwey5h59p/19gA2oba0RHzWxEa/poR24KjjYV7IQEszFUdC0Cs7CNvgbf4S12Q==]]></Encrypt>
</xml>


2017-07-15 22:17:35 debug :
------------
String:
account-ticket<xml>
    <AppId><![CDATA[wx21cc570986f54847]]></AppId>
    <Encrypt><![CDATA[avDylsUdNifiuGhDskXsvoArvM0ugs8LuA50SkyGxo++T22bh+jO/CCVwrm7UaXh1D9QZwT0Nz0QYoAI2WASvqkZWxd+XLqptZkCO/fwefLEuBaJAKxnzS5J8VOq86XT6hy8qrh0mB+pz7LlimmINZBS376R2G0keEUL9h1wsXX+Q9kmi68Chq8pnFQW9rKiHH7/3G4mcm8e1AsE1ZgfKMEwCCPIgimqhZaRck/eB/8qKSvNtoY+g1PYrNXq4U77mdLzS08xNPLsJyMl1hnle374ASDfaD5DOoHppmAEGNZRE0Ch/orrWPZL3CHI/xTKyIF2Bx+xJZoZD94gJfP1gmYo+a2Vygc4ooAd0TQUiKp6whpR2+6Rt2GA39LngN2IC3PDTy3yv+cvRJrCoHs+NwLIjqKsiXoxAVHw173ArARU8FUs28X+3Ax/j4qpU1YvgGWQqY4KuXVoR0QHo2dQcg==]]></Encrypt>
</xml>


2017-07-15 22:27:33 debug :
------------
String:
account-ticket<xml>
    <AppId><![CDATA[wx21cc570986f54847]]></AppId>
    <Encrypt><![CDATA[lCKIT50Ot3Uk0di2bRI5OoGD+FubnUx2nNVuJxa1Jg8w/8j0uNyN4UZ+gsLgwUsGFyyukDErr62DfcY0VodjdDLGk8E1LjziITCCthcVjSfbDSHLn0lX+bbQmPVSAMAD4exmZm0jdg6LfuBM85Pu7rCs+CIduWTe0cHeqoQH4K33MEJ5TtsV6ktzcoEnTKD6bnYqbcnpdcMVlTeBiDXq/1T9dOyetDUsprKwysh3/BFlpLZbHMJR4r7CnfsrpRwKN9gGHZJtQrsy5qPIqQ3r36b2VikeHK99L/aPxHGk/k+XGQMFTVpvuNB9qOQCMi+7wj1llgj8XsH4F5FuBF8F6Btoioo5f9+yBMcdWwmERNJkhejP2YbTUi/OnwFcrRrhpmyZw9qMJvVFqrxG8P9K4EmMM1UJUBriy1zj6bv11xVwlnn0AO6sh02ryoygvm5LkN1J7yeNCQDS1b/eTn9ftA==]]></Encrypt>
</xml>


2017-07-15 22:37:31 debug :
------------
String:
account-ticket<xml>
    <AppId><![CDATA[wx21cc570986f54847]]></AppId>
    <Encrypt><![CDATA[cYLTe3hgkMr3N040Vs6ZBBryje0AuZVg292eqePVcGX1P0ZXl9Rh66iS3ZFSXXlzS2hZIZSXNnEctgZVoodVSaRLfRuibkiCV/sbXqI3NWdTfM4D4ef8a87vPBK3TFTlbK8YEmbrWi6ji9z+QiGPv6IcE9VdwcqLyBGCrFwh2Z6SozD0KqRh53WPcu0MaIriINOVOpE3hIPhGiX2sjkycoinWuAJEXxCffgCXCC/8nPSwwQgH7c81+H+oMA9HegudP7D440XYnk5uocFYXdt7VdZ+LLWOJNFWp+xBZMg0muWRU4Tf4AnCjcaR+VEjlMKi2iwe2F0yH/88A4pttU8PSoGt+XuTyw5vzjtqIl6QGcEowQsMLouwuB3JD9Gx2abxMX/1mY/ztZZYfaA9l2k/iJEqztFOZVv6HSewZVHtwPo7FE+lSzFXd9AQ0eyPwrajN141mj1A7eLhICtdJ+6Jg==]]></Encrypt>
</xml>


2017-07-15 22:47:34 debug :
------------
String:
account-ticket<xml>
    <AppId><![CDATA[wx21cc570986f54847]]></AppId>
    <Encrypt><![CDATA[+i0vipGtmZ/i4XHwKHWEENoIDC7reJIQJ0DKEifH9YOx+VkeTf9G4F4JyxK5KPEYUCNNrlq6kzpMV3/v6jlIrz5PqyTob55mJohLGwRJqsgy7BZVXwyVDG6//gs04aqeovlCAcfBtlSDb3fEO7/Oh3zxFMw4lHKMdS1MZwmXULQciK87bHGe5sGahAJidQY1EIfFFi+9AnlwtcTJpcOxUjWiXYxo38lBu0kSpv+KlQqRhp0spBN/QdEIebpXvfXlTR9GS43bVLkzU6aoMd+V6PgezioNn9R30MV6+XtuZOD28bCTgybzL/B2k/4fEPbxRCeJRjcxV/8exleEETK1XUJ+0hMWF/pxyUBE5j9/tew11+WFLi2gfXIY1BTKTzAZ5HlA8Vo4aAMWyTLnfN13HDL3tfRlWIFlzKVDqUJFII1NSFaaZ113tgTijrfQdQfxFjZfdCK9Rd68XiVvkWIi8g==]]></Encrypt>
</xml>


2017-07-15 22:57:33 debug :
------------
String:
account-ticket<xml>
    <AppId><![CDATA[wx21cc570986f54847]]></AppId>
    <Encrypt><![CDATA[ZJrT+D7Ov6dW2zpr2UKFeI24Ard6z+PtCZ4JdgI3W2nE8v+ijROkyUOscLs8H7idYgBO6g55DNr1FKaIhvTAjFMGwsZvmJb2lvX9P5HfnmfO4NhjNRhb/fQJbTMTTUbgBrc64giCvBsUkSVrhkkD+MMBZZ9lqjuY+OebE8hZXFMv1f6kNqN/+bYwJTtq91/WyBatrxcTI1y0qIadvYt9dgudweHdQ5l3R0z2o4cHnAv2sSrYp0tobtnae/ELzPaZXLCa7MGnAFvI/wTF/d0LSQr2u16gY5XzMk5HMSUE++yORgL7046LNnsMNjSAr8KyJcshs7rM6LY0R4UwC0zIr4P/SmGIHhIBqyjADhvRIUdcOccTKIt5AaZqGe/zKCbtB6cMireahDdf678/Y5kGOsBNxgWECCo6iJUIgXnp1rZOGDDTUIgjgaUZfvLsJtgB85WoaTs8r7ohhZhU+0pIDg==]]></Encrypt>
</xml>


2017-07-15 23:07:36 debug :
------------
String:
account-ticket<xml>
    <AppId><![CDATA[wx21cc570986f54847]]></AppId>
    <Encrypt><![CDATA[ut/v+7zmvoajJ0iOjRldEzi1/dIuAUzBBHoEs0ksS4vqK35oKWowelsSWj7gf6asgZb2mubbirKSdu2ennwlLSU4axhKe6aF9gKNVWEFGTEugDDdM6246+eMkeAEFD1PFMW5NFK7nvK34QgCqNRmiq7HQ9PGlqt9lynBi5eT2R7nNwwGH9hE2YElkj+I0uvOxLX9WQLLD3bulrIIru00r9ealXrpepcHBuW06A/gGCbYIaQFwCxTMKtnZx3i4akWTj4cwqReN7VNnHl7VcuL+SSn6G1mrnjh1hb6LvrSIPjSDinu+tZxv29ISEYTuI3VXm/9IaWa7xO2ZOi3AC1yuFCSDNRoajb40l5tyV6VZ7VHpLbqlL1BMhc/dJacDFHFAHmiGdhrfyBJwaJkA/9T4/TDYQMPWrmGnC2kVd8/W/QE2NKT11izpyLJUummSzAKhPCFi2TNQVLkTlQrluNbNQ==]]></Encrypt>
</xml>


2017-07-15 23:17:33 debug :
------------
String:
account-ticket<xml>
    <AppId><![CDATA[wx21cc570986f54847]]></AppId>
    <Encrypt><![CDATA[F3BxlIYm+/UfiLp5Th23xLFWqESkeCRfRsymA6xkzipsZd/F5yZlWUr22RCnoUUAS+GpDYpaRTSf7O6nPvfSwP+oChbdKPfQj0S5H8HLJYESrZVqow1eRRFW5P4WqHvcGng8RhzOn4pnZrt3RaZiKo1UTnGpnyfM9S97HBwGCI0MKn/UtC2j8K56XXpF/8Oufi2pqUqJhhlpJVKKEzTu8HN9JdOx4NWF0Oyh1yp88oWxrf2FYnuo9npM4cxcgpHXk44mqqMKXu1QQh0SmyQH/cv9rGbZjJOAECU1lea5uH8Og9ugGfYswYjQvPSln+ntT36ojSDtPHA+0goZ7JsG8y3KktJGYPe/tu/n5eg5JubpYsKXI3z0JmQIzFxK046aFWsz5fHb2YN0W61Vs4mJ9MQXmxgpd1S56HTlJzJoz7y/uF4H6VALA0Aubr0HAwAD44TE/sba8jEwMl+9WHSPrA==]]></Encrypt>
</xml>


2017-07-15 23:27:34 debug :
------------
String:
account-ticket<xml>
    <AppId><![CDATA[wx21cc570986f54847]]></AppId>
    <Encrypt><![CDATA[9k0H+AGG28Deq/9bFN5FIL9Jh+dkb2jLVX7FHhuTOp8Gp/mRfOVRhJFDt56SbclA6GrA2LpFz9rQjEuITHTq7zxtnw+vvx07wXCqMmPIx038S3OVz9cp3aqhQGdrhOiC7arxl7waIDj4OBqiYLXhS+El5LTjyhmXJq+cFAaW9R8iKkV6MKyr6TjTdajIp9ULCFhuZOEINH9TTVe53RvolnAUKo62lx3Kuigk7aDt1m687fETRNp/ZFHayMYmjjhCRvQ7oSnwwY7BwXQQk4ZvmPm+2Rn+WqmNZ0+inNN1FWI7icYIkIcVUnV26IzHcI1/eQcreVaqVY/W57tM5M/tCIm77Bc3skeDBAOHGbva6WA8DYDenXQjB/W9rFHy1oBNsEYcZdmwEnLo7mHDPe2snvY6zARmOossdrsnBLKU9QSotWCfyMbJCo5Qn8NnCFoTkInD+lr26qchP5IsRNwN5Q==]]></Encrypt>
</xml>


2017-07-15 23:37:32 debug :
------------
String:
account-ticket<xml>
    <AppId><![CDATA[wx21cc570986f54847]]></AppId>
    <Encrypt><![CDATA[PRGqRAeWasrvFpL+rkdkN95gZy78uGGIwslgxr6QUK7vuCAffnlqMs/xSKlZo0Qxvx5rqRTpFbuAEkDuaEgo8ftSMctAxfxmXy5XG8Bw6HIH8c0Oqs7PRHJUB+98v57qzN0PBKmnP65yYR0rl8ysC3Qx31wxLC3g32m9XWGHLnZVopHJiM9b0vszDNP12i/9e8BYUGHAOENUEAHlKfwe3dC9K7RjjmdrD2VyMc73+ZtDaxewr7vOn4XJJn+BYgw2wm5s8SA3O3p1E69XJkh1nP8a9s/VlEQYYngYc3GEJb4Nh9LXGFLZqf1NsPtppLHuGLF6uUacU8L6Vgr8NGyofVaoUOTKoHaH++613XIkq0phwkY9V+JCHvGcK8IyhiFlBPTu9uOxgsCYxlnlcErXJs2imwwEciscnCrJbHxUUc7kyScr9FDBZslDBm9hO+7OsSqPNEjzDG+6du5E659uIw==]]></Encrypt>
</xml>


2017-07-15 23:47:32 debug :
------------
String:
account-ticket<xml>
    <AppId><![CDATA[wx21cc570986f54847]]></AppId>
    <Encrypt><![CDATA[AEf+QlBH8Ak0Nd2L3NSA125XkWhGv6x5cclmWlEUdmAiAde3fxuJlnZK2hcRAclIg+G0pCl2+D828rFX284JfUBuFhIotzXXPCKZD7QuMzxaqJeb+pdP/vn3v75hHvr7W4b8i73vqsgu3Zye2aw4wkMjsaxm2FurUR7UHEqsjfiATORlsPMlXGKhO9RwRbZgd5FXvKljQqVv9sKBvjjDo743UXv4dTVX7fB0zD5KaZBPVecAczwT3aOfAgkFwHbH6zsQzaL5udQ1ylj0KOcwFbmp1UgdeW1VWqaY+7ft2f7VcHkRQxkTn5rvn9zOW95Idv0siWDCNmc+ShD5vwhuAk0Tj5rJbcWTE8oBlWbiw8NPfunPfIQEBRo6WfZNYEtyWLG9U+qJ2s22KvHg5aDdxiM0E6BJMPybjFQlU/H1Apx+IO2wtXcj7EvuJFYnNbZkMphgxlU/DVPO6loBrALEEw==]]></Encrypt>
</xml>


2017-07-15 23:57:29 debug :
------------
String:
account-ticket<xml>
    <AppId><![CDATA[wx21cc570986f54847]]></AppId>
    <Encrypt><![CDATA[V/7avFISRdFMbur1/6oP2ZxT3X+HKXNcjiExEfatEO+Z3oFN85eyF5+zrcdMgKrdP4bJlDYZy9ugY6iQVFVXGwejS6aFuEU/Nh8P/VxdAHIw/8uTO/V7CrV/jfDqkR7m7HeuDcBTtlKe42FZYBbfHkOI8I6kCZ+4OAnnmpw0QSZ99UoxyW2ZD0LIrqFnEgXrqaYLnuVnsG5Rjk0KY+uvrEIJmuNB3+3V594YFqser+HBZy61709CyRGxxBrJInalqK+7QvUM94cIxI8VC7xr7jR6GPziZ7dyTM0AUypKOeppPIb9aT8M9qMG5apmzLvwQUW0OSoLpT62prnW7oXv3YPdWRFMlox5LlH3I+hlPfFZqae0Kym2qsvRsZXgTM2AzIwCxpP1Mo2LDaCntJbw00xeBzWurbHe0+rkzK9RXZ234yjR5+EhpxRzM0bMaCYXfYDcYvqyN6YTpoIRBnKG7Q==]]></Encrypt>
</xml>


