2017-07-17 00:07:29 debug :
------------
String:
account-ticket<xml>
    <AppId><![CDATA[wx21cc570986f54847]]></AppId>
    <Encrypt><![CDATA[iPSHnKD8czS6LkMyQ8hgny29Z4zBkOdE3y4ZCu47RVwahxaryn/LWtY34ORy+ZuSCzFrXBZqMheDnFG4OP0zKFsxSU/YgiUhGwZp88Uusvw+ZO/lUjYXPLU7U/2psmlaqVGhLOd2Mc6VNYEBI5ogAokacm5Lxf60U/c+Ku7GpGDrPUsSll1W1+2Q+bF3dtshTsI4dz5Cib9/qsJjozDCYUdv4/JTn2sQSE5ogHlIeHHnDhQd6qTbiz2TQFyY1jAiX1yPE6H6azwGmB2OYe7klrrXuL/ikF2mCqmz+3JKnZ5QSqPoezenChnrduS+RzVoDwlA0VHQGzw2Ujn8koFpk8ZSjvZOx6FGen+o3gbBbiW6Edquebf4lavnAhSoruNXr8YuT3F6iVFCfpIPAZL/mvqvFlReHusJNw0Id5LQ3V3IPW+p4nI6AFI51qbhShOXCv2Fn58NZz6zAGgik8Z3Fw==]]></Encrypt>
</xml>


2017-07-17 00:17:29 debug :
------------
String:
account-ticket<xml>
    <AppId><![CDATA[wx21cc570986f54847]]></AppId>
    <Encrypt><![CDATA[jMtMHKydPe/Ys8PEniEkKe0DC37DMotiORe0vrpKswnwan7BKtwkvWRV8Q6Wg0hev1Qk+hV0LXr3wFdx9DBGNzB2T0cv0DupMqvUtLfmVLvyYaNC3TRnnfh1Br3UnJ4sQJiTaDFJJJ0/3qAR82n80Fwrvwn2m3+7t8JCKC38ydsIfVBSuB26GtlKrrU21DUY480h35i/qVyeLo0Ic/lG6/38WAxcunx1XJWEz//mwX6DPg/JomUV6xALKCLmZuYa2/041uv1Znvtybvzz5l8GfVjG8dO999xuhqHy6Wl9/71OyDV4DUZ5lzSsW/qjLUxirE/t5SPxdk6p5+yhlvKH152B1S6B9GqmmYqAwgeEqfxtMNcKh5utBLosfzu8xGkCtX3h+ho0CNyDGBuJrLxZQa3K0HWJchO+/smHbRWpjfWN+6PhguJUO88VgVdjV0kqkXqtkvbjFd1b4i1EBneng==]]></Encrypt>
</xml>


2017-07-17 00:27:40 debug :
------------
String:
account-ticket<xml>
    <AppId><![CDATA[wx21cc570986f54847]]></AppId>
    <Encrypt><![CDATA[Cr4bfZXkjj5+vgMt4mHNUgubY/sRXpvugEOWFpp7bizDY1O2zZyqqgYoz05aM+LehKlJCtsMu3l5MSfvvJ401VPkD/hnoPsYTN4JJ/4qOpus7mXNn95f55Evc9fkXmHwVfIsayNdGPjEcJixlfJHCygpkC9x5Nf0vN86aw2p/xMPWjq6UAcfepXphwex+XnOlEllYEaJA1TKJxAxuV0mCjQATnNH/liR930R3x3gjkMklUA1EHLX2VLlE5wSvw5wvyomZJh/0fmsr9szRDKtT3VMIm1CZTSUyn147RMtWFtcwUoTouNqO5t3edpsAv5vGbBB/1InU7hRzq1bATifX7rVDOuPI4nYPUszc8U+fNTA+f8wMYlrM+Cu7agayPMBLJmRAmy5QUhvKTanEeep4TjkCtTkOZVhWsYJ5o85qQfyi58vQpYI7YfnUm89NBesBUXPSqIMHnkzwbumfdBy9A==]]></Encrypt>
</xml>


2017-07-17 00:37:42 debug :
------------
String:
account-ticket<xml>
    <AppId><![CDATA[wx21cc570986f54847]]></AppId>
    <Encrypt><![CDATA[gtBNVKyZ4xXOfANJ/Myc4yhlYbl/0MWYAfZaqgC7ehd2p+ktq7NLhtVjuCX0zdexfy1w4CXy4R2I6gRkdRwCLhfRJmwN422aFiBF3wjMeVjT02CL7rWdaPUAWsQcTA4a12eEri7r61vpqP65UMHf0MUk5syBoPAnoRmNUuDjJNJD3qkYMz1S8FlkRWDd2G3xIIiELI8qwz1ojKaR5FbKfT42KUAFnuNv07ZCsYO3ntrggpgbwRPj75WW+Odecg5GWYUqlJYStqnyaqMR4KJ2xZDqdp8rY1d3f1fj5vhMqpJlccjjT4Vd50815cqzVnZx8QLpd2Yr31jE2OC7TVVejDdZu9YVsYy/W4+mDbFtACin5jXO4ulpNIzv4lFBde+eb4CD5Fg+NecFgbBD/DkMF+R4v8nqA6ihPdi6nshuWgS54BZ/YAb6c5r+hkM8aTWqdv4R+ohs9r15wVTlK3Q2Jg==]]></Encrypt>
</xml>


2017-07-17 00:47:41 debug :
------------
String:
account-ticket<xml>
    <AppId><![CDATA[wx21cc570986f54847]]></AppId>
    <Encrypt><![CDATA[uUMZncPDi1HzQvhQ270U+x7EFO4vBd4MkVPzGcPPB3A0fXzui2ASQMlzv97ME1RbimwKun5hKQpT/aFe3vfvsXePwUyo/+TRMBKlNfBn5kTvVfeSVKzxdr67A9PL0sXd7/ravl5MIYLtqcul7JjEZ4mZbH8VUH10vxVEIFJJYXs2eJexP0lWriYM+m4SIOuvLnh4XbkRfB9T1UFSWT80zMHhKqjGfNaytVf502HcHVI/mmCdw0/C65jH7QJ3paAMZJsz1aziBWfMo3azuw/tBVOOkN3uMalkSVLtT2XHYrnQ/EiuvOLFza1DZ5sqaEhz2FWMhJIOxtx80NxAKM8+utV50XvgzqLOhqUv6T9vkqE9HRvQeuFHQ5A/khEGxNJmFviTWy3CZ//m5D/pZfNkW24BRkGCFb2ynFomEEZx5as/JP+7nRTtGWmoWclcEeDpkht7s4K6O/QM0F79R2lkwQ==]]></Encrypt>
</xml>


2017-07-17 00:57:26 debug :
------------
String:
account-ticket<xml>
    <AppId><![CDATA[wx21cc570986f54847]]></AppId>
    <Encrypt><![CDATA[frKhvVp7LhdPDVYEIaLi1GlaBmBPKwkkKYMZ6hEbBFUYi6JmjoekIalFAhdUXV5FgEfSlZ/OB0CzvNCIeQbcyujVMq7oF1tRWOw3poYlKJb0XMxgcpnDu/jq91aRIZKmMte1gspfv5etcCPixK1UkpeoT/lCreO0w+68cw5JnSRFHvxILy5eZXm+JDmPTJtU8XI24p5t9piEgoGAza7gJgr55o9tJnLo0vHiPI2jX5SRNTUq8FYjdaBYBKh90KjfTpaY55iVozbFGXRL0kPpZP+qP/wKnG3EH++EFE/MMT0AcX8m8+xkMaSWzsWpn28TzVbejGwjim2oWJxjnag3cdQwXmqpUZZffpvFL3ib9JvpTsNwxaWZ/oPkVEat5N0qjALquEFPYXqB1aoquihqPZYzBMpq8sE9NGGF4ZJI2PhmRxs40sBVFZ2DvxeiTxDmg+8p+cX65cOVlDFV95x7sQ==]]></Encrypt>
</xml>


2017-07-17 01:07:28 debug :
------------
String:
account-ticket<xml>
    <AppId><![CDATA[wx21cc570986f54847]]></AppId>
    <Encrypt><![CDATA[tovTqTk1ezK3fewaNzccmcepX73rq/Q6ORsG/pHFn9dRrhzP9fsjNjMPjUbYjGD1p+sXFav0CxBN20k3rN3etD0QhyxM5nJGhrzpUAKp4DRvy5PX7Xdp4DmXmwc89ox6MMiYnBljPaaA/E3qdoxZwkYlR5ZMc3H5EZNTc8jsWjn1t76PUjHn+1IbnJAPGATjqktTgojmcDEWPznEwX9I9ozh4YLNxIXhtD21GQ4Ca1ETSmci2HAa2KjbVSS+9I/1PtZY8Z4Dv0bgwAEG/YcbGWXlbEe4Cm2QfW3Np/QlrBpHKR3wCO31z4aXFdUjQjlB+bQKCwhpuRo25gwd2rZ+nlmN2yEVP7v3s6zKVqW7gQPIf1rjPUEGYeHInXvIxqnxmlOWaPCZyoEq6+FFIQgqi6sU2uTx6eVGOPonr5uLQ4WuXVL2ly4lZG/7jhUz3/d40QCzE3kotjq9oMSyMydenA==]]></Encrypt>
</xml>


2017-07-17 01:17:29 debug :
------------
String:
account-ticket<xml>
    <AppId><![CDATA[wx21cc570986f54847]]></AppId>
    <Encrypt><![CDATA[CbGhyb3FjimGDd0Fy1e8hstBlmwPji1AUg2UoR+ZbPRHJVK26TePGqMKkqt28eE/OQT5PB+BPRosLubi2/BgamkHTCjKgN/bqpxeUJgu+o4er17LpcYumbx8yIlITsnMcH2Y9/lv2vnu9SwVOmxCZu/gZFk/6q8qd+BRLTJe5cMvtY93dQY9As0cuzYudlxSffUya6SQXbmK7Uw4pJYqlvSv/swXwiHgpnq99X6ktoxtMjfVC3+l0dK99Cbc+9xeE1+vwgRjThBMgza8tOxcAhJxYxfNEdUPNYQelTFMWP5o0kpFLaPeO2a67AnJejncJS7zvAR0NMlGXlCRogTdQk7HKfvQrKPQB0u5QCN52axhNPxDl5NvQVTFCmnJwFcC8NVwmMbS8JeP5y1gIE8owzJFhB0OvGg92yIPoQIpy+E3Pz648wHC8LRXPT1nUMvrGwzlay+XMKZCHisfr7OyVA==]]></Encrypt>
</xml>


2017-07-17 01:27:31 debug :
------------
String:
account-ticket<xml>
    <AppId><![CDATA[wx21cc570986f54847]]></AppId>
    <Encrypt><![CDATA[zHL+0fKAc+jhZZHVNt/vjbSjP2SQvAwzpaNx9Cz/10SrA2U7xyacPcRo/vZC9c8KzxtNRIreSGI7oRZJlSGjDqvIHniIGSLiAxt+ee8yFqfO/E/4PtAnZjyymrirzpAN5JGMh8R/4TvHyZxMn54G/60a+/nFFptM2oHNZ3/sdz7h6Qi4a5Y587JcYQSMUP3+A0Z1R6sCJ3vCXOuuNLP5a1mAy+D2Tw7SXDFoVU8Rce+fNOeOEH1gJJLe2eOn5i21wxCs+gAJXy4966txvEDEpFdSk+Hd7zSxtjz7C5RPrYFl4go/BxmX0OOAVXjM3QBW8XFZM0FgiC6xORGW08cHUWq5+YnNnStQCxfWsbMRD3pVvTT35xSa7POHD8Re2OpySvobpbBPK+WudW+DEIFCfGuo+iqMsx14mNdCiLwzIHhkcOuen9I73JU+xDt2W2Om0oT5F1cDJmiUw+pGoysrCA==]]></Encrypt>
</xml>


2017-07-17 01:37:26 debug :
------------
String:
account-ticket<xml>
    <AppId><![CDATA[wx21cc570986f54847]]></AppId>
    <Encrypt><![CDATA[aV/H+Ilz6cHqyp6jCdayQ65Ad+QOe0S3PZMKleVk+RbVZMiqa1jToSvzl0rTHCzQo2H4dkVTZXJdLtG6tv+uQvmIdUS6adxXH0TqMQYrBaoXt27z7j2u3HINd6qyHAnfularu0t66bY60XmAky8PZUO8gE7/clpgSgAD4QGFUtIprnoCJ1wJ8N3Cw59OmvZe58Y7gl+57SuKa/joWA9Hp12s7NrtjCPhITOJthgIYgNvGCH+HKg0VYqaHSwjVs5GvEq1Gx4NfoAJBww/QMezyNImX6Q/VaMMHWjzgVWThPNxjtp2rpN4hylROHxKX/KKqckleimCr/LtIHU3QYbWOmjVWY4+GoymSPF4lTtTTu3Lod3nOh4bgPSlm8q2U8LjehqCtQQ0yJ2ot0cXwf+okgay4gRSp9m7woBCLdhQC5Da8nN/ltp0+3gAL+q11pbgbTWu9Eh/9NjSETPsqwkbog==]]></Encrypt>
</xml>


2017-07-17 01:47:27 debug :
------------
String:
account-ticket<xml>
    <AppId><![CDATA[wx21cc570986f54847]]></AppId>
    <Encrypt><![CDATA[0pr9P0JtJfnVt7Ihnt9q9RNTKMOWMUiuDVFy9+kqQ2+9h3mJI4p5vmmVZvyNnSBwDT3hzNaZsNV/M7V+9InDGsB/qJttCn8cckqaePXxaOGOJu4AxKpZxfGUv9SYbbOyS1G1C2ehqej74LXOjzETtJyIH4A5ZeQ4dv7YVaPZifkEblY8m9CTsXqIe63HNpv5wfXyhp/jaFegnw1jToSKMJx/x8Z6SchPcArvvgwmbm1uhImoOjOFo5Ts4ucJoFeL1btW6sAfOcmj+NrvhmUjskE1SdgD9xLYlwoPO+zHkLIswh+GeiWGGqbFxmHL9CTm1HBlUNZOcbxHgiLL4IuRxs5jzFgfEKyL65jjcn6WQcserEYPA0fSTNsjFlnTwKBqP1Ch8xMCEaiJnNoLfacn5byoVvqO1CJXdEF9xmtObNGuRniDHBW0GUi+Yt9iVZvpYWo8glh14Y8JPpDDyuRo3Q==]]></Encrypt>
</xml>


2017-07-17 01:57:27 debug :
------------
String:
account-ticket<xml>
    <AppId><![CDATA[wx21cc570986f54847]]></AppId>
    <Encrypt><![CDATA[gP6nPn4BVAqTfDC9Moz9Ez9YmStMA2sfT4t0cLG+o4451bzUFLFrpWMT1jn/wxjG02mhTOFWzUeR+Yan21q2o0X/op81NuK/DccirUC25ZGH6z9vPxWaEVyo3MO7tO+R428NCRmN9YsNR+mDxWeK7NrqXAtrgg5e7Itlb+cTIdVgatxxsFqZwSDYbahhzFaCBou/z5+BA3caolFilGsfbyYmgeB0ZOPgJlRWkWubSVKdAflgib4mXybxMhBxaYtaCnLwQQmclF9ijUnS/7OK9E2SsaTfGrUNcuxMtqsPDBWgy14ijFl0wrme1Y9CbYWmpSFnLIlFatA+ZulXsue3ucsuXsz3dF3A3IGH3h6TRvVDLJKe00mKGyM6fyS9i7vciwQ5VPaAI6/2KvU638wmwz9/zYyAR9/0zcCa0ml/W8Acm2f6Vfz2dtUb6Rbfh8ctywilQGugiCNClhaO8Q9FwA==]]></Encrypt>
</xml>


2017-07-17 02:07:33 debug :
------------
String:
account-ticket<xml>
    <AppId><![CDATA[wx21cc570986f54847]]></AppId>
    <Encrypt><![CDATA[ANK3sgXovC2oGBMDu2IBL+eTPkDbVmo6iZASp42r4J/i1Bd8FA9TkFW4zeMCdIGJIrFPiHTVYktsQ6WUYr+tgf9+cWZKdM3xOIRj2taE89yXEvb2DkL3cQMQgSCsmXRUaq+WsvNDNXXhi5W4wgagmZGlB+fA2cvTVSBqhW9DWqrdGvAzdTQdhPjfmhVfroXYV6IUwBgisjLzUx4iKfb2L2FuQI7fSNc+t2StvDH2Rm3nBg54nLS5R8rYCPgvP9B4v3+LoRIVvaDnYkaM1NNxkUFgp8DnusHgs8d2+pCZxATfvMm4LfYZSWSMQyNFpt/VN17qC31G0WfRVqr/r2paTqfyxiyYsWfN/LZkVI1aQWSiPCiFufEP+ZBXHotur/Imuitoa2jeUbrdiiF+Nn1qpxvJ0AEGk/Yubx6HmGNFUtHyo3ANfS3UJD6cpbEviWysWdKQscH1LO8SaDrQL0RnMg==]]></Encrypt>
</xml>


2017-07-17 02:17:38 debug :
------------
String:
account-ticket<xml>
    <AppId><![CDATA[wx21cc570986f54847]]></AppId>
    <Encrypt><![CDATA[CiI+fqhQOqvbtaFlzek1M3GKXkaToKYsxTjU+B3mU2Gp2zXZYIjQ7ANVf2eQ2CobwVDISQp6MyZRqNj8OpbtwI2a2h/cwN3Q+0IRNY3192tDoX6zdCddHqaw2HNkrNLTl9flgqfRJSzjUzQ2QK7vJy6JuxIgOadQ/n9gw8h+sjTeTWbcYFnSfHhksEbiRB3FExEHu7u8NR+d9Bmya03bWFG9mdbinickJkaYz0SteeIZ42qJ9XTIIf9pLqKEhDUrB6EBXEu7cnwqZELTMGbc7lH03TO5r8ZnAN47iVbivAqhEbsphOGoQD9uDY4jwnHhxfb1cmNJjDA+384V5w96pqmaj8rdTCRghX12+qMyS8eipOOQ5k1y28N5tB21/+9K9esv5eG8FyWY+OEvpPcOA5UCATVay5DCuVehxp8w4l3/xOw2i1/9czyWJQ6WFKXWH48X8BGTlJSPSGFcYJUcjA==]]></Encrypt>
</xml>


2017-07-17 02:27:35 debug :
------------
String:
account-ticket<xml>
    <AppId><![CDATA[wx21cc570986f54847]]></AppId>
    <Encrypt><![CDATA[rKQEP20XftDM4XX8zQoGREE8njzfN7r2GULcnRjMZGPiIzMo/pmGTpkB15lj1D2tH5SPqrGYFuDp45y1Qgd5QSSCAWa+ey4NW2n7llNWJHwZZ8TBYEvk4NoLdkF0GwterBhcYgiI69WYcO6iaGN8Iz8icAOTZx+lP2o/VWN+Binh+7Ztzj6kOz/aMZDIx5c9/bMjCM6oqGbyJ+5ahGT+UDMyocxwvnH/RH6Q1HWq2f61g++vGVCfHnVUVDDsw9MBsMATOM/mkacuPY7oi2pytIk9avvLJ9+v7d1RkoRce+IOLMX2oKCgYt7LHTfVqDKF20nAKJvUfySDJh0UR+IfeqhDOpBMO7JnnifvbMzsyU2uyud0ZqZMu1oWzHFaZescn3vZoK+JUxPH5Q7xX8ebdPDOXOFBuxY4RyOp8aV13oEiPuX4dy1r+bB5xjyxWMOpcn/OOiZ1iDi4Dzue7vWXZw==]]></Encrypt>
</xml>


2017-07-17 02:37:33 debug :
------------
String:
account-ticket<xml>
    <AppId><![CDATA[wx21cc570986f54847]]></AppId>
    <Encrypt><![CDATA[GThZL3JHMXpXigqWrdsybooVJ7XwOY2LnjvXTmZBs/H8keCq22pOFWVGsH4gArlbtI186JzCxd2wh04WWvvnnebiUX0riHw3XAr5EsZwybQ7s6FDLoEns1nws3lMrjxUfEeNP5edNGLLJg3M4iO74p6kk4hcSna/1+Vo4jfDRIfE+cSHLJIOGeSjL7v0TbGDRcQ3NxSIr9j/Zm2JN9UsLwjQwdymypTZiv3OqvC5mpigD2UwufGb7Uj/88KmAYCUvdjTOeZxWaULwqmthgFvmnEiTf7XuRV2qpwwJ7FHRWEOT7PqFuJ0hIbvD4QIPjF+8UmV4DAeB44iQ9SmIFgMUpeJl08F0YNTZIuVfEvTm/kFau6a5JBgabUAtbbpUfqsGQwvENCbr1YzDtrX8zTVhAZsLp9CljJ2NDB/VzLPTdc3PlbmLl96PVAYLLrVn1887nDuBhsjPDSbvqatFtq1Gw==]]></Encrypt>
</xml>


2017-07-17 02:47:35 debug :
------------
String:
account-ticket<xml>
    <AppId><![CDATA[wx21cc570986f54847]]></AppId>
    <Encrypt><![CDATA[fqhMzC06APR0mjWYVTiDZqgXj6Dxmqjbe5Bjm1745wHoYi3iXqrFDsg2tEVfDW6b3kk5CfoC2XkFX9EFDOlOc51EospO/JWVHD/EjAw+VVOKjgViF5hbUhBf78XLw1SoEAMAqBTer1H7uCdMAxk18mar4xFdxyl+lzrlVPIiKKCw0jtFkwHKwvQz6GmCwurDVNkY4nwKg3cYAPoG58EwbF+6VYzp5+3O/OEAR7EderqC6E2RBmf0sYnwZljURQF1jVmLi/FlpBz+dfCP8Dy2RAHDVT09aqbybI8ZGERu1c0Wd/kH5kH28jx+ABi2P7/iu13Iy3NSa61TA2bGjsEu2KiQnyqDJwK/SBeugHrpKm4acXovovZh9fZSTGZczI1jJsdMuYkv3sUbjjg+0z6n7geO3CmjW6CA0IN3cGOnFMWogpIbxSpRJ87kpGAxweuwYKRWFlUhaYzxSogQ20eFGw==]]></Encrypt>
</xml>


2017-07-17 02:57:40 debug :
------------
String:
account-ticket<xml>
    <AppId><![CDATA[wx21cc570986f54847]]></AppId>
    <Encrypt><![CDATA[2MKanLZMcY9EBnbFnUyZq23xkBOGl8tmD0RuxKHIQ5TA+ztQ7TaPoJ4sT5ipZE/+pCdwZk4c8uhlm/wDSpF7pjqPBwyqrzELQrdP54xsgSrZ3d8mzC/29CeDGN8R697TMbz86P8yzpYFfYpbsQvgWUi+mgP3SXTSnDt/OOsT6cbzWy1MqEfCMaD96phHM9AecdgdGRRw1x6M7fWoXyNrR8XxiOfLVX1MT4wi94YZfBiOcbxKKnq7UUyPcHRTzZbS2mxcLFElMsq0ZURfeXFSuH1DMFF7S/EIdDG+3TvmIvTqsbCAjIj5hVaJXSMJLy50s9NSTMDjtN8LXltObmhcpXtpFKj6OEAJkDORpWBkY3h+TlE8Mr17042BxYsZKB0pKg4/DPJ4Ba0qqmWcaa6KgySvYp/tLV5F7GDyz5ce8aJm9C56W0FztPGIdZgERw4HDn66udtWG9si1ViXhOZtjQ==]]></Encrypt>
</xml>


2017-07-17 03:07:35 debug :
------------
String:
account-ticket<xml>
    <AppId><![CDATA[wx21cc570986f54847]]></AppId>
    <Encrypt><![CDATA[/5lbsFh92eYjFoPP/aRelZMAj9CaFPGMoCoBHOZctMvp5RKAcYMqhxUtsQdehJFVxsKN+spVTEovBNLuiO2nWmHTJ1XZpWqGhhKlvT9fSlrCS0c4QeUDXfzCJ491vsT2Q5yNuaeSnIKX6FTM/lqeQJ+0UagZEKQg9zuUPt281z6WzRS0iV6n4uIYD6CRd5QGEwTCq14aQCs3kiryE1LWdLqvdliIi5tk1oeVJ52EVbZ6Odg0wut09TSnBt5RpsTd87pIrVahPp1PqzVVjSaH/fUSndfSaQChl1Ud1attu8C7DX1hk77zjtL6kwbHEBl/f8wWjE39qztuXR08jCTDKMt8MxlHFfM2VU61jy0ScUr4765pRo5z7R9XnC8vOgQQXJl87rJO0jFkIdqpSlBFOOeeiZrv7UUXOeBzTSEphqhHVD3AMpjyHBbh9Sg5LLkWxrEKep5TaNLR9LUVBn/sAA==]]></Encrypt>
</xml>


2017-07-17 03:17:39 debug :
------------
String:
account-ticket<xml>
    <AppId><![CDATA[wx21cc570986f54847]]></AppId>
    <Encrypt><![CDATA[zl6X6TqpHRqPjaJbpM/JSgqOPg+bJXmLfstgSIhGv1oZNZ8CT11eHxfxR7GyDryBe6uq7nOD3SbcKEmvtM4LuCx4Q9R3zXzgW6bWtXWX+xJyOGJ/m7INNF9kJBTW4CRMPVROlqjpJXwWAfFXUruzftoEudC4KJQTf0clJtiSO3YpmIanz78BidV8dS0RiVd+5NrH/3KTjHVJlurpqclFg6XaBf0YPz66bwiYvdjhZjeRFp9I2NE/4+ZHHRP0KCVFGsUs/k6zywBQryi6prM9RJiH425zxOU6vzEAOO7Js/l8hBvDjmo7xIeKn56ZinPO3tHZwrs5BGLg+hU8IqHFygtBQ8ZiIy3JOTrnZqno82NxFJRTDwMoN2OlbZNe1dmwUAq5xr5azRP420oYFw6cydspFvhiJhD5VIzsX/h/HHp7nZM2YpW5LAvIwt/a72JGfuQs2Jb1xYrEUC70w+F7vA==]]></Encrypt>
</xml>


2017-07-17 03:27:38 debug :
------------
String:
account-ticket<xml>
    <AppId><![CDATA[wx21cc570986f54847]]></AppId>
    <Encrypt><![CDATA[UEUwbYrzh53udBkeQYhHpGnJD3uB0MhLM0M8p4yZhiZq9SNjCvekE+ulINswy5blIZ9N2fYeC4TExL+aWlmVkSFeEZtFex6aDNawBEaZAhCb9ZL8fI5lLgKOYkCRwiiFXSrf+5DbtQXCooge77ckvJ8q64WcFWgW+57If4G+7QrvMcSztEVKkrxQJxpSNADlj9r9dh3qkPsMHT3kSIXPOG2YqgAZa8ZJ/MFjQRJfmPtMvU0Ly4R8HVfJRRn5Aw/4pMaSHhc/Om41/+zal/45iKc3zHTFp3MvCdHjoo8uZNlovSId1EfBGfVnyZntx3Seaq7rdDm0z5TGlZN90ERHyLQmsS9cx/VAzLyHfttMf7mTYi/u9sQSDzgXiogavwJ5oMP+e8bZCeW+Y17DpEwxd3W/oUKjEAA/Ryf0ljuiCIX74SEFZs+M+hPEAcr/ssLRSlYa0JNfRTq/7J6SQr1XZw==]]></Encrypt>
</xml>


2017-07-17 03:37:41 debug :
------------
String:
account-ticket<xml>
    <AppId><![CDATA[wx21cc570986f54847]]></AppId>
    <Encrypt><![CDATA[mtJ2l6Z9HNUYiZGFnlQyEOs/umXOczX3k2VxxRxdMSu+MfGbTh14cxmT6XjQ+ukb7Dnu9TglAjzZhtQvCxrD7QW0O29jh3J8UsJb/3VvzzFJTNn7cj2hWKTsSoo5n0OEQ06iABh9R18KWwpE5OXFDrhsJXyZamxRTQ/OJDT6WsZmyhDDyE2QiU81f+Y35cyUszTqBMPADHLduFhfWpRzy+ciMhvutZczDhRIqLyKFFGwhhSLd3uYwkba3agEAEq3KKhC12J4Itm3qnywTqihpKdrFqCVz2Gc77p9tU6V+5/Vre1rECz1KlUsRi/+w7K4hqG4hjNZm5I9R+a+bL0IwXgXjmB5K9LxbBgAmnXEYE0wYbAUEgGOZDed9w5TCGRq5jn3iPR3WQcFTU3GjI3JGEIJB6I29KVcDeDsMRQjQLsZUJdU4a1eNVKeeklzcNAJ4slwmtc3JK4Mrmw5jvra/A==]]></Encrypt>
</xml>


2017-07-17 03:47:34 debug :
------------
String:
account-ticket<xml>
    <AppId><![CDATA[wx21cc570986f54847]]></AppId>
    <Encrypt><![CDATA[g7362/CtUYUq3n0iZ3NJqF6QIV+MRKrf6bUWsKjRBS/owirK4AzwmI4gsFjMgnRjD+/zb+ZuLRdVxQqa7KhHNCTA/eogKSJXNrxfLJwXANolEVY5Zib2/EJp5/pYoyFo+hiZCnQnL/GSh/PjTi4MrpvJIo0bjTTsb5JMlbx5sXS7Z5aABH/Kr76Z6/60KQfkRPzTjEBjdMrOhkudtcg/Zmip7IVf9Ch50JEhGsPZpyAkqdTEeaasWIlPCbjJAJqnvNhcgk8aJ8sFH7ga/KOpxtggsrA/quWrGacHG4aRUYEfNhUX2+sNLWmnFcXwkhsFu4t9v7qes6YTPcIe9ETikt70QAGa5IhoTHoH8pry3BuAdC9zOaqp8WpgumBfmwf4woGSPfFJvBFP6HM68f6f+Xq9OPm3PCy3Bm8P9A09fixYYKdKd+46hZZ40cjlG6dH/LUUNL7YIRDWo1a2Cuk1tg==]]></Encrypt>
</xml>


2017-07-17 03:57:40 debug :
------------
String:
account-ticket<xml>
    <AppId><![CDATA[wx21cc570986f54847]]></AppId>
    <Encrypt><![CDATA[FZB0AUagn7WnjlOQcJf3qxZP3gb1LI+FIsWBoTaEVbEl7S4UNSqsGS/GwZgOwWUuIVV4WVfvhq0a86UbbIy8Ye0tqmUDKtKaj9w8iCi1KybwFVuSDOUByWS7wPMBGY16nOt0W5soLvG8VMg03tD+c5TWuscnfk7lFjX3d3SP79mYAPFqkdEGpEwpAWOuJnfRXDz41FcLovJ/8kv6FdidqA9f9YKNVf+QGLYxs7ZM0k+0LFqBode+RzshgJLmEO0ju2KHDHUBFEARl4+QZeM4nTHW9luVCUAiyfYDES8Wa7/Y6nul17W/YnqOvXcNSJ3iaVb/dDqo0vSh7qSHkIKDF4XPHSNJP4+lm4sdDF/5VdEZrh4Cb/I+YxJiQGJ9jlEh3BDA0FdHUo4B28dV3+fDWFScLHuv6tn334Ptb3MSJlJLIvPKhl3HT9pYjmvw8CgGu0a8xPVM97THrmXhgH+nYg==]]></Encrypt>
</xml>


2017-07-17 04:07:34 debug :
------------
String:
account-ticket<xml>
    <AppId><![CDATA[wx21cc570986f54847]]></AppId>
    <Encrypt><![CDATA[kISeRerjwWU8oW2Zzq5Zn/ulK37FHi2agediAAr0yhF0/RzVDxFerKE3EgzXyhNz7eO7/Ut/xBWp2fjAI/09mkgez8bkVVHUBFDeVcY1uPKcW7uUvNU3mVa4aPKA6qIQb1QeijQ6MK2+EUa86IX2U3AeyCewvENwhrc8Nl9GqoM7laeBBylOzvV7VcZfu4apKoURvnXt1uvxypTwtw+R2PGIvFt38lJmVXc9tuCSAqffiCxnGIvkWaQ3BFGXLZVA8ux/DX1eEqXFjRq+JHWcJrODkM3Rz9eyiHM/zO0PHK5/n/IPWzn/QwtHRKuBtjEsd6+TQ/j0AmTJmMcGYoGHGwNJHm8/dfFgN6PXUvUXQmisB2YTpxLkXycOXVEWsyH74WBJB+E79YXLSYPWhrAkjkoHgRuY67tzFEL6D7QtOM1sjRymjfmLes6yWUD8rWQ1qlgHpHOZU5Jdvg9D2zsxoQ==]]></Encrypt>
</xml>


2017-07-17 04:17:37 debug :
------------
String:
account-ticket<xml>
    <AppId><![CDATA[wx21cc570986f54847]]></AppId>
    <Encrypt><![CDATA[WevvuC2bezL/Xzkixz1Lmd+Le/vhUg1UKngQDECKvOdwMdzBiH+LdU6/ACItgpHJpyZvr/Ph7lH8JFMGWJewbKxFB72EQ+xJb4ooIZIfBQiN+NpwRSd+HKT/VOmA/BEZqurYcW1p2n0Ks+H462uDiyjpzRkd221pTLD3a8wWSlgHGhnnV5LgaYP0fqQJU6cOCWOXZlVCkG/OsNMqUhl8Wrvnf4nKR8RBvNmtS2PspVQybShO9lxpGhT0JTr9fZyAHfhg0GyzExbu58Ifa0nS9PxRkyQF8yDHc4y7uOdo5eamLyMkmOAVcG59kjEO3xyC28RxxNjT2tThzvIP26uDZgJ7rEXbts8fGH+zs3JH9YO3VsMJdqC7PL++IzcJ7T1rTeHtFPSITGvVKcga/WPnAbH73X7tb4dXOLcyIZxydf/mPUvWZx5RJkQ8g5LY+d3bxbNXmjl+d8zKelHvUgrT0w==]]></Encrypt>
</xml>


2017-07-17 04:27:31 debug :
------------
String:
account-ticket<xml>
    <AppId><![CDATA[wx21cc570986f54847]]></AppId>
    <Encrypt><![CDATA[OIcFsVn/OGoh1/y5PSEWDx6V3Z0maRNJMcvKE1RyIRrgRQAc2DhHZErdQd+h3ieMYp+wDLrv/L21rxoobSVAxA1/D0vEE7jrZUywuo0XEhbLPD9wPYVyo03QVtYMhgTnnm1fCwA/ku9kgn4x+gpDtMy4L4xTsSWPqymHLgOTOixO4si7R1es/9fS+hjzK+kh+zlAumYzGro9UsjNc/3KArQ3p7Op9XoQlHOuXwmKW861hMUehMMvY/5OjnAJ3MDgU2W/sUWy4EdmRkirIAVZimqGUGgr0hmo4vrft0XsNyGOj9/+unzhL8ZI95mcv2OdRxUa9bkgLrHzQAvNEQVYS7KhRer0mIx4Npr7cdFUuaPjVAB/RwPWyVCBNXC77q/DHahtrFeLvphxi1tilP8l5UWwyTqPd4JU7SAvwyCtXan78QycoPjiCixI2B56trHpsj1L8/Y5fPyo27xbwH1S2w==]]></Encrypt>
</xml>


2017-07-17 04:37:27 debug :
------------
String:
account-ticket<xml>
    <AppId><![CDATA[wx21cc570986f54847]]></AppId>
    <Encrypt><![CDATA[F43isqjnUuCPOnqf4p7NxB+l6+haShSSYiaD1ssGSYZoaVV1XUx08x8UhtNiyZjc9yWYzNgaEDjxcJ5LX0nPMbgHwJLDTse3uuqU6d9xs9pt8wK/DV20rz7oSifYLj1J00Y9bCfbigT5G+zdZi2/6i38JsaQo4yhER/W7GezPebmotqys1lbN9QIkdC8AuI+V4pvSVkFOdjIUq+A4SzavDM9Nd1K0/yKlkRgb9SL3W+2j9uvOE55PfOK4tc3Yz74SqSBsjC8YZjqZ+piiuMwKekG/NacxaRHh2dcrcW0vejPdj3RqbpuhiOsNfeP9wVF4r9VvZDmPbgspPtJeah+jCWoL/xlMEjdI0hI63uDqwus6sUlnR3TrfRxPm1eRwECWT9tENExpYkntZNj3dHA4tkPzBQ0RP4kadSWKgY4S2wCqfdDf0OdcZH56TuIvWIla13NpvXoca3Hh2MXknQHyg==]]></Encrypt>
</xml>


2017-07-17 04:47:28 debug :
------------
String:
account-ticket<xml>
    <AppId><![CDATA[wx21cc570986f54847]]></AppId>
    <Encrypt><![CDATA[2stIApH0PfKdUL8vdYUckrwsutALldy/54npZC8jZblBHEBJ2iKGGdmkeM91lnU6JNNqKe+BsYuy2xwbl9JOxbzdTc/H/x4QH4rj8KEaApCLwttWNAvQmQtaSZ5v3p7ytu5M3jatDbcUxDCVtoDUabvrIGRL9KHyhU768Wx3ixoG2dW/LXIss6VPNjOdo0eBJ4NEalERcV9WKYjB5P0e3wvzjvKdL9mFh8SdhTRTmLpbN14FZ0Vs43GV3wcuy0soa0zZSd/L9WsVaSLRxUZQjCj9afXRCGsrJhqF1g0sIU7OWOF2Kq5hYcAelnUEmKefab1g+rutME4viaSE6HHS6tZe8Rz+WoeOW1rJbvwlfdtQW8Axj+GuolSt03h90965FFJIS6aEiOKrX4HWEJYmucQBFmdxsrFAsQ1f4Uhmcw3VJWWOHPYFQ6ttgBRC4HkiS2RdknT2Ded4iCCIhj5qvw==]]></Encrypt>
</xml>


2017-07-17 04:57:28 debug :
------------
String:
account-ticket<xml>
    <AppId><![CDATA[wx21cc570986f54847]]></AppId>
    <Encrypt><![CDATA[GTB/g8SN7FGX+ir53UB7iNMPCoIPIV5w8LRGcqtd1DZlUKkQzpnxflWdg5ECsyb9e3f5NIvoVVJJRkBPFcGk7bYpaC6C3+y0yyxY6wqki+fzXL16BUXQfVktnCYAg50/wmvvXkN0rQzwJhwDvp/f8pW6Gnxm8q6VhpC8LEuM70E8qZ+mgJwzfafh1p0gdu44wrSTxP8xMu7Spju0BoWwOKnZ+wU99JIDf/A0sbvLWmRkHckFhd4xFhjkgWnmCVRLDAXINcHJVnPM1OMQk+M88wkVrb77dlQXPXZHA55gAusvWYp53SuctPB+ioWq7RbQpwA98930Lk6S8tYY/Vg70Yva+pyCFpu3QWIhCPlG9SjChZPeVxVOMnev/WA43ev+pdm32j0I0DnBXpH14uK6knI2kGHLOd0wtajP70za7mkkiCeUNLLc5xXQ+K72xQZphUL5yrjsgC3WhIEIuxgpLA==]]></Encrypt>
</xml>


2017-07-17 05:07:26 debug :
------------
String:
account-ticket<xml>
    <AppId><![CDATA[wx21cc570986f54847]]></AppId>
    <Encrypt><![CDATA[kMMZlAcvG0+K92d/y9vburvcZlfdW56JDmGnKGJRtz6xjaYP2Gioqxx/JfMViOn48DXnLM5CPULwKpIvdOm+UY6y1DBSBz0HJ4vbigx4aWz4Q1duEmZGfh/G9i2Hc37v+1eIfcyPrY4uQTru7UvGUY1KoXOaxaPGdiVBrWlH45Hl2fgjhoQKZdfNxCpyLmUQibpzzmD9O3jQax0iFiKIEbeMpZfBVnzdQhufIBlmULGCbViyrJ0DTrIUjHZyJmEP85jW1l2+axdeoQyohXDM8XnyD3TwH8muWPHzyvsnOOpI6aFgxOVV84k17LeAeZQNtN3cG3T5pKKvyqjYeB8Q7Yd36JjEgi7OBX2KFQ+spoMEs5PBH0f5Wwyfwofeegg75UJEJkPP4TamR3+4nOl1jmciibOQgZCNM3wP6N4BpzllKJZUZGrSUGEeSYgsEtlpJkvaRfW/95nHTKAZ9vmLmw==]]></Encrypt>
</xml>


2017-07-17 05:17:28 debug :
------------
String:
account-ticket<xml>
    <AppId><![CDATA[wx21cc570986f54847]]></AppId>
    <Encrypt><![CDATA[YsioUsRqnk9qgiHXxIcNOHksbNe0hD5rAWg2nGHv4etLzPQALZMa+AfACeBMZdvJ30zAApskxkPHZ8IoJ9m0Mh/OQ9gRBalx2fv1ymLfHpUfy/LPGCW8+Nz/qXz8oKaOZAxv23djTODAkGhvB31HtRH7yzTPRsGfeqMygUk/N+HKjMqRz7z9OfzPPq6TWpge3OwVi8kZa/dmsiHG8Zn4tQ2xignGqzxXXiVTz8hW2Bfzy/wFM2I4LGvMbBJ2o7ZgxPxwV3qKML7B4r8nYoJKWZTSJRdZU1YYCvjg3yiDxW4O/YWNiz+H0cJG1I5iuobFFt40I8XaFSZFEMcHxoPwWJ0UurJKeY+XLFJD4hC/h6StNRY484gkUYg8BhrE8PviOO7+671+9mmvmdPNYzqY3Rc6KL+PE0S0ALKTdBewEO7XYr6j5ByDfyYX6ceTfVjjhHbFPyTmsT+/snAC5qLQRA==]]></Encrypt>
</xml>


2017-07-17 05:27:26 debug :
------------
String:
account-ticket<xml>
    <AppId><![CDATA[wx21cc570986f54847]]></AppId>
    <Encrypt><![CDATA[2P48WTwYRPbKzBc+PGEPu0kVh46s727BsIsZoNzAJGbteSSOGAi85iCRa50rb9Dr6NagczFG9R6xKE3D1K/1IwMXarPWBsN9BZv/de9BA7dhO/NzkdDXPUyreMzdcqm46tVLSypg0w3oBojpecMVn2MmWqZ39hF7kNqBJYq8L8/XaLWhhivbUmqYcjxU3Z6c1mNuttpzW2zoyMN4ND175ASXiKPY3I3BjHy3iy7Qnv9rMZC5wIRnJXKnBZr6TMcj4Ne2Z8BiEMKjn8MDphdncjgq6H8qWo0jb7d4MT2fjIDK6GQ+ze0xi6X0BQ5vnmpRxlS/H6b+8jzdALyvVjpmGROgPw9bae97aeS74BvWSJTFPUQ8wt8sRBXOBrapyRmosbpl/hJYP4W8xxd7Kn9RnQR8UHXhBShPgW+7i/UnrRHkSDqnYNAQzSN2806BoPuj9blmwZMCYcCt55e5m52JUA==]]></Encrypt>
</xml>


2017-07-17 05:37:22 debug :
------------
String:
account-ticket<xml>
    <AppId><![CDATA[wx21cc570986f54847]]></AppId>
    <Encrypt><![CDATA[YJjPJGgmDvDvNtlGncgj3waxCBGWGsFSMR1TY8Oyflo7fgXpFZEyIFd2+02SRWLfyrwyx9EqZwYpE2kVdHmAIH0Ss7ZXZ/xa9HuwBLyw0h64ccpFnHeHl8imWo6WMkrpPAy5x4iAhZPfdoh6MjFy7x27axfPreV5KiwUGNWGPyCjiFXJXT8zjxPCjUWqZWCcRxauz+7rtu3i5xCjparfvWWFYXprWq+lMdO8+lL6OBXGbk+aSsGYypyPj1FvxkEXBwW1OZZv7y2KWQ4BUam8MODmfpV45ED0C3N/AB4n+Nmmwv+1lLH4dQvrC9TxYwU3NofADsi/5Vx809Nfl+YvRoHSxmNSmWnD5oiUjpFKUa6TSSJihIvnd8Cn/iwweGraDQ+AsLR4G6miU9Brn3cSTY4i3XnGOWozXGjofqN2XT6Yqa8oaL+kuRwHRRw7tR0q5DP3eukXFihZeoaT7uQrYw==]]></Encrypt>
</xml>


2017-07-17 05:47:30 debug :
------------
String:
account-ticket<xml>
    <AppId><![CDATA[wx21cc570986f54847]]></AppId>
    <Encrypt><![CDATA[V3wGJrkxDqROIjUmUHwCblM9D+O2/RDzxckw7Lw6vqJgdr26KKXQCKer1k512mCTXvdsJUuOoZx9cTCdGmgNtNAq+EjJp6Bh1XgfOdsGMaMGw9T9HcYk0shLtlokNHY2o2gf0nbzPypIt90vzRr0HTEr7NDg5FP/Zx1AI6l+qUap5RVZy0v3/Sc5x2omaHEUZIyCN8pfT90FHGfFKdGWDEb5gYePmQh/pJr9jYhDJNW8spXeSert5yJhXId4vHTX0tZZ5Lj940wg+YJI9a0Vf/tE0Gm7XE0QbKkAqTcWCGnonU/xhr+Du6njtm0Z95QN4I819TjN5Ui4DtzGjgaPHahqOnuGXxCSr95ySHRowFzefBFF7e3/v7OGMg3IKDxJUFMmZzYJH8fzr4ex20BnmMFJqAqAKXw2r62kO8cv8EmneLpEuytFqlFFd6o8G8B3yCTNXG3Z2QAd7MSaEY1NRg==]]></Encrypt>
</xml>


2017-07-17 05:57:24 debug :
------------
String:
account-ticket<xml>
    <AppId><![CDATA[wx21cc570986f54847]]></AppId>
    <Encrypt><![CDATA[9MVMV1W6u86BQ9hi/LfS1curuL8iohayz9DbeYkDbKeDf8b0pqt8LroAc23896YFkPw1Y3UGVlAErnwsKgzqMU2fh/Ven09xgaCYiStLstKxA7BmY/aTADfz32Hn8nNdvZS9bEngIRmhnSrDdXf/hJjD9wwA7e4dkaCzHz+mz+3n12GVWkp/5MZ0KWcGKJ6/BCa3/ahkyhvhxpsk5cy3Y87lxuW7fc3ou8KFVkgHdqlJKy/4CrHoMKX/mmRjoSxvs1u7/yrM21OuOke1FTcu68d19bXDDxIG17f+ngJ6gpMW/JlhLimL9vIUqnkHc0/vnrgcjVPSJjCAoFM1tmx4xkNC8W5os12r92ptR3Xv52g6x7UmaWznFyYKfJqlektbyOQ80TXBsPrvZmi8m0dlO3rHgmz9dgdgPI+scNQvioW9Kb/XgzJH3Mtt6BVc0lGIE5/KBxSuByXd+OnvhHOcMg==]]></Encrypt>
</xml>


2017-07-17 06:07:24 debug :
------------
String:
account-ticket<xml>
    <AppId><![CDATA[wx21cc570986f54847]]></AppId>
    <Encrypt><![CDATA[URRpccmYv2G9vgQX8Vis54J4rSKx+B8guv7SS4S1+psdYIDZbBxMsCVe3/0K+SJQJuHkjxoSu5BDdkD5MCZ+PNMtISTWafM3tC437MRRPlCBmVj3CLMdjx4ofZgyVZ9M6/IrW5/2oh2R5RqqcFMQh66kjADQgpizxW/MUTKUhyQnTlTLmGH/9ZH4GQhdwaeylt8uPtJQdi4pwf+LrFgaWPHraCctqTF2U1IdAeqilpRsvP6qhOUApWQGQr5xky9bDhjrt94P49RoLdyUn2JvCifoF1Ag6Y2CpUjYSgxr/S4QNCONbf/MIp82F07JW1GPVqKV4n7rnUs/26owB7dJhUleNHvpSLnZELngFsuTTn7BhJY3jlq6XGanruGb/y4xxl/oDX3NYYCUnNzngLsRZIhcxA+9/RwAMvt3M6jTDhuXH9E3p+wOtQ9YwPAANoqi2nqdAL+Kdp1mtWo31IruRw==]]></Encrypt>
</xml>


2017-07-17 06:17:24 debug :
------------
String:
account-ticket<xml>
    <AppId><![CDATA[wx21cc570986f54847]]></AppId>
    <Encrypt><![CDATA[Hh+5kchTLOu8xbkO6JMxlVOeVqmrUHNrKdyyEO+BX5Yzw7a5NqFkzzkKuOhoY4m1JsRtx54CfIISS3cMZ4TJpmFG7CDEE7EkDkrZfn/w8NJBs8dm/fe8xTu81lXvkAzR0MNA+wAJgUVgHejrM8WeJ6m6bDSWYY2VlC0YQCfCEdhBAATxM0ckqmiG8bzojXc+0o738Zsof6MsGak2vuIcQCPDz+gWL5pMiBEuWTcS/NAbooP8+jcLJjxfdxCREI8IIJTwPYBCn49N9qLQyRfLH+mRMvl46UTXrugij4HYN2fFlPmndSBxB32CvkMUvv/vOW40Fc1I2aYRNl/0M25lZz+lNk3FYtp0pLscBNbRjBJKrC6kP24N7hCgzF+Jjc6cLhuEJ1SGNa8BVCYBGXLQfdBN4zdx1r9ZA/yBk8BTNA5MaT7QamkX+/jnPsr63uleOXzf5QJ6sAYpy+H93j3lFA==]]></Encrypt>
</xml>


2017-07-17 06:27:23 debug :
------------
String:
account-ticket<xml>
    <AppId><![CDATA[wx21cc570986f54847]]></AppId>
    <Encrypt><![CDATA[i0XNhmk/0XdhFweKhx9BleZpcFkbAmwPlZoOwBUb7+2zhjvHcS51C1VpbgjzLVEdOE3VPTkRoqsY5CRVug6GcHv01kkHnkq2a2CckxuM4xiF5knDrEvbTn8640ztIyjEUwbU7/TT52lNS76roxQ7XPGv1qbxYRpJlg2ocDEyru26u+60AFO/KM0UewmIaANJgwlvEOqKxYTlTDmuYRmg0QcqsNl/pTl4e7UB0TTGny60ZLpnPBQKxoqCmnAJH8Pex5yT0ogF5K8Wq1hqnsfKxXQoYNygtcsm0mcymIh1/5oHRUvjI8i6PcDnvFRvH1C1r+LF/oMq1WDxqnShLxU/PXjnhHM10T29MvLCvfQJ87/vIdO1CH41VUODdlDbPlxjrMmWY/aryJWcTpdWEJwl8SFWpMFW7Eq/1P3meiJoQsdmioiHHktGRD+vMCDH4unanqSNnFPpB8p6zgcbIy0GEQ==]]></Encrypt>
</xml>


2017-07-17 06:37:23 debug :
------------
String:
account-ticket<xml>
    <AppId><![CDATA[wx21cc570986f54847]]></AppId>
    <Encrypt><![CDATA[EwV5HPIyhfOJogPd2xgWn6nQgjlEqs+gxxKTwptv1t44/1qTSrAqevWerdaHym+NVNlmxxuG0RQQv1lzce09Jv4QnKbiqU5G/J9TxFx3wqdxMrh3DaQzep057XS+HSLf2wUpgEdSw50OKOQLvYvSdRIFno68cpmJ1XqR6g0oHEzSK+IazYFUSN2ckFW4hOTMpJhdV0NQfF73ZSdSr5MsWDCsFIjaTQqsgDM3e28xz5CZpqhOQNULpKGnt8DhpMYLtLkKddBwLiH5t05unRjICn0uGgQBlz3VsAm6nvVSWaktjePCP/jkgJO5WuZzI6J5RUhWT2x43UWnM90hN6+fNbiYk5xU7p0UfmqcQ/18hPnfKjErDMYrg/klRt2hP/Gxaz+0iMG4HniU1PxAwFTiA0A/Z3Yb9+nDwkbhkndImO+8qQHSKwU3TnYccP8SsltV3NUw4LL1Z5Kt3C608H2Vzg==]]></Encrypt>
</xml>


2017-07-17 06:47:22 debug :
------------
String:
account-ticket<xml>
    <AppId><![CDATA[wx21cc570986f54847]]></AppId>
    <Encrypt><![CDATA[b8vtxfCql6jW+xOu2u/Cy1qEYLFPZS7Bwf3JsWDZqWCjeha6rMdaI2ZrAiwq26CU/LkjliyepV4nP0DdEf7onaqBEhD6Fqs5yLpQPmDunifmCUrVCafR5/0LIucJAOwzNKmxWz8WdOiqQG998SxzXRbPy/GfNBUkdeMM/OgtcA5yNiCLsRD2eP3D2vlLLFTmPNcXqXCVvd+go9RIWG8vHGUOlT2pjEjGEpVbMc8JdB6DR+y2mr0LwifdzUtIZk1E8dn/JqQIJmEFgf6bCYgzUrOYwVnc8rMpDNSa0CLer+nI7KYVUg+xbPBbU0OqqwUBR7a4AhSvAUGsSi08rSMIvW8bz4BwEPLevtlbqfuVaz+7kuniDfli+hVR5Ao/RLWDQIW6IrdVNUePxnhTG+3hTzUIqs9wCrSEaenYnGs0QiOy5huMivrfJeNAmwZQ/XNPdTgSr4b7onK1MaEFcKJ0jQ==]]></Encrypt>
</xml>


2017-07-17 06:57:25 debug :
------------
String:
account-ticket<xml>
    <AppId><![CDATA[wx21cc570986f54847]]></AppId>
    <Encrypt><![CDATA[mgIwOoS4SEYj+K6nUuar31FO2aBUIkf1jGLg/WNyXTM+Fx0wHSfCxE6Y85n0tq4n77WNjitV9Hw5JSrh7ttnEeeOGe64fCVNc6RcYB68KwGeW/6dDKgOwUgGFaTWxoH4Omccl8OtcdTxWA7NRffp9cE8aCa9HuvMDxZGEll4bKippA2Cic14YEiATrHzLYOIQgWlaov5OUmXVO2EhbRDqLNiWYSPd6wuGTT4D0xb3lxI9nvyaaAtB4kJuFoF+hG5bO8un7qaH+jDDhKX9pPQDHdxhrFRtP5OmRbB2WhsqXeeIivQyeZjYX314v6EyEHk1YLDBVrcgTNbUyirmJPLTg9InKLCrrddc6P/vZ6h3AHXf5bbyoClcUWcQnKQaxC5eWxkg0Ngz1icgiItQh/2Ps3JA3WjVPzwbUziiO5k0CLY0AL1PHxZR1zVUNoLBSevA/uTk8G2dRUbikAYllOYlA==]]></Encrypt>
</xml>


2017-07-17 07:07:27 debug :
------------
String:
account-ticket<xml>
    <AppId><![CDATA[wx21cc570986f54847]]></AppId>
    <Encrypt><![CDATA[9yANo9qw7k41b+isOitlTBMYBCZTCwwiU7uZHPLhcO/unIQAEpqTPlrAJ2Gv4W7ItkpumWrOYVtIUY1fAYIx/Sdu603AXsOs+ZTe41fumbT9JyFoMInhk96+ab+Ba4aK4VPDq0odfq5S4Gb7EdbzfjONW/u6gAYk4D/H1vrp5GKOCwIasLM66uM5fD6Sd26nTMMh4Ru50kGjG7yuEml5xIaUwravC0TRkb7UE8FpOGn++N1AHsIe2+UjoGbrjbqxE8By4bQcKzcvA3T+m94NyHlTUdDKvlGggy7sO+eBG6J+8n0r1p5bkbyAqtGBVG+AciBbqOHKF5hDJtVHNAZ650ak1+gHSJ70b1SLmDgZWlI5qRLuEFUw75PquPt7ciQN8EFlIsup+6fK2oyAHUMy0pCsxObEt2JtpUw5npHvdeeNXkdeTMsE4Koa5Bi8VjHIOYftQXtbQAIUQMWqfv3faw==]]></Encrypt>
</xml>


2017-07-17 07:17:27 debug :
------------
String:
account-ticket<xml>
    <AppId><![CDATA[wx21cc570986f54847]]></AppId>
    <Encrypt><![CDATA[r5ZfNYFEGztok7oMz5nQRl0TyP+WOZHPnkM7sxY+HYS7ipsLXzry05p/Wot/s6EXHqoUWv/U2cFLAbloUz8NL2rf7rRqpkrJu1ZFYFMF8CnoleQsZxtDPN/hxraPXNJf862R54RewW04G+0t/FuFVV9CCLusvN1VSvaRNfrhP7VzyC51Wb60lk2daHxmPiPi2or3LqzJPKCdVUV0jN3rwTeFKRTEporhd1dxG1di079sDuJFZ9wtnAp/V+gwuoTyABvD+kw05cjIVAzYN+yjZNUXEry244VvHO7rhzNjHEB3MSPiHYDYs+jS5jdGzSRqmXaOOzbGtkFmjkPf5WIP91gfl2+StzWINDF4mCwsVWVJ/YDgrJXKZuo5fLQX3LfsrqlbhI8dzRO2znIn0Ei9iLuAvlkyOwsgTfvpR8LoppzELLjlVOk1ykgu8L9KoYomERv99cZDhKIfuhBRmw9gMw==]]></Encrypt>
</xml>


2017-07-17 07:27:28 debug :
------------
String:
account-ticket<xml>
    <AppId><![CDATA[wx21cc570986f54847]]></AppId>
    <Encrypt><![CDATA[yYV2J6hAnmbx5S0kFNB+gRbFu0c4g4ZSAjFFsJnxvxadtVRc6crRsFuAHE6vtuDti0qFQH5y20KhRiG8IcBQxudM+nLdQtk3moxAof1+15w4sH7tHwm48eEzxNUlJWFOOFE1/LvIKebENPu4dBSb4/e9gCHgHj++/54b9yko+dfpWt0d1jBSlGAVDJ79AadIxxmGO72nayMEVS/ZZKNMthTY1+mgX7+eCAKiRFkAbHYo5P7GJ2uRHE2Dmkc4nvehX0wcHybcN5Eo0dqygEgNCzrVcQkJNIEZlozNPcD4nif96ls0pvgDLcaVTzKn1MDIhOwWcl3gqt1nZnuHbEPHGqy/sesRNXR+KlO3QbL41QtF8RmIqCQ+pNOWrXDfzJWE4AH4qv2ONQUgT5asIO5jwViiQx+BytOF9SrNyPEISYeZ9Adfd/qyR7FRVeL6XnioQLg1eU4tyRSaO4tk5ONUAw==]]></Encrypt>
</xml>


2017-07-17 07:37:24 debug :
------------
String:
account-ticket<xml>
    <AppId><![CDATA[wx21cc570986f54847]]></AppId>
    <Encrypt><![CDATA[8G5ml/fSQmf6WZmN0UguWap4c7NVJ9A0VbX/g1MDt+bS1R3zz/HEps6rDcLIlmqbhv+Al2dIF8Il9ApAv+TtaP0uorLfdQ2En2WEukXYc9FFsKx9aASkQ9jav5hcsN1/CvThvbGAvWfydPKg/zWUpP6BxgZN2SwwuF6KIKBQveZScxfOXf26pAk7p5lnhoRZ7wizAAkjWhUak6LFHFuN1Wq+rlb9vyIDFYdwpa74MHLZJvPgJa8MlGEh6t+kLrkYLP7CuAYQCYfWbN+IGADXVDISaeJxz+kxQsxG8ukTHqLIp+j6Hxs4kclJGSDm7XffTANqlzqiOAy/3oEOrJ97sPhp7X9bI778etdQfNMRPFIigqnSPR8SlYV3hVHee2tGnyTj3Jxgizz0DtRs1jb+NrWWTIbKnidSJ3pLyff5U1UFwsCvmje1Q+lBiZrddQ9UeoBcPF/1vyFPAz5CprZUWA==]]></Encrypt>
</xml>


2017-07-17 07:47:28 debug :
------------
String:
account-ticket<xml>
    <AppId><![CDATA[wx21cc570986f54847]]></AppId>
    <Encrypt><![CDATA[/62hZcAXwyAFh37ulycRIbEYcV+avDSMBk2Y7SiCaJlC9brIRaKThGmc8fwluuN8MBM1TRZDXFt0DeUUtWEVS6vg5b6yghur81C+/eWXL8JauB9ImTPixgBa6OCvHKmFfNp3TBbip9XRM8ql/oaSc07w8C2F1wXqqjBQVov7gHachYmGJ12x10zInmdNQF8FfHEL3ekyMHB+f8x/5wD5s7f2h5K/+tj/+QDvWV+PTmhq0cSLVRKULb3S6P9hiOHXGOinTqyKZHITyPVmUaVD9DurjWe+inSVzvu+j0PWhFNLjSsSHADQunGWUnW7SC8MJ4i7O57C1TmoW5LyvUrBs9p+Q/k4FFtj5JAuFiWXecME+5b9+MA3mW0wMzIfmBdgIi3wWMji6tIZl2Rn3VvD5Jw3EydyL8S/+R/CZvrg4pD5CZIVUnlQiVGwJNeWGmqN5SF04wSXyt8DxO1ycXQlgQ==]]></Encrypt>
</xml>


2017-07-17 07:57:29 debug :
------------
String:
account-ticket<xml>
    <AppId><![CDATA[wx21cc570986f54847]]></AppId>
    <Encrypt><![CDATA[9hUvTN7fvSPB+jPJpBglWo5hhyNTvwOrWwSKmySvhZpclidq3jaSLapTi4Dje0oBoUzk1skmKDTiVsAsYMnlU2WzhmhH++7D34FLZ0Icl0jtxGaxWivB/I0bXPLThK6pbb6jFc3N4jG32Y/k7H+41C/HmU+QfvuneAKwVrmgOb+57rsTm25n/8vJavrjlYuy0nxJ5MGuKtCdxz/Ax74S6xgK4qPI8lvr/0QXiDjfE5GcRPah2BTMRJj5AUeK7c6MIpHubux2Ig9OavPl6wtNtb5xcR1LH8wkL2/aclRyAYcBAyH7i6hGns8PYtjZyNx+TieHcWVEqBsyx0TdiMUScRKsJAc8nwZJRGA1zuwNPQ7d/JfBhEyX++5Zl2EahGb3iZhG/csM6wdkOYTzVmMi+f7mSwpwM0L6IgItMIxg6jtGNXGsEuvlvXo//r9bgWi3ZmX0xd32POGcO2YVVNMwYg==]]></Encrypt>
</xml>


2017-07-17 08:07:28 debug :
------------
String:
account-ticket<xml>
    <AppId><![CDATA[wx21cc570986f54847]]></AppId>
    <Encrypt><![CDATA[lY2AdOR9jV9tX4OGuiWysB+4r4GGAY4+1rdsDmLWa2e182Uyp6VaBG8YFuji62lnErgLM1nh7m3etOehbMRMss8DVECPbCAjNqAFdMiIeZDqqSX/ES8SYluEfs2ulRUyR/5+YrSzs//jQiOtKQixqN+pdOr7J5OVa02kgsforvm2oir7CDQ3mu9Jw1XdW5f541XkvwwJJcPS1ih/hQ4ietLO4cSAtor9fOKrRU4JwDpywg8HF2oFpLNVZUWw59nx1d2tOE3WsNqQ+CfmxpFUwlIZ/YsdsmwfkKY8VQZsr3NhNUItrwpSnrsrJq0hbX9xRohBF+O3xKBGadNhzHEEq/Hx96+G8Us3RdoWWU9n9SI4rSv3vUaLWjru+r4ZqifH4z5Yw9h9/KvkrrBY4xemhXPbbBmv1/uC3YTgnXeTg9MJmEspv85KBL9tB+hJshOsvg+behkU/YJJCENLc0B4bA==]]></Encrypt>
</xml>


2017-07-17 08:17:23 debug :
------------
String:
account-ticket<xml>
    <AppId><![CDATA[wx21cc570986f54847]]></AppId>
    <Encrypt><![CDATA[+1Z2uId5V+acg5OEnqSMUdDoXcpKRuCvUSdUBuyJToDBWAGFEqwxOIi3D6xkmGlagmq1DTcj+BdIR5wftE2xsvh5kuIyeelu6LUTTI7ksBo1zTHbeKpzpuDG3eP6UXJk4iF1xm0eSL7yfzJiLCyqsz0Ep2ZasQool7axARzzy6yzLctixpzm+obMpOC/ptzbh8BhpwpaOa/fd3oYuO/AsGzYp6tnB1yLOGVzncmJzHSAF8Ala3wZVrzibSf6sEsUZI6sLtbuo9gBaR4+jU837kecizDEWoBtKzJEMLReQ1QBZmS3dHSYQk/x3ZQAPlifbs5+KzkqyJ9TcxPLmSXbmnua//URClRS+a4XZ+yXAlqaazqBzY+ZGCEQG4Hf4dNXxyv6yI77VsR1ZNo6a4htxcp/aB3Mm1jAgjUQR/eUjhi3nz7CC8rGoaG/5g3S8x398oT/e+d7im5xnW2wC17/+w==]]></Encrypt>
</xml>


2017-07-17 08:27:30 debug :
------------
String:
account-ticket<xml>
    <AppId><![CDATA[wx21cc570986f54847]]></AppId>
    <Encrypt><![CDATA[JpWPsd58+na7yDdJ2ZQDixR5IHZv2h4jPctv85e8C7SqbPVeH+YbZ4lRAxpkLK5GTR20tuWd/3fgSh1DXA/zBpzQWjGsFIhMKFUioFsP951FN9KHauY9WtIe5JIQGBZZ8uYHPSzU2cv1VweaXzXS0mUXvj26E+7E/ZKoNNG4oafL2RmBc/pwrb0bc7Fq+R+zjP+ZfyygWnL/wJZrFTcKm1rkj0wGzE+SPzEA26PyFksJAYpHME9GvfE4nZRH7chPTuVi6revciKYE8EXgj19p9ihxemFsImS6EwXF3JQO8XST1JSwNa5J8FXtJ5zkxkzK1FqwuSHBSd8cUm/nuSHP3hN0tcDNmA/RVbZeU/QMz8uRHVDtlFb+FNLuVx+pTebItVFTelUxF1yRHE9ZV+vQOzqP95UY+zdgdkbdBdxOsmhDjcQZ5vnYCEMvvjvnfXaZE3JUjHVE5EFgg47shVvSg==]]></Encrypt>
</xml>


2017-07-17 08:37:28 debug :
------------
String:
account-ticket<xml>
    <AppId><![CDATA[wx21cc570986f54847]]></AppId>
    <Encrypt><![CDATA[GEh5cMNzDQDUl/8RU7kTY3dnBB7mJoqQjZzCCjqrP5bBVeZt24pUoeNcJY3R9202CgRDwUMk1DFnoUuuRcKk2e69JhQt8xzMuCeI5RGg/PK+BRf15xp5zOmL4ZlQATSb5MjRUYvJVC71oE3BI/YdQMc9CcFPSRXblcGJkFhw9yywwos06gPNfmWTElavHytytPqVvUPSWObXF9Ep5AuaIlPPGctablGCxt9oOWki+6eGm0hpAE3n5tlVwBiiUJwpu2C32aEdR3to9mnQr6SPoCru8bnpAlH46VFqq8ac3x+D12hT3FS3DrcOu1LY++1B4LTs54WcIRtO7cCp+5fdMjSVuPsp6R1l1BIsFN5iL1XDP0IZh0Gn6kA0Gsj/XiwFrXmoG4lvPr/JTI2uDcvsdrMIY+hRH9SHNMeb9GiNJaiWuWGpOC5eI3oqlbt/3c2luFkOZj96bUfrGjY0tw7NTQ==]]></Encrypt>
</xml>


2017-07-17 08:47:29 debug :
------------
String:
account-ticket<xml>
    <AppId><![CDATA[wx21cc570986f54847]]></AppId>
    <Encrypt><![CDATA[t0hSAo28oO5KSVR5DMd7P2Er1xyrvHt/OGN/SZjUMzoAffci88cLdNaqGkbR69irbFIB9Uoqlz+ZwD1Cjp2TUo7j6uV30iubJnzI5YHrePbVdx4wtnqBLrzyL7kXBFX577qH0dW2kG4fQzJJxzaQGQ2Jpwmgxaia207tJqmBNhKwF8C/NSeUV+42m/kzV1UlBlVR7eqMiQOM1QKqlhQyyCkR3ifzC/hW/5XPIWrlc0qhR6gP9+XzEaUx0UygQWISywxf4UC3eHNfDae59spx3TgjI16GHu0RbQLKf+Fd2fkLl3K5bUWyYMPKXi2+WUZEvZEhBhML1yBFfI6DDnMxX9ygHdByLX2rEvTo0mmbnDbnQTJFXhlmzX6kQmLiINXjVrIPFuyNbzyMei00D3PnhJtJEll8pKcaD3HXb2nfjMjIUhLNgERaaxwZ+s31RtQh9unRoL+bQZhtsGS03k+JJw==]]></Encrypt>
</xml>


2017-07-17 08:57:31 debug :
------------
String:
account-ticket<xml>
    <AppId><![CDATA[wx21cc570986f54847]]></AppId>
    <Encrypt><![CDATA[0gc0VeAqar0qDUehjHdULmVr+p4tHoXj6kDxtmuQmh0UZxIfvQSFTEdicL4xAHbNH6nHg5Ur7jLTvlVYq+I26grWMtrtPSRkI4gy3kvVL5taLxv3Z5fXQtGjZSnO7IZu/+RE1ecPBSHTdFts71NHne/TbT6Fwl3hALM/YsgKizolUUHkWav42jfSTlhjQJOqotGZND08iGo9YW36Nbp5CNW4S7T5KOwm8XoEyqFSagJdz03Xym3g6sqk8qEmJ8o8IRbYcB04wevWuqvb843Frs+Ago8oxPWu7VEhOQSP9qTCKMBzvMUgl6n4vvZhP0+Eb2WIZR0D8vMJKjG1CmdVqsatfEQ52I+KWMQ9PFUQkc+qkQhOBk3JPtHdKY4Kd6x6wsW5hHOoXpcSTcpSeHgm56WUpWwYLwbxYSH8L9DaVeTZcnMdEcgXzt2b0MdJO9fKzZx3bA2G52vB849A10teiA==]]></Encrypt>
</xml>


2017-07-17 09:07:30 debug :
------------
String:
account-ticket<xml>
    <AppId><![CDATA[wx21cc570986f54847]]></AppId>
    <Encrypt><![CDATA[qDORjA3wsoVZ8aK4CyrubwSr2u1UqvlHwLN/rH9izmRE16n1kDhLU18zbdo4qmWAoHjixXyJFDwFkSnZw4ML4KSLp2NHS1WCHrwSDmlitCc5ZF9P+itFfA8pD4Uv52UF2Dp9J2nuworhzBJYBLVl3KP+cgwWlRzei9EXjwTvxBN68EqtlwRrmfWTjTXvsWaeSr3IBh3KM3sV+F2HlgQZiX93KXaoQd/ox6GO8AgPqPdWI/LgjStEUw8FEx6RpCh5ioVHMdoWPzeDV5zhjrTiftAX03Z8+VXvNKcfbNmDXUddKNhFKN7q4Wb3yEYhIm2eZNZw262kAFhC3Tfh6rM4RtE+Xo+fURrZTMDSdE4bU/gqTb74wYdSrq1M9nkWlvWYU3VCuMwqJ1Mcz4ibg0gNEjKcn6mymvss7kC3cqeiKTzTv83Dnqg8L/mUMwa87w3RsZUDRs6wuMVXMi02uexbgg==]]></Encrypt>
</xml>


2017-07-17 09:17:30 debug :
------------
String:
account-ticket<xml>
    <AppId><![CDATA[wx21cc570986f54847]]></AppId>
    <Encrypt><![CDATA[Dmh8SlWAxDeOetcLEYCmgC72MBfln7KQo9PSZUMf7arfOskbcX7kn+tD4dihmDqtpVC7Akis0wynr0t0n5bh+ZIl6MOH5VNRdK4HaSL+PCMZBnWAzftptv2wosicN2CuQ+uLUXtLogWUSGSAcYqvd+FlLbLJ/9nGWathM9Gh6PR0h0wJCnimpaV2Z4esfLAkFy1zkWEO5iVpIgBpk2ysV9xFEl0UcaNOj3LDDqNNbROPSItpk12HBgZnFl/XJQj91HS6Kfv/lrunUtxZer7o8Egb5L3jOKAfUwmlG4WtcjMSGTkzIzMjinZ+w71JTuUKkqTbKfepLtk+bOb3vXCsAFqknHHvhNDdpB1h6ORrRrcGHsjsrlqQJvT4optiEm8jzztXaKY97DE1mtTZsG3yvZvR/whjJfQ3YpD8FwCLHAzRDJcLZabhkoKi65eZesoLQtvl3WM8TCaAhtsBEfWjag==]]></Encrypt>
</xml>


2017-07-17 09:27:32 debug :
------------
String:
account-ticket<xml>
    <AppId><![CDATA[wx21cc570986f54847]]></AppId>
    <Encrypt><![CDATA[V1I9BzL756kLZ3cD2uyYgtoliEdehIFVr0h6qjdrtZY2B2qelmAcog8MBVxYm0Zn4S5gKt93HpzP2LrrRJU6Olzim9y6gQL1f0bILs2ZQTNCWsHT5gnhVq8xeFdlgx/bAc4C3tCz+gr1Bz0rOATD0Zad293vF/EoQZIb3idQFNB7w5PIe4apSbIcu2GqOcN0Og7exVxwk2VA5hculfZzMmFNsaIxZ7l4YLljQjgWwV4v0RBYjHSO/XaFQvZD79HNyQC6TxpDt4iAw1dEfKjKBugncgdtQMu+CMmz7pwMxyakNvcR23C7M4ccLpili1SgYZkelbR10rcpTxZZ1g/QNG1m0P2dEOO1MilBA61kzoBmfQD9p5XGpt8k6Hoh5dtKfp4OY4izgqN16KegLBQeHaVKLzgNCGQwjwtGArnlLBj4Gqg8WAcXilW4B17difmXrU+aOLNTN0gkvwAIDgZjsA==]]></Encrypt>
</xml>


2017-07-17 09:37:31 debug :
------------
String:
account-ticket<xml>
    <AppId><![CDATA[wx21cc570986f54847]]></AppId>
    <Encrypt><![CDATA[c6f80/pV3oB4Wu+mHB8K+V+IRjpjSUI3CuF7asNxJwXrqh6WSYJ95rlq12ManAma7D2F7DR3TEc0kcu/K1IMVm0V7ckkOAuD8lVWxSwUk8B3p5sciNSjSiLSFl/MMs2ClPyU8I0amNDNMLWkHhV8KfJBIfV1rHATGQXFr+6KUhg1xJgrQMS/rt/bIiAZ/LCcaABOCT7hKarcjXuF0eJvO52pmM5ZAd2ssEmcA4//mYMXv+vAJZuacI8/eByANHbSEy54HhQlwC74fF6eF40/T1fG3vLzr1lSoZrCOEgQ5LwZYaWBj/Gzqmm/7K525hNij+kDnu2gbM6bDRLL5egmfjzbQQpGUFtDxwfdfZ+Htk4ljqM+Xfr+f7xx9hESmzUVe42lO1LpbhGiX0+xhw08PgDZvkgFla7iAsVQjWTwHLnD6CPJ6hH+pl4KNPRr/zb6fDMJsUy1g1LayAgKnQ+9HA==]]></Encrypt>
</xml>


2017-07-17 09:47:30 debug :
------------
String:
account-ticket<xml>
    <AppId><![CDATA[wx21cc570986f54847]]></AppId>
    <Encrypt><![CDATA[ZvT/69F0BecFgS5IikLyVwymrshgVIRLz3XP2N9ixmZY2WoEC6YhOGjbQjK96LKi44jjQOtB/nRmZZL2zJSdoYQspdlQ7/amZNTZBnJ8rbk+5bqam3tVhlA+tzYiU32dJbdxTr4gBsiAP5XQ48vA9/zfAR9bin6QcFMNhiEnY8rvR7Few2DNIDHVOBkqeTp+EifMjfT1Qnj4y7F7zivculI+buzeLLQI11GmCacpBKEfI07qqyo1aWnXlHpDjDyheP7LTPgxDNW6560bT4+yZIeUrN4OeOV0qcsQAS7susy3HuymbJyKqINH844P+eu3QIPlFGdW9u+NfX5L3SPOipf/3d9dVOjELEiUVPiWrojXqivE8rVa41EsI8exaGD4l/9R3/029ZG2MZFIBbVul3TwJkXwBPYOIA50+d49+TfDJm2ldBItHrDFGmR0M+obOxuu0nasbzKx8P+c9+GvCQ==]]></Encrypt>
</xml>


2017-07-17 09:57:42 debug :
------------
String:
account-ticket<xml>
    <AppId><![CDATA[wx21cc570986f54847]]></AppId>
    <Encrypt><![CDATA[TEny+Hpys1ZTGsFfgIpgf+kkxhRO/elW1/ZlK54vlAuR2arbCAnsoI85QI4xi//LvTNApV8VhJ5MgXskq2ZV/ZsQECPoZm2yv5xJVmK322XSi84Y91D7udZLWYMAbVRuzxo9n8MMcnzs4dCGNlydAN3lPUctAs5si51J8IMzDp+mFLrayMMsDtnUWq+r54qDwyOXlyhm92pHcZdPBKLeTxVsO3E6cRyXjoLYJZc775kCAq/zEpDJcWCCAATQg57JLW3CH6X6xMgdvv3LtF644DHi+EXZf1ngWfvgpOo5U8HHyKsje+61lDScYKHiC2O7QAemQEm1QJspo3/OrRCr/nh/xD/sSowQKFHtRA5ok0DMTFTGbAFMeGy3XYzdH8AbvrbHRcCqtpiKM1tUe4QDQvTCuVIYLOIx6JjEecB68ICfxeHqlkMfyV8SA9YL1upLxq3ATIyjz77a0P0IpoWxgg==]]></Encrypt>
</xml>


2017-07-17 10:07:33 debug :
------------
String:
account-ticket<xml>
    <AppId><![CDATA[wx21cc570986f54847]]></AppId>
    <Encrypt><![CDATA[JSpsD09zOpQ0GruH5Q+77dmUv+Xs+60sg5eq+yryQGXe+e/+HtufeooYAIl5/O1Zq6Q5tGKmviHwrgRvwBuZLe3I+shJMkL+TSTQ5q8l7APjJjSsEOV7ErEByzDCMEF0w0+1d4/LS3rcpGH+/QBb+o8y5G0tHD0TFAmAhuN1Zq2nIjVehlPG5gAXanicO1mMpUIuDEYYqocCddjwQjdB2TQ2kRYHKKnupN4eEfZcPnXLj096k6YSOhn35e8/1foGMzwqNczt7AfCKe6XKjbtcE+6ADzHHKih8vRBW48pb/HLC0jWI2aCRj3jexWdSwdCsZoxFVdB45OETr5cENAa7XtJcmpNacxKxcciM6rfkRZHNgin9NIGOJAP3J21Pj+fmaP8ocbB1iLjgqurLUFqi8DvKxZxdW760hbQhYpS0ECVCRSctjzpJ2z9zsJ55KtP7LnyBkW022VnvY68HGqSkQ==]]></Encrypt>
</xml>


2017-07-17 10:17:33 debug :
------------
String:
account-ticket<xml>
    <AppId><![CDATA[wx21cc570986f54847]]></AppId>
    <Encrypt><![CDATA[jkR+K8xe0n0NWMI2BJpaL9mRj7FcLt3IO9XDlpOCZbPp7Xhrlrtt27w/z8aAjdYFMsAUP9IEOUMFlvO/hEpXizUfEGbx8yWIoXY1Si4ZnGoiAb2wLcFlChlUOBUeG1QXUggRuvI5ttZSzkno7Ylc8WTjL5zp9Ej00FVWZKbShCv0uPzUIGCPKG1Tz6Ae9aZ3gOWF7lOGzH9lZgsRQFSFfiWD1SwBCEKygsxMFWrOQQ8tp7aZpp38gK/ypw0tIxNVLmMHXgtLb7iSDJf7fsEzwZSS82P6lf7HrwuMKC9TTAebYIiB/6q+epqmTm1EQwo+gaZIE7bS2QzDCyz0+BMNU+Zulq8UA44rut/VhM+nX3aXlfkyxVfJIyTKPZ8JHg/IoAsVuIppjKkOAkZdHTp7onFaWiSyFO2iPFov1dOvcZAUI/2uZhH5LUXhX4Dyeb9FoP9xWmnQTuPhMG5lFGCTdA==]]></Encrypt>
</xml>


2017-07-17 10:27:32 debug :
------------
String:
account-ticket<xml>
    <AppId><![CDATA[wx21cc570986f54847]]></AppId>
    <Encrypt><![CDATA[5FOyuTFMGtcn92wvQzczc927YJRi3ldpsydplt2b3QYJdnK3NUZMmNCD/itx2x0u7bUtTVn2zeaeDrgxKZLaguyMC5wd8mcZsdAwvASxhhHnsOxistNko8v4ota1jxV93OzwwMKsVsxeCrnGmIATKiSzp00fckeLdjf+aEYDvl823Yc5ifV+aUozshLd4+pEYA3m73MVpbd2FJtj4DXyncB7pTDscJ5HaQoG6DfQMGuJzMS4eI63r8hNcgsUk6sPsFkeHt89Ilr/CILEkpPJ4lP2UjfQZsEZwDGN8KOuSeTkhEF3xYfL6BlZLsYGq9LQ3KSUdRBXM/NzmdQmsJktGduEIq458At885v3X7Q5h3g2un8tbzAUnmhRz+6q/GIP28MHBB4TZcsZzQP9aWsdRibjpRNPXfRhBFa/mdY2mP5JG25xkFAPPbRfbojuo6i2roaOiYeVQpzg4jcFguUWsA==]]></Encrypt>
</xml>


2017-07-17 10:37:31 debug :
------------
String:
account-ticket<xml>
    <AppId><![CDATA[wx21cc570986f54847]]></AppId>
    <Encrypt><![CDATA[fXToTJ+EUcfhKUrtCaNEZf883KUyqoInsH4InN9/djczBYi/fUW6sWjCjQHIanvWlQnTueqLUk0jyK5mn1atmTUrIJ2z2YG8MoeoTddDcXeOuioIpYJSEmvGfoywxGYpnZxlxy2SBOCDLoammLjq5SIXWL1u/DXDM5B3HJ9Yp29VaSEwP65shQheoQmLrCdWe7mEHMY71zITtuD89SNg0bvyYOSrNOQE+8QGGSvMF66HCxvFxNJXdwOGk/kY8vzVkZrf8vFLyn/TwZT0uuZO7HZi5Ihold/hHW7jRzNIT7TQ9/TyJYkVhol7VyPeX8ComM9PKdrB3mHUBXzPz2dJA+cai66BI4My1789m8nmKwJmqqZZoXNRVMTaVPlx/7/GMo8Iy9ZLxfW1uYXEsM+a8SDqbWsOckbvmvZCuizvQRYvNMKCaNVLgL/f8M1ciytZEe29MRjBs9CVjA02jKXIkA==]]></Encrypt>
</xml>


2017-07-17 10:47:31 debug :
------------
String:
account-ticket<xml>
    <AppId><![CDATA[wx21cc570986f54847]]></AppId>
    <Encrypt><![CDATA[/EUKjE6P2QBjc9jhfFIANlBcj8JTt7g0EH+0G+A9USFXCzXWWrfBzKd9Hwv+mfnBwicAUyCZp0wc8PI18l5ox5zdyYkrbU9UXp3MLM7u13Oh0u0XAzdiI5PGUCH+JnnzqlAzpvl8qhK/uy1309qmTxlv9KzJ0ecJUvZ+PwSsAapx5XqQOtzexMe+GAkDUhAV003uYftWSoHyiXeCQgDSVW1rlcgnohj8D7wUPsng6DUTSwTvkYUDm38DdZWOa2LZSOMorC6oqus3iN529OgGjPE0njA33xl8l6vzvQeDhDpAq2na7hJzPr4Wk4P8mpGPxZ3Z5jnM/eZDd2hFrSkW+G/GffU9mpAG+UPrJqzdHBQjwu/qdtDFAI9KfxkOc1WnF9YeT1GKCBPzc5YddwgdCchcyUfRP526CiMPV2dThNwYIKXsR39+XtDJh772zzaEF2+jaZ0rncDbaFoM7oL+kw==]]></Encrypt>
</xml>


2017-07-17 10:57:36 debug :
------------
String:
account-ticket<xml>
    <AppId><![CDATA[wx21cc570986f54847]]></AppId>
    <Encrypt><![CDATA[d2HRSrN0pWeXsA352zGtzcAXNJIkjKvCLVhfYjvltg7qZa/qFSOczEdPT85lTCkCoDYWrw4L7WTm5v/QhS63YLm7UNZWNDj7UZxuzU2CY2xk7A40y/zN9FNWEjW2kkYFGin1XM8S3uPrsTcEthq4cp4BSAoVslpDwCyvacuuLo0rl6o5kiHFe8GKwxO7jW2UW8ak9paliX5HTE2k1guIU4lRy33YG82cY19IpOkgio6ukIqzS0iUhOAeuYCjx4zQf07GRK5E/JCG7zKMgvsP1rQ91+6wWwvHgX5hjD4TV4X+h9A1tWweRqzBNxC+Di1t6/wgu8wBbt0Q0hKnIcy5aGpJexXYQL7QU984r4BtDEhK2QuebxJjw/4dUiqARpjGNfzRS6NnBBQJHdx/NNgeRvxISZwt3SHqQUGRsN0FTwKUa43dq7C89di4CtGzReGwuIU6+J/dfY6Qbkhe8cWDiQ==]]></Encrypt>
</xml>


2017-07-17 11:07:43 debug :
------------
String:
account-ticket<xml>
    <AppId><![CDATA[wx21cc570986f54847]]></AppId>
    <Encrypt><![CDATA[slP7e8xoqOBSn2r+hbuB65aCSh4eYFZRIo0+4K8iHP5lFA3uqVaX4D7UC9F/Ddwpisu7j/eJwXCV4h4qG7kDBAjuVmj4rtojGTW1yQEMkBBksZgWhIzFIxdDi/IPDXMUA4aC7oci4WaZVrEnzU87NPWmA2Zda6B1zUT7dc3NNvpyNipw394chibsNcDU9ePdO7n8aZO85fhPNVhV9mD1Ewhp1SeXNVey5X/GOYGXFYw6fZEXbZVp67HT5mlb6SxXwfHZI2rMZLZ0DvVgu9UzP5oonqiBoYIP/gmXlU3q5hJEO5UwMg8bi7IlK2r8lez+Wq6UDowlZVh+SSwMI4WxQWr0bHjAATjPmDSbkUL8rvIeYrSGiohztDObKmGwfOOhf+G882gDWcBi6KxzJfERDDxKN27+tE8QfF5g/A/BGdz8Rj3+5H3mPgQmamj2HU3mf5zJYnx065wRCzHQDROfaw==]]></Encrypt>
</xml>


2017-07-17 11:17:31 debug :
------------
String:
account-ticket<xml>
    <AppId><![CDATA[wx21cc570986f54847]]></AppId>
    <Encrypt><![CDATA[7v5S35d5NgbjFS9MW7DL3WU5xM3/CdStMHGJbabWpmDHzJpmd1P1FcgFt3cVVN5xNiD8ZOvvVlxBEalOWjKlvGz/QsQO0XlSHf/bHMuasl98Ap5YgiXz7FA1grBwh4o7QWatQuawl3b2qf0fAAX+4152hp+uy3Cet2jG+tD0NYLnusKasPE8WCpHd4e1DjlLyytNBdZ69yliSj/gDRRElH2ZYA9Kx7VGvOj7jM/u3LCzMqS4++oK0+S73JmkDdWFOzauvSC84Ed7PymM2PrQ91I3Sd8LyPCCJh1eAx6Yb3pHAmSCFQKPAKrl+nIEfnvAj3/MEFvfCzPWVPRbDrzvZ1gm9sEpLq8FCWWIrb12C6jQBQqsHC5gJlMsrvF4vWK6EQETVd+mveLRsTpNH23Pv0noqsNyZLwp4Vlk3eLznl7zk8bTvkOyrL6IQ77GNodCtA1TclqnXxjClWJoEormvA==]]></Encrypt>
</xml>


2017-07-17 11:27:32 debug :
------------
String:
account-ticket<xml>
    <AppId><![CDATA[wx21cc570986f54847]]></AppId>
    <Encrypt><![CDATA[O+uqYxYNCEN3v8zsmOzbr4Y1zOVWFeWilkpWDNyNRUxSdP7ZythKsStKehT6UCtxoKK9YIVTtmAs0kwUPqKYLIsNl3VjzaTjeKUIT+WtKZ01DNQtQDF6K9VHH61lZS56PZwQjSaEZZf3mSdqFxiAz6V1b9Dt7ybv4HrCdxoEHD8NYdU708RBv9TsN/00L6PWDj0O4oMUKsq56qkgKfVWbZcn89/1Cx78Eb8+6yB7xLEzAtCdaV8vz1RRFD/rSlL+FqKbh7XKNm0Rtxum+IeBDnTxdEKgzG2YiwvPmNH1ZgiJ0nmgtu26kuBbxbg8G5Xn3SU6Z4TeXM1IXs1XfcL+YR1FjMj3eDXLLbJC9FGP1WBQBwFSmsMlrRXsqcbbMP7XuZrbjwIlzmbDZIaL0I8ZferwoKRJQmKRgpk+QoXi5TyEiFeiIYo6D4o8RdU+5+gWLXQXxOy7+hJHQKIDrM4nbQ==]]></Encrypt>
</xml>


2017-07-17 11:37:31 debug :
------------
String:
account-ticket<xml>
    <AppId><![CDATA[wx21cc570986f54847]]></AppId>
    <Encrypt><![CDATA[5KTNUU2uI6Hw3S+Rjw6mfTJmlng+0UYWXfW4o0gjx8w6W3HpCmBNHf4JvPmIAe9oHb/Qp2zwzDsUsNdT1kuvrHLLXCpOggVHoanZ/RrT4KTxS0l1SPndGmk4qOVvfFOcDe6uBqVEYzCb9mXiwthy0uzP+F+vtbgyX45O02JsdWv01sn4/M/36K1v8sbVojh43D1IxsP+4y8XAngvi9h3BT/ZlS6/a969nQ6xYatN0wtyJwY3qGIKX7tllM99gUdtPSGWHtMLieXViO54+5mWJgEcYb8O8EHUPIP4fLdWS3LMnajnQgImioLwISwq3DyK8mFi46a/JR8s6zoRIzVrA0Ly/qFZnmmt0+BiVhYmvN6mtDGnIX5g0tanDY/cIMilxzk3WyrM0CePvVYTwScx9O8rwObQO8wOQloMcVD+Z46sR/Xn4ng/R129OLVjj/xAHgSauynmVWYbWjQkbdH/nw==]]></Encrypt>
</xml>


2017-07-17 11:47:35 debug :
------------
String:
account-ticket<xml>
    <AppId><![CDATA[wx21cc570986f54847]]></AppId>
    <Encrypt><![CDATA[vGRAHddifW9VGv1xPsUFZXs1JoxUbtj5rMJcFtakyZUdgXrELCMv+5/WNgRYhYbtCjOFeHVj9xv0YzdDdavnx3u7cavnyBOGs0S842oOttP2ssReZyhjwgKM8Vi1dNpXIgrY6lALliq8xPPTgWLUwKbDBTnRGAk9Hots8gA5nwAp2divDaDrLeUSPvoGgNTYS7nyTnU2CXPjpvdnjALecdHOqKcHmsUq/gH3QUknB0ZZlf9eb4RZ9F2dMg/Nl7+w6P+1Vvsx/0xcfSa5Z0NJ89Yg27kpFnWZE9DvXZnZoBX6Z6zN7szLb2WO534HwI6/A/l6fGy3+zAGTjmUIgjEF7axFW6mDTt8uImE8neyyK0/xSznMhTjtdIlB7nbxSnrDxho0o3m+ZzHcuSrZ4d3TfSkLzLvfsavyVmvZYUb8zgPs2LBhnCnhbrQsDa81pAsfJ/qLhiTeehRxEHYvwbB6g==]]></Encrypt>
</xml>


2017-07-17 11:57:34 debug :
------------
String:
account-ticket<xml>
    <AppId><![CDATA[wx21cc570986f54847]]></AppId>
    <Encrypt><![CDATA[o9LUqWbNLvhYAI8u29HmT4zlTNQryxmoFNvAD/WKcPhSz4B8IFb369KzruDXgpSlwImUUVS34ru4wE204+CKRb/8JUslrTKrrqbnVEWr23MlZZQ7UMgq4k3RwHTcGFLaRNgYKjdZK65pKXkmQvQDigjuJDEWpgp1DyXwyGNdWWzRQSMWtyyTrpDMLbXTxvtA9zWgwPoTwdrtsts+d0zvGGDbJ7vMXHsWnceIHDPpsXaaorEXx8xJa+1ew3be2fH0Sy9z4PLtPwEMCTf1GY45K2kVU27PdSnOh1ClXqQCgnIEK1SR5nFD7FnsPkcJ5IlgLpB7N4hM5ZLw5/b5SXJf96ipBbFTpx7o4MCWVdppuhNdJuj4oiFOb2EBJJ9B4vpJqssi4sgXaFB2c7QsKsHTgSyM1yLcNwDg5PLz/BTu23eJ7OgbQtq1Jsy5TQA5eQyDaGXIzHMT8KJazZ9ziqTiwg==]]></Encrypt>
</xml>


2017-07-17 12:07:33 debug :
------------
String:
account-ticket<xml>
    <AppId><![CDATA[wx21cc570986f54847]]></AppId>
    <Encrypt><![CDATA[7oKEwUTatd5aj0P2FBruJgXA+M3qrbB6zTR2in6VXr6sH65ekGn+LXziqV4KKjIicQ5LrydpnokSn7U+mBgOuB9+3ZVTrPErm4ODnol+18IDx1fc2yJF4GTkMunK2pxJulQbdK7ao5eDJVY9xvsEDEEdQzfpu7kkV2cs2ZBSrSECpWlAT7PkUCyXohShuEgbDEoKByeeodL6gLLNuU2hsQk5lvy8x4CPGA4F2LFvSmiS7F3nHsEuS3K7u3DA9CHsPWJWFfjC+8Y4DTLAVOBgHoOpRvYhCuheVy5RfkukujAQY6oQmQdoaOIZyQz4DszCtm7+viYcT6zw0sus9a4Ew54PolJXjTUfsSBM84GawAdO0ZPbpFzkAPyN62A4UTn1wU3uHLglQJTThNBupSzZEoawQ8EYlfNY4KRELO02D425usy1Cqf844B6GpvIFYWx/FjrMvJa+vtOeiELlT81UQ==]]></Encrypt>
</xml>


2017-07-17 12:17:33 debug :
------------
String:
account-ticket<xml>
    <AppId><![CDATA[wx21cc570986f54847]]></AppId>
    <Encrypt><![CDATA[QAa61EZ5wxSGAjbgd6DZU0s7fL5eJf8SeCAvMUQ4KVxNneHOMdeQOPSLPUqojejK4atf6fWnxMMFFvoYgcnMiahtt+s1JkhGUw/0yZoBHxumccN5h5bugTJfZr/AT2PXAw+Lk33dE7yHnlHNxFEIgXsoweXnS5swmAtrAeBC6W5DPOy03wpsaT+nlbeHj8VI/oElwruc3SlHnx6kTwbTN/aJLcZO96M1BAM0Sc1ousBndam/CwNVKtIWVC1kHXG7vfyhO9jP+xPcNz68zRyGNnWCdW9CgXMFzzYGGb/wvzEq+/11xradHSEaxHijWufAnv8rien/H9ZI8mlCXJNrUi1rMJEn1ReJxJXP4ZIahOSVJJ3ckLPloCukTvcCQOdUNPpT+dCwkXkVax78RF00i64dgtPFPyB9vp3XJtPyQ9ZGuuhfhMSEggr+zb6eX0AHDjO0Tv6yLRCnxA4oKQH+PQ==]]></Encrypt>
</xml>


2017-07-17 12:27:29 debug :
------------
String:
account-ticket<xml>
    <AppId><![CDATA[wx21cc570986f54847]]></AppId>
    <Encrypt><![CDATA[ROSfsTt6smnCmP/xjOLRHyvFRJ4mxFj1XG82vxC13c9HE+6qUAY7avWRC7ANotIPAHoWrDJSSsYhTnlvKQYA3BZCj0PD0fWeSei/uteuK8EqK2wLABMw3iRXKJfCAAVcvDOMYMnpYSQtVCQyk3jB/x/3HNRTUIGmeafAsDTn9Tx9Ex+6uy3Q9s/+tkWyUciJVdGSzJ0utgD30nAKVNc0QddltLkFSEj1FTQ/TFyyAZjYLNRA7F/ahB37WOngJi7/++M7CRgZfr31XivuM57RUSi6cHlmpjPdVQA00xtIoPs3G9hl1lz9NwGXR/NVnQ17erW9siNmH9bEtojpqwKQrl04Mt+DUSHnIK4WMF39+mx9lzmfbZBUR91HAQYpUe+sZsTBVrkUgiHescFM1o+t9oqf4V9/YElRIm4TPdOYatmVHZuMJD1dbq4GgJWT0Y24urZm5AY5KEl4xY3heMh8DA==]]></Encrypt>
</xml>


2017-07-17 12:37:29 debug :
------------
String:
account-ticket<xml>
    <AppId><![CDATA[wx21cc570986f54847]]></AppId>
    <Encrypt><![CDATA[d+wk4fFIFtL4dp7YlZdDMEWyDyzoasfPsvF3Dhuv9x09Lc3q+E7DRy8jQPlJChklU8qdzlh6Fq5ttWrtdKOwOT+Cu0tkhJZEz62zNmQjFYAASZK6Smg7ucyDq+kcjforjh/Jjf1xHy43P8wjvAsCLrtaEDlTIuIg222Wdezj6hFLp+m8hOwkWipqP7BZvk5+ki4W0rMpeEJUd5hEFcOhUixA3tYCPK7zdSGZ5GV0ea37d6V13Ohq48A0FuUk8iiI8i86G3rr/qOSdzaQvPilZyXt55RLR3YmMmhFOlml2+bkEm/ED0P5J/agQtl2h79tIm7ADr5EQ5reUASOclB0kxRba7+EtcH3hdOJyJTqVSRJVseUBbC72qGEDUgotgVeuhfILuWqj0ND95Ndy/QqLowtWn2ZVwq7WrUBC82sfZWkWb8RC59xqLWLHEzGm9505Xjv+Fd3Sz6jPZj6B/4PKg==]]></Encrypt>
</xml>


2017-07-17 12:47:30 debug :
------------
String:
account-ticket<xml>
    <AppId><![CDATA[wx21cc570986f54847]]></AppId>
    <Encrypt><![CDATA[ud/QyYDY6SiRrjqZKVTKC6iEmqKI8WLlXA7/+Nyod71qvE7AWS5EtVxU4msLUz8kHXwDiVFmcFyYhW5YRwDzsK83fxcGIg0WVqgabfrsEsxm0EggPtvuSU/SUI0ar7uTWBDn2YGU8hrU5Nf0WFM8grJ7YyLl0dq67/1nWU2OLvsZx8oC5D27uzCUO8EPU553XqVlkv/iNn/z5/qMT0f3U0uifOeInqvDcVrC/tl6qCiZdlSxZuVZTkt6y5qdw6z5MOnUrjlygfLBu/CIcg2OetHmtz7ajxtk6s2tRU/4VanHMqhbvF+ylnFor3C5/nsKv6RYHPLE5lyWIE6O3fssAgHZhwN/euv9+hcu0DbnER/13MiiMBcGMr1zPwkEiypoTY/HdelmGBT0KQjERZytGEh8GiQh6ZvqGAtg2+ZJzxEtW6FYbW2+yz4QmUZ3qUEmpTEQ5smRrQfVGYB0anfH0A==]]></Encrypt>
</xml>


2017-07-17 12:57:33 debug :
------------
String:
account-ticket<xml>
    <AppId><![CDATA[wx21cc570986f54847]]></AppId>
    <Encrypt><![CDATA[KleSzO/dCqWCdcpKVjci4S6shBd9TKPmaVQystnVEi7gPRaEu2Fs/W8yAQopt4/JRNB4JRxGQbJ4HU6OFAEfIdSldE7OV1LhK0dGQ22GjeWk5GvVYC+xYesIFG1x7oSZkU5wUmIvvwtfXOfBHZiZzXvlSA994A2zxhW7qhbfDr3yrmrjH6oLwz7BvG4l+J63Ok84SuhLfNJBM1M0NLCZDZw4U5g5v93lZXyzjVt/+ATHGHcV63wlfevpVSmE4CzGA1F8zEC+89UdQzukSMEXKnZCeGENDpMKsgy4smUVW8XfSfxmW6vH0D2JbDYJl9elVmkk3uKghmsGGEvxB5axPwZlJKA/a0Ty7uQQ8R0osIOYMeFeiUTuZojEMuU/UZcp9+u2DQYQ9J4LqE0RjC1ZRz6qBDrZCl/YHcSW9474NDosL6816qnV9B3MbkF6RFZU6dfIDLwcwnRwavDjBd05tg==]]></Encrypt>
</xml>


2017-07-17 13:07:31 debug :
------------
String:
account-ticket<xml>
    <AppId><![CDATA[wx21cc570986f54847]]></AppId>
    <Encrypt><![CDATA[0tdNBXaOspSqbMzsNgIKMdllSx9tVI3U/vD4cyGrbsumcsqgAG0V4dDIFRuA5QI0NDn5hUoleCCQaor+3I/egHpyKsWEULiocvYL+LiDKQGWjZALdel08yl/UxIFSbLIjQi40joXxFi3IbMA5NnVur0ucBdWAV5ir0JyNmhZVzBhlcZxMyUEeKCRoqO+yVaozAZmw9XViLb71+HNI/C+mwEJa4MTdfE/l5HvonNBsQsiNjjmlkD0aGTpRctOieSzZKWC/K1KdHv3Bl1R7LC01Nz0hXf5S9b9nEPbWgQLpVg0R4NBIqpyQY4tooTHfJvwNIePzFfgue5Ysf5xR2kHqOAV8kXTVrPOjRpjJyPH9ZhWHOFIFaC8ZpX+L0/8aNXdntrvDT5r2rTXgYiSoTM5DfUKGf9X6M6gglw3RzUHE+/rByCKGWcAPVPwL8KUxQDNTJim6+1FX6/dfjfRARrVkw==]]></Encrypt>
</xml>


2017-07-17 13:17:31 debug :
------------
String:
account-ticket<xml>
    <AppId><![CDATA[wx21cc570986f54847]]></AppId>
    <Encrypt><![CDATA[b5jmyOdIcUE5gX2t7mTlbNYhQY5SxV/drLQB9Axh5ozlfmIDOUpeLeOgDt44aEV2FJRbsc/gZCUzzxQlCY4TkHyNc96LS/0+2A7ZZivoIS8DP5IVFtC1MWhyoBG7kLrTuoDfb/y3APgcQuyGgjsElp9Lp8iIWMbEaYkMAwi2CNpp6ptJudwZyXJSitotSamLc3zPmDakBoZuMDU/TltmbDgzSTsSV8w4lIbWD1yyUC1dZE/+4cLBSHUNjTutsOPJG8zlOI8Akx5EvUEI1/a30IjK/0MOUtREP+7d9pTtzcwYsjxkNrTUGq3e1+cEocH2kJEKjKtLwFEqsSLto1VmYpLsSY7AHsOMy9urm9h26U4GGVY4BFN4Kn10/KIjprPfu8Wjh9N3WZbcGHCezV8IB5RbzfY7JROXLpYhGC6xq68dq0+FzG56SX4g4rSCL2Qg3NDBjeSkV5q+5DT+rIb8dw==]]></Encrypt>
</xml>


2017-07-17 13:27:31 debug :
------------
String:
account-ticket<xml>
    <AppId><![CDATA[wx21cc570986f54847]]></AppId>
    <Encrypt><![CDATA[z4T/jKlEfwr1AUoh+sq8XsWGH75fRfJVLKcelrbwut/aeIiClAm5F01lcryEaHUzG2+W4CtuyY++XwSM2kpmEABBIGyA3MdLfOmot9e0ZAX4fARHReDYXWTHjulq6yAQmJ/+uiKbPNFeUuZxBKwsnybB0R0BxIIZ2zHqG7dT/Hp99Ti8mb85tdrekhuMYwGVO6SqF9dvzSGDsSX+dJLcntNlmJfmQEYW7C2Q6NEMnN+iiZKNRRCye84mzwPhS2xVjU+RJHsf+sJ2gKCP2mMmWXE9zRCroNMHWJdTakbU5nUWY+Bjmwq0fbweM3DjdGkw5kk2PV29lvgFQBqhubEXGvPH/QnKHNTK/kJAnt8oJ/cniccYGM3Q2z9NnCNOkRb21TCfMTp5A68AKH3WKH4j5KyA63eYuKgvai0kw2+zB6jeKDtTY325/wba8F2xq2actboXPOWDIVky73/GVghQlQ==]]></Encrypt>
</xml>


2017-07-17 13:37:30 debug :
------------
String:
account-ticket<xml>
    <AppId><![CDATA[wx21cc570986f54847]]></AppId>
    <Encrypt><![CDATA[LGSh+Aknd3N/NgkhBl1TWemsyBCS2PEBLMGbiIlV0T9mBPuyvxXyfdEJri9fOyM2KEunKdm5nm13dAABa9u0sEWiQaKGdXe+f9nqZUbyDQuqsj6QyutCg0wHOGjR326SIVohuooBa0ZhhhFP9ChE0IN0vpx0eVXpTEUGlsXo8hIeoYdosMXVhUP309RBIRpdrhJjYOdy/Cc278ZS0yMiilI1o5wW8kU+Ei5Kx9kC41sia5qB+ihChp3grXzLk0JRwf5aTbjyYtlbgUmSt4lqlAnZ8en5AmTwflL2Qp2A3D+AEtub5pFPkATD7gWoXJhlkcLKmIGDuMirxZfvQZtmq5oMqQtb4Ox/y79i2smBgFwCYI5ME2klNnCURfOl5Ur1c7Y8Lz+b7xDCPes7uP6Fawsq9LCvlPUvUW+RIfPah6EC1Of+Ezq8UVpoat71gxA0+AKe+FczCcsoO6o4fnRqRA==]]></Encrypt>
</xml>


2017-07-17 13:47:29 debug :
------------
String:
account-ticket<xml>
    <AppId><![CDATA[wx21cc570986f54847]]></AppId>
    <Encrypt><![CDATA[4fX/M3nCWKkA0cP/Va514K3TAytlqYrwFCv9QzmUGow8Nmf6N/S36TwyzmMavOZeaW8VoaVjufK01ZwDlv4HnKNqViJEAm28pIKOUGkSFovEKdH2yQgZq1A9sMsskB5wixQSOckyGWQbikCOrMNrnycgETuC19n0im5OEaMB/uEzJU1JDpcrXhZH+ew47QXD2F8OfEi2F9YNeSQT4OLpxk1otLQGK+69EGANO3L7R9kQ/Eb+TrMWxDoDYoe3ZVaQvemBqEj+rFfXUc1yjm33i1mjbmwQ72+Z/LyD+mVsPMNc5NgdY/X0N6MgdaINecD7Hw/hwSei3Z4FYqkpw1mo+gnn4iGIrbpznNcLg3FqO/ufRFU+PP95/t4PbTFliDzR9Fu04Q5j1FSTErDgKzwhKh/jVePnh8LM3t/ofpDjHWmi9Bfc2SrrBJj8kbNi/o70MbAkAsrQv/DDMaLjwIzAOg==]]></Encrypt>
</xml>


2017-07-17 13:57:30 debug :
------------
String:
account-ticket<xml>
    <AppId><![CDATA[wx21cc570986f54847]]></AppId>
    <Encrypt><![CDATA[aZH+0BLfqmntcSKz6ar8TCK2+ToTXJ+hZW5xqXJuukg3AJw/8rhgiYqBUWFSbO1SR2WQMuAraQGT14rvtZJth/3X9qMmMK0JSwzxOvtLPUq3N/C08B3o82SkRil58lmgZDEUETvnTEP5tU0T6vlsYe9FD8ZhTG/qEmzN4u0HxUP0p1jR7BFj5p+yppwpfxNdtrdSAWa53CW2adoiadQTmkJxwPwX/RuEUELIKFNYIuZIKmYSzMBzH4/lYZKWZcylXA3fYdI17UeoWXAehku50jsPVeGQ8sb6/lndtOB4g6ieiCQsd5Pyif5J+Azq8Tu0oj/8mJR6IfqSuaYhUzKhhfFxhmJpEmcdxMCcuevBv1wKPFMTcn/U3F6DMB36dB4LinqiGARNjPP1j4Tc1aTmjT/b5kqQM5kC9nb27d25WBSB5Onft6BiQvZoIxlCq97dwvOx1KkIbxMWq7DxjsuR9w==]]></Encrypt>
</xml>


2017-07-17 14:07:30 debug :
------------
String:
account-ticket<xml>
    <AppId><![CDATA[wx21cc570986f54847]]></AppId>
    <Encrypt><![CDATA[7TbLtInYo+VPdIrwsEsztXXUuXlChSMN1KUz35EMLKmCb3EPwZI5cVnIa1l6PZHFCW45p1nT8jLkOxS6BJUu6zi4kCHwB1Z/GqkT2wga1gsq/sGSuntZHze0czC/A1srnzGKW5ZlGGWct0YmRIKydD55pfLNy3BZIknzfd2m5wSONocimEQtcqf1IpFMhYPMAFuHRaenEh8Drs5CRom9MtJ1h/ta7TBy/5GbOImJtNYOz5NGqt4TKO+TUHsSrTPrcxg6p9/plCJs+/DAf5Jltj+671YRr3GbgWTS+9CGt2UTIhOYNbPBpkwoq0G3Eced5A5CFJ2u3A3NDOAKHFKcHl8UptOPPeQlX0E9Eh/6w39+l+iU2y6fSwM7r1wtC6i/L5zE1w1oV+yKsEsYnQb7gjlwh7b/IrU28bsPM7hq+Ktul7vR8Kp71+7FdEAwIOGPcrFxj5v1ty36JxoN6kNATQ==]]></Encrypt>
</xml>


2017-07-17 14:17:31 debug :
------------
String:
account-ticket<xml>
    <AppId><![CDATA[wx21cc570986f54847]]></AppId>
    <Encrypt><![CDATA[47U6LeqF843wNDfxXuB5OcHgb1g30CqvRYdG76J8DdMDXIGbHV7YSJIA/uCHt1Gf38UTCOY1qHo0qcut/bSfbbqAF4LudJ6arv4HuhC8neWDZpe0ZyjuPefKOvGWQTyOCo0Zq25jHHj7uYR7+JrF8DLWY23VQu0sGn8ThWG5+wSR3N4nPykwQjxZ0A59IeJnDg/maGG6ruqT/JIeqApGHjH5+KeOUX40BDe2NnTs1SFH1quj+uCTO8loVPWfWhIjT+vvoo7Wqw0zTAjci5ED578b16jKA+QmGQUAclKzCKESOjmSg/xiJ3IttmUldnwqUiNliNEtLDZOmBgKvExy/ZVoQpdNqRG9r/oze0pE2eptzRk7Lv1QBGl4hlZVhOEO2XzZbnXIz76r/ODagKjHDP4Nuha9sFFNsJeQvhtTpLvd4MWIYwZPx+v9U1TSozDFA6gZVIwOF19o2Q+2WBo5sw==]]></Encrypt>
</xml>


2017-07-17 14:27:31 debug :
------------
String:
account-ticket<xml>
    <AppId><![CDATA[wx21cc570986f54847]]></AppId>
    <Encrypt><![CDATA[HJwe/RahPjeag+/K641kNqs1qbI2EqwLhjBaX9AJj2TVZdFvB2eugIhUuvL9eLq9pdefu3nDmyDndqCPKQMg0Uzxwvt1OL+jRNwwW+T5S2Iy031YQGbflsR53db/VMMOsr0SnpyhOeFyjtX5PclLdyPDJbmvRLYpB1AfCMMe3mjEiPlhfyCovnLF0pqVtD8/JWMaqsMVjgIxKAIbAHxARe5DIK0E/7vSALMnpO8omsogMSjwn0al403esr46BUdtBYuNjFlagGelJKw5qYPLX9neytafJ1HSR7OBYaVDVvoUMsUPiYIIiKJgqYB0A3FYbgGpsnLczGGBJeF33dY1i5PQr8QQeoftv4cy765WM5lIlTxkkeujd+jWyzxCOtQNtuf9F5XdACc2O4zb9qJhO/vuUtwteAiEoo6zSy+idjO6i2Sh4VjVXYvEMQBjVjQV9l3Aroo/S2ZjhiB/v6FDPw==]]></Encrypt>
</xml>


2017-07-17 14:37:31 debug :
------------
String:
account-ticket<xml>
    <AppId><![CDATA[wx21cc570986f54847]]></AppId>
    <Encrypt><![CDATA[ec7ntumYbsNPYfS5ti3eCGeAQm7wVv+lzjaWc1Khn00VF7cFyAmj0aOlECJ9aZmGS0omyDwEiuvQZFckqaJLWBT1ejIegzKOtEKrhjqY13uoYqOUMR7lDc7duMl7C01ugwV+KO+NoFhvnYPnUCvg1NcWbop0nd68Y7bvLuGXrUvWpS/AJqj5wJKz8FbUzeAZcE5UqiTg7+FgasMP2jsAudX6BPWHjQK5veGyuzLnv3IozZ0NTYVhb0SK+nTahhH6OTqYAaRSMY9c1tkNQBYdtJwinxMQodALrM9vqTFfoxvld1Xn+NLo1OEnVM6pYD2Pb+y7YI4xhx02VRdULxKCDz7RZbkbXJvZJrlsyFCbnXsOZ8k/uWzVawyiAaEQvFAY0Zkib0ke4J3OQDMZ4fNXTqEK/tQ5nqM+4d+sGEqWe3Ipsg+NfkR4IaZLmbMVaPGXsekfTzSgCZCHFb1vWKEwxQ==]]></Encrypt>
</xml>


2017-07-17 14:47:30 debug :
------------
String:
account-ticket<xml>
    <AppId><![CDATA[wx21cc570986f54847]]></AppId>
    <Encrypt><![CDATA[Z9dkDmh2BrGTV6GY+NQ68a0dgLNhKmU4tzRxN+lSkLLorAmYZ+XqWxPBpUAU9ralA/tfMBPaM5DOfUswODIEzmWwPJpuh2ewJJnaSs2JJYIxl0MAQ1twNcXQ7sDL3q1s8x6WQh0MFhfUSykgW8jl4r7H6SNza1tgiPqOpz8sh0u/gNPyOl9a3MoylY4hkhTBpLwaIlPfHIAPkuX9tqzP5ErXmhfTt1eNjhJ9Ct6CEKSPtCm0MkRHWCoyYjrV7ZkTHpS+XjtLt8dkgICYHoh55rbgYcr4ARnBZqlhu4fcqgnFkMsq00mybx92iM03DM9u1qWAxU+rJr129H+QgxTRJfDDXxoQ5F20BAXaCkL0y5BQegfo3w13cZPn4Vyob97Vucpa3fkX1H1/RA7nNKKdl53tq+jQXhXwgOMQkZlKAyjoVwnFYMW2sWZgNhvQaBg5pMHVDvRkpUHQdWS4aCJlLw==]]></Encrypt>
</xml>


2017-07-17 14:57:32 debug :
------------
String:
account-ticket<xml>
    <AppId><![CDATA[wx21cc570986f54847]]></AppId>
    <Encrypt><![CDATA[ebji3e9ls/Ywd++mfh/LWdTtfQJkX0wzKqMLcS0w3XAyIUm0drbbp1M/SYnll9AEAAJ9rTurZrBIjid6pMfsDYl5WPBGjXD3+rE0U+0gDJYlrT4tljNujcS/KgkY96EyhIlUbzUs35HmEZ717ZGzT19lz2Ha8YhDSRtEJE36g5ZBvYn1mNZl4TViggGC15LqHVfkKGw0vDI5L5uzwfZG39/lu2F6cqjX8H0Td48GQpl7qHufs20ebnEsQBOmmzudtB194zrySR7Y0/effaFqJJ924fV6Yx/JPrhogla2jU14+lk1a1bBO6JxhnTSBsXo2oUAMUxMCMqqakfe+zrrh4KrO0MPJoegG+zvCxC1H409n7gcLHD3hjjB0kkpO+EiSkuhjJkipik9CPAu7TmVa+HG/g2Ocvn+CUtpfUk28xU9CYO/qlBAws441Hi7tHCkLksyDLQFG4adGR0Fa+V13g==]]></Encrypt>
</xml>


2017-07-17 15:07:32 debug :
------------
String:
account-ticket<xml>
    <AppId><![CDATA[wx21cc570986f54847]]></AppId>
    <Encrypt><![CDATA[q931wZYoFxq7g9IIb6PExl9NXbwlhkeeqBz8NZDZcxf8MAT4p70F6HwYQQlyygsVnFwt7Vg2c0ZIHLe4cfL4w3EowJEaIPBU64eq1QEvbwGI7pZ5W9D0cUB7j7q64FT+GNoyJnHTkqSKmrwp0kb3kKgTlARgg4d3vJ1Cb7GXMsI3fqzWVA3W9CRX7nXlLb4pHzrTfBQ0IcRhI8O+9YETKWIQJYyYLfKD4Di6QOXpegW7QVLkIbYvMn0t0gcwxoZLpEOfxqOGNUBvMBU2YhaVxHYTs2J/jf06hT081I8MPQWhYKPn60M8KZvfDmgp4V/X7fa3FDz9AnsO6LwpoI2+r0rfQFXKJD47oeOsh/YWtvp6DbfjHYazqoCuPiuwxlnXR70A7T0ISP3+kioFxtvaEqndsoSbuu5Mbp8dHF3gB2wS8+dVrJaLD+AQoeuMGLNfdAjejV1CNirgek8l+DDmfw==]]></Encrypt>
</xml>


2017-07-17 15:17:33 debug :
------------
String:
account-ticket<xml>
    <AppId><![CDATA[wx21cc570986f54847]]></AppId>
    <Encrypt><![CDATA[G1bjsR1eUOIldC9ii4OGPViH5zoFhtjcVWNLfA7zeDLonN5BxvSusGg/i1clJm/z1TQvcTRbG71RsfGkDayiYUrBTqTAcvW62/tVi2D7edED2Tz6eL4cxGu1C25+ruyYvbDAv2RulODB5vZIdcFz6EOXaQQDt9+IBxbK9kJYydhMCJZvr81V1bU1GEub8HCQrf9e81QBDIZZNqRxWVFjxGRDcEYsvVul1PjNUfqprZjy/R/6FTYi/OAwqSSo3ASmUCYwGF15BbBY/y/nXQ8aM0zkQ2Fc7ZlVrLla1yOfm2Ur2Fbpgou4lk2uM+P7Xyxv/pJKazvPszNbA5117b/afGz3o/ePEf8Whn2nE1sM0oKMUD8O51hJeEORIP16Ou36xcQAoXt5gqfCepJpoI+xN/3zF0HSHL8D3TcxTP7tgF4SQldb0vRT+Nvd2w1qm85yF3UF0g2QXaPUaVTEZwa4UA==]]></Encrypt>
</xml>


2017-07-17 15:27:32 debug :
------------
String:
account-ticket<xml>
    <AppId><![CDATA[wx21cc570986f54847]]></AppId>
    <Encrypt><![CDATA[wpANB+1mlU8V+9mkr5mFjxg2tpmW4Y/hJo8/CgODnwmpr8MhZBBGc0jWjOqb6plQ2GQ3uxK+HYglEon3vZmIjoKUU/JhiS98rrF50XxVpRUY7IVRkw4cexhy4mjbWHSNRyCfwiT4tPnFqgZtXd2UhFf7Q3LHwPJ2Zrc9+hCtkxvgcuwZJjZVskYYjNsUhuTEqz2bRCVWLZ9Nk3aqlZJEsARGJj79OyBhsJMkDUE2xpGyzts/VH0alyQvo8MVu0g7jCyu95Zmy+TDTCBZwo2EKCWu8tbRSXMgc42jzH0VIph1qpduA1TKq+2j4nSSIUY4sVyrCXoSp6WDn0kGJNLl7UQ0p80RClboS9wxIHBAwC6GIaAMrJpoTCjRmGowtsZ7a9eLiWAhaMfZuXqhnsPgp5xEIX7AbaGutGaqNutE+sSQVz9+lZVz2xKol9O6/LAW4zNQ+d3jPWkT6FhgiTB5rw==]]></Encrypt>
</xml>


2017-07-17 15:37:35 debug :
------------
String:
account-ticket<xml>
    <AppId><![CDATA[wx21cc570986f54847]]></AppId>
    <Encrypt><![CDATA[lSfSS+YXVK5hLwiQyjhRuJQWKGznUAD0xXVH5XUNlGbNfaooXHWbMTqx3UUueimMPl0/i2U2LPS54ysdxZT0S9UvTxN6Pm1BXeqv2jbKqvY27ruuci/c5MvTnWgMV6GgXj+Trs6iF/t6+kACiWdXf5U9+PRB8yb3jpYfvBCKD5pgxXEKO0AS6oe0rg12QFtpRt/rw70BwmOfei2fmEPj6/Q98fzUvZGNzJX3jgdqqowNo2irQI9rMrvRV/gWalaLO3EtYhGaYySMG5M3MvGEdf2eXI+flI/fb32ScHq67xEJMEnIG45JS77wfX7X0IuZORQNainOyMGTwSG/YXsnwz30yaZMAH8W6r1N5TyM3I1Ivj9h7qUiSoPSxigvWmkNqiuP3OYQZEnbU5fjTZm3hiUCh+XyXxyIj/Y4WJZWrht+VqbfP6V3wXXHPHKEDHolqIAUkn+lnk0Na90jyMX43w==]]></Encrypt>
</xml>


2017-07-17 15:47:30 debug :
------------
String:
account-ticket<xml>
    <AppId><![CDATA[wx21cc570986f54847]]></AppId>
    <Encrypt><![CDATA[MJOMmb7+ZAp1vWETsPcdU55yOUVWXEYK9SVP/HXcbmPf1sB+MENaU33el9Ichrph5s7kNmmENM9aWGASEiQtkwmWpKtcr+YR8Wk099cvu4npaGEUwWKxk9Yu9f1VpHiLqDqO+9Fw5C5abrUmyeegiRtPM/myb4/8dSqE7i7XJ1MwoUpYGFC6Z+mrz1dSDgW4i/myDOv/zCrKwly70OKBy5QOwWK3QCdDDyF9WE7xuYfjOXI9QU1S/R6Da2h67v7Ub3Lkqvd7wyOZ5iCbRK3wK4dpuw43QFutzB/CqtNMabCLNAR7Ml4OQXWhXHPCbSjfjwRky77qOfm+7Ap4+1IncVf7JD3pZOoiWGZNJ1GeQttN5xFrVl/2n7gru8DpFsbt6zXX4i0TyzcwPG65DK6H3XvKpM8SPKVIXir5QImiS2lwMbfxfgiUYuN/g9hn8hQf5T+ZXdIhH/rT3yf+UydozQ==]]></Encrypt>
</xml>


2017-07-17 15:57:31 debug :
------------
String:
account-ticket<xml>
    <AppId><![CDATA[wx21cc570986f54847]]></AppId>
    <Encrypt><![CDATA[ckFRxLo/86W5/tFObXPnvATw8WMZbVJ54zHAmQ8/I2czQ3c0aWw4atOe1/qXyC9DcAZOD5Y7DH3B4I/BMAGOGH5Jp4+2od2o1n0ejkxs7uK0MCbqcU+24V2KhuJ8LZIQaFRXnZGtSRIjMthRslLEwHmwOmoWyvCZf3Q0RhLhjk3I62wrl3G8sZ+X+Tx+4vvMtW4evsx2XdRN4TPvhx3HlqlFeYlpBE1qF4aXriTp/lNv3N8W6G+T/Qu6+RP83l6SF4iuhGXf+GTzwTbSFbc2U1+a4+YKs5OIYZ9EFbE1rA0cpo72og9/oyi88lz1XJJS0NMHodalnHhO/njNf6+CpDR3cYNJzC9XaMO94fGA1kNMbiZO9bEHuwzTCVxa2vUznvebfeZ+3tZwfpyyJCYkPnssmKKrRmJ2FpYZKqF341j2aAqNstS/HCK8bC5xYui1FBuq0nkClI0g6FzmRX2RNA==]]></Encrypt>
</xml>


2017-07-17 16:07:32 debug :
------------
String:
account-ticket<xml>
    <AppId><![CDATA[wx21cc570986f54847]]></AppId>
    <Encrypt><![CDATA[8cz6xGT5789beNmX5K+LQjxuqObNQuiCZSnS4Zh7pPE5a4tG0yyqJANw4BLvofX4Jj/ZVOSvrPNXoysq+VUF8zCgvs7csWv8uY9SZ5dmfVVhw+ROI9wZ54Q/DcYex2IJpp8LtUAOY6jyZvjJrUkf2ZAArneVg1F4kxy9JYjLo/v57MwdeRk3eiPILMCFrM0ZP+VWqQMGdGDFztxBEuxZ4R1qTokG61nljeZ+sK9LQa5Rm7nunp8/rNAO69IOI5oOgRE9J0FQfKSuSw0SKbw+0xJHpBtm3l3EEa8op21ZL9nL8RR/DFu1Y7bNTNWE2t7sR+QR3AkKwIr0/3hX4uwnw1aMnlMMdhK4VZac3Axlqn3wJV3VZue/v7ntVPaULhXuyIZrgT/7It0UMO2K9ZIrHZL7409p+9ePy55UgpjdYFFJT5Kj3a8z+GUbSD4poihm2RNiaImmb+Tum9omAkiQhA==]]></Encrypt>
</xml>


2017-07-17 16:17:31 debug :
------------
String:
account-ticket<xml>
    <AppId><![CDATA[wx21cc570986f54847]]></AppId>
    <Encrypt><![CDATA[+XYoxWQYrFFqKittkOgfF/BScJYyl1VQpBZfDkRW1dugkIseki640p9KTLuOkLrOAfbrLtCWXo89v5aaQT8S0YSzJD0KjoKhHYh9FbSHu88bqnw7GrOevOux6rO1IWdbv0PN9OGnT10vB523yfVwnatTsZ4QHgLk0xrdc1JUsdciy23Fgw3fdv20F0LUvq8eIUiQFa8zi9yhFjlnlkzF9HjWAFmFjATdEorrRG1+U70jTSImFhjt+wuBYfLKt+teS9YwCysRTVxIbmJVxzym87kBCEE+sSR9EtehpLsXoMbL9y2JUOUX8+bX+uM/PfBCgkhwEu6DUDWKtH9HXnAgDY8WAmodAWM7wy1OH26oA8eIb7/2F/bPkQ0+1zwRX0Z0aiRZYQYgw5AdK98wlZpSlsSC67pVpcxsJMNuSttZ/VtY7g6NB8FFZwjw6HtvKqQ7DsA5F+DqsxntOjYEjcYjrA==]]></Encrypt>
</xml>


2017-07-17 16:27:33 debug :
------------
String:
account-ticket<xml>
    <AppId><![CDATA[wx21cc570986f54847]]></AppId>
    <Encrypt><![CDATA[e/77f2tTyEMY51zRKWW2tI6jRJkb8gUHj7HhGFiwH13HzSINiusdBQMUxsIEDBagqL0HTM+LiFkPt004deGw4jTHlFAHyuUFpb8tNXsdE/fSohkSjHXg4VB5WE7Muu75T7Sj2hTpxTOjhnygG/zdtns4RxJyVa01297+OHj6wTFiiV6AqIPZ5F/NYM1Yxsqyv/nfZn7s4XBTTPKGp7nQTzV9ggi4WZix46mc3AoBUDbNrMjjkcI8wE+22rFWHvtbhLOzQnLxYEbtinlg8aOOaKofW5ftBsMDOgqbDPohqsEA6tI4Nb+yfD/PAPieHWlIKAeTDolscYCalMQ+5ux0ITrOEkxgzeGnwr7X5F/5Jekwr4jpwiP/g2ntJFfOooau6N/LWw+kD1OSiMJfjMXz2dOUT5dKDkmbCjP7CBMWWP/tpwV5wN8fiCkn1NSZwxJbtssJ7vsVygvUustQxvU2yA==]]></Encrypt>
</xml>


2017-07-17 16:37:33 debug :
------------
String:
account-ticket<xml>
    <AppId><![CDATA[wx21cc570986f54847]]></AppId>
    <Encrypt><![CDATA[zxoeFeW3xtYDIXr2oqfhRTiHYZE5LLu//Wdo6XdaKuDEvc6PRaMudi/ktzpGHrq09MLDOl+AiVy+ynWjTULhybU7YLyGACbKydE2tOoGaDuF+aRLPvNYHBtHK6f62I3WmGNfE150TxLJlG7t6wz2WU/Pcju9HnTj68GnwRfcqGIYf1YjFaaUsXjDdYPOJ+2MOIzbejFPNH53SLPHmZ/sgIVxMSZL9mlHWe+dL0U+GSTRoou8kkIs6Ho4EcVoua9fm4NkIsh7/N9rhbK8e2CQMKg28ujywU2zWYeO4oBfxzW+wLbURmn6pIWv3eXIPh98y780cLWsobqQWQunTNLgCZjhLhgbIovGtb/vvEYp4+hwo/Jne68We3qNB2uTnr8vOerFc0bF0OeLNMh3wp3YdX5SXPNH6/x4jYmB1fkDu6M/6a+wEH3M5c22o2bm9CwEIZAx+3thF0nQav+5FVSPtg==]]></Encrypt>
</xml>


2017-07-17 16:47:31 debug :
------------
String:
account-ticket<xml>
    <AppId><![CDATA[wx21cc570986f54847]]></AppId>
    <Encrypt><![CDATA[HcTppHrDYyplyAB3wrgN/3cNovqYFqOiGgJ2Gyf1vVCONychLDKfX8IZCUvUoHxXvlKHcbATBX74iACHtM0rk9yfV49N0GkmPryXQhpZGfl+mqMkN1tcMNAXPnNykJ7atEBNSQjBey+D+OWs4CNdxe09Kop4GHtQxaY9VB29zKA89QENq3O9BHteWISjRHZJGkj44xikogMxTLDT0lndrxf0AqpsLuVNM2MxsGayT0QsmYNLO1U62EVrf0vHizXgdSxIKs7obeEXUPCfmhHXWyTfL/BpIviLr1zQHMDuK538iwFcnCAAfZEMcuCOauM6DkTXetKbfV4I9LiZluIlyMSyPhInA1zaz1BuTRwi0JJ8U1cXJtuu+FJA16Ll8IRUFXr5g3XZV2WxJZIH35t8FN8muUndJZIMKisXGz1G3slVZeBk1w0lGGaZxpemPzSAAlkM9dd42I6mYd16OWjmHw==]]></Encrypt>
</xml>


2017-07-17 16:57:34 debug :
------------
String:
account-ticket<xml>
    <AppId><![CDATA[wx21cc570986f54847]]></AppId>
    <Encrypt><![CDATA[yGFXowBdMelwlA14CQJH3ANEgTsM+yD7nknIFQPHqtq+UEbP3ReXtu97Sp5ndD2ugjbQdFuFdo1XRu0wFxqV/qU4Ik37S7RzM5fuVXH/MmbA93ca8RvWJoSybEFkB+Xz85EQtyeuB6vreaD4V/S4T0GXKYkiueLrIwyiEih74nt4V2WhrKF9KFdn3oeGUhzj8RCue+QtlXlVR2rFrahfhKJOMj6ijhClZiZ7ElrdLsvIhYiWruFupcnXOdZSws5HT4VdmSQJG9i6KtluYtrfWLjCPDV1zL/ry0JJez9uNDBlapFHKZUhgLlJlAK0DGpbDaN45QjqCKtY3FoyBbHP5/9xXgTBt71v8cqQyEQ9qtyNzcMaM52GFuf8qvHA3JbVOzJhr1zlYAM3CJlX3lRaJkg1QX15KLcPMgiziM3LZsmqXIzNibemu1BtFkYGHZAJjpCAhqrsV288ME17S17adQ==]]></Encrypt>
</xml>


2017-07-17 17:07:32 debug :
------------
String:
account-ticket<xml>
    <AppId><![CDATA[wx21cc570986f54847]]></AppId>
    <Encrypt><![CDATA[ZUzaRdacuaXUQoA5FoENPExVeu5LN7kLPwOQtIsqU7OwVoKEyzkz62lJR69xSw4rp5KnzAvtSsV9DV8W3AO4TCuyUzRt5DpX5F1/IBfOIYKZP8SUtb7ToTB8vlr2dhCHHQO4lHc7s0cBlSbBWN0flDRIYlRs0vvcEl+w0O5MGJ62Emxu6/wFVN0oCpcbm673iDcUnR3LmPLLHz0gmDWMz3BNi7WCQLlzxmaRCelP4fmwIy22MDeVDSHrArDmeH8kUXuPy4yV3yewIeYLLt8RKEH1vrauNPVuD19fXejLItqdmYkvpQ2B4oRvCLphKlgtNe4dAE+SDcJKyzdjwT0JjzeV27xKrdm/gnGLTw44qbvx0eM9D2eYg2oF/cpJq6i/jdeMXGNVQjO6ndLmfy/Ko2ARGvvIuMNtn4lL19BttUvXikGLipy/aVm5P0qOQZ5Inr8pvaYC70eBobcByc271g==]]></Encrypt>
</xml>


2017-07-17 17:17:32 debug :
------------
String:
account-ticket<xml>
    <AppId><![CDATA[wx21cc570986f54847]]></AppId>
    <Encrypt><![CDATA[84EM5AGh5V0RGaa19sEMqCJ8TQBmwSSotxzgSTBRl0q4R/Z/TY8+9P89xOCT0RQxRCfPo6p2glS2TD9HHo8OCrerWNKTqu8bthTZDivhzs6HoUKnyGg4DsqIQCsvyagud0BUVBRHn+jsBhwSjyPloECfQqw9s21bcA6/3CguaOLfdUZVmOC3IaSeU4VOfmnyIJyIJpT0eNwEC5b3Rs6WZv686rxPsK3Kcbc4/EkawigpmsZwmnmPUoc29BxRjIhD+DIzbhJdNWHXaRVnC2N52WUiqKhHk7nDYTldyPTZ+7IuiljkjqF23cpJnM7mv/C3nWlVWgHpjDupl4YxNPbXWmtHdX/aRfj3cpd2v8SCZuRO1K8dGCD0SvMDlOMp7pFPc3b8fPKA0RQztm9NZ4B102qRZaQ5uUxpO9Nuamo8swGY2gbvO9xbRYeumv6qRLVyFv+cRsXkVYYdhc5mm8F9Zw==]]></Encrypt>
</xml>


2017-07-17 17:27:32 debug :
------------
String:
account-ticket<xml>
    <AppId><![CDATA[wx21cc570986f54847]]></AppId>
    <Encrypt><![CDATA[LZFRzm2OHooFWxw3YsqNa7B0oJ4KEiJY7EQzKDX8o08va4VLIWM1OhYoXkgjDSDAVDByTL+yoKmkXQCqqa8iB2eyNciUnl3sR7ZNT/KFS+Akj8sAsYgjnMC2gzYt51B4172Blhx5b+5p9YPRpgv/Q7C/5WeumxgaM2LVb6KiJ1LneZbmSc2ObS/rOjsgvjC+zwLfJMDAQpbCiELmtPR0nv9Gb2hjluUAVx6pdRjrwc74njt4hJE0Fmp0TRdhivCzCjBLBGWDi+DdWKTf95Oxs6PegBV1NufhBw9nMBNgalRfWT3kCBS1l9EFgwtSPoKEwxCHTaS1b7oyBDJ5yz5+WKs2zWorSeJRg0wgxpYLpF0wsDjsPLco8y4Yy97BwqesoweSWj5a9PKs8FX0dDCew6brlf1qjIJP27JgXP/oHkPrfbQaYkMaR14WlZWl0AdftXZ0AVtxtemuDQ2FeuzLng==]]></Encrypt>
</xml>


2017-07-17 17:37:32 debug :
------------
String:
account-ticket<xml>
    <AppId><![CDATA[wx21cc570986f54847]]></AppId>
    <Encrypt><![CDATA[KprnGKyAvbiPu20kZjHJ9BUYMoj62qV0iGxmhTowLxBBogckm/ULKUM908/AdU3i13gL4UZoeRwz2Mr1Ymz6vOKvxEGBADqsDYGoFwh5L1vlDan89UcCfTrH1Nd6LKqW/7emZOE/KnUV3N4oMXz0RF+OdBfbxRmlpwQej5p/wRpk9hR/yLUsT8H4ssnAQvdys7A8abgdPaly1iaGtt/mR0sCNHlzn+Lu/R70gXcIii0QZj+nApGiiUfsL+zAfxu1vnl5cTx3Q58IOl6z8XZ2bKQAo2FbrAp3OmKNlBxjO3T/Au8/z5jqz8lgIhcZvbBQ32wYqNz1ce+oOuViWKTi/4S/gHoaUkwqo6CErB42WpR7q/hdQci5W2SbOxAf/zDfLPKplN9/KJZZi2CQcCMsCJLUEWN8jSiFDKmRccYrfQq0M31QwLv/UOBqjVNlc/bWc19YctVQZfUUIWIYUUPmOQ==]]></Encrypt>
</xml>


2017-07-17 17:47:29 debug :
------------
String:
account-ticket<xml>
    <AppId><![CDATA[wx21cc570986f54847]]></AppId>
    <Encrypt><![CDATA[pbo2vyc9ArMIWNZxO4MsqNGncRo8cClNjqFl+iFypDXdm5cVkb7HoSfaz4qJV9XAWjszvEhCy4P6JDxvgxs6JuCam0RF6Ci8exM60CBbgiO09RF7IBkZd+HvIpoUm8UeJH3sidjIQenNVAOv3r62wmKK60b+E8LKSv0EC1mlMY+gVsWN8iqvJnqkn29CgErhRhrxCNWkBlsBTmp9/mpd+2tSL7xEJdJb1yrOOcqfarNscgqvA5Gj3LCltUmjPCc6KtiKtK38B60w6Lj+VtH8EejKOmqwk+RWy9Fa2q4bIVbFM0UkecvwTAIp+FAYpWqYz0O842Z4s3Q2NeyonBisZCQbtIFaCaEewHDdCZvyd3Rxni3MreOexxrr/GwzK2GpCVKZ0E4f7CAR9EcwEfJRDpZoUrOceU6emyUWUhOckAHSTwcLODRct6A5SQU1smF8NC7ARLnBiFUiL/RYPW7y0A==]]></Encrypt>
</xml>


2017-07-17 17:57:33 debug :
------------
String:
account-ticket<xml>
    <AppId><![CDATA[wx21cc570986f54847]]></AppId>
    <Encrypt><![CDATA[/ZWE+L4kzXkxMQrYuUYLCB5Oq6m3INYvA8gKQM1W47PiYE+rCQPrLP5V8fV5yjp7zE3zkns/6Y22g3RiNQj5nfyrKxElWlRKCOhmrZ2XCcUsv89x8LUC/DaY4to1i2Gn20PpsufQwRGdhOOrbvFSNokjH5An0U0GbOvexzFC9ICPKTP1Ix5FDfVdnDtbBzM8ZoYpzPmSTV6BPdE6fnsa3cBSI0Igmr/CZ//I2Fn326wxzCFNCZW0wwmAIcsYyTBn/mMnb0ZImZLX4CGXh+uIW1NmurfU//GtrYE8C4qKYnmrN8MZxPOkPtVzScy5jxz0ObNzKnye+8lJhiyQu3VmIgpRVSMDT2GtkQ7WDdbH5bFw6zfRuXBpQzRcikcBsuKXLd80wIDIgIAVrIp6Urz3qd89ExMLRhdc+MwUxLwCtCg3bNmE8QAbzYHT4M6FBH8EzxUFmJbEFs4RCiXtmw4FcA==]]></Encrypt>
</xml>


2017-07-17 18:07:31 debug :
------------
String:
account-ticket<xml>
    <AppId><![CDATA[wx21cc570986f54847]]></AppId>
    <Encrypt><![CDATA[+3BXW852soIz2EtiZ7MYy7r5dAs9hFrWWGWjav8f2nUD9OAwwogxL7wIG7svHYSLuYSfsdcs0o3HCa80dpfK8oGTSXgBKQGUXcpuGlbit4jUw9xrQ2m/tFPC8NClM+Grh/0l7fZMUiGW1PjewfV5c4GYVP87X6xXIkSBminKnYCC8qcALb26bKlzXgWbr0wB7y0JqiGrOYqCKic5xKO1jqxqU3EkmhXnPq0jhLxgBSWmdR5mNFDPovBHLvT2XRDat7KSuZ4yN1zKDtTEkwFlL4m/pr302WmGyxotuxLmrm1ZKqrdsoTG1aTjAsdCC1vW8duZCSdKI0CLptNtSP8QUj68Eww1jfRqPumMD4iVrVigOADpyZTEHY4patB+YrmTSMe9VyjTo6DIx+IWgl4lAcGFRkJTwxj5e/arl8UXWegoc9C8MPd7/bOyYeoMaB+9KUqKlspi4U5GlIQ/EMJUig==]]></Encrypt>
</xml>


2017-07-17 18:17:30 debug :
------------
String:
account-ticket<xml>
    <AppId><![CDATA[wx21cc570986f54847]]></AppId>
    <Encrypt><![CDATA[3bKwXg9LdwbJfnlIGYXW4L/jKSOGRTF/nBB2cNE/vzNic3eQLavadLvA5KlexRz1MNdi/koKW3cBpB7vnBfZuj5wMkEKHGYVKzkztcQJyF/t+9nbC68qrCN6KI5YLYu5tS6n1sJWmJNtZMJGzEEL0LVknpuaEvAdh9spML5zJqH+VejPFXgABF1ZZ6ibNd3qHGOfyoMi1hrSVSRACEqONNldwnjgUM8/RsCsUDFwAe30QUnNS1y1t4v/Dx4L0Yl/reJ9wVLZ+9YvQ/OY/STCi5gpS4bvvmY6MA1hbL3wdUahBl373gUfryQy21HrEJDLaw/rfdwVXjQy4EGsGzFeEnJ4/Z0KkCxwT/6ilDOij3iYh1qFs5GcMjewiFIGlIXZMi3KM1mGIYyocfJR3neii8MhBW57LmC7F0O8bNlIQiOVhIS7ijtvkH+Zx1NxTy7TZKq0nnJ+qiKG+bSr3Q+C3Q==]]></Encrypt>
</xml>


2017-07-17 18:27:30 debug :
------------
String:
account-ticket<xml>
    <AppId><![CDATA[wx21cc570986f54847]]></AppId>
    <Encrypt><![CDATA[msWjHsLxh/SQQ5tHNCLfCt7v5IL2nv93FHWnbPMfpaTrQxg0JzOYLaMcdmlmwXva91DEe58juFFP9+3/6LWUEQm6TtjSIz/gx1QDiy/s9TI98TFvxvalfio8cNLINpxJjpHCS96AiGizRrNNsVAPF62W4YbKlLYBCNej0+6MRRD6KmoHUBhV06TepWZCPRq/OjoRhJXucUhuvPtj90E99hEE+RJKGfUnwHlD6Y1q1GghHJ5DncRMSpi25/2n88mW1us+Oic/lkzxEqGMZ5oTrL0wWDpKAl7d5jqSJJQnp7H2a+RS0hfkjT1LQxH0gqBekxrfBfeTEiy8uumUDkTDiSoBdXhWWvX/XuP4WpqGAILUNcNpfSXQETngdpugKhfAe2GDc8nD2iOdR9vsmf7QRe4WwlYLc1kBfv+PZDwssBURri7XbZ6Bye97JtypRcCdMUqCxgUCzzPRcGm2T5XoGQ==]]></Encrypt>
</xml>


2017-07-17 18:37:30 debug :
------------
String:
account-ticket<xml>
    <AppId><![CDATA[wx21cc570986f54847]]></AppId>
    <Encrypt><![CDATA[uDk5zAdCG1YOjnn+wwxD1mfhrbwXsIvvTPLtnVQ3qBreMByRgthe03l+YXye2iOHLvyQuz5X1VvMfeetcXoNuQS6eUJ9Y0jKEZT3vJHwLPFuCYeE60LHSIMi1zj2wkBG3MEOwlx/pzGZVU2oOikyeaBqv3+O7n5NIVfKPGS5dU8gukuL/ZdojtsXdw/AA0BHqZH6+Uvfm+QVSnWE05mbNNdU1xv4ddokogUQXYIyUODNl34aOh3rE+Zpe5CxiekaFVbtztSF/skvZw9gJgnlnZBueI/QMJ4a2oIBu5wGmj0SnyhP1aQsUgFCQ4tHnuLwa6lLR/mm3GjKm//KHgtJdSxGatAKfDL3fHpL6d7ckVK1sNFG2QubPEcAJOpelx0TbMZzOsWUZRkHshNamrUp5wlnNTDbYp2BA2ze1dpA8QRp+FdIAWNl0fEnfgxzZTM/fAG4HbQrezq2/8vZd+ITkA==]]></Encrypt>
</xml>


2017-07-17 18:47:29 debug :
------------
String:
account-ticket<xml>
    <AppId><![CDATA[wx21cc570986f54847]]></AppId>
    <Encrypt><![CDATA[xFIWsbvPEdnl4IvNFuRftbONDehkQU204QGspK8QPlYM0OcrXse5spi4JKpSJ4SOruHYj9hqDzJiUzzJCc7qSRX53iVRoOnm9viZHt9dxDSA406faiOY7eNG7lGnhzfTkPQYK6eWbwTPaF9C5PAjhDWaHCb//sZbCBLtges6qJ3m4IT/mumnpCW1pOgXA7kLnTpOxdo/mPEl3MQioPfcfvYwKNCRLd3p8mnAbfdttbuhKW+JM5wpl5Q6axwP+KS8cCAUWwHI3Db51tgLgLikqUBCOkkP0yoKpSrA5nxiSHvPVOoJx2VOD6Nu07UNXDWQPPbS0K+wBCEBRC4HJDVCRbVREXjEjkyv0+wHOg1/hxcjWd5iaP+pqnEDiCIFHzHv5JtiEV+dJHrtcSb8lx/tf0r8lqxmxTZqY3yyobsv1HYwAvYJ2UiGTrj4LQanTPteLr9B39+nQghahg8QMnA0yA==]]></Encrypt>
</xml>


2017-07-17 18:57:30 debug :
------------
String:
account-ticket<xml>
    <AppId><![CDATA[wx21cc570986f54847]]></AppId>
    <Encrypt><![CDATA[uvalASaIgW1YrWoXT5CmMZD5W/tkzYbKZDs+1KhdfrCTiN6HgfTFWjPhSPtbwNH0pQIuMlQB/tV5r6gpkZkKiAo9pDM3rH5PFKHn2A537gAgWYePi1BYzWpM/nUUMJRFCVNIvYrBfBaOxsZeZBPtaM7UobzL942Ywcmuw1QjZzN42sgCZVH8CWwh6mfT/Muh+BY4cyZBnNRgztw5OjHXx5HRZ8JaMTb2aEiwinMN/3V3CSVBpI0EEKBrf/oO56kAzEpKCCpToKPx/xxJWgtc8tWzZwEhUhDpnTWcyxdR3FZFT4nuZyOQEL8dpnSHUFpBNb+cRr2iGm0O1hJ8uFKeWlQC21c6/uWhI22Th69jrydZe3IRH8ZWRDTR0cWpw81IVe1720Zze4QuTVEoO3QUwyWvn9m1ub+f7wqV6sFFYublI8rrOso/c+uaePp/b8kiZmQhh/lP0EHSuGR76+uwaw==]]></Encrypt>
</xml>


2017-07-17 19:07:30 debug :
------------
String:
account-ticket<xml>
    <AppId><![CDATA[wx21cc570986f54847]]></AppId>
    <Encrypt><![CDATA[deEuYybu6Ejv34ttUhYWgeu7jc+6JDDLeOWWjBtIGFo+lUmdoKKYRo27Bwoexqs8sEGiWRrgfv9db/Ye9R3jNFXkin3pANJ8CLb4bUMLd0dbjXrhg469a4W1oKFTvViLONHC9Sg/khl689Rd4BIUxHPP8DabGRCh7lHEbIVtJLo1oWU5kjuAY1iTwSsQSMh9AoxQ7XmmS0r8g6PDAu2RFRwUWZ0MEFYd1x+ZTrN8dVY2Ois+pE8h61atevoYOyuuMC06NyLnbiodHg/1q9RpfnHCRd5VZ1+7VshNXsIPmfH0VCQeGfhG30AMO/VPfRaY4NFcS8SmH0qZEQ6qkZmn3tCaOPbkYwzQQWUDh4J1Z3fZfmRTR/j99Z8VYZ6VYmi4rssRMQTaNoEqq5C/rSWk2CuB2yfIUky5wUHFMZbsxmBLKoeKalRt81nFHXUsqF5XsUkVouS2AkSYwzLn9RRuMQ==]]></Encrypt>
</xml>


2017-07-17 19:17:30 debug :
------------
String:
account-ticket<xml>
    <AppId><![CDATA[wx21cc570986f54847]]></AppId>
    <Encrypt><![CDATA[AFqzCnhYeKiBU+dmUNYDY7AQVLBUttKQpRi5Yr0zyUUYobyO0WXMb1lMlTJGDvvpclRiy6Hn7PlXVe2gP3jxfCLPiORGv0/spXyUOo18/mS/fysr/vngMBFBN1TIN9g4/+0bVAM//fZackzCmkSmGbGgHPyo7HLLCH3nd41M+achdzKnTqlintYrHNmGGzMV4I5bR2Vuhv+QiuKOMTx2wbBXu92jPHk5jnF/B/3zxN7sDxWZJOku/8XJDyYHVSIp9cA7znQK+6QWoVkJp4o/Bv5LZrLrOEl6pYHyVba5l+sfOlfVhQkTQOtPI3rR4EkCCtxVHSyIm0+N1HaqlzACY5t2kzcelx4wg+d694wP98tx/q5GtEdatoY/jOxzeCY+y24ayuAK9ulh4g6yXkRROk6htIB65lIgAQJfdybW0j/8WiwZzbOlaZINFvZE/HnAJv1Bss4Lu8yqedRCxx1UYw==]]></Encrypt>
</xml>


2017-07-17 19:27:30 debug :
------------
String:
account-ticket<xml>
    <AppId><![CDATA[wx21cc570986f54847]]></AppId>
    <Encrypt><![CDATA[ytyRf26JWAMwxeaBrhYDLYHeqq+9aHDuIH4Zd+KE434/gPyb51KH08U61vcBAyuWHJ9wLKMm4URUJiUVuoMeWgWOaXdzQLSLspXjdjyJqKdKaqj4nm7w2ql9mC7drywrXADYhWGQk4awEdg2pWyxV9CeAjGfkvgO9kgY4Xc2ttuDDDK5sHHhZJQrtsaPU1VbxJ+N72wuPpEm7QNSTBMuBG+AVCZSd4k20FTnecHP3NQ4N2D0+NrmmJckVHPAxZS68HAeuwCtCyQxdDcR5Bw3nBrdTJ4NgxmcZAYLUoIndUN6mALrDMA2E3Epu+z4cg2kY4onKnEq7Aonmc296dKmg2QMf4ljBzo3me1zXmoojw9ZsKKJsyoUiN/ondhXTmYRMjbBTMslBfdJVWn8lOkGFdiieTBvYbqgkYHkRvtJP6HOeOcX2wIC8NnzN9tpxAnqUqOV2BqyZL1+gow9ZtyFQg==]]></Encrypt>
</xml>


2017-07-17 19:37:29 debug :
------------
String:
account-ticket<xml>
    <AppId><![CDATA[wx21cc570986f54847]]></AppId>
    <Encrypt><![CDATA[F9J4Zk5AceziubFlKjupd6iEjCZBOng2nQyZQ8kztom7f5hD/joF38sXzMumDtoorIBn+fBpkvg69YkXuuLtztmt+cB67Vszj+1ieZZXccfLjWY17AYqCQPnFcPN54/2LeyF1e1YA6J4PFQhTjKRdQzPzl10a8n3FQaSaI9sP97eBcCQAC+OgXZOaGYx1+96GudEqTift52GH7Q9Tw7JZXWHwpdx1U6JbZPChdzWGofhZbol3VETKS5hYPoqvmeDq6HgcjBJhw9taOhbvs5zgKHgWcRSNDD1l2+B9tqOOfI9Hk5KH88fapGQ12q39gWjiNOGkT1TlqmKlalhhb0Sdy/R/Q2voeUpaqyqFAreIubUsydYXoCIppVklfhZiCpkrJEXFj9OG+ObyjF4FInVPHzVqPR3PYzA+QxhcSLrNF1lxzMRLRdTvV5SfL+/0q9cDUdCl20yzIBptDrWFFIILg==]]></Encrypt>
</xml>


2017-07-17 19:47:29 debug :
------------
String:
account-ticket<xml>
    <AppId><![CDATA[wx21cc570986f54847]]></AppId>
    <Encrypt><![CDATA[BB9gPvDWsboy+C1fnMABBwrDlU2TnWPEbgs5sClD8e29gZuOVZUw9J6biHrdhpJhq7qIUywgxojfg7WqrNnBk8THeo9XmQrMscLtlpBeao3SxZ/Ru6BAy/VQYQ5PzcO1PML5E+ULyvYGdZChyF+nmtV+IzSnkaMvqyQJNno7Bp8sZogobAi8HQM+x31gL5jEkYVVGrf9jdJ3tIs6UIwyXjgbYKiB4RlCrKbZ0q9TEkXh2M4W4XIulxWCD5yyF5Aa7LUVyyymlE7V1sP8/NDGPLe3TRnHinuvZ+JrERD2kRNA3xzHyoFIa9tR59m5WpEpEc+SzV9JqomPnauaRoQ3CxHtd8zeoPo9ZY5cLc1kt2V5/w6g9XInAkuELGi6lt0Q/lp2SoPDEPJAneQyReDDagE73cxYczOk+vlWHNfJmBzQkRBPEl3YTikkkpvUoVvGOrlyArIsCv5Mvqg/1NuWhA==]]></Encrypt>
</xml>


2017-07-17 19:57:30 debug :
------------
String:
account-ticket<xml>
    <AppId><![CDATA[wx21cc570986f54847]]></AppId>
    <Encrypt><![CDATA[zGRlzvY7lC+f/jpTLeJphvp0dqznRUzFdD348HgSUIvSZyjqyo/R1G2zTn9UuGHKMBgzTfOTZ/UIFbnZLaw6BEFzYHx/lClIccl5uxjawayTWSE9SCy5g4oAiO8PgBXyn/pAIheMLn01mqw6yiHLK3crud+UtSW1Etop4L/D7qkYY94eEXMRosdvLOD9sgnGAJ5ReAnePNztz5LHnBUbN4EbuT5pdaWYc7rkWA7avgG9BiGA19aDETmzFCE+dW+RgM+XkfjxCTWsb+cgoYnIQRacH9sWwYdzqICysOv+JJ2HqvMX+YcMbups0jbKY2Wh5uWlhHR+Q69k5fVefAOAuPlVV1EdwbaEbw4SoOah/IAp5vu90AOuuwE0KeatSAS6LGZ8ZnfHJgQLZacJMYHMnyIUMLXxl9hMm7YnzUjzc8ZhUVyoFIqEFR/8JsFRFJPhKEteOBma9RrOI+alr/6trA==]]></Encrypt>
</xml>


2017-07-17 20:07:30 debug :
------------
String:
account-ticket<xml>
    <AppId><![CDATA[wx21cc570986f54847]]></AppId>
    <Encrypt><![CDATA[udNA8uk+YNM7szbe2vUvF1guSgj4sAnVnUpOx16Ldqj3wyfC2Ae6K/RbE53LGgERs23UNvw377UDrguyUSAl1D3dUMRX8X1qrZWfRfGU8sd2wuLi+phsx02DK11DO2gmh14oaosCXAoqtxE70xwQiTYeT4xmC24iG46z53Uji9tcnsYIw7FUm3ZFnqK/Vu0EArvRlySoMDE4XDJidX4FjiO/0ydZ/2ePeIydWWumHPrMDrjnferuttIajcy1bHn8Vz6CQrRa+A0+ThVodWdGKqryzFagLLwM9VtPx+av1KgUc0QUZOiAkuvkxgkFEISNO3g2jDa8tqtDtbWD7/M12drnQ8JWrk76g2X6FVhz6AoHIezpaaf/tL/ZELg0EsblVB/L8GQwb+jFwsYXIkyYId9uBjn9AoAKWwslawaG28m1ccV8dNL6mNv8HZ1hsGiO8w5tG/y/ciG3Hj6otg2wJw==]]></Encrypt>
</xml>


2017-07-17 20:17:29 debug :
------------
String:
account-ticket<xml>
    <AppId><![CDATA[wx21cc570986f54847]]></AppId>
    <Encrypt><![CDATA[WrBJHat0LSmS2Is78nW9BULQ0Nzbu4nPthGxO2Zk3YS+E5DsZupFROE92Dv9/ECFntiSDd0kJTW2V2B2GRPWbYi4SMZ9qUlovyIdeuceNTKUHA8cI1bckgiGgCVE+QLY6IBZkBVYUxY+Xu2QCps58sG4Zux0yCnwU1z55JYcMkBmuDES2Z0QKrLa8PtUZXAaYbZZTWZdKX8C5QwmYazR7AoeEQNQHj3XhfcEGO/cZbJImuQXVLPclTgVUEdFPmECwCTrGtBy6TIPlwJPNOTGDjk483CxDcl3Q5NNzFYN4m/Z6Xeg1AHeBH0kb0DELLinBe5k/NQ5y4vbl9YwEjltejS/32syfCr0c25iJ9k7SJK4B/0jf/ibJ493dJYoDxVqWgZ7h0ZGSbqlaMWRtI0qUgOHecq7j+Jydemld5kDF7WRuH5odMHWzBJjxNxO3JgtcGvFb/GmFJJj8Akosm5WoA==]]></Encrypt>
</xml>


2017-07-17 20:27:26 debug :
------------
String:
account-ticket<xml>
    <AppId><![CDATA[wx21cc570986f54847]]></AppId>
    <Encrypt><![CDATA[apNy8MCeQtOKWVxeb/wlX142seo4lUvwrxGhVc+WMx4C2qpYZNjBGEICOBkIDXROszjeAc1Kel7wnnkutKTG2zWp2gpsfCBp8VEHfCG3bmB0CpfB1FOZAV57T9p1vl00lOh4ESkQtkU0/XNLtIcXfSqUzOjAOTCtlbjcbBeAgE6g/lf39DlqoGs7kRCLiTC7S5PX+wPFMbb9kID/wuinSPDY5PQvxWrvkM5SGP24yOb1OUPOOib/Bxv3AYc1YXi8cpZL/rnTOW8RsTpuSr0/H+pDeampj3gZW29W3h/xCP3MAXUKfXpvxI9OLRBPfRMjt8LRwx//MiDCTxJGuDPCtTGvQpzIdGI0I0KGeZqpNMTXkYSqXAVUdQdNmt3nhRNGvbsmwovb3hY2kiKyNtB93fq/wHoRm0QGt9WDmFnYBU4rQg3xsx/R2Cu7ysXBB2YEtafGPmAREQZ0tiLpTbz5Lg==]]></Encrypt>
</xml>


2017-07-17 20:37:31 debug :
------------
String:
account-ticket<xml>
    <AppId><![CDATA[wx21cc570986f54847]]></AppId>
    <Encrypt><![CDATA[vvznqaTA857RaSSvZhEb0MAX7JNSYpcWoxWsmRXNk0+dBTu8vlQPgDTMXjnk7Icd9fC2clXgkeTL7Ht06U7UldDnZVPsxqhwEFb90mvsp74hig3D25nbc9SRCoVRuJoihOKbo3mrJZub4UCXLBUqr4qFsHr7ZbEl1bcVcOi9RUyD41TjLK6CZ2HHL7fXXTu7qD3fOGe1NCZLdoDOILspdIAmTbjpDWURABEM9fYfxWfvlqoEiUqB7ELKUq8j80BZku7ZpMmh+IQk9RtABkGunLlmrBRI5ywIaNHJgCeAarl3Sw5MsCOSSWk0iuoZX4O8VoP8YIfgtnTawaXUh3qBAnG/XUBL10gvf7cpk/Cj7reoPRyK5z9Npef8MOiVYwwi/IyoGw/VPyUwF2vOaArCSL5KGL8sf1a0kcUvAZTIqOLeSCDZWCaeVeT6xAShd16Qz/1KpeQoyt5yY73057g1PQ==]]></Encrypt>
</xml>


2017-07-17 20:47:30 debug :
------------
String:
account-ticket<xml>
    <AppId><![CDATA[wx21cc570986f54847]]></AppId>
    <Encrypt><![CDATA[sOQ0MDxkQ/Z58tyH5FATeQiDW+4t9HeGoxsgqlvIymMZ4KAZqpw8VTrmAZw6UP908TiYkcVjy/lNJvsx5ikIAItIgV0I7fXXlsAMpfo8eq41+GNC06QZ84TLdCfberWA5vTuVfnLKprdxoUCNTu1IR+rj+5Dv5lobTDTJtkwGZsmntfdAmefAAOSR2E/AYAMXsOXo7wZuq3JYnE9dc1aOlFcnBuYNRhAXS7IEnWUCmLz6ASxoycrqIH/lkUGdqpdG9V2NcgW/2e/iiO1VQfiXGrEm+SBzvosZhhAMmd59IcgGvRvirzQkYzFVp+usVztPDDST11bq8G/bLIgokzxFQRzNCEFy6kPRzq+G/iCI9tExburFBIX299L1nTD/ycXWwUlmWqnweWBevo4dDhfpBi2Q411m8LaPdqjugXwNyuSVYMTmQpL/MrEwqkDMfz+NVDM5p5lb8YK86qL8Q7X9g==]]></Encrypt>
</xml>


2017-07-17 20:57:33 debug :
------------
String:
account-ticket<xml>
    <AppId><![CDATA[wx21cc570986f54847]]></AppId>
    <Encrypt><![CDATA[Q1DBLQPrzYtyDIMVB0xEUpklNQumsYbRPGshe5TQxXMmvmh5umJ6r09ZBIKKBrbZGbU1D7jxlaOuQ4MOPp59T+zfstSfrBSdt2uV9bCjpwxVoAb5jfgcRW1JDATpjKg/+Pza7ABNJEY105xdG1rEGuLLMNiTT4HQlQ28l1nv/Y06nlzYWOElw4TBHj4tdXgFvGQhRGPMijgTYMTJxD4Gt81aY9uYQtvkYyiHU2/4BwRewvKfMsDClrLdYcyTUJre7Uwq6zAgolHFm5z/bS7fS7fR5NjLiK3uLFhQeJZ1vE0Zgdv5ImC7XdRbHOKP5YCQwHBHF7njxeG7xG1vEhTdyPb9LWvNYjyouayv1QA8U6o+0lpQOa1rsQ6HF0PFqBoi/YZnwUfL1GbqRLycpX33tQCDrzDZKWutQGTfqdn9+21rzzNUryIqC0QDj5YZbBhMeCeOn9YObs0uzNnRvnmCIw==]]></Encrypt>
</xml>


2017-07-17 21:07:25 debug :
------------
String:
account-ticket<xml>
    <AppId><![CDATA[wx21cc570986f54847]]></AppId>
    <Encrypt><![CDATA[GQZU61dv74RB9txYMdMbyBq9oJilJ7BuMp8iMIxBK+gjLuptjo+LqvhNWxGdeNypAS9eX76v0Yozd2k9OGwcCC5fKv38TA3zmMR+dE24O1ZShkgNZO68Sr5T/Z/oplhkqNMeCSHXPpDIxAfcYh7jTvknL3d7FaCrVp16nnAiJ8NuninOJfnsnfLDDGhUVhQCKl7HwGYVv2QwucmYbpaTNNU4JKtwapSOE5X9yeKmSa0lW2oTTEdZ6w0Q6NjxvRsB944kIHnUEkiBZ9vFfBPlOF+gveHpV9WprAjFTqbp6u22WHgjHA2iNGvPGsO7bUzKalmEaWka6YMgsYBm3HBvYSdJ0i9hel7MZxK+jOpGjuL4/UXz3z5GYEPprXvTnIi9WeFDdihDWEgc6Uux3eonPEobLfHDrHv9oI8WzVx1hM6dFo88a8PidjU2xvhu1ERC8SnpEwHmOr9LCiH176x64g==]]></Encrypt>
</xml>


2017-07-17 21:17:29 debug :
------------
String:
account-ticket<xml>
    <AppId><![CDATA[wx21cc570986f54847]]></AppId>
    <Encrypt><![CDATA[qZyvYtxp0QuJx/Y/Rhpq/7VBHkRzjd5C8wPnX51xDqgSTl6IZfzzgrniQmoPRYLUxDEOrXrRCJG1l8SVxsNsVxn6bEkvCpp3GpWaNAugHwDmN2caHbpELHuH1Ss9kwtdXFEMVew5Um+4ftysSeeKUum1A70WGezxjTDdt8E/5kUNYRPYdf3Vnuvkn7fF5PgOp1ZCmmYLCg+cZJGeSIQBptvWuA2GY3a6DL5XaG3paHYR35KjZykzp8zH824pNdfOz7c9GdeQ72HvNE84jNDWb7pu9wiiIo3JsvLoNf5ovyCKtJAw7uAw4pupcM7RLj+xdII1xgHrpEXWhPcNWrlpj59oSqM0k2GYraqqLH6nqQ6Nw/YAFoH1HoUbwpkzYXXJgQFmlHgCPhZEO+02y2AWuUJ0mybWA46Zc1DBqMWlFQjqotVkeXK47dMaaDFqcWDkefcWA+0klju+rRmGc2GiJw==]]></Encrypt>
</xml>


2017-07-17 21:27:31 debug :
------------
String:
account-ticket<xml>
    <AppId><![CDATA[wx21cc570986f54847]]></AppId>
    <Encrypt><![CDATA[tdUVXzrQZBHjIXtGvtFY/ZVdI3HWkQLOEPOmu954XxC7Z43shIGkVP6L0IeZ4BLg9RWC44VZj3vpKQDlzC8OMTMlt6Vlv+OLDgbh7TG6cwNX7V7G17FBhehoA4wpeOklDIOosX8zcwwG/DJkWESJzz41QKGEe37GFuOgMVKFWgYA93vHAa/xXUqLTo4nUs+cMnaGahvuYz0UuK7VMjA6Jy0pjWXIR6hLuXPZivA8S96zgx1AecSmj+G8KWXGrhl6sa4e0gE3AEKUfejyWpIVhUtaZCEw+IXczAIuh11l+FKTcIeeMbeRviEG3NtiSvFxPN7WBK0W4vIgBJ4RmQUHsSXgtaGTg+ElWZg1Mmu+HNNBjGh9QyABhfoVtgz0tbwk6/VGZrBkQYbbRLfjIfdmG9sVy81dQaq3Fez6ywkvIEqArbbRhz+9Vjd8KVAPnEayUIXvlO5tL1/t8CTelAb3Ww==]]></Encrypt>
</xml>


2017-07-17 21:37:31 debug :
------------
String:
account-ticket<xml>
    <AppId><![CDATA[wx21cc570986f54847]]></AppId>
    <Encrypt><![CDATA[j+lZEvd/prF6icgQD11QkImw3Qi1MlAg5HD+sz274iIZA5Nr8sQOkp7NLuSSzJrmBLeiuLMdpNsmhn/Xxin9imT1rlmkfDIzJo2a3lUabx+YTrsuTFHOPntlxmRKvhtJ2SiMb1e3UVrMKfJ55i/tAE6ZAYqvEfqQ5jCsq6+A3Rx2n/97chmDw6pFweZMDqiSJwfLp1BaKFLv1c1TzDeSQvrGsccn0qNY7stmfBIV1hFWqAGcwp5JNxirLS22Ls8GFsPdlIlvwgei/3kRoXWdnF500gAVg+zzrS4xVcjmBnR1NA50jg5DPVpH4NLj0Bo2UbVqZ+mGLqkY8EhIAnDuE8mvMvQkhjBr6jaB9qI0cm9yMqKsFQpVKyvuBapxOyBdAmrBtwWTiyHetqd0X+lJLZGQnvjXdoePM5czetwKLKNKs2YKhMUFHJn33ikMGdu2QJLWZ3b7g41Rr3i98Jla1g==]]></Encrypt>
</xml>


2017-07-17 21:47:30 debug :
------------
String:
account-ticket<xml>
    <AppId><![CDATA[wx21cc570986f54847]]></AppId>
    <Encrypt><![CDATA[G7mg2d4u9fbOdSrFErL9bvh4F2CboWLakx1zOSBQdH+aVoAo6PCnJx2N93NLHD35ZKYcKRJJJ9PhBLBbu4Mawd7B4JSH8E+kbsXhVSZobXygIZqlw3EULj3LM0bUsd62zAuHKTXoSVv98YWvDSC/JcIUQOtneOeF0MdPxPU8J5N5gaGSPKnX0mvYZmvG9rOMw9pFj9r8Ucl/jdEv4VhSMbDVMIWRD3o3QaWYhSe1ZOFkWyg9OOB6zf7xtZJj4pm+N06PJ8r8lbZl85w+Zfsxt2nv7jtJjKMxl2ARZh3l7jvqnjF2qbUoOsDWhPwEgBi1/2Cl6rEmz1JtD2aY+I8N43nrdrDwfh+oH8yiYvFn4S4qyuhu2SWHrclpTALMC+M10tUTBsyhlMhHKjS/TixYmakIOVTydH+8P/rB7bjhAI1qNeAl86CJAiTn6684cp3Yx402oSYCpFCHXdmq8dfd3w==]]></Encrypt>
</xml>


2017-07-17 21:57:31 debug :
------------
String:
account-ticket<xml>
    <AppId><![CDATA[wx21cc570986f54847]]></AppId>
    <Encrypt><![CDATA[bzmt20ulNPtjE2M0R3Y6ZxqU8HguXIql0PcvaxWCkGVnM13/EJ/7cgLeUwXddY1ji5/xSfnGrd2hOV/+uqESB+N6CDuPyvE7ZieBIKCzOtfXebUiAYeN5uPgfwaLnsyddPqP7vK3CH836FvUeH51RjWLhbJqEOQbPgvsD11KI1HSwvobMIIBcTANfncS6QaFUe1lU5ADZ4EbQYpEJ9ANMsAAE53AMCrjmQvURxK1ylByBjHFVBItH9iXNOUcr00ZqvOZOHtLvf/h2xBXdnWyA0VpRrUQfzKd8dwDJbmdnU+trbsqUiiQkuRJAAu3hFexyCBAHSQ+ZqdZnhv+nRe/9o7u8zkXNLCM0imeL/uhkrP7GSBOMT0XnxGMKqXNTUv+mQxyvjBHzmfrTT5/tOFNi7sQ6e8UzjE8SA0q1rCP6umfQlQMs+IpkuHeXJksYseGsRnA+pWoc50R46VQTBdB9w==]]></Encrypt>
</xml>


2017-07-17 22:07:29 debug :
------------
String:
account-ticket<xml>
    <AppId><![CDATA[wx21cc570986f54847]]></AppId>
    <Encrypt><![CDATA[ZIc+reM9sEH3U4sFpFQaHz0R5dEzEQ8OHf5qI7RlRdD83fKvSl4wlgaaLHedu2awKxMI9QQ560DF9UTSyhmLaJ4EuAF7ZntFioZ12WbMspiM5/y3RthknknGgtBU7OdiSAAKGgd7e0xuvdmsECf5RJeWKp6LH4c4Pc3HfFcJPskYAij3CTC1AFum+ndAPA6ZXa77XcupSHjqSsxbdALV7P0j463b6o5j/rfPEEXpG+/HOd/wTO9lAg1wcXbowoQ8dcWbhKrFcKzGfaPQjpg+i5CsrcyaTk5GlENSy3HLUkhT64ryOxpE7h5tviClNCIMAjcx6T0KguuJI/r2hpmNLq8dnRYlpq6NpElrH93H99pjbzoU0PL0ndRph+hqeFGwZSUCIuRInhfv2Zhjl+BpB6Q3L5E7jC297OP7i10tR5p51vmTgS0/Ws8FA13d1KlzGTWatv01PLBGTnR4nKMBTg==]]></Encrypt>
</xml>


2017-07-17 22:17:30 debug :
------------
String:
account-ticket<xml>
    <AppId><![CDATA[wx21cc570986f54847]]></AppId>
    <Encrypt><![CDATA[Y2MFiZcLU3cWebOC7QQqwt+3PthK3U4VJ+2GIOezwEd1DiaQpBs3s1Gd1cIglTlw6fAST4+tRIa0QH9ua5peYMowfd1IbBhOVBN0+LX1LuNsFsoShelBRTeDgNy+tKZQ4YFO0ePXC86OZBfvrrzeGI5lrRl6f/gMO8hnoteAXnzvP2Red/l0QbHi+VfOU/obY7pPC0vBUc41os/XaSDK20D0IPRDK7WMMoGoASsWMeRsNxEotxmVdGIu/7kn0GjlnjOZ8gEMUo2TTnxO3OtD+kd7HrMiIy12TUx9UW29Bjqn6SJtQ0s+jVNo/gPXV7hncwmVhx2JAJIEadO2hXAt+HfLRZcAXu8vyeGzGpLrb5e6H79LENMk32y2FSoSRJ6k/YmvzpzLnjM7Zspy3DpU8ot05IfhctMZ+4q6xYLKpHiGxoKOqrbCBtjRxYFQx9ND2Lrg3aNkP2k7XSwPdX4i4g==]]></Encrypt>
</xml>


2017-07-17 22:27:30 debug :
------------
String:
account-ticket<xml>
    <AppId><![CDATA[wx21cc570986f54847]]></AppId>
    <Encrypt><![CDATA[3B5kICkFm4bQP0zqm7FhlHrPpnPT/GdkUvi6EBV25fqum/D8aaJpIx2LX7pJp5PM0ykZ6SHQ5exeuyaD8Tko2hI4NRpIpU5mh86Zvxp/dtLsTBdb3o9dvdZ5fX5M+jo82B0jg+UFLVQsZ9XGgSfNWhBwiaMv+g/gHed67mSe4X7AtzJyTjHJAcTgobrWgLK+EvD8Xw6eVmChplT2oWYHhIm2eGLoiocpAmZMVgEX0FJsk44oizJspupROG6TrSLUdpP3I5+XsTS2R8P8Yn/Jo74r/xsCTr3ujw+MMrkXjwBvj7sj9JEBNZ983XhKo/iPjxNOIRI+ixP9vbRiXIJCC4rIwlikRhM/7dlS4y4bzeIySpy46/JV7Flg0Ugb0YIi++fI5BFYRHApQ5TJ1/UWiwlQrY70o/LrPCTpuFLyD7MGilEqTikzKW9A5LCyawXhMGlBAaFXc6gl3w7ODY3vMQ==]]></Encrypt>
</xml>


2017-07-17 22:37:29 debug :
------------
String:
account-ticket<xml>
    <AppId><![CDATA[wx21cc570986f54847]]></AppId>
    <Encrypt><![CDATA[nkMTKu545bn36/L73uj5hNdYhnECRzIRnN+JmmlgyBvdl7EpF5Q/CCvdg1kuafZk3pzDANQwI9/8V9tzG6yYPkrokQQW5FXvrKXuhXUWSDkIIo8UeojxM872SYuP262Vk7Q13n+xAmju/TAUoJdOIgL2PN9o8gOGfxBLj5eH0YrLNIkJneaYt9qFVy/svY1J5yablguUm+T7je5zk3yYpA7HwIm6eR4uipKs3NtFfz/SWpNWa3L3P9u6NvjCSrI5QI7NfzI3Ub3JNPzkWximv1DHdr0zymBMm33LYG2as0MdFEAd1C0vPCRL9MOhOlLp+I0NPbE8xP7fibd2pKctJN621NnEqow9iCE7hHlGLDom9Ui8Gui4jraZKBjm+I4e9SHAJdhfwcuvJqOcPMbUZpeXFdFUO/KPjkRBEqLjNhGmhv1zJkriJSoVqSdjocdsHTxBLbkXYHK/KxzgNmr8Eg==]]></Encrypt>
</xml>


2017-07-17 22:47:28 debug :
------------
String:
account-ticket<xml>
    <AppId><![CDATA[wx21cc570986f54847]]></AppId>
    <Encrypt><![CDATA[bmP3YlSUVdcT5+lW1qB3dmGlWGrjXHfrT5yz17zqq4724p7MeimArIe4WK1DDlzgxelDYfjE5EiI1ejhLylIiHJzEojDEkIKNq9ZvnFedwlZc/aEsq+lY2aBSAWu7PsMEqsV+RekQJ++tXfY8yiDDNM4VzCmYVZ+NlD7CPhwxBW2xSs1KRMPqGoky97DokxSkYqAA/LBXzdUjLwolDWY9D8HYRUt6VnGNpaST37Mp6swnqOOCHIck/v5y9sZvzEiyK2dFU5vHayO+LsF/JE03QDr/e//zqqp3431QlUDdVEjYK+hXiyY8aS28jSJVG7RINHgy7iCGIhjKsp7WYkIsxJziKyCFNxVMn4ZpRgYZw28zs4hnfEnFylZKa8bUtLFggJculyd3JH9gcdeQ6cD5dC0PnxvQDnqg6VpFF+NchzXwyZLFXFfvyNJgISrTCD+EhMwMDKOiJI4atoIzkQdtg==]]></Encrypt>
</xml>


2017-07-17 22:57:28 debug :
------------
String:
account-ticket<xml>
    <AppId><![CDATA[wx21cc570986f54847]]></AppId>
    <Encrypt><![CDATA[oboJlNv4hP8KeV0n5e6X4d/OGgNcJS0/zsyRxzPsmiz2aHy2ncHDWsjRQuW6WIJ2GeRrxkmemyZvqIPOFysmoafkdV0TnrdIKLXL+BiD2fP+1uv1wmKjZT7PacTi+kGghCgJ6rYvW1tQ5tbdbFOO6fUrVmcRoYu1WUaprBi6S45jcFKl/r1BQAyfrTuduCqNMrYpQGG6XTa+fYMIc/C0tXguA8yX/M7uTEZl/sZO6s53hq85RUf1fOcxjN8vRWYkNvtuPZrbZyHkzrCTZEab4CykzfiK5V5Qldtw15lklUMfWT5hGzldQ1Abtbu2p7P2XABjSmjG+IYOU3i+pAwB1hR0mChU7Zt0hQyn3hpmhlCW7yUsxVGdg0nvmERnByGTN4Q50y5Bk7u1xy2r615qMToJAPm4beqnjEoF6bk41hS5bw9+isKOB5r6nooTglaBz7lFuB+OVuVHxiNFXMp+jg==]]></Encrypt>
</xml>


2017-07-17 23:07:30 debug :
------------
String:
account-ticket<xml>
    <AppId><![CDATA[wx21cc570986f54847]]></AppId>
    <Encrypt><![CDATA[sIwQFh0La1sa0qk9FQYQIM14EogpfUdzlrzdZyrEAFSt5MbS/u/qe5kjndcwbSy8KjjsmqyVPXyi9jWbWDrH0FblwbZ2wthHF6QqWHdacEPjNOg9pIebCG7r1x9floxroZlPzaS0vM+OTUHfAwHPWsBzCRssQI01eqWKPLYcM/BA1sLxmmXhmRe6QaNz1K69jvK+Og4GaaqmRdmqZiGKQ7l4tlbfUgADmkoMbpP3Ll5zQUlwfgJagQxzMGMda5EmmtNU4ewC+e4xymmTQDz2TJX0yIJ3SGLpjosuogGm8RAii83lKN6Wpe6RAjMTkGjdRGJZoWdgFHK+kuIQQUT1gRJ8/xguKjOIP1Fd/eLmNZCwLc6s62X8HvFfBqVEe2VCzTebgFvhUn7GLWnkkWMIxuMcMZZALoSHiPDf+QArVc0uXWat76WX8IFlXVm9Q3f00Wk6Zldc+vk0pn/5u8Y0vA==]]></Encrypt>
</xml>


2017-07-17 23:17:27 debug :
------------
String:
account-ticket<xml>
    <AppId><![CDATA[wx21cc570986f54847]]></AppId>
    <Encrypt><![CDATA[MkSKkJE6WvlgMa4xGta0C/aBWrxDwzKIh2sQ5LhNuuP2A3+0JOPWGWMYBmxKhE7s9neKgI01MHNq5zISwbNcjBjn2iJYgT6baEu33OwwN+92rPmcKvl9QSN3BCDKbtgQkVbqqOjlVP6DQGFVx0urdc46DPCtSfr/i1E3nNMpqj2oGq5n1ZLzmRb2ExB9/P6iUxBYDpiteD0qE8OOEmG9VAipxQDkYFpQmWePcHNHK0Mf/Ay23WmweZWMNR3Kif49cheZGTOvvfDFYgAZu4lof37j+u0ICwvKJeNYUH9BQLiPCC8dKeBWpdX5Kw3dBkKTUvCB9tW7zbXvfg0bnr653+A+jof3VHpdcSOsoC2I0iL1JiAdPRiE6luoU8cVFSZ1z1KXz8hHHsn33+Fg3cKpinyauI/HZ77L06LLHabYl/KlcO1J4jFnkN+qFGWP+edYwXDhcmLt6CCQoonWfasg0Q==]]></Encrypt>
</xml>


2017-07-17 23:27:29 debug :
------------
String:
account-ticket<xml>
    <AppId><![CDATA[wx21cc570986f54847]]></AppId>
    <Encrypt><![CDATA[CxGb866rQecRBcbSRGu27q/wNbKBRwueIOIOi2Gy+LBOJw1gserLLg7K9Hkhazu1o9g71la2tz8trqBBB6zQdbj8RBfKiQJVJMtRDMl2kCyelxBbPTshdsO1AlLYl4hhLtNIdOhqFNnTq8k7TpDHAPyL4ifdvJqHdLS9ciAqfY8zHlcOlmTRYiUQ9aXER8csEhei3X6B4DbwpgC8ETH3ALXMQwFP2fqY0fYMggieWZkvoLWRoQIitK4Rp7XxJhijtpVBMzFAAQNP3HHnAEUlQ+Azui3YRR4nWDh0WWZC094aUPveLWbhU3+XqhMewXZDFh06mR1e8rn2PufQ1WDtEE0qlGOuYZypyPf5laCh6Jdb1/DADgr+ltMmQrfE6DWl6rPHy4TUh+6z1nlWHdrLwcMZO9293A785SkU9BLYU3sTii7UWkp948/oT+d1PKQSqMSZ9vL3//lZfOGfCtLP5Q==]]></Encrypt>
</xml>


2017-07-17 23:37:27 debug :
------------
String:
account-ticket<xml>
    <AppId><![CDATA[wx21cc570986f54847]]></AppId>
    <Encrypt><![CDATA[T4o5unrA/40eTT+lAQjIQ3Ij1771es4LHHJYAeBq1jKYTR5RNVxnpKs7SzDnJYBDwye2VAdXYKBDjOiWdtVzBrvsNaw4WuF61il/iSSapDdSwYX8hYvXHP8+C61CP+BVLcffFI5rzZGCcCOiJhFCbegpJkphunSH23xJHJgun2y9bQvUapAg2jOa+5FxG3Iu0ABlkZ2B7mYm1en7deovtoho4iRWE2P6919YEV2z+eolHirit/LJmF5nommKP+4ER0VZWRBsB0RUXrJZR0ih/oiGGRexukj3ayF5xLIofJcMPa3q9ehFbE6FNW13pZN4UEjy8lF+hr9hgr/u3KAll4HH2wM2G0qs/DmRy1l1uPf8m9a7PnVEjAjM2h/Ac7hACxKGfe8Xrak0AzitQkMhbEdSF9B2JRe47zbRFFlFFBGCxU8NhD5ANmRzms/ABDBJc5xLdrJQvKpB8uUdydbsUA==]]></Encrypt>
</xml>


2017-07-17 23:47:28 debug :
------------
String:
account-ticket<xml>
    <AppId><![CDATA[wx21cc570986f54847]]></AppId>
    <Encrypt><![CDATA[Ls+ztiXjOfyhW4vM707Tbvm48LojqVDSc97sZ5w1jetBGqWclGzUrV+VdsZAKQaJENoH6j8bjh+IUtV8IkqTIbO3AlBmDnXDQ+zgcz7UuIQxJkHgViaEQhn+ZD02+FeiqZAm8LnGWe1ehHdZjAeLKYcFP8xOWDfmNhHWLg53XQGvUGVAu8nqq0tYDsz+Vj9ZemmzBO/IKF4uXbT56KCVyteV9YXaZwfpbHjJfj+/btjuxGyJSxuviQgmEsDDzm5Aa3hkGDNJSABZKA9jN3s5GQqKDiTS7Cc3ReC2zST6UqsJjFpniejIwQvwqZO/r+mB/85/LjnCwF08bRPYdlfiQ95GDJzDsHbGswWFoqJqUWVsGZ3z7B8HSyhe5Nd2q6Q3VvEoeqk6HJSzl1JwB8Xwn8uShQ8A8d65lv4ntVnaAXAYXbbssaUsaXIiliJagsIBljZ/Dk8p7ypMGvntecW9jQ==]]></Encrypt>
</xml>


2017-07-17 23:57:27 debug :
------------
String:
account-ticket<xml>
    <AppId><![CDATA[wx21cc570986f54847]]></AppId>
    <Encrypt><![CDATA[ufaIgA+qo78H9C2oUB/MfnTbnq5gjQGUGAfCy3obuNplwSb5g2BiPS6IdWzg/XWMjoP0lHHicTRMRBrucJHQ62zXwj7sc6O8w5KljyvYv1doAJgSQPqE/Ef92cOvwEfrfAdlhUHHkX3y1rfgT1GnASPY2nwUCFz/QFbjiDOwHfUMCmZxcTYIGGzkalZpjbTkEBzLVLaRL4eo1RIOmcsZO83fIKzeauPH5GC38EVQWHy8cbBei5GI2sl5qpuVG4CV2ox5jVO9Npx681FJsx/Qnd+ovyl/wd5a7ZvTQ7roe9gaOirTt5qfiHY7/e87jTXZIKm+jcZ/rRinBQUbbhfWof7XJpos0rmkaBBeBt7dv2S92JsF7ulh9JCJWy9zRSqosp75y/6i63pbsnIOaxHIxA88SfKl4aavINoS3+xvDwZINvB5W6+ZPk8bKDPowVPPMhQVm7TrEUSosJ/OY+Ib6g==]]></Encrypt>
</xml>


